
BASEML (in paml version 4.10.6, November 2022)  tmp0005.txt  HKY85 dGamma (ncatG=5)
Frequencies..
                                    T      C      A      G
Caranx_caninus                 0.25000 0.25000 0.25000 0.25000 GC = 0.500
Centropomus_armatus            0.25346 0.18664 0.29724 0.26267 GC = 0.449
Centropomus_ensiferus          0.25576 0.18664 0.29263 0.26498 GC = 0.452
Centropomus_medius             0.25346 0.18664 0.29263 0.26728 GC = 0.454
Centropomus_nigrescens         0.25115 0.18894 0.29263 0.26728 GC = 0.456
Centropomus_parallelus         0.25000 0.25000 0.25000 0.25000 GC = 0.500
Centropomus_pectinatus         0.25346 0.18894 0.29263 0.26498 GC = 0.454
Centropomus_robalito           0.25000 0.25000 0.25000 0.25000 GC = 0.500
Centropomus_undecimalis        0.25823 0.18734 0.28608 0.26835 GC = 0.456
Centropomus_unionensis         0.25576 0.18203 0.29724 0.26498 GC = 0.447
Centropomus_viridis            0.25000 0.25000 0.25000 0.25000 GC = 0.500
Coryphaena_equiselis           0.25000 0.25000 0.25000 0.25000 GC = 0.500
Echeneis_naucrates             0.25000 0.25000 0.25000 0.25000 GC = 0.500
Gnathanodon_speciosus          0.25000 0.25000 0.25000 0.25000 GC = 0.500
Istiophorus_platypterus        0.25115 0.18433 0.30645 0.25806 GC = 0.442
Lates_angustifrons             0.25000 0.25000 0.25000 0.25000 GC = 0.500
Lates_calcarifer               0.25000 0.25000 0.25000 0.25000 GC = 0.500
Lates_japonicus                0.25000 0.25000 0.25000 0.25000 GC = 0.500
Lates_microlepis               0.25000 0.25000 0.25000 0.25000 GC = 0.500
Lates_niloticus                0.25000 0.25000 0.25000 0.25000 GC = 0.500
Lates_stappersii               0.25000 0.25000 0.25000 0.25000 GC = 0.500
Makaira_nigricans              0.25576 0.17972 0.30645 0.25806 GC = 0.438
Nematistius_pectoralis         0.25000 0.25000 0.25000 0.25000 GC = 0.500
Psammoperca_waigiensis         0.25000 0.25000 0.25000 0.25000 GC = 0.500
Sphyraena_africana             0.25000 0.25000 0.25000 0.25000 GC = 0.500
Sphyraena_barracuda            0.25806 0.18433 0.29724 0.26037 GC = 0.445
Sphyraena_borealis             0.25000 0.25000 0.25000 0.25000 GC = 0.500
Sphyraena_ensis                0.26328 0.18014 0.30023 0.25635 GC = 0.436
Sphyraena_forsteri             0.25000 0.25000 0.25000 0.25000 GC = 0.500
Sphyraena_guachancho           0.26267 0.17972 0.29954 0.25806 GC = 0.438
Sphyraena_helleri              0.25000 0.25000 0.25000 0.25000 GC = 0.500
Sphyraena_iburiensis           0.25000 0.25000 0.25000 0.25000 GC = 0.500
Sphyraena_japonica             0.25000 0.25000 0.25000 0.25000 GC = 0.500
Sphyraena_jello                0.25000 0.25000 0.25000 0.25000 GC = 0.500
Sphyraena_obtusata             0.25000 0.25000 0.25000 0.25000 GC = 0.500
Sphyraena_pinguis              0.25000 0.25000 0.25000 0.25000 GC = 0.500
Sphyraena_putnamae             0.25604 0.18841 0.30435 0.25121 GC = 0.440
Sphyraena_qenie                0.25000 0.25000 0.25000 0.25000 GC = 0.500
Sphyraena_sphyraena            0.25000 0.25000 0.25000 0.25000 GC = 0.500
Sphyraena_viridensis           0.25000 0.25000 0.25000 0.25000 GC = 0.500
Tetrapturus_audax              0.25000 0.25000 0.25000 0.25000 GC = 0.500
Xiphias_gladius                0.25576 0.18664 0.29724 0.26037 GC = 0.447
Centropomus_irae               0.25000 0.25000 0.25000 0.25000 GC = 0.500
Centropomus_mexicanus          0.25000 0.25000 0.25000 0.25000 GC = 0.500
Centropomus_poeyi              0.25000 0.25000 0.25000 0.25000 GC = 0.500
Sphyraena_argentea             0.26267 0.18664 0.29493 0.25576 GC = 0.442
Sphyraena_chrysotaenia         0.25000 0.25000 0.25000 0.25000 GC = 0.500
Sphyraena_flavicauda           0.25000 0.25000 0.25000 0.25000 GC = 0.500
Sphyraena_idiastes             0.25000 0.25000 0.25000 0.25000 GC = 0.500
Sphyraena_novaehollandiae      0.25000 0.25000 0.25000 0.25000 GC = 0.500
Hypopterus_macropterus         0.25000 0.25000 0.25000 0.25000 GC = 0.500
Sphyraena_acutipinnis          0.25000 0.25000 0.25000 0.25000 GC = 0.500
Sphyraena_waitii               0.25000 0.25000 0.25000 0.25000 GC = 0.500

Homogeneity statistic: X2 = 0.29792 G = 0.30466 

Average                        0.25643 0.18512 0.29721 0.26124
(Ambiguity characters are used to calculate freqs.)


# constant sites:      0 (0.00%)
Distances:HKY85 (kappa)  (alpha set at 0.50)
This matrix is not used in later m.l. analysis.

(Pairwise deletion.)
Caranx_caninus   
Centropomus_armatus    9.000000 ( 0.0000)
Centropomus_ensiferus    9.000000 ( 0.0000)  0.012914 ( 1.6308)
Centropomus_medius    9.000000 ( 1.6308)  0.027684 ( 9.6703)  0.018594 (13.7891)
Centropomus_nigrescens    9.000000 (13.7891)  0.019948 ( 6.4151)  0.015380 (11.0588)  0.015085 (999.0000)
Centropomus_parallelus    9.000000 (999.0000)  9.000000 (999.0000)  9.000000 (999.0000)  9.000000 (999.0000)  9.000000 (999.0000)
Centropomus_pectinatus    9.000000 (999.0000)  0.030237 ( 6.4533)  0.021048 ( 6.8945)  0.002316 (-0.0035)  0.017532 (12.8738)  9.000000 (12.8738)
Centropomus_robalito    9.000000 (12.8738)  9.000000 (12.8738)  9.000000 (12.8738)  9.000000 (12.8738)  9.000000 (12.8738)  9.000000 (12.8738)  9.000000 (12.8738)
Centropomus_undecimalis    9.000000 (12.8738)  0.028446 ( 5.2548)  0.023254 ( 6.9687)  0.022950 (15.7934)  0.005936 ( 2.6187)  9.000000 ( 2.6187)  0.025694 ( 7.9013)  9.000000 ( 7.9013)
Centropomus_unionensis    9.000000 ( 7.9013)  0.009268 ( 5.8828)  0.009712 ( 2.1201)  0.024096 (18.4268)  0.016521 (12.0086)  9.000000 (12.0086)  0.026576 ( 9.2101)  9.000000 ( 9.2101)  0.024619 ( 7.4841)
Centropomus_viridis    9.000000 ( 7.4841)  9.000000 ( 7.4841)  9.000000 ( 7.4841)  9.000000 ( 7.4841)  9.000000 ( 7.4841)  9.000000 ( 7.4841)  9.000000 ( 7.4841)  9.000000 ( 7.4841)  9.000000 ( 7.4841)  9.000000 ( 7.4841)
Coryphaena_equiselis    9.000000 ( 7.4841)  9.000000 ( 7.4841)  9.000000 ( 7.4841)  9.000000 ( 7.4841)  9.000000 ( 7.4841)  9.000000 ( 7.4841)  9.000000 ( 7.4841)  9.000000 ( 7.4841)  9.000000 ( 7.4841)  9.000000 ( 7.4841)  9.000000 ( 7.4841)
Echeneis_naucrates    9.000000 ( 7.4841)  9.000000 ( 7.4841)  9.000000 ( 7.4841)  9.000000 ( 7.4841)  9.000000 ( 7.4841)  9.000000 ( 7.4841)  9.000000 ( 7.4841)  9.000000 ( 7.4841)  9.000000 ( 7.4841)  9.000000 ( 7.4841)  9.000000 ( 7.4841)  9.000000 ( 7.4841)
Gnathanodon_speciosus    9.000000 ( 7.4841)  9.000000 ( 7.4841)  9.000000 ( 7.4841)  9.000000 ( 7.4841)  9.000000 ( 7.4841)  9.000000 ( 7.4841)  9.000000 ( 7.4841)  9.000000 ( 7.4841)  9.000000 ( 7.4841)  9.000000 ( 7.4841)  9.000000 ( 7.4841)  9.000000 ( 7.4841)  9.000000 ( 7.4841)
Istiophorus_platypterus    9.000000 ( 7.4841)  0.121244 ( 7.6466)  0.120201 ( 8.7094)  0.114195 ( 9.5120)  0.114050 ( 9.4918)  9.000000 ( 9.4918)  0.117181 ( 8.4361)  9.000000 ( 8.4361)  0.104238 (13.6881)  0.124593 ( 9.0866)  9.000000 ( 9.0866)  9.000000 ( 9.0866)  9.000000 ( 9.0866)  9.000000 ( 9.0866)
Lates_angustifrons    9.000000 ( 9.0866)  9.000000 ( 9.0866)  9.000000 ( 9.0866)  9.000000 ( 9.0866)  9.000000 ( 9.0866)  9.000000 ( 9.0866)  9.000000 ( 9.0866)  9.000000 ( 9.0866)  9.000000 ( 9.0866)  9.000000 ( 9.0866)  9.000000 ( 9.0866)  9.000000 ( 9.0866)  9.000000 ( 9.0866)  9.000000 ( 9.0866)  9.000000 ( 9.0866)
Lates_calcarifer    9.000000 ( 9.0866)  9.000000 ( 9.0866)  9.000000 ( 9.0866)  9.000000 ( 9.0866)  9.000000 ( 9.0866)  9.000000 ( 9.0866)  9.000000 ( 9.0866)  9.000000 ( 9.0866)  9.000000 ( 9.0866)  9.000000 ( 9.0866)  9.000000 ( 9.0866)  9.000000 ( 9.0866)  9.000000 ( 9.0866)  9.000000 ( 9.0866)  9.000000 ( 9.0866)  9.000000 ( 9.0866)
Lates_japonicus    9.000000 ( 9.0866)  9.000000 ( 9.0866)  9.000000 ( 9.0866)  9.000000 ( 9.0866)  9.000000 ( 9.0866)  9.000000 ( 9.0866)  9.000000 ( 9.0866)  9.000000 ( 9.0866)  9.000000 ( 9.0866)  9.000000 ( 9.0866)  9.000000 ( 9.0866)  9.000000 ( 9.0866)  9.000000 ( 9.0866)  9.000000 ( 9.0866)  9.000000 ( 9.0866)  9.000000 ( 9.0866)  9.000000 ( 9.0866)
Lates_microlepis    9.000000 ( 9.0866)  9.000000 ( 9.0866)  9.000000 ( 9.0866)  9.000000 ( 9.0866)  9.000000 ( 9.0866)  9.000000 ( 9.0866)  9.000000 ( 9.0866)  9.000000 ( 9.0866)  9.000000 ( 9.0866)  9.000000 ( 9.0866)  9.000000 ( 9.0866)  9.000000 ( 9.0866)  9.000000 ( 9.0866)  9.000000 ( 9.0866)  9.000000 ( 9.0866)  9.000000 ( 9.0866)  9.000000 ( 9.0866)  9.000000 ( 9.0866)
Lates_niloticus    9.000000 ( 9.0866)  9.000000 ( 9.0866)  9.000000 ( 9.0866)  9.000000 ( 9.0866)  9.000000 ( 9.0866)  9.000000 ( 9.0866)  9.000000 ( 9.0866)  9.000000 ( 9.0866)  9.000000 ( 9.0866)  9.000000 ( 9.0866)  9.000000 ( 9.0866)  9.000000 ( 9.0866)  9.000000 ( 9.0866)  9.000000 ( 9.0866)  9.000000 ( 9.0866)  9.000000 ( 9.0866)  9.000000 ( 9.0866)  9.000000 ( 9.0866)  9.000000 ( 9.0866)
Lates_stappersii    9.000000 ( 9.0866)  9.000000 ( 9.0866)  9.000000 ( 9.0866)  9.000000 ( 9.0866)  9.000000 ( 9.0866)  9.000000 ( 9.0866)  9.000000 ( 9.0866)  9.000000 ( 9.0866)  9.000000 ( 9.0866)  9.000000 ( 9.0866)  9.000000 ( 9.0866)  9.000000 ( 9.0866)  9.000000 ( 9.0866)  9.000000 ( 9.0866)  9.000000 ( 9.0866)  9.000000 ( 9.0866)  9.000000 ( 9.0866)  9.000000 ( 9.0866)  9.000000 ( 9.0866)  9.000000 ( 9.0866)
Makaira_nigricans    9.000000 ( 9.0866)  0.109867 ( 6.7534)  0.109001 ( 7.7248)  0.103824 ( 8.4808)  0.103308 ( 8.4234)  9.000000 ( 8.4234)  0.106799 ( 7.5240)  9.000000 ( 7.5240)  0.098490 (12.8345)  0.112760 ( 8.0480)  9.000000 ( 8.0480)  9.000000 ( 8.0480)  9.000000 ( 8.0480)  9.000000 ( 8.0480)  0.006464 (999.0000)  9.000000 (999.0000)  9.000000 (999.0000)  9.000000 (999.0000)  9.000000 (999.0000)  9.000000 (999.0000)  9.000000 (999.0000)
Nematistius_pectoralis    9.000000 (999.0000)  9.000000 (999.0000)  9.000000 (999.0000)  9.000000 (999.0000)  9.000000 (999.0000)  9.000000 (999.0000)  9.000000 (999.0000)  9.000000 (999.0000)  9.000000 (999.0000)  9.000000 (999.0000)  9.000000 (999.0000)  9.000000 (999.0000)  9.000000 (999.0000)  9.000000 (999.0000)  9.000000 (999.0000)  9.000000 (999.0000)  9.000000 (999.0000)  9.000000 (999.0000)  9.000000 (999.0000)  9.000000 (999.0000)  9.000000 (999.0000)  9.000000 (999.0000)
Psammoperca_waigiensis    9.000000 (999.0000)  9.000000 (999.0000)  9.000000 (999.0000)  9.000000 (999.0000)  9.000000 (999.0000)  9.000000 (999.0000)  9.000000 (999.0000)  9.000000 (999.0000)  9.000000 (999.0000)  9.000000 (999.0000)  9.000000 (999.0000)  9.000000 (999.0000)  9.000000 (999.0000)  9.000000 (999.0000)  9.000000 (999.0000)  9.000000 (999.0000)  9.000000 (999.0000)  9.000000 (999.0000)  9.000000 (999.0000)  9.000000 (999.0000)  9.000000 (999.0000)  9.000000 (999.0000)  9.000000 (999.0000)
Sphyraena_africana    9.000000 (999.0000)  9.000000 (999.0000)  9.000000 (999.0000)  9.000000 (999.0000)  9.000000 (999.0000)  9.000000 (999.0000)  9.000000 (999.0000)  9.000000 (999.0000)  9.000000 (999.0000)  9.000000 (999.0000)  9.000000 (999.0000)  9.000000 (999.0000)  9.000000 (999.0000)  9.000000 (999.0000)  9.000000 (999.0000)  9.000000 (999.0000)  9.000000 (999.0000)  9.000000 (999.0000)  9.000000 (999.0000)  9.000000 (999.0000)  9.000000 (999.0000)  9.000000 (999.0000)  9.000000 (999.0000)  9.000000 (999.0000)
Sphyraena_barracuda    9.000000 (999.0000)  0.082328 ( 7.5936)  0.076622 ( 8.4982)  0.067806 ( 9.2126)  0.072010 ( 9.8996)  9.000000 ( 9.8996)  0.070582 ( 7.6679)  9.000000 ( 7.6679)  0.085507 ( 8.6565)  0.079066 ( 8.8209)  9.000000 ( 8.8209)  9.000000 ( 8.8209)  9.000000 ( 8.8209)  9.000000 ( 8.8209)  0.118221 ( 6.5072)  9.000000 ( 6.5072)  9.000000 ( 6.5072)  9.000000 ( 6.5072)  9.000000 ( 6.5072)  9.000000 ( 6.5072)  9.000000 ( 6.5072)  0.107625 ( 5.7553)  9.000000 ( 5.7553)  9.000000 ( 5.7553)  9.000000 ( 5.7553)
Sphyraena_borealis    9.000000 ( 5.7553)  9.000000 ( 5.7553)  9.000000 ( 5.7553)  9.000000 ( 5.7553)  9.000000 ( 5.7553)  9.000000 ( 5.7553)  9.000000 ( 5.7553)  9.000000 ( 5.7553)  9.000000 ( 5.7553)  9.000000 ( 5.7553)  9.000000 ( 5.7553)  9.000000 ( 5.7553)  9.000000 ( 5.7553)  9.000000 ( 5.7553)  9.000000 ( 5.7553)  9.000000 ( 5.7553)  9.000000 ( 5.7553)  9.000000 ( 5.7553)  9.000000 ( 5.7553)  9.000000 ( 5.7553)  9.000000 ( 5.7553)  9.000000 ( 5.7553)  9.000000 ( 5.7553)  9.000000 ( 5.7553)  9.000000 ( 5.7553)  9.000000 ( 5.7553)
Sphyraena_ensis    9.000000 ( 5.7553)  0.097459 ( 9.3493)  0.091420 (10.5185)  0.082019 (11.5549)  0.086530 (12.2905)  9.000000 (12.2905)  0.084877 ( 9.6175)  9.000000 ( 9.6175)  0.096851 (10.0807)  0.094172 (10.8820)  9.000000 (10.8820)  9.000000 (10.8820)  9.000000 (10.8820)  9.000000 (10.8820)  0.130058 ( 7.3535)  9.000000 ( 7.3535)  9.000000 ( 7.3535)  9.000000 ( 7.3535)  9.000000 ( 7.3535)  9.000000 ( 7.3535)  9.000000 ( 7.3535)  0.118624 ( 6.5429)  9.000000 ( 6.5429)  9.000000 ( 6.5429)  9.000000 ( 6.5429)  0.010080 (999.0000)  9.000000 (999.0000)
Sphyraena_forsteri    9.000000 (999.0000)  9.000000 (999.0000)  9.000000 (999.0000)  9.000000 (999.0000)  9.000000 (999.0000)  9.000000 (999.0000)  9.000000 (999.0000)  9.000000 (999.0000)  9.000000 (999.0000)  9.000000 (999.0000)  9.000000 (999.0000)  9.000000 (999.0000)  9.000000 (999.0000)  9.000000 (999.0000)  9.000000 (999.0000)  9.000000 (999.0000)  9.000000 (999.0000)  9.000000 (999.0000)  9.000000 (999.0000)  9.000000 (999.0000)  9.000000 (999.0000)  9.000000 (999.0000)  9.000000 (999.0000)  9.000000 (999.0000)  9.000000 (999.0000)  9.000000 (999.0000)  9.000000 (999.0000)  9.000000 (999.0000)
Sphyraena_guachancho    9.000000 (999.0000)  0.094562 ( 9.0299)  0.088636 (10.1567)  0.079153 (11.1017)  0.083674 (11.8405)  9.000000 (11.8405)  0.081966 ( 9.2374)  9.000000 ( 9.2374)  0.093753 ( 9.6925)  0.091525 (10.5395)  9.000000 (10.5395)  9.000000 (10.5395)  9.000000 (10.5395)  9.000000 (10.5395)  0.132837 ( 7.5681)  9.000000 ( 7.5681)  9.000000 ( 7.5681)  9.000000 ( 7.5681)  9.000000 ( 7.5681)  9.000000 ( 7.5681)  9.000000 ( 7.5681)  0.121367 ( 6.7541)  9.000000 ( 6.7541)  9.000000 ( 6.7541)  9.000000 ( 6.7541)  0.008147 (999.0000)  9.000000 (999.0000)  0.001889 (999.0000)  9.000000 (999.0000)
Sphyraena_helleri    9.000000 (999.0000)  9.000000 (999.0000)  9.000000 (999.0000)  9.000000 (999.0000)  9.000000 (999.0000)  9.000000 (999.0000)  9.000000 (999.0000)  9.000000 (999.0000)  9.000000 (999.0000)  9.000000 (999.0000)  9.000000 (999.0000)  9.000000 (999.0000)  9.000000 (999.0000)  9.000000 (999.0000)  9.000000 (999.0000)  9.000000 (999.0000)  9.000000 (999.0000)  9.000000 (999.0000)  9.000000 (999.0000)  9.000000 (999.0000)  9.000000 (999.0000)  9.000000 (999.0000)  9.000000 (999.0000)  9.000000 (999.0000)  9.000000 (999.0000)  9.000000 (999.0000)  9.000000 (999.0000)  9.000000 (999.0000)  9.000000 (999.0000)  9.000000 (999.0000)
Sphyraena_iburiensis    9.000000 (999.0000)  9.000000 (999.0000)  9.000000 (999.0000)  9.000000 (999.0000)  9.000000 (999.0000)  9.000000 (999.0000)  9.000000 (999.0000)  9.000000 (999.0000)  9.000000 (999.0000)  9.000000 (999.0000)  9.000000 (999.0000)  9.000000 (999.0000)  9.000000 (999.0000)  9.000000 (999.0000)  9.000000 (999.0000)  9.000000 (999.0000)  9.000000 (999.0000)  9.000000 (999.0000)  9.000000 (999.0000)  9.000000 (999.0000)  9.000000 (999.0000)  9.000000 (999.0000)  9.000000 (999.0000)  9.000000 (999.0000)  9.000000 (999.0000)  9.000000 (999.0000)  9.000000 (999.0000)  9.000000 (999.0000)  9.000000 (999.0000)  9.000000 (999.0000)  9.000000 (999.0000)
Sphyraena_japonica    9.000000 (999.0000)  9.000000 (999.0000)  9.000000 (999.0000)  9.000000 (999.0000)  9.000000 (999.0000)  9.000000 (999.0000)  9.000000 (999.0000)  9.000000 (999.0000)  9.000000 (999.0000)  9.000000 (999.0000)  9.000000 (999.0000)  9.000000 (999.0000)  9.000000 (999.0000)  9.000000 (999.0000)  9.000000 (999.0000)  9.000000 (999.0000)  9.000000 (999.0000)  9.000000 (999.0000)  9.000000 (999.0000)  9.000000 (999.0000)  9.000000 (999.0000)  9.000000 (999.0000)  9.000000 (999.0000)  9.000000 (999.0000)  9.000000 (999.0000)  9.000000 (999.0000)  9.000000 (999.0000)  9.000000 (999.0000)  9.000000 (999.0000)  9.000000 (999.0000)  9.000000 (999.0000)  9.000000 (999.0000)
Sphyraena_jello    9.000000 (999.0000)  9.000000 (999.0000)  9.000000 (999.0000)  9.000000 (999.0000)  9.000000 (999.0000)  9.000000 (999.0000)  9.000000 (999.0000)  9.000000 (999.0000)  9.000000 (999.0000)  9.000000 (999.0000)  9.000000 (999.0000)  9.000000 (999.0000)  9.000000 (999.0000)  9.000000 (999.0000)  9.000000 (999.0000)  9.000000 (999.0000)  9.000000 (999.0000)  9.000000 (999.0000)  9.000000 (999.0000)  9.000000 (999.0000)  9.000000 (999.0000)  9.000000 (999.0000)  9.000000 (999.0000)  9.000000 (999.0000)  9.000000 (999.0000)  9.000000 (999.0000)  9.000000 (999.0000)  9.000000 (999.0000)  9.000000 (999.0000)  9.000000 (999.0000)  9.000000 (999.0000)  9.000000 (999.0000)  9.000000 (999.0000)
Sphyraena_obtusata    9.000000 (999.0000)  9.000000 (999.0000)  9.000000 (999.0000)  9.000000 (999.0000)  9.000000 (999.0000)  9.000000 (999.0000)  9.000000 (999.0000)  9.000000 (999.0000)  9.000000 (999.0000)  9.000000 (999.0000)  9.000000 (999.0000)  9.000000 (999.0000)  9.000000 (999.0000)  9.000000 (999.0000)  9.000000 (999.0000)  9.000000 (999.0000)  9.000000 (999.0000)  9.000000 (999.0000)  9.000000 (999.0000)  9.000000 (999.0000)  9.000000 (999.0000)  9.000000 (999.0000)  9.000000 (999.0000)  9.000000 (999.0000)  9.000000 (999.0000)  9.000000 (999.0000)  9.000000 (999.0000)  9.000000 (999.0000)  9.000000 (999.0000)  9.000000 (999.0000)  9.000000 (999.0000)  9.000000 (999.0000)  9.000000 (999.0000)  9.000000 (999.0000)
Sphyraena_pinguis    9.000000 (999.0000)  9.000000 (999.0000)  9.000000 (999.0000)  9.000000 (999.0000)  9.000000 (999.0000)  9.000000 (999.0000)  9.000000 (999.0000)  9.000000 (999.0000)  9.000000 (999.0000)  9.000000 (999.0000)  9.000000 (999.0000)  9.000000 (999.0000)  9.000000 (999.0000)  9.000000 (999.0000)  9.000000 (999.0000)  9.000000 (999.0000)  9.000000 (999.0000)  9.000000 (999.0000)  9.000000 (999.0000)  9.000000 (999.0000)  9.000000 (999.0000)  9.000000 (999.0000)  9.000000 (999.0000)  9.000000 (999.0000)  9.000000 (999.0000)  9.000000 (999.0000)  9.000000 (999.0000)  9.000000 (999.0000)  9.000000 (999.0000)  9.000000 (999.0000)  9.000000 (999.0000)  9.000000 (999.0000)  9.000000 (999.0000)  9.000000 (999.0000)  9.000000 (999.0000)
Sphyraena_putnamae    9.000000 (999.0000)  0.097554 ( 6.3016)  0.091099 ( 6.7924)  0.087981 ( 7.7604)  0.095740 ( 8.6171)  9.000000 ( 8.6171)  0.091077 ( 6.7834)  9.000000 ( 6.7834)  0.102668 (10.1165)  0.093038 ( 6.9705)  9.000000 ( 6.9705)  9.000000 ( 6.9705)  9.000000 ( 6.9705)  9.000000 ( 6.9705)  0.147168 ( 8.0759)  9.000000 ( 8.0759)  9.000000 ( 8.0759)  9.000000 ( 8.0759)  9.000000 ( 8.0759)  9.000000 ( 8.0759)  9.000000 ( 8.0759)  0.135492 ( 7.2877)  9.000000 ( 7.2877)  9.000000 ( 7.2877)  9.000000 ( 7.2877)  0.021109 ( 6.5380)  9.000000 ( 6.5380)  0.032830 (11.2664)  9.000000 (11.2664)  0.030285 (10.2585)  9.000000 (10.2585)  9.000000 (10.2585)  9.000000 (10.2585)  9.000000 (10.2585)  9.000000 (10.2585)  9.000000 (10.2585)
Sphyraena_qenie    9.000000 (10.2585)  9.000000 (10.2585)  9.000000 (10.2585)  9.000000 (10.2585)  9.000000 (10.2585)  9.000000 (10.2585)  9.000000 (10.2585)  9.000000 (10.2585)  9.000000 (10.2585)  9.000000 (10.2585)  9.000000 (10.2585)  9.000000 (10.2585)  9.000000 (10.2585)  9.000000 (10.2585)  9.000000 (10.2585)  9.000000 (10.2585)  9.000000 (10.2585)  9.000000 (10.2585)  9.000000 (10.2585)  9.000000 (10.2585)  9.000000 (10.2585)  9.000000 (10.2585)  9.000000 (10.2585)  9.000000 (10.2585)  9.000000 (10.2585)  9.000000 (10.2585)  9.000000 (10.2585)  9.000000 (10.2585)  9.000000 (10.2585)  9.000000 (10.2585)  9.000000 (10.2585)  9.000000 (10.2585)  9.000000 (10.2585)  9.000000 (10.2585)  9.000000 (10.2585)  9.000000 (10.2585)  9.000000 (10.2585)
Sphyraena_sphyraena    9.000000 (10.2585)  9.000000 (10.2585)  9.000000 (10.2585)  9.000000 (10.2585)  9.000000 (10.2585)  9.000000 (10.2585)  9.000000 (10.2585)  9.000000 (10.2585)  9.000000 (10.2585)  9.000000 (10.2585)  9.000000 (10.2585)  9.000000 (10.2585)  9.000000 (10.2585)  9.000000 (10.2585)  9.000000 (10.2585)  9.000000 (10.2585)  9.000000 (10.2585)  9.000000 (10.2585)  9.000000 (10.2585)  9.000000 (10.2585)  9.000000 (10.2585)  9.000000 (10.2585)  9.000000 (10.2585)  9.000000 (10.2585)  9.000000 (10.2585)  9.000000 (10.2585)  9.000000 (10.2585)  9.000000 (10.2585)  9.000000 (10.2585)  9.000000 (10.2585)  9.000000 (10.2585)  9.000000 (10.2585)  9.000000 (10.2585)  9.000000 (10.2585)  9.000000 (10.2585)  9.000000 (10.2585)  9.000000 (10.2585)  9.000000 (10.2585)
Sphyraena_viridensis    9.000000 (10.2585)  9.000000 (10.2585)  9.000000 (10.2585)  9.000000 (10.2585)  9.000000 (10.2585)  9.000000 (10.2585)  9.000000 (10.2585)  9.000000 (10.2585)  9.000000 (10.2585)  9.000000 (10.2585)  9.000000 (10.2585)  9.000000 (10.2585)  9.000000 (10.2585)  9.000000 (10.2585)  9.000000 (10.2585)  9.000000 (10.2585)  9.000000 (10.2585)  9.000000 (10.2585)  9.000000 (10.2585)  9.000000 (10.2585)  9.000000 (10.2585)  9.000000 (10.2585)  9.000000 (10.2585)  9.000000 (10.2585)  9.000000 (10.2585)  9.000000 (10.2585)  9.000000 (10.2585)  9.000000 (10.2585)  9.000000 (10.2585)  9.000000 (10.2585)  9.000000 (10.2585)  9.000000 (10.2585)  9.000000 (10.2585)  9.000000 (10.2585)  9.000000 (10.2585)  9.000000 (10.2585)  9.000000 (10.2585)  9.000000 (10.2585)  9.000000 (10.2585)
Tetrapturus_audax    9.000000 (10.2585)  9.000000 (10.2585)  9.000000 (10.2585)  9.000000 (10.2585)  9.000000 (10.2585)  9.000000 (10.2585)  9.000000 (10.2585)  9.000000 (10.2585)  9.000000 (10.2585)  9.000000 (10.2585)  9.000000 (10.2585)  9.000000 (10.2585)  9.000000 (10.2585)  9.000000 (10.2585)  9.000000 (10.2585)  9.000000 (10.2585)  9.000000 (10.2585)  9.000000 (10.2585)  9.000000 (10.2585)  9.000000 (10.2585)  9.000000 (10.2585)  9.000000 (10.2585)  9.000000 (10.2585)  9.000000 (10.2585)  9.000000 (10.2585)  9.000000 (10.2585)  9.000000 (10.2585)  9.000000 (10.2585)  9.000000 (10.2585)  9.000000 (10.2585)  9.000000 (10.2585)  9.000000 (10.2585)  9.000000 (10.2585)  9.000000 (10.2585)  9.000000 (10.2585)  9.000000 (10.2585)  9.000000 (10.2585)  9.000000 (10.2585)  9.000000 (10.2585)  9.000000 (10.2585)
Xiphias_gladius    9.000000 (10.2585)  0.074672 (10.3446)  0.063948 (11.3182)  0.058835 (14.4253)  0.064760 (16.0663)  9.000000 (16.0663)  0.061472 (10.7967)  9.000000 (10.7967)  0.067784 (15.2424)  0.071101 (12.7882)  9.000000 (12.7882)  9.000000 (12.7882)  9.000000 (12.7882)  9.000000 (12.7882)  0.082097 ( 7.5528)  9.000000 ( 7.5528)  9.000000 ( 7.5528)  9.000000 ( 7.5528)  9.000000 ( 7.5528)  9.000000 ( 7.5528)  9.000000 ( 7.5528)  0.072967 ( 6.5025)  9.000000 ( 6.5025)  9.000000 ( 6.5025)  9.000000 ( 6.5025)  0.063888 ( 6.7624)  9.000000 ( 6.7624)  0.077718 ( 8.6515)  9.000000 ( 8.6515)  0.074892 ( 8.2812)  9.000000 ( 8.2812)  9.000000 ( 8.2812)  9.000000 ( 8.2812)  9.000000 ( 8.2812)  9.000000 ( 8.2812)  9.000000 ( 8.2812)  0.089731 ( 6.6638)  9.000000 ( 6.6638)  9.000000 ( 6.6638)  9.000000 ( 6.6638)  9.000000 ( 6.6638)
Centropomus_irae    9.000000 ( 6.6638)  9.000000 ( 6.6638)  9.000000 ( 6.6638)  9.000000 ( 6.6638)  9.000000 ( 6.6638)  9.000000 ( 6.6638)  9.000000 ( 6.6638)  9.000000 ( 6.6638)  9.000000 ( 6.6638)  9.000000 ( 6.6638)  9.000000 ( 6.6638)  9.000000 ( 6.6638)  9.000000 ( 6.6638)  9.000000 ( 6.6638)  9.000000 ( 6.6638)  9.000000 ( 6.6638)  9.000000 ( 6.6638)  9.000000 ( 6.6638)  9.000000 ( 6.6638)  9.000000 ( 6.6638)  9.000000 ( 6.6638)  9.000000 ( 6.6638)  9.000000 ( 6.6638)  9.000000 ( 6.6638)  9.000000 ( 6.6638)  9.000000 ( 6.6638)  9.000000 ( 6.6638)  9.000000 ( 6.6638)  9.000000 ( 6.6638)  9.000000 ( 6.6638)  9.000000 ( 6.6638)  9.000000 ( 6.6638)  9.000000 ( 6.6638)  9.000000 ( 6.6638)  9.000000 ( 6.6638)  9.000000 ( 6.6638)  9.000000 ( 6.6638)  9.000000 ( 6.6638)  9.000000 ( 6.6638)  9.000000 ( 6.6638)  9.000000 ( 6.6638)  9.000000 ( 6.6638)
Centropomus_mexicanus    9.000000 ( 6.6638)  9.000000 ( 6.6638)  9.000000 ( 6.6638)  9.000000 ( 6.6638)  9.000000 ( 6.6638)  9.000000 ( 6.6638)  9.000000 ( 6.6638)  9.000000 ( 6.6638)  9.000000 ( 6.6638)  9.000000 ( 6.6638)  9.000000 ( 6.6638)  9.000000 ( 6.6638)  9.000000 ( 6.6638)  9.000000 ( 6.6638)  9.000000 ( 6.6638)  9.000000 ( 6.6638)  9.000000 ( 6.6638)  9.000000 ( 6.6638)  9.000000 ( 6.6638)  9.000000 ( 6.6638)  9.000000 ( 6.6638)  9.000000 ( 6.6638)  9.000000 ( 6.6638)  9.000000 ( 6.6638)  9.000000 ( 6.6638)  9.000000 ( 6.6638)  9.000000 ( 6.6638)  9.000000 ( 6.6638)  9.000000 ( 6.6638)  9.000000 ( 6.6638)  9.000000 ( 6.6638)  9.000000 ( 6.6638)  9.000000 ( 6.6638)  9.000000 ( 6.6638)  9.000000 ( 6.6638)  9.000000 ( 6.6638)  9.000000 ( 6.6638)  9.000000 ( 6.6638)  9.000000 ( 6.6638)  9.000000 ( 6.6638)  9.000000 ( 6.6638)  9.000000 ( 6.6638)  9.000000 ( 6.6638)
Centropomus_poeyi    9.000000 ( 6.6638)  9.000000 ( 6.6638)  9.000000 ( 6.6638)  9.000000 ( 6.6638)  9.000000 ( 6.6638)  9.000000 ( 6.6638)  9.000000 ( 6.6638)  9.000000 ( 6.6638)  9.000000 ( 6.6638)  9.000000 ( 6.6638)  9.000000 ( 6.6638)  9.000000 ( 6.6638)  9.000000 ( 6.6638)  9.000000 ( 6.6638)  9.000000 ( 6.6638)  9.000000 ( 6.6638)  9.000000 ( 6.6638)  9.000000 ( 6.6638)  9.000000 ( 6.6638)  9.000000 ( 6.6638)  9.000000 ( 6.6638)  9.000000 ( 6.6638)  9.000000 ( 6.6638)  9.000000 ( 6.6638)  9.000000 ( 6.6638)  9.000000 ( 6.6638)  9.000000 ( 6.6638)  9.000000 ( 6.6638)  9.000000 ( 6.6638)  9.000000 ( 6.6638)  9.000000 ( 6.6638)  9.000000 ( 6.6638)  9.000000 ( 6.6638)  9.000000 ( 6.6638)  9.000000 ( 6.6638)  9.000000 ( 6.6638)  9.000000 ( 6.6638)  9.000000 ( 6.6638)  9.000000 ( 6.6638)  9.000000 ( 6.6638)  9.000000 ( 6.6638)  9.000000 ( 6.6638)  9.000000 ( 6.6638)  9.000000 ( 6.6638)
Sphyraena_argentea    9.000000 ( 6.6638)  0.064337 ( 4.5392)  0.058358 ( 7.6948)  0.077359 ( 8.6173)  0.073157 ( 8.0368)  9.000000 ( 8.0368)  0.080208 ( 7.3768)  9.000000 ( 7.3768)  0.081757 ( 6.6878)  0.065721 ( 5.6847)  9.000000 ( 5.6847)  9.000000 ( 5.6847)  9.000000 ( 5.6847)  9.000000 ( 5.6847)  0.126611 ( 6.3157)  9.000000 ( 6.3157)  9.000000 ( 6.3157)  9.000000 ( 6.3157)  9.000000 ( 6.3157)  9.000000 ( 6.3157)  9.000000 ( 6.3157)  0.115332 ( 5.5847)  9.000000 ( 5.5847)  9.000000 ( 5.5847)  9.000000 ( 5.5847)  0.040591 ( 9.4093)  9.000000 ( 9.4093)  0.048117 (11.5214)  9.000000 (11.5214)  0.050455 (12.1993)  9.000000 (12.1993)  9.000000 (12.1993)  9.000000 (12.1993)  9.000000 (12.1993)  9.000000 (12.1993)  9.000000 (12.1993)  0.052593 ( 6.3445)  9.000000 ( 6.3445)  9.000000 ( 6.3445)  9.000000 ( 6.3445)  9.000000 ( 6.3445)  0.076037 ( 6.8995)  9.000000 ( 6.8995)  9.000000 ( 6.8995)  9.000000 ( 6.8995)
Sphyraena_chrysotaenia    9.000000 ( 6.8995)  9.000000 ( 6.8995)  9.000000 ( 6.8995)  9.000000 ( 6.8995)  9.000000 ( 6.8995)  9.000000 ( 6.8995)  9.000000 ( 6.8995)  9.000000 ( 6.8995)  9.000000 ( 6.8995)  9.000000 ( 6.8995)  9.000000 ( 6.8995)  9.000000 ( 6.8995)  9.000000 ( 6.8995)  9.000000 ( 6.8995)  9.000000 ( 6.8995)  9.000000 ( 6.8995)  9.000000 ( 6.8995)  9.000000 ( 6.8995)  9.000000 ( 6.8995)  9.000000 ( 6.8995)  9.000000 ( 6.8995)  9.000000 ( 6.8995)  9.000000 ( 6.8995)  9.000000 ( 6.8995)  9.000000 ( 6.8995)  9.000000 ( 6.8995)  9.000000 ( 6.8995)  9.000000 ( 6.8995)  9.000000 ( 6.8995)  9.000000 ( 6.8995)  9.000000 ( 6.8995)  9.000000 ( 6.8995)  9.000000 ( 6.8995)  9.000000 ( 6.8995)  9.000000 ( 6.8995)  9.000000 ( 6.8995)  9.000000 ( 6.8995)  9.000000 ( 6.8995)  9.000000 ( 6.8995)  9.000000 ( 6.8995)  9.000000 ( 6.8995)  9.000000 ( 6.8995)  9.000000 ( 6.8995)  9.000000 ( 6.8995)  9.000000 ( 6.8995)  9.000000 ( 6.8995)
Sphyraena_flavicauda    9.000000 ( 6.8995)  9.000000 ( 6.8995)  9.000000 ( 6.8995)  9.000000 ( 6.8995)  9.000000 ( 6.8995)  9.000000 ( 6.8995)  9.000000 ( 6.8995)  9.000000 ( 6.8995)  9.000000 ( 6.8995)  9.000000 ( 6.8995)  9.000000 ( 6.8995)  9.000000 ( 6.8995)  9.000000 ( 6.8995)  9.000000 ( 6.8995)  9.000000 ( 6.8995)  9.000000 ( 6.8995)  9.000000 ( 6.8995)  9.000000 ( 6.8995)  9.000000 ( 6.8995)  9.000000 ( 6.8995)  9.000000 ( 6.8995)  9.000000 ( 6.8995)  9.000000 ( 6.8995)  9.000000 ( 6.8995)  9.000000 ( 6.8995)  9.000000 ( 6.8995)  9.000000 ( 6.8995)  9.000000 ( 6.8995)  9.000000 ( 6.8995)  9.000000 ( 6.8995)  9.000000 ( 6.8995)  9.000000 ( 6.8995)  9.000000 ( 6.8995)  9.000000 ( 6.8995)  9.000000 ( 6.8995)  9.000000 ( 6.8995)  9.000000 ( 6.8995)  9.000000 ( 6.8995)  9.000000 ( 6.8995)  9.000000 ( 6.8995)  9.000000 ( 6.8995)  9.000000 ( 6.8995)  9.000000 ( 6.8995)  9.000000 ( 6.8995)  9.000000 ( 6.8995)  9.000000 ( 6.8995)  9.000000 ( 6.8995)
Sphyraena_idiastes    9.000000 ( 6.8995)  9.000000 ( 6.8995)  9.000000 ( 6.8995)  9.000000 ( 6.8995)  9.000000 ( 6.8995)  9.000000 ( 6.8995)  9.000000 ( 6.8995)  9.000000 ( 6.8995)  9.000000 ( 6.8995)  9.000000 ( 6.8995)  9.000000 ( 6.8995)  9.000000 ( 6.8995)  9.000000 ( 6.8995)  9.000000 ( 6.8995)  9.000000 ( 6.8995)  9.000000 ( 6.8995)  9.000000 ( 6.8995)  9.000000 ( 6.8995)  9.000000 ( 6.8995)  9.000000 ( 6.8995)  9.000000 ( 6.8995)  9.000000 ( 6.8995)  9.000000 ( 6.8995)  9.000000 ( 6.8995)  9.000000 ( 6.8995)  9.000000 ( 6.8995)  9.000000 ( 6.8995)  9.000000 ( 6.8995)  9.000000 ( 6.8995)  9.000000 ( 6.8995)  9.000000 ( 6.8995)  9.000000 ( 6.8995)  9.000000 ( 6.8995)  9.000000 ( 6.8995)  9.000000 ( 6.8995)  9.000000 ( 6.8995)  9.000000 ( 6.8995)  9.000000 ( 6.8995)  9.000000 ( 6.8995)  9.000000 ( 6.8995)  9.000000 ( 6.8995)  9.000000 ( 6.8995)  9.000000 ( 6.8995)  9.000000 ( 6.8995)  9.000000 ( 6.8995)  9.000000 ( 6.8995)  9.000000 ( 6.8995)  9.000000 ( 6.8995)
Sphyraena_novaehollandiae    9.000000 ( 6.8995)  9.000000 ( 6.8995)  9.000000 ( 6.8995)  9.000000 ( 6.8995)  9.000000 ( 6.8995)  9.000000 ( 6.8995)  9.000000 ( 6.8995)  9.000000 ( 6.8995)  9.000000 ( 6.8995)  9.000000 ( 6.8995)  9.000000 ( 6.8995)  9.000000 ( 6.8995)  9.000000 ( 6.8995)  9.000000 ( 6.8995)  9.000000 ( 6.8995)  9.000000 ( 6.8995)  9.000000 ( 6.8995)  9.000000 ( 6.8995)  9.000000 ( 6.8995)  9.000000 ( 6.8995)  9.000000 ( 6.8995)  9.000000 ( 6.8995)  9.000000 ( 6.8995)  9.000000 ( 6.8995)  9.000000 ( 6.8995)  9.000000 ( 6.8995)  9.000000 ( 6.8995)  9.000000 ( 6.8995)  9.000000 ( 6.8995)  9.000000 ( 6.8995)  9.000000 ( 6.8995)  9.000000 ( 6.8995)  9.000000 ( 6.8995)  9.000000 ( 6.8995)  9.000000 ( 6.8995)  9.000000 ( 6.8995)  9.000000 ( 6.8995)  9.000000 ( 6.8995)  9.000000 ( 6.8995)  9.000000 ( 6.8995)  9.000000 ( 6.8995)  9.000000 ( 6.8995)  9.000000 ( 6.8995)  9.000000 ( 6.8995)  9.000000 ( 6.8995)  9.000000 ( 6.8995)  9.000000 ( 6.8995)  9.000000 ( 6.8995)  9.000000 ( 6.8995)
Hypopterus_macropterus    9.000000 ( 6.8995)  9.000000 ( 6.8995)  9.000000 ( 6.8995)  9.000000 ( 6.8995)  9.000000 ( 6.8995)  9.000000 ( 6.8995)  9.000000 ( 6.8995)  9.000000 ( 6.8995)  9.000000 ( 6.8995)  9.000000 ( 6.8995)  9.000000 ( 6.8995)  9.000000 ( 6.8995)  9.000000 ( 6.8995)  9.000000 ( 6.8995)  9.000000 ( 6.8995)  9.000000 ( 6.8995)  9.000000 ( 6.8995)  9.000000 ( 6.8995)  9.000000 ( 6.8995)  9.000000 ( 6.8995)  9.000000 ( 6.8995)  9.000000 ( 6.8995)  9.000000 ( 6.8995)  9.000000 ( 6.8995)  9.000000 ( 6.8995)  9.000000 ( 6.8995)  9.000000 ( 6.8995)  9.000000 ( 6.8995)  9.000000 ( 6.8995)  9.000000 ( 6.8995)  9.000000 ( 6.8995)  9.000000 ( 6.8995)  9.000000 ( 6.8995)  9.000000 ( 6.8995)  9.000000 ( 6.8995)  9.000000 ( 6.8995)  9.000000 ( 6.8995)  9.000000 ( 6.8995)  9.000000 ( 6.8995)  9.000000 ( 6.8995)  9.000000 ( 6.8995)  9.000000 ( 6.8995)  9.000000 ( 6.8995)  9.000000 ( 6.8995)  9.000000 ( 6.8995)  9.000000 ( 6.8995)  9.000000 ( 6.8995)  9.000000 ( 6.8995)  9.000000 ( 6.8995)  9.000000 ( 6.8995)
Sphyraena_acutipinnis    9.000000 ( 6.8995)  9.000000 ( 6.8995)  9.000000 ( 6.8995)  9.000000 ( 6.8995)  9.000000 ( 6.8995)  9.000000 ( 6.8995)  9.000000 ( 6.8995)  9.000000 ( 6.8995)  9.000000 ( 6.8995)  9.000000 ( 6.8995)  9.000000 ( 6.8995)  9.000000 ( 6.8995)  9.000000 ( 6.8995)  9.000000 ( 6.8995)  9.000000 ( 6.8995)  9.000000 ( 6.8995)  9.000000 ( 6.8995)  9.000000 ( 6.8995)  9.000000 ( 6.8995)  9.000000 ( 6.8995)  9.000000 ( 6.8995)  9.000000 ( 6.8995)  9.000000 ( 6.8995)  9.000000 ( 6.8995)  9.000000 ( 6.8995)  9.000000 ( 6.8995)  9.000000 ( 6.8995)  9.000000 ( 6.8995)  9.000000 ( 6.8995)  9.000000 ( 6.8995)  9.000000 ( 6.8995)  9.000000 ( 6.8995)  9.000000 ( 6.8995)  9.000000 ( 6.8995)  9.000000 ( 6.8995)  9.000000 ( 6.8995)  9.000000 ( 6.8995)  9.000000 ( 6.8995)  9.000000 ( 6.8995)  9.000000 ( 6.8995)  9.000000 ( 6.8995)  9.000000 ( 6.8995)  9.000000 ( 6.8995)  9.000000 ( 6.8995)  9.000000 ( 6.8995)  9.000000 ( 6.8995)  9.000000 ( 6.8995)  9.000000 ( 6.8995)  9.000000 ( 6.8995)  9.000000 ( 6.8995)  9.000000 ( 6.8995)
Sphyraena_waitii    9.000000 ( 6.8995)  9.000000 ( 6.8995)  9.000000 ( 6.8995)  9.000000 ( 6.8995)  9.000000 ( 6.8995)  9.000000 ( 6.8995)  9.000000 ( 6.8995)  9.000000 ( 6.8995)  9.000000 ( 6.8995)  9.000000 ( 6.8995)  9.000000 ( 6.8995)  9.000000 ( 6.8995)  9.000000 ( 6.8995)  9.000000 ( 6.8995)  9.000000 ( 6.8995)  9.000000 ( 6.8995)  9.000000 ( 6.8995)  9.000000 ( 6.8995)  9.000000 ( 6.8995)  9.000000 ( 6.8995)  9.000000 ( 6.8995)  9.000000 ( 6.8995)  9.000000 ( 6.8995)  9.000000 ( 6.8995)  9.000000 ( 6.8995)  9.000000 ( 6.8995)  9.000000 ( 6.8995)  9.000000 ( 6.8995)  9.000000 ( 6.8995)  9.000000 ( 6.8995)  9.000000 ( 6.8995)  9.000000 ( 6.8995)  9.000000 ( 6.8995)  9.000000 ( 6.8995)  9.000000 ( 6.8995)  9.000000 ( 6.8995)  9.000000 ( 6.8995)  9.000000 ( 6.8995)  9.000000 ( 6.8995)  9.000000 ( 6.8995)  9.000000 ( 6.8995)  9.000000 ( 6.8995)  9.000000 ( 6.8995)  9.000000 ( 6.8995)  9.000000 ( 6.8995)  9.000000 ( 6.8995)  9.000000 ( 6.8995)  9.000000 ( 6.8995)  9.000000 ( 6.8995)  9.000000 ( 6.8995)  9.000000 ( 6.8995)  9.000000 ( 6.8995)

TREE #  1:  (((51, 24), ((18, 17), (20, (21, (19, 16))))), ((42, (22, (41, 15))), ((((37, ((30, 28), (29, (38, (34, 26))))), (((48, 35), (36, (47, 32))), (((46, 40), (49, (39, 27))), ((50, 31), ((52, (53, 33)), 25))))), ((((44, 6), ((11, (45, (43, 9))), 5)), (7, 4)), ((10, 2), (8, 3)))), ((13, 12), (14, 1)))), 23);  MP score: -1.00
lnL(ntime:103  np:105):  -1156.509794    +0.000000
  54..55   55..56   56..51   56..24   55..57   57..58   58..18   58..17   57..59   59..20   59..60   60..21   60..61   61..19   61..16   54..62   62..63   63..42   63..64   64..22   64..65   65..41   65..15   62..66   66..67   67..68   68..69   69..37   69..70   70..71   71..30   71..28   70..72   72..29   72..73   73..38   73..74   74..34   74..26   68..75   75..76   76..77   77..48   77..35   76..78   78..36   78..79   79..47   79..32   75..80   80..81   81..82   82..46   82..40   81..83   83..49   83..84   84..39   84..27   80..85   85..86   86..50   86..31   85..87   87..88   88..52   88..89   89..53   89..33   87..25   67..90   90..91   91..92   92..93   93..44   93..6    92..94   94..95   95..11   95..96   96..45   96..97   97..43   97..9    94..5    91..98   98..7    98..4    90..99   99..100 100..10  100..2    99..101 101..8   101..3    66..102 102..103 103..13  103..12  102..104 104..14  104..1    54..23 
 0.086700 0.047267 0.083879 0.038987 0.023656 0.058442 0.073735 0.105043 0.024036 0.038549 0.030419 0.037630 0.071863 0.057876 0.090875 0.035153 0.003931 0.015608 0.054662 0.000004 0.000084 0.092203 0.004584 0.004536 0.005266 0.020251 0.015820 0.022917 0.000004 0.007053 0.000004 0.002337 0.000004 0.023567 0.000004 0.035625 0.000004 0.034872 0.000004 0.000004 0.053222 0.047360 0.011079 0.085103 0.103041 0.047430 0.050347 0.026640 0.072688 0.000004 0.011215 0.002040 0.011029 0.093543 0.069491 0.022361 0.035265 0.023026 0.022746 0.046428 0.087589 0.024445 0.094249 0.091168 0.064901 0.019123 0.083475 0.048945 0.034856 0.085364 0.023306 0.002065 0.004718 0.057868 0.037951 0.074741 0.000462 0.000635 0.084404 0.004476 0.033031 0.000208 0.029276 0.000013 0.000004 0.011547 0.002324 0.000004 0.005058 0.002623 0.002312 0.007078 0.000136 0.079626 0.004359 0.024723 0.105719 0.052183 0.070180 0.108430 0.091906 0.049849 0.039445 7.533681 0.316753
