
BASEML (in paml version 4.10.6, November 2022)  tmp0004.txt  HKY85 dGamma (ncatG=5)
Frequencies..
                                    T      C      A      G
Caranx_caninus                 0.25000 0.25000 0.25000 0.25000 GC = 0.500
Centropomus_armatus            0.29161 0.31484 0.25290 0.14065 GC = 0.455
Centropomus_ensiferus          0.29935 0.30581 0.24903 0.14581 GC = 0.452
Centropomus_medius             0.27843 0.32288 0.24837 0.15033 GC = 0.473
Centropomus_nigrescens         0.27742 0.32903 0.24645 0.14710 GC = 0.476
Centropomus_parallelus         0.29032 0.31355 0.25806 0.13806 GC = 0.452
Centropomus_pectinatus         0.27742 0.32774 0.24903 0.14581 GC = 0.474
Centropomus_robalito           0.25000 0.25000 0.25000 0.25000 GC = 0.500
Centropomus_undecimalis        0.25161 0.35871 0.25032 0.13935 GC = 0.498
Centropomus_unionensis         0.25000 0.25000 0.25000 0.25000 GC = 0.500
Centropomus_viridis            0.26968 0.33290 0.25935 0.13806 GC = 0.471
Coryphaena_equiselis           0.32000 0.29419 0.22581 0.16000 GC = 0.454
Echeneis_naucrates             0.30839 0.26452 0.27742 0.14968 GC = 0.414
Gnathanodon_speciosus          0.27871 0.33290 0.24774 0.14065 GC = 0.474
Istiophorus_platypterus        0.27871 0.35226 0.21806 0.15097 GC = 0.503
Lates_angustifrons             0.25000 0.25000 0.25000 0.25000 GC = 0.500
Lates_calcarifer               0.31715 0.28802 0.24272 0.15211 GC = 0.440
Lates_japonicus                0.26194 0.34839 0.24258 0.14710 GC = 0.495
Lates_microlepis               0.25000 0.25000 0.25000 0.25000 GC = 0.500
Lates_niloticus                0.29259 0.31079 0.25618 0.14044 GC = 0.451
Lates_stappersii               0.25000 0.25000 0.25000 0.25000 GC = 0.500
Makaira_nigricans              0.27741 0.35007 0.22061 0.15192 GC = 0.502
Nematistius_pectoralis         0.28258 0.33161 0.24000 0.14581 GC = 0.477
Psammoperca_waigiensis         0.27355 0.32258 0.24258 0.16129 GC = 0.484
Sphyraena_africana             0.32387 0.28129 0.22194 0.17290 GC = 0.454
Sphyraena_barracuda            0.26968 0.32258 0.26065 0.14710 GC = 0.470
Sphyraena_borealis             0.27742 0.31742 0.21677 0.18839 GC = 0.506
Sphyraena_ensis                0.25000 0.25000 0.25000 0.25000 GC = 0.500
Sphyraena_forsteri             0.29161 0.30452 0.25032 0.15355 GC = 0.458
Sphyraena_guachancho           0.29450 0.29319 0.23822 0.17408 GC = 0.467
Sphyraena_helleri              0.28774 0.32000 0.22323 0.16903 GC = 0.489
Sphyraena_iburiensis           0.27484 0.32774 0.21677 0.18065 GC = 0.508
Sphyraena_japonica             0.30968 0.29419 0.21677 0.17935 GC = 0.474
Sphyraena_jello                0.26839 0.32387 0.26065 0.14710 GC = 0.471
Sphyraena_obtusata             0.30065 0.30710 0.23355 0.15871 GC = 0.466
Sphyraena_pinguis              0.27355 0.32516 0.23484 0.16645 GC = 0.492
Sphyraena_putnamae             0.28760 0.28232 0.26913 0.16095 GC = 0.443
Sphyraena_qenie                0.26710 0.33032 0.26323 0.13935 GC = 0.470
Sphyraena_sphyraena            0.26968 0.32387 0.22968 0.17677 GC = 0.501
Sphyraena_viridensis           0.28258 0.30710 0.24645 0.16387 GC = 0.471
Tetrapturus_audax              0.27871 0.34839 0.21935 0.15355 GC = 0.502
Xiphias_gladius                0.26839 0.35484 0.22839 0.14839 GC = 0.503
Centropomus_irae               0.26309 0.34573 0.25069 0.14050 GC = 0.486
Centropomus_mexicanus          0.25000 0.25000 0.25000 0.25000 GC = 0.500
Centropomus_poeyi              0.25654 0.37696 0.22251 0.14398 GC = 0.521
Sphyraena_argentea             0.25000 0.25000 0.25000 0.25000 GC = 0.500
Sphyraena_chrysotaenia         0.25000 0.25000 0.25000 0.25000 GC = 0.500
Sphyraena_flavicauda           0.25000 0.25000 0.25000 0.25000 GC = 0.500
Sphyraena_idiastes             0.25000 0.25000 0.25000 0.25000 GC = 0.500
Sphyraena_novaehollandiae      0.25000 0.25000 0.25000 0.25000 GC = 0.500
Hypopterus_macropterus         0.25000 0.25000 0.25000 0.25000 GC = 0.500
Sphyraena_acutipinnis          0.25000 0.25000 0.25000 0.25000 GC = 0.500
Sphyraena_waitii               0.25000 0.25000 0.25000 0.25000 GC = 0.500

Homogeneity statistic: X2 = 0.98152 G = 0.95848 

Average                        0.28281 0.32156 0.24120 0.15443
(Ambiguity characters are used to calculate freqs.)


# constant sites:      0 (0.00%)
Distances:HKY85 (kappa)  (alpha set at 0.50)
This matrix is not used in later m.l. analysis.

(Pairwise deletion.)
Caranx_caninus   
Centropomus_armatus    9.000000 ( 0.0000)
Centropomus_ensiferus    9.000000 ( 0.0000)  0.186648 (12.9605)
Centropomus_medius    9.000000 (12.9605)  0.270917 (12.1581)  0.267132 (14.0348)
Centropomus_nigrescens    9.000000 (14.0348)  0.289291 ( 9.5658)  0.276076 ( 9.4300)  0.192386 (10.1902)
Centropomus_parallelus    9.000000 (10.1902)  0.250217 (10.6893)  0.230767 ( 8.3633)  0.208030 (11.9548)  0.207728 ( 9.5130)
Centropomus_pectinatus    9.000000 ( 9.5130)  0.255537 (12.7815)  0.272486 (16.3047)  0.096193 (20.6902)  0.189824 ( 9.0107)  0.207026 (10.0393)
Centropomus_robalito    9.000000 (10.0393)  9.000000 (10.0393)  9.000000 (10.0393)  9.000000 (10.0393)  9.000000 (10.0393)  9.000000 (10.0393)  9.000000 (10.0393)
Centropomus_undecimalis    9.000000 (10.0393)  0.214271 ( 6.9429)  0.242306 ( 9.2903)  0.180923 ( 7.1253)  0.189488 ( 8.0675)  0.183724 ( 6.9917)  0.185258 ( 7.4436)  9.000000 ( 7.4436)
Centropomus_unionensis    9.000000 ( 7.4436)  9.000000 ( 7.4436)  9.000000 ( 7.4436)  9.000000 ( 7.4436)  9.000000 ( 7.4436)  9.000000 ( 7.4436)  9.000000 ( 7.4436)  9.000000 ( 7.4436)  9.000000 ( 7.4436)
Centropomus_viridis    9.000000 ( 7.4436)  0.233251 ( 7.7627)  0.246003 ( 8.6582)  0.205895 ( 7.5806)  0.170014 ( 7.0693)  0.183403 ( 7.0101)  0.209233 ( 7.8398)  9.000000 ( 7.8398)  0.109873 ( 7.5686)  9.000000 ( 7.5686)
Coryphaena_equiselis    9.000000 ( 7.5686)  0.497076 ( 2.8066)  0.548676 ( 3.2080)  0.493133 ( 3.5252)  0.479508 ( 3.6348)  0.466996 ( 3.5141)  0.434157 ( 2.7167)  9.000000 ( 2.7167)  0.494365 ( 3.7075)  9.000000 ( 3.7075)  0.468205 ( 2.9321)
Echeneis_naucrates    9.000000 ( 2.9321)  0.492842 ( 3.2710)  0.500710 ( 3.6219)  0.512810 ( 4.5009)  0.536749 ( 3.5411)  0.518143 ( 4.3449)  0.460849 ( 3.5356)  9.000000 ( 3.5356)  0.504284 ( 3.8449)  9.000000 ( 3.8449)  0.455503 ( 3.1409)  0.560830 ( 2.6252)
Gnathanodon_speciosus    9.000000 ( 2.6252)  0.326873 ( 3.6609)  0.361974 ( 3.8854)  0.361925 ( 4.0604)  0.384787 ( 4.1330)  0.338726 ( 3.8789)  0.350757 ( 4.4599)  9.000000 ( 4.4599)  0.321761 ( 2.8790)  9.000000 ( 2.8790)  0.356115 ( 3.2061)  0.496583 ( 3.4357)  0.489355 ( 2.4537)
Istiophorus_platypterus    9.000000 ( 2.4537)  0.423005 ( 5.2869)  0.408833 ( 4.3752)  0.378648 ( 4.3435)  0.338651 ( 3.6410)  0.350348 ( 3.8435)  0.314323 ( 3.5834)  9.000000 ( 3.5834)  0.312505 ( 3.1337)  9.000000 ( 3.1337)  0.320204 ( 3.2712)  0.455974 ( 2.6800)  0.496768 ( 2.7979)  0.322586 ( 3.3655)
Lates_angustifrons    9.000000 ( 3.3655)  9.000000 ( 3.3655)  9.000000 ( 3.3655)  9.000000 ( 3.3655)  9.000000 ( 3.3655)  9.000000 ( 3.3655)  9.000000 ( 3.3655)  9.000000 ( 3.3655)  9.000000 ( 3.3655)  9.000000 ( 3.3655)  9.000000 ( 3.3655)  9.000000 ( 3.3655)  9.000000 ( 3.3655)  9.000000 ( 3.3655)  9.000000 ( 3.3655)
Lates_calcarifer    9.000000 ( 3.3655)  0.478005 ( 4.0630)  0.384578 ( 3.0929)  0.371406 ( 3.4341)  0.317274 ( 3.6490)  0.301656 ( 2.6833)  0.330149 ( 2.6265)  9.000000 ( 2.6265)  0.372732 ( 4.5766)  9.000000 ( 4.5766)  0.396770 ( 3.5477)  0.540498 ( 5.5565)  0.752904 ( 4.5938)  0.403885 ( 4.1407)  0.343431 ( 5.0491)  9.000000 ( 5.0491)
Lates_japonicus    9.000000 ( 5.0491)  0.382363 ( 4.2242)  0.361006 ( 3.7625)  0.364210 ( 4.2314)  0.350257 ( 3.9469)  0.376459 ( 4.1485)  0.367988 ( 4.3772)  9.000000 ( 4.3772)  0.304122 ( 4.2934)  9.000000 ( 4.2934)  0.315793 ( 3.5197)  0.489232 ( 3.6355)  0.507566 ( 2.9879)  0.339357 ( 3.3177)  0.311908 ( 3.1056)  9.000000 ( 3.1056)  0.226508 ( 9.7520)
Lates_microlepis    9.000000 ( 9.7520)  9.000000 ( 9.7520)  9.000000 ( 9.7520)  9.000000 ( 9.7520)  9.000000 ( 9.7520)  9.000000 ( 9.7520)  9.000000 ( 9.7520)  9.000000 ( 9.7520)  9.000000 ( 9.7520)  9.000000 ( 9.7520)  9.000000 ( 9.7520)  9.000000 ( 9.7520)  9.000000 ( 9.7520)  9.000000 ( 9.7520)  9.000000 ( 9.7520)  9.000000 ( 9.7520)  9.000000 ( 9.7520)  9.000000 ( 9.7520)
Lates_niloticus    9.000000 ( 9.7520)  0.432575 ( 4.7260)  0.400522 ( 4.6096)  0.380991 ( 5.3571)  0.420413 ( 6.0159)  0.319363 ( 3.2091)  0.391809 ( 5.6515)  9.000000 ( 5.6515)  0.310897 ( 4.6739)  9.000000 ( 4.6739)  0.328664 ( 3.9422)  0.446311 ( 3.9016)  0.503704 ( 2.9324)  0.370324 ( 3.5397)  0.390966 ( 3.9612)  9.000000 ( 3.9612)  0.242285 ( 9.4999)  0.180356 ( 8.4014)  9.000000 ( 8.4014)
Lates_stappersii    9.000000 ( 8.4014)  9.000000 ( 8.4014)  9.000000 ( 8.4014)  9.000000 ( 8.4014)  9.000000 ( 8.4014)  9.000000 ( 8.4014)  9.000000 ( 8.4014)  9.000000 ( 8.4014)  9.000000 ( 8.4014)  9.000000 ( 8.4014)  9.000000 ( 8.4014)  9.000000 ( 8.4014)  9.000000 ( 8.4014)  9.000000 ( 8.4014)  9.000000 ( 8.4014)  9.000000 ( 8.4014)  9.000000 ( 8.4014)  9.000000 ( 8.4014)  9.000000 ( 8.4014)  9.000000 ( 8.4014)
Makaira_nigricans    9.000000 ( 8.4014)  0.390480 ( 4.3006)  0.414810 ( 4.2925)  0.357902 ( 3.9160)  0.335857 ( 3.4467)  0.341584 ( 3.6699)  0.339900 ( 3.6322)  9.000000 ( 3.6322)  0.321119 ( 3.1266)  9.000000 ( 3.1266)  0.313268 ( 3.0209)  0.484073 ( 3.0412)  0.498887 ( 2.6676)  0.313150 ( 2.8791)  0.050408 (31.9300)  9.000000 (31.9300)  0.339414 ( 4.9767)  0.306379 ( 2.6951)  9.000000 ( 2.6951)  0.351217 ( 3.2246)  9.000000 ( 3.2246)
Nematistius_pectoralis    9.000000 ( 3.2246)  0.405876 ( 4.1932)  0.407006 ( 4.5743)  0.342016 ( 4.9040)  0.369055 ( 4.6132)  0.336515 ( 4.8949)  0.325039 ( 4.5071)  9.000000 ( 4.5071)  0.313208 ( 4.0207)  9.000000 ( 4.0207)  0.341418 ( 3.8038)  0.508100 ( 5.0593)  0.545252 ( 2.9359)  0.383931 ( 2.8784)  0.276715 ( 2.8003)  9.000000 ( 2.8003)  0.383400 ( 5.5932)  0.360321 ( 4.3240)  9.000000 ( 4.3240)  0.341402 ( 4.6370)  9.000000 ( 4.6370)  0.274849 ( 2.7352)
Psammoperca_waigiensis    9.000000 ( 2.7352)  0.410649 ( 3.8810)  0.424065 ( 3.5428)  0.400290 ( 4.5979)  0.386395 ( 4.2050)  0.395845 ( 4.6272)  0.361237 ( 4.1705)  9.000000 ( 4.1705)  0.372138 ( 4.1193)  9.000000 ( 4.1193)  0.330712 ( 3.6861)  0.511416 ( 3.4647)  0.524886 ( 2.8019)  0.391125 ( 3.3934)  0.298165 ( 3.4400)  9.000000 ( 3.4400)  0.375730 ( 3.7875)  0.292556 ( 2.8174)  9.000000 ( 2.8174)  0.321361 ( 3.8072)  9.000000 ( 3.8072)  0.291374 ( 3.2846)  0.354963 ( 4.1428)
Sphyraena_africana    9.000000 ( 4.1428)  0.511160 ( 4.3541)  0.448432 ( 3.8958)  0.540663 ( 4.3928)  0.516415 ( 3.7893)  0.455439 ( 3.3180)  0.524034 ( 4.3986)  9.000000 ( 4.3986)  0.429709 ( 4.0647)  9.000000 ( 4.0647)  0.445357 ( 3.6738)  0.634496 ( 4.3673)  0.547329 ( 3.2038)  0.556725 ( 3.6306)  0.553582 ( 3.9563)  9.000000 ( 3.9563)  0.773380 ( 6.2037)  0.537978 ( 4.5373)  9.000000 ( 4.5373)  0.583197 ( 4.9448)  9.000000 ( 4.9448)  0.567016 ( 3.8107)  0.550643 ( 4.7774)  0.535020 ( 4.6753)
Sphyraena_barracuda    9.000000 ( 4.6753)  0.342190 ( 3.8859)  0.358669 ( 3.8027)  0.374404 ( 4.8966)  0.347498 ( 3.9746)  0.356246 ( 4.3964)  0.364848 ( 4.4045)  9.000000 ( 4.4045)  0.348029 ( 4.1299)  9.000000 ( 4.1299)  0.339263 ( 3.9941)  0.519726 ( 3.4959)  0.542113 ( 3.5686)  0.375371 ( 3.5113)  0.368395 ( 3.6250)  9.000000 ( 3.6250)  0.314422 ( 3.1131)  0.316141 ( 3.5534)  9.000000 ( 3.5534)  0.315691 ( 3.8570)  9.000000 ( 3.8570)  0.345455 ( 3.2340)  0.414475 ( 5.0602)  0.369771 ( 4.6426)  0.444710 ( 6.3646)
Sphyraena_borealis    9.000000 ( 6.3646)  0.489715 ( 4.1355)  0.512943 ( 4.5296)  0.483265 ( 4.0905)  0.524587 ( 4.5649)  0.493161 ( 5.1487)  0.459487 ( 3.8746)  9.000000 ( 3.8746)  0.420065 ( 3.7845)  9.000000 ( 3.7845)  0.445557 ( 4.3736)  0.581598 ( 3.8824)  0.635269 ( 3.6782)  0.512787 ( 3.7815)  0.514359 ( 3.6091)  9.000000 ( 3.6091)  0.489040 ( 3.9508)  0.405687 ( 3.3784)  9.000000 ( 3.3784)  0.446539 ( 3.8657)  9.000000 ( 3.8657)  0.474667 ( 3.2070)  0.467206 ( 3.6288)  0.524416 ( 4.8363)  0.398295 ( 5.4367)  0.427314 ( 4.8901)
Sphyraena_ensis    9.000000 ( 4.8901)  9.000000 ( 4.8901)  9.000000 ( 4.8901)  9.000000 ( 4.8901)  9.000000 ( 4.8901)  9.000000 ( 4.8901)  9.000000 ( 4.8901)  9.000000 ( 4.8901)  9.000000 ( 4.8901)  9.000000 ( 4.8901)  9.000000 ( 4.8901)  9.000000 ( 4.8901)  9.000000 ( 4.8901)  9.000000 ( 4.8901)  9.000000 ( 4.8901)  9.000000 ( 4.8901)  9.000000 ( 4.8901)  9.000000 ( 4.8901)  9.000000 ( 4.8901)  9.000000 ( 4.8901)  9.000000 ( 4.8901)  9.000000 ( 4.8901)  9.000000 ( 4.8901)  9.000000 ( 4.8901)  9.000000 ( 4.8901)  9.000000 ( 4.8901)  9.000000 ( 4.8901)
Sphyraena_forsteri    9.000000 ( 4.8901)  0.383684 ( 4.9564)  0.390304 ( 4.9250)  0.373661 ( 5.2898)  0.365226 ( 3.6499)  0.398237 ( 4.9461)  0.324956 ( 4.0371)  9.000000 ( 4.0371)  0.338067 ( 4.0268)  9.000000 ( 4.0268)  0.359189 ( 3.9261)  0.509272 ( 3.6312)  0.488323 ( 3.7919)  0.409396 ( 4.5501)  0.351856 ( 4.1263)  9.000000 ( 4.1263)  0.373172 ( 4.3440)  0.380126 ( 4.4698)  9.000000 ( 4.4698)  0.371627 ( 3.9428)  9.000000 ( 3.9428)  0.342982 ( 3.6966)  0.389805 ( 3.9846)  0.388036 ( 3.5896)  0.473398 ( 5.9864)  0.265979 ( 7.7751)  0.462754 ( 6.1833)  9.000000 ( 6.1833)
Sphyraena_guachancho    9.000000 ( 6.1833)  0.455098 ( 3.1868)  0.427377 ( 2.9596)  0.420086 ( 3.8127)  0.407254 ( 3.1528)  0.423937 ( 3.8875)  0.426141 ( 3.4896)  9.000000 ( 3.4896)  0.446311 ( 3.7432)  9.000000 ( 3.7432)  0.416396 ( 3.5835)  0.522986 ( 4.1854)  0.587359 ( 4.6081)  0.437301 ( 3.7094)  0.362742 ( 2.4433)  9.000000 ( 2.4433)  0.512565 ( 6.6645)  0.387121 ( 2.9829)  9.000000 ( 2.9829)  0.441445 ( 3.8431)  9.000000 ( 3.8431)  0.339189 ( 2.2568)  0.414050 ( 3.4866)  0.365335 ( 2.2696)  0.551073 ( 2.8150)  0.413275 ( 3.4694)  0.576576 ( 3.4751)  9.000000 ( 3.4751)  0.415043 ( 3.5644)
Sphyraena_helleri    9.000000 ( 3.5644)  0.514236 ( 3.7699)  0.549143 ( 3.8527)  0.513802 ( 4.0852)  0.554293 ( 4.0057)  0.496488 ( 3.9808)  0.479630 ( 3.8733)  9.000000 ( 3.8733)  0.494957 ( 3.6638)  9.000000 ( 3.6638)  0.497064 ( 3.1740)  0.553187 ( 4.5503)  0.622066 ( 3.5302)  0.482614 ( 3.2322)  0.475245 ( 4.1013)  9.000000 ( 4.1013)  0.456731 ( 3.3204)  0.524671 ( 3.9756)  9.000000 ( 3.9756)  0.547285 ( 4.0923)  9.000000 ( 4.0923)  0.447663 ( 3.9003)  0.499743 ( 4.8627)  0.543668 ( 4.3374)  0.481544 ( 6.8873)  0.487520 ( 5.4968)  0.361098 ( 5.3708)  9.000000 ( 5.3708)  0.514060 ( 5.9970)  0.580472 ( 4.5346)
Sphyraena_iburiensis    9.000000 ( 4.5346)  0.435288 ( 3.2620)  0.422317 ( 3.3768)  0.476585 ( 3.7686)  0.422714 ( 2.7847)  0.492139 ( 3.9465)  0.443953 ( 3.4652)  9.000000 ( 3.4652)  0.409675 ( 4.0526)  9.000000 ( 4.0526)  0.415208 ( 3.5134)  0.555047 ( 3.9639)  0.569074 ( 3.9323)  0.505258 ( 4.0690)  0.464892 ( 3.5969)  9.000000 ( 3.5969)  0.460731 ( 4.6155)  0.407734 ( 3.5798)  9.000000 ( 3.5798)  0.464766 ( 3.9724)  9.000000 ( 3.9724)  0.419891 ( 2.9183)  0.482673 ( 4.6584)  0.419955 ( 3.6753)  0.429416 ( 4.0514)  0.394065 ( 3.0861)  0.383430 ( 3.6725)  9.000000 ( 3.6725)  0.386856 ( 3.6283)  0.460435 ( 3.3108)  0.509068 ( 3.9963)
Sphyraena_japonica    9.000000 ( 3.9963)  0.503664 ( 5.0932)  0.501901 ( 4.6956)  0.473882 ( 4.1336)  0.509475 ( 4.2184)  0.507668 ( 4.4382)  0.443678 ( 3.9384)  9.000000 ( 3.9384)  0.474531 ( 4.3359)  9.000000 ( 4.3359)  0.491923 ( 4.5952)  0.569717 ( 3.4649)  0.661102 ( 3.2951)  0.564410 ( 3.9913)  0.566370 ( 4.8599)  9.000000 ( 4.8599)  0.612246 ( 4.5024)  0.511551 ( 4.3383)  9.000000 ( 4.3383)  0.611025 ( 4.9040)  9.000000 ( 4.9040)  0.568597 ( 4.5649)  0.532314 ( 5.1656)  0.505792 ( 4.4313)  0.250655 ( 8.2738)  0.475601 ( 6.0594)  0.376502 ( 5.5123)  9.000000 ( 5.5123)  0.538441 ( 6.8803)  0.510086 ( 2.9792)  0.424386 ( 6.7623)  0.538963 ( 4.6742)
Sphyraena_jello    9.000000 ( 4.6742)  0.338412 ( 3.8228)  0.362331 ( 3.8615)  0.374433 ( 4.8983)  0.347505 ( 3.9758)  0.356276 ( 4.3978)  0.364889 ( 4.4064)  9.000000 ( 4.4064)  0.348072 ( 4.1323)  9.000000 ( 4.1323)  0.339302 ( 3.9960)  0.519742 ( 3.4963)  0.535565 ( 3.5021)  0.375427 ( 3.5131)  0.371787 ( 3.6766)  9.000000 ( 3.6766)  0.314422 ( 3.1131)  0.312733 ( 3.4959)  9.000000 ( 3.4959)  0.312245 ( 3.7948)  9.000000 ( 3.7948)  0.348665 ( 3.2823)  0.414520 ( 5.0622)  0.369797 ( 4.6442)  0.449350 ( 6.4508)  0.000936 (999.0000)  0.423505 ( 4.8308)  9.000000 ( 4.8308)  0.269369 ( 7.8999)  0.417750 ( 3.5281)  0.483244 ( 5.4333)  0.390999 ( 3.0483)  0.480889 ( 6.1482)
Sphyraena_obtusata    9.000000 ( 6.1482)  0.443126 ( 3.3471)  0.455994 ( 3.7883)  0.476407 ( 4.0671)  0.499152 ( 5.1684)  0.464805 ( 3.8143)  0.469197 ( 4.1710)  9.000000 ( 4.1710)  0.478011 ( 3.8604)  9.000000 ( 3.8604)  0.430121 ( 3.3108)  0.587191 ( 4.2912)  0.504365 ( 3.2763)  0.433373 ( 3.0409)  0.451252 ( 3.8042)  9.000000 ( 3.8042)  0.334595 ( 2.9080)  0.387213 ( 3.2878)  9.000000 ( 3.2878)  0.397809 ( 3.6030)  9.000000 ( 3.6030)  0.395228 ( 3.0474)  0.497514 ( 4.5975)  0.402511 ( 3.8402)  0.519488 ( 3.5283)  0.328943 ( 2.9152)  0.472126 ( 5.1929)  9.000000 ( 5.1929)  0.365574 ( 3.5222)  0.471905 ( 3.5278)  0.549122 ( 5.1410)  0.313360 ( 4.3898)  0.647207 ( 5.1934)  0.325908 ( 2.8714)
Sphyraena_pinguis    9.000000 ( 2.8714)  0.438452 ( 3.2408)  0.472679 ( 4.1440)  0.402397 ( 2.8327)  0.457800 ( 3.4674)  0.445979 ( 2.9975)  0.418669 ( 3.2812)  9.000000 ( 3.2812)  0.390350 ( 3.1158)  9.000000 ( 3.1158)  0.405855 ( 3.1467)  0.491512 ( 3.2423)  0.540793 ( 3.5868)  0.433118 ( 2.9948)  0.366695 ( 2.3997)  9.000000 ( 2.3997)  0.391240 ( 2.7579)  0.430357 ( 2.5821)  9.000000 ( 2.5821)  0.399979 ( 2.6746)  9.000000 ( 2.6746)  0.383785 ( 2.6112)  0.459432 ( 3.0997)  0.387728 ( 2.6729)  0.508772 ( 4.1220)  0.345898 ( 2.9204)  0.420299 ( 5.1337)  9.000000 ( 5.1337)  0.392850 ( 3.8532)  0.462815 ( 2.4816)  0.426276 ( 4.6362)  0.242454 ( 6.7526)  0.434335 ( 2.8305)  0.349236 ( 2.9677)  0.304773 ( 4.6928)
Sphyraena_putnamae    9.000000 ( 4.6928)  0.323725 ( 3.3909)  0.316566 ( 3.0462)  0.339259 ( 4.5070)  0.304060 ( 3.7384)  0.300355 ( 3.2406)  0.327020 ( 3.9186)  9.000000 ( 3.9186)  0.270016 ( 3.5637)  9.000000 ( 3.5637)  0.251499 ( 2.5747)  0.442181 ( 4.0540)  0.484856 ( 4.1261)  0.325398 ( 2.4498)  0.304745 ( 3.0094)  9.000000 ( 3.0094)  0.289788 ( 2.2879)  0.309464 ( 4.0837)  9.000000 ( 4.0837)  0.274511 ( 3.4439)  9.000000 ( 3.4439)  0.240492 ( 1.8867)  0.310512 ( 3.8471)  0.282806 ( 5.8816)  0.421349 ( 6.6341)  0.157556 (13.8447)  0.373331 ( 5.3199)  9.000000 ( 5.3199)  0.295409 ( 9.1041)  0.354720 ( 3.2709)  0.393741 ( 5.0767)  0.320335 ( 3.7379)  0.428933 ( 6.3890)  0.157556 (13.8447)  0.296654 ( 3.5986)  0.296959 ( 3.8346)
Sphyraena_qenie    9.000000 ( 3.8346)  0.308155 ( 3.0972)  0.344304 ( 3.3558)  0.361842 ( 4.3852)  0.347752 ( 3.7386)  0.302576 ( 3.2238)  0.347060 ( 3.8496)  9.000000 ( 3.8496)  0.279029 ( 2.5515)  9.000000 ( 2.5515)  0.308632 ( 3.0380)  0.460230 ( 2.8703)  0.492352 ( 2.7458)  0.348552 ( 3.1181)  0.361401 ( 3.7262)  9.000000 ( 3.7262)  0.348648 ( 3.4040)  0.280829 ( 3.3659)  9.000000 ( 3.3659)  0.260948 ( 3.1785)  9.000000 ( 3.1785)  0.351130 ( 3.5173)  0.361574 ( 4.1645)  0.338872 ( 4.0879)  0.464833 ( 5.7046)  0.140841 (14.7535)  0.419087 ( 4.7479)  9.000000 ( 4.7479)  0.209984 ( 4.8218)  0.396436 ( 3.4321)  0.393640 ( 3.8411)  0.403258 ( 3.1929)  0.462779 ( 5.5227)  0.143096 (15.0251)  0.336094 ( 3.4061)  0.328470 ( 2.2005)  0.151601 (11.2831)
Sphyraena_sphyraena    9.000000 (11.2831)  0.454808 ( 4.2598)  0.472793 ( 4.3812)  0.477962 ( 4.7430)  0.474429 ( 4.5269)  0.443050 ( 4.8379)  0.447684 ( 4.5218)  9.000000 ( 4.5218)  0.449094 ( 4.0949)  9.000000 ( 4.0949)  0.404464 ( 4.1573)  0.549215 ( 2.8502)  0.533546 ( 3.5204)  0.511466 ( 3.6960)  0.481059 ( 3.7366)  9.000000 ( 3.7366)  0.419052 ( 3.8429)  0.392395 ( 3.1362)  9.000000 ( 3.1362)  0.385466 ( 3.1911)  9.000000 ( 3.1911)  0.454045 ( 3.3622)  0.466537 ( 3.9425)  0.447021 ( 4.1893)  0.395337 ( 5.5606)  0.378819 ( 5.0809)  0.144985 ( 8.3839)  9.000000 ( 8.3839)  0.430254 ( 5.4926)  0.488155 ( 2.8181)  0.315854 ( 4.3445)  0.362238 ( 2.5826)  0.396509 ( 6.1021)  0.375353 ( 5.0184)  0.415502 ( 3.8043)  0.417625 ( 3.9886)  0.328354 ( 4.7541)  0.379368 ( 4.5225)
Sphyraena_viridensis    9.000000 ( 4.5225)  0.383610 ( 3.2294)  0.412792 ( 3.5161)  0.412047 ( 4.4206)  0.427824 ( 3.8168)  0.372980 ( 3.2880)  0.397949 ( 3.9444)  9.000000 ( 3.9444)  0.354840 ( 3.1251)  9.000000 ( 3.1251)  0.382518 ( 3.3374)  0.531066 ( 3.4273)  0.513927 ( 3.4387)  0.494057 ( 3.0984)  0.437065 ( 3.1565)  9.000000 ( 3.1565)  0.421962 ( 3.9096)  0.362619 ( 2.2331)  9.000000 ( 2.2331)  0.390690 ( 2.7621)  9.000000 ( 2.7621)  0.449871 ( 3.2299)  0.429982 ( 3.6075)  0.422091 ( 3.3751)  0.381174 ( 6.1937)  0.359873 ( 4.3540)  0.245844 ( 4.1871)  9.000000 ( 4.1871)  0.376297 ( 5.0205)  0.472750 ( 3.8043)  0.288788 ( 5.2013)  0.425075 ( 3.2781)  0.363688 ( 5.6455)  0.356216 ( 4.2912)  0.472044 ( 4.2597)  0.400569 ( 3.4634)  0.368046 ( 6.3686)  0.325725 ( 3.5258)  0.221552 ( 4.7567)
Tetrapturus_audax    9.000000 ( 4.7567)  0.419000 ( 5.3909)  0.411316 ( 4.5574)  0.351679 ( 4.2959)  0.321930 ( 3.7214)  0.346192 ( 4.1546)  0.318929 ( 3.7958)  9.000000 ( 3.7958)  0.308866 ( 3.4030)  9.000000 ( 3.4030)  0.316562 ( 3.5494)  0.477505 ( 2.9855)  0.502669 ( 2.7904)  0.323708 ( 3.2919)  0.054639 (12.9987)  9.000000 (12.9987)  0.375509 ( 5.2926)  0.303521 ( 2.8887)  9.000000 ( 2.8887)  0.341496 ( 3.3433)  9.000000 ( 3.3433)  0.060463 (25.1471)  0.295116 ( 3.0179)  0.300073 ( 3.6029)  0.592883 ( 3.8885)  0.351494 ( 3.2858)  0.530815 ( 4.0959)  9.000000 ( 4.0959)  0.334338 ( 3.7273)  0.357833 ( 2.4724)  0.508034 ( 4.6455)  0.454157 ( 3.2156)  0.581925 ( 5.1893)  0.354543 ( 3.3315)  0.441447 ( 3.8006)  0.362834 ( 2.4403)  0.288240 ( 2.9432)  0.376781 ( 3.8642)  0.523590 ( 4.5785)  0.460664 ( 3.5337)
Xiphias_gladius    9.000000 ( 3.5337)  0.385020 ( 4.7077)  0.355996 ( 4.0816)  0.345672 ( 4.9404)  0.403711 ( 5.0311)  0.368248 ( 5.0054)  0.341489 ( 5.2633)  9.000000 ( 5.2633)  0.291022 ( 3.7010)  9.000000 ( 3.7010)  0.328013 ( 4.1527)  0.478450 ( 3.1013)  0.500441 ( 3.3560)  0.373321 ( 4.4943)  0.268311 ( 6.0288)  9.000000 ( 6.0288)  0.437006 ( 7.6344)  0.285743 ( 3.1257)  9.000000 ( 3.1257)  0.331594 ( 3.7533)  9.000000 ( 3.7533)  0.258021 ( 5.1251)  0.318038 ( 4.8749)  0.276973 ( 3.1031)  0.513002 ( 5.1071)  0.282200 ( 4.0946)  0.473948 ( 4.1925)  9.000000 ( 4.1925)  0.408457 ( 5.7718)  0.354685 ( 2.5318)  0.515312 ( 4.2086)  0.447070 ( 5.2891)  0.469290 ( 4.1805)  0.285488 ( 4.1656)  0.448467 ( 5.2793)  0.385007 ( 2.9773)  0.310065 ( 5.7184)  0.323659 ( 5.2940)  0.454468 ( 4.2993)  0.393688 ( 3.0274)  0.255819 ( 5.0644)
Centropomus_irae    9.000000 ( 5.0644)  0.251989 ( 7.3792)  0.230839 ( 6.9030)  0.210435 ( 7.5196)  0.198170 ( 7.3513)  0.189661 ( 6.6214)  0.193736 ( 6.7863)  9.000000 ( 6.7863)  0.074943 (18.1981)  9.000000 (18.1981)  0.119925 ( 8.3951)  0.527889 ( 3.8385)  0.515267 ( 3.6300)  0.347468 ( 3.0115)  0.343675 ( 3.1513)  9.000000 ( 3.1513)  0.374458 ( 3.7166)  0.287407 ( 3.3402)  9.000000 ( 3.3402)  0.299592 ( 3.7783)  9.000000 ( 3.7783)  0.341392 ( 3.1335)  0.341563 ( 4.0155)  0.335844 ( 3.1661)  0.506392 ( 4.0323)  0.353067 ( 3.5673)  0.400358 ( 3.3254)  9.000000 ( 3.3254)  0.328057 ( 3.4837)  0.465427 ( 3.5524)  0.524281 ( 3.5325)  0.378937 ( 3.3113)  0.503640 ( 3.8966)  0.353105 ( 3.5691)  0.454605 ( 3.4498)  0.402094 ( 2.9600)  0.316957 ( 3.2035)  0.311546 ( 2.7193)  0.435760 ( 3.6989)  0.374010 ( 3.0090)  0.342721 ( 3.4769)  0.316422 ( 3.6634)
Centropomus_mexicanus    9.000000 ( 3.6634)  9.000000 ( 3.6634)  9.000000 ( 3.6634)  9.000000 ( 3.6634)  9.000000 ( 3.6634)  9.000000 ( 3.6634)  9.000000 ( 3.6634)  9.000000 ( 3.6634)  9.000000 ( 3.6634)  9.000000 ( 3.6634)  9.000000 ( 3.6634)  9.000000 ( 3.6634)  9.000000 ( 3.6634)  9.000000 ( 3.6634)  9.000000 ( 3.6634)  9.000000 ( 3.6634)  9.000000 ( 3.6634)  9.000000 ( 3.6634)  9.000000 ( 3.6634)  9.000000 ( 3.6634)  9.000000 ( 3.6634)  9.000000 ( 3.6634)  9.000000 ( 3.6634)  9.000000 ( 3.6634)  9.000000 ( 3.6634)  9.000000 ( 3.6634)  9.000000 ( 3.6634)  9.000000 ( 3.6634)  9.000000 ( 3.6634)  9.000000 ( 3.6634)  9.000000 ( 3.6634)  9.000000 ( 3.6634)  9.000000 ( 3.6634)  9.000000 ( 3.6634)  9.000000 ( 3.6634)  9.000000 ( 3.6634)  9.000000 ( 3.6634)  9.000000 ( 3.6634)  9.000000 ( 3.6634)  9.000000 ( 3.6634)  9.000000 ( 3.6634)  9.000000 ( 3.6634)  9.000000 ( 3.6634)
Centropomus_poeyi    9.000000 ( 3.6634)  0.309786 ( 7.1007)  0.312032 ( 8.4181)  0.216326 ( 6.2743)  0.235646 ( 5.8803)  0.262851 ( 6.7867)  0.215735 ( 6.9119)  9.000000 ( 6.9119)  0.093205 ( 5.7758)  9.000000 ( 5.7758)  0.118483 (11.3759)  0.559930 ( 2.5724)  0.563315 ( 3.3024)  0.425309 ( 3.7618)  0.371024 ( 2.8916)  9.000000 ( 2.8916)  9.000000 ( 2.8916)  0.334281 ( 2.9134)  9.000000 ( 2.9134)  0.400145 ( 4.7272)  9.000000 ( 4.7272)  0.378558 ( 3.0159)  0.464326 ( 4.6665)  0.411376 ( 4.2516)  0.506857 ( 3.6143)  0.466512 ( 5.1492)  0.420037 ( 3.9269)  9.000000 ( 3.9269)  0.449478 ( 4.3149)  0.554611 ( 3.6983)  0.653962 ( 3.3649)  0.433739 ( 2.7602)  0.545343 ( 4.4540)  0.466649 ( 5.1564)  0.564730 ( 3.6586)  0.412996 ( 2.4252)  9.000000 ( 2.4252)  0.393689 ( 3.7667)  0.489105 ( 4.0099)  0.392455 ( 2.8229)  0.370957 ( 3.2859)  0.355455 ( 3.9622)  0.136068 ( 9.2996)  9.000000 ( 9.2996)
Sphyraena_argentea    9.000000 ( 9.2996)  9.000000 ( 9.2996)  9.000000 ( 9.2996)  9.000000 ( 9.2996)  9.000000 ( 9.2996)  9.000000 ( 9.2996)  9.000000 ( 9.2996)  9.000000 ( 9.2996)  9.000000 ( 9.2996)  9.000000 ( 9.2996)  9.000000 ( 9.2996)  9.000000 ( 9.2996)  9.000000 ( 9.2996)  9.000000 ( 9.2996)  9.000000 ( 9.2996)  9.000000 ( 9.2996)  9.000000 ( 9.2996)  9.000000 ( 9.2996)  9.000000 ( 9.2996)  9.000000 ( 9.2996)  9.000000 ( 9.2996)  9.000000 ( 9.2996)  9.000000 ( 9.2996)  9.000000 ( 9.2996)  9.000000 ( 9.2996)  9.000000 ( 9.2996)  9.000000 ( 9.2996)  9.000000 ( 9.2996)  9.000000 ( 9.2996)  9.000000 ( 9.2996)  9.000000 ( 9.2996)  9.000000 ( 9.2996)  9.000000 ( 9.2996)  9.000000 ( 9.2996)  9.000000 ( 9.2996)  9.000000 ( 9.2996)  9.000000 ( 9.2996)  9.000000 ( 9.2996)  9.000000 ( 9.2996)  9.000000 ( 9.2996)  9.000000 ( 9.2996)  9.000000 ( 9.2996)  9.000000 ( 9.2996)  9.000000 ( 9.2996)  9.000000 ( 9.2996)
Sphyraena_chrysotaenia    9.000000 ( 9.2996)  9.000000 ( 9.2996)  9.000000 ( 9.2996)  9.000000 ( 9.2996)  9.000000 ( 9.2996)  9.000000 ( 9.2996)  9.000000 ( 9.2996)  9.000000 ( 9.2996)  9.000000 ( 9.2996)  9.000000 ( 9.2996)  9.000000 ( 9.2996)  9.000000 ( 9.2996)  9.000000 ( 9.2996)  9.000000 ( 9.2996)  9.000000 ( 9.2996)  9.000000 ( 9.2996)  9.000000 ( 9.2996)  9.000000 ( 9.2996)  9.000000 ( 9.2996)  9.000000 ( 9.2996)  9.000000 ( 9.2996)  9.000000 ( 9.2996)  9.000000 ( 9.2996)  9.000000 ( 9.2996)  9.000000 ( 9.2996)  9.000000 ( 9.2996)  9.000000 ( 9.2996)  9.000000 ( 9.2996)  9.000000 ( 9.2996)  9.000000 ( 9.2996)  9.000000 ( 9.2996)  9.000000 ( 9.2996)  9.000000 ( 9.2996)  9.000000 ( 9.2996)  9.000000 ( 9.2996)  9.000000 ( 9.2996)  9.000000 ( 9.2996)  9.000000 ( 9.2996)  9.000000 ( 9.2996)  9.000000 ( 9.2996)  9.000000 ( 9.2996)  9.000000 ( 9.2996)  9.000000 ( 9.2996)  9.000000 ( 9.2996)  9.000000 ( 9.2996)  9.000000 ( 9.2996)
Sphyraena_flavicauda    9.000000 ( 9.2996)  9.000000 ( 9.2996)  9.000000 ( 9.2996)  9.000000 ( 9.2996)  9.000000 ( 9.2996)  9.000000 ( 9.2996)  9.000000 ( 9.2996)  9.000000 ( 9.2996)  9.000000 ( 9.2996)  9.000000 ( 9.2996)  9.000000 ( 9.2996)  9.000000 ( 9.2996)  9.000000 ( 9.2996)  9.000000 ( 9.2996)  9.000000 ( 9.2996)  9.000000 ( 9.2996)  9.000000 ( 9.2996)  9.000000 ( 9.2996)  9.000000 ( 9.2996)  9.000000 ( 9.2996)  9.000000 ( 9.2996)  9.000000 ( 9.2996)  9.000000 ( 9.2996)  9.000000 ( 9.2996)  9.000000 ( 9.2996)  9.000000 ( 9.2996)  9.000000 ( 9.2996)  9.000000 ( 9.2996)  9.000000 ( 9.2996)  9.000000 ( 9.2996)  9.000000 ( 9.2996)  9.000000 ( 9.2996)  9.000000 ( 9.2996)  9.000000 ( 9.2996)  9.000000 ( 9.2996)  9.000000 ( 9.2996)  9.000000 ( 9.2996)  9.000000 ( 9.2996)  9.000000 ( 9.2996)  9.000000 ( 9.2996)  9.000000 ( 9.2996)  9.000000 ( 9.2996)  9.000000 ( 9.2996)  9.000000 ( 9.2996)  9.000000 ( 9.2996)  9.000000 ( 9.2996)  9.000000 ( 9.2996)
Sphyraena_idiastes    9.000000 ( 9.2996)  9.000000 ( 9.2996)  9.000000 ( 9.2996)  9.000000 ( 9.2996)  9.000000 ( 9.2996)  9.000000 ( 9.2996)  9.000000 ( 9.2996)  9.000000 ( 9.2996)  9.000000 ( 9.2996)  9.000000 ( 9.2996)  9.000000 ( 9.2996)  9.000000 ( 9.2996)  9.000000 ( 9.2996)  9.000000 ( 9.2996)  9.000000 ( 9.2996)  9.000000 ( 9.2996)  9.000000 ( 9.2996)  9.000000 ( 9.2996)  9.000000 ( 9.2996)  9.000000 ( 9.2996)  9.000000 ( 9.2996)  9.000000 ( 9.2996)  9.000000 ( 9.2996)  9.000000 ( 9.2996)  9.000000 ( 9.2996)  9.000000 ( 9.2996)  9.000000 ( 9.2996)  9.000000 ( 9.2996)  9.000000 ( 9.2996)  9.000000 ( 9.2996)  9.000000 ( 9.2996)  9.000000 ( 9.2996)  9.000000 ( 9.2996)  9.000000 ( 9.2996)  9.000000 ( 9.2996)  9.000000 ( 9.2996)  9.000000 ( 9.2996)  9.000000 ( 9.2996)  9.000000 ( 9.2996)  9.000000 ( 9.2996)  9.000000 ( 9.2996)  9.000000 ( 9.2996)  9.000000 ( 9.2996)  9.000000 ( 9.2996)  9.000000 ( 9.2996)  9.000000 ( 9.2996)  9.000000 ( 9.2996)  9.000000 ( 9.2996)
Sphyraena_novaehollandiae    9.000000 ( 9.2996)  9.000000 ( 9.2996)  9.000000 ( 9.2996)  9.000000 ( 9.2996)  9.000000 ( 9.2996)  9.000000 ( 9.2996)  9.000000 ( 9.2996)  9.000000 ( 9.2996)  9.000000 ( 9.2996)  9.000000 ( 9.2996)  9.000000 ( 9.2996)  9.000000 ( 9.2996)  9.000000 ( 9.2996)  9.000000 ( 9.2996)  9.000000 ( 9.2996)  9.000000 ( 9.2996)  9.000000 ( 9.2996)  9.000000 ( 9.2996)  9.000000 ( 9.2996)  9.000000 ( 9.2996)  9.000000 ( 9.2996)  9.000000 ( 9.2996)  9.000000 ( 9.2996)  9.000000 ( 9.2996)  9.000000 ( 9.2996)  9.000000 ( 9.2996)  9.000000 ( 9.2996)  9.000000 ( 9.2996)  9.000000 ( 9.2996)  9.000000 ( 9.2996)  9.000000 ( 9.2996)  9.000000 ( 9.2996)  9.000000 ( 9.2996)  9.000000 ( 9.2996)  9.000000 ( 9.2996)  9.000000 ( 9.2996)  9.000000 ( 9.2996)  9.000000 ( 9.2996)  9.000000 ( 9.2996)  9.000000 ( 9.2996)  9.000000 ( 9.2996)  9.000000 ( 9.2996)  9.000000 ( 9.2996)  9.000000 ( 9.2996)  9.000000 ( 9.2996)  9.000000 ( 9.2996)  9.000000 ( 9.2996)  9.000000 ( 9.2996)  9.000000 ( 9.2996)
Hypopterus_macropterus    9.000000 ( 9.2996)  9.000000 ( 9.2996)  9.000000 ( 9.2996)  9.000000 ( 9.2996)  9.000000 ( 9.2996)  9.000000 ( 9.2996)  9.000000 ( 9.2996)  9.000000 ( 9.2996)  9.000000 ( 9.2996)  9.000000 ( 9.2996)  9.000000 ( 9.2996)  9.000000 ( 9.2996)  9.000000 ( 9.2996)  9.000000 ( 9.2996)  9.000000 ( 9.2996)  9.000000 ( 9.2996)  9.000000 ( 9.2996)  9.000000 ( 9.2996)  9.000000 ( 9.2996)  9.000000 ( 9.2996)  9.000000 ( 9.2996)  9.000000 ( 9.2996)  9.000000 ( 9.2996)  9.000000 ( 9.2996)  9.000000 ( 9.2996)  9.000000 ( 9.2996)  9.000000 ( 9.2996)  9.000000 ( 9.2996)  9.000000 ( 9.2996)  9.000000 ( 9.2996)  9.000000 ( 9.2996)  9.000000 ( 9.2996)  9.000000 ( 9.2996)  9.000000 ( 9.2996)  9.000000 ( 9.2996)  9.000000 ( 9.2996)  9.000000 ( 9.2996)  9.000000 ( 9.2996)  9.000000 ( 9.2996)  9.000000 ( 9.2996)  9.000000 ( 9.2996)  9.000000 ( 9.2996)  9.000000 ( 9.2996)  9.000000 ( 9.2996)  9.000000 ( 9.2996)  9.000000 ( 9.2996)  9.000000 ( 9.2996)  9.000000 ( 9.2996)  9.000000 ( 9.2996)  9.000000 ( 9.2996)
Sphyraena_acutipinnis    9.000000 ( 9.2996)  9.000000 ( 9.2996)  9.000000 ( 9.2996)  9.000000 ( 9.2996)  9.000000 ( 9.2996)  9.000000 ( 9.2996)  9.000000 ( 9.2996)  9.000000 ( 9.2996)  9.000000 ( 9.2996)  9.000000 ( 9.2996)  9.000000 ( 9.2996)  9.000000 ( 9.2996)  9.000000 ( 9.2996)  9.000000 ( 9.2996)  9.000000 ( 9.2996)  9.000000 ( 9.2996)  9.000000 ( 9.2996)  9.000000 ( 9.2996)  9.000000 ( 9.2996)  9.000000 ( 9.2996)  9.000000 ( 9.2996)  9.000000 ( 9.2996)  9.000000 ( 9.2996)  9.000000 ( 9.2996)  9.000000 ( 9.2996)  9.000000 ( 9.2996)  9.000000 ( 9.2996)  9.000000 ( 9.2996)  9.000000 ( 9.2996)  9.000000 ( 9.2996)  9.000000 ( 9.2996)  9.000000 ( 9.2996)  9.000000 ( 9.2996)  9.000000 ( 9.2996)  9.000000 ( 9.2996)  9.000000 ( 9.2996)  9.000000 ( 9.2996)  9.000000 ( 9.2996)  9.000000 ( 9.2996)  9.000000 ( 9.2996)  9.000000 ( 9.2996)  9.000000 ( 9.2996)  9.000000 ( 9.2996)  9.000000 ( 9.2996)  9.000000 ( 9.2996)  9.000000 ( 9.2996)  9.000000 ( 9.2996)  9.000000 ( 9.2996)  9.000000 ( 9.2996)  9.000000 ( 9.2996)  9.000000 ( 9.2996)
Sphyraena_waitii    9.000000 ( 9.2996)  9.000000 ( 9.2996)  9.000000 ( 9.2996)  9.000000 ( 9.2996)  9.000000 ( 9.2996)  9.000000 ( 9.2996)  9.000000 ( 9.2996)  9.000000 ( 9.2996)  9.000000 ( 9.2996)  9.000000 ( 9.2996)  9.000000 ( 9.2996)  9.000000 ( 9.2996)  9.000000 ( 9.2996)  9.000000 ( 9.2996)  9.000000 ( 9.2996)  9.000000 ( 9.2996)  9.000000 ( 9.2996)  9.000000 ( 9.2996)  9.000000 ( 9.2996)  9.000000 ( 9.2996)  9.000000 ( 9.2996)  9.000000 ( 9.2996)  9.000000 ( 9.2996)  9.000000 ( 9.2996)  9.000000 ( 9.2996)  9.000000 ( 9.2996)  9.000000 ( 9.2996)  9.000000 ( 9.2996)  9.000000 ( 9.2996)  9.000000 ( 9.2996)  9.000000 ( 9.2996)  9.000000 ( 9.2996)  9.000000 ( 9.2996)  9.000000 ( 9.2996)  9.000000 ( 9.2996)  9.000000 ( 9.2996)  9.000000 ( 9.2996)  9.000000 ( 9.2996)  9.000000 ( 9.2996)  9.000000 ( 9.2996)  9.000000 ( 9.2996)  9.000000 ( 9.2996)  9.000000 ( 9.2996)  9.000000 ( 9.2996)  9.000000 ( 9.2996)  9.000000 ( 9.2996)  9.000000 ( 9.2996)  9.000000 ( 9.2996)  9.000000 ( 9.2996)  9.000000 ( 9.2996)  9.000000 ( 9.2996)  9.000000 ( 9.2996)

TREE #  1:  (((51, 24), ((18, 17), (20, (21, (19, 16))))), ((42, (22, (41, 15))), ((((37, ((30, 28), (29, (38, (34, 26))))), (((48, 35), (36, (47, 32))), (((46, 40), (49, (39, 27))), ((50, 31), ((52, (53, 33)), 25))))), ((((44, 6), ((11, (45, (43, 9))), 5)), (7, 4)), ((10, 2), (8, 3)))), ((13, 12), (14, 1)))), 23);  MP score: -1.00
lnL(ntime:103  np:105): -11072.807471    +0.000000
  54..55   55..56   56..51   56..24   55..57   57..58   58..18   58..17   57..59   59..20   59..60   60..21   60..61   61..19   61..16   54..62   62..63   63..42   63..64   64..22   64..65   65..41   65..15   62..66   66..67   67..68   68..69   69..37   69..70   70..71   71..30   71..28   70..72   72..29   72..73   73..38   73..74   74..34   74..26   68..75   75..76   76..77   77..48   77..35   76..78   78..36   78..79   79..47   79..32   75..80   80..81   81..82   82..46   82..40   81..83   83..49   83..84   84..39   84..27   80..85   85..86   86..50   86..31   85..87   87..88   88..52   88..89   89..53   89..33   87..25   67..90   90..91   91..92   92..93   93..44   93..6    92..94   94..95   95..11   95..96   96..45   96..97   97..43   97..9    94..5    91..98   98..7    98..4    90..99   99..100 100..10  100..2    99..101 101..8   101..3    66..102 102..103 103..13  103..12  102..104 104..14  104..1    54..23 
 0.004877 0.222892 0.011582 0.212157 0.234372 0.000005 0.163816 0.339463 0.100193 0.079230 0.043282 0.097853 0.030124 0.018691 0.069209 0.034178 0.164058 0.280172 0.280764 0.011222 0.016850 0.033561 0.028117 0.015927 0.024569 0.133474 0.062261 0.162840 0.000004 0.428153 0.483593 0.097874 0.041720 0.306566 0.063303 0.082661 0.138787 0.001595 0.000004 0.096793 0.289084 0.181874 0.045968 0.196108 0.159211 0.162304 0.147123 0.109893 0.119738 0.273317 0.000004 0.094957 0.074076 0.105477 0.086441 0.028586 0.099630 0.055714 0.150370 0.101323 0.182611 0.071075 0.268871 0.293287 0.057667 0.054210 0.094000 0.054898 0.062317 0.254329 0.259054 0.015261 0.008078 0.119167 0.080051 0.068312 0.029093 0.055487 0.091667 0.000004 0.060640 0.038553 0.057274 0.031460 0.176786 0.105855 0.057420 0.070722 0.136639 0.079875 0.037370 0.070548 0.088077 0.080812 0.056547 0.145394 0.124787 1.133351 0.917238 0.255836 0.234496 0.039807 0.524338 9.811809 0.221477
