
BASEML (in paml version 4.10.6, November 2022)  tmp0003.txt  HKY85 dGamma (ncatG=5)
Frequencies..
                                    T      C      A      G
Caranx_caninus                 0.32300 0.25449 0.24959 0.17292 GC = 0.427
Centropomus_armatus            0.30179 0.29201 0.24633 0.15987 GC = 0.452
Centropomus_ensiferus          0.29201 0.28711 0.25122 0.16966 GC = 0.457
Centropomus_medius             0.28385 0.30016 0.23980 0.17618 GC = 0.476
Centropomus_nigrescens         0.28299 0.31174 0.24208 0.16319 GC = 0.475
Centropomus_parallelus         0.29853 0.28548 0.25938 0.15661 GC = 0.442
Centropomus_pectinatus         0.28059 0.30669 0.24144 0.17129 GC = 0.478
Centropomus_robalito           0.30179 0.28059 0.24307 0.17455 GC = 0.455
Centropomus_undecimalis        0.27080 0.31974 0.25122 0.15824 GC = 0.478
Centropomus_unionensis         0.29803 0.29445 0.22909 0.17842 GC = 0.473
Centropomus_viridis            0.27896 0.31321 0.24470 0.16313 GC = 0.476
Coryphaena_equiselis           0.29902 0.26144 0.25980 0.17974 GC = 0.441
Echeneis_naucrates             0.33279 0.23654 0.26917 0.16150 GC = 0.398
Gnathanodon_speciosus          0.30506 0.27243 0.25612 0.16639 GC = 0.439
Istiophorus_platypterus        0.28548 0.30669 0.23491 0.17292 GC = 0.480
Lates_angustifrons             0.29412 0.28720 0.24567 0.17301 GC = 0.460
Lates_calcarifer               0.28385 0.31974 0.22023 0.17618 GC = 0.496
Lates_japonicus                0.28385 0.31321 0.21697 0.18597 GC = 0.499
Lates_microlepis               0.25000 0.25000 0.25000 0.25000 GC = 0.500
Lates_niloticus                0.28162 0.29848 0.24283 0.17707 GC = 0.476
Lates_stappersii               0.25000 0.25000 0.25000 0.25000 GC = 0.500
Makaira_nigricans              0.29038 0.30179 0.22838 0.17945 GC = 0.481
Nematistius_pectoralis         0.28874 0.30669 0.22838 0.17618 GC = 0.483
Psammoperca_waigiensis         0.29038 0.29364 0.22838 0.18760 GC = 0.481
Sphyraena_africana             0.25000 0.25000 0.25000 0.25000 GC = 0.500
Sphyraena_barracuda            0.28874 0.30016 0.24796 0.16313 GC = 0.463
Sphyraena_borealis             0.29364 0.27406 0.24470 0.18760 GC = 0.462
Sphyraena_ensis                0.27406 0.29690 0.23491 0.19413 GC = 0.491
Sphyraena_forsteri             0.30116 0.28619 0.24958 0.16306 GC = 0.449
Sphyraena_guachancho           0.28059 0.29364 0.23817 0.18760 GC = 0.481
Sphyraena_helleri              0.25000 0.25000 0.25000 0.25000 GC = 0.500
Sphyraena_iburiensis           0.25000 0.25000 0.25000 0.25000 GC = 0.500
Sphyraena_japonica             0.29527 0.29201 0.23980 0.17292 GC = 0.465
Sphyraena_jello                0.28874 0.30016 0.24796 0.16313 GC = 0.463
Sphyraena_obtusata             0.29364 0.28874 0.23817 0.17945 GC = 0.468
Sphyraena_pinguis              0.27778 0.30719 0.23693 0.17810 GC = 0.485
Sphyraena_putnamae             0.31097 0.27169 0.23895 0.17840 GC = 0.450
Sphyraena_qenie                0.27500 0.29444 0.25556 0.17500 GC = 0.469
Sphyraena_sphyraena            0.30343 0.27243 0.24796 0.17618 GC = 0.449
Sphyraena_viridensis           0.30471 0.26936 0.25589 0.17003 GC = 0.439
Tetrapturus_audax              0.29038 0.30016 0.23002 0.17945 GC = 0.480
Xiphias_gladius                0.28548 0.30506 0.23002 0.17945 GC = 0.485
Centropomus_irae               0.25514 0.33219 0.25514 0.15753 GC = 0.490
Centropomus_mexicanus          0.30343 0.28222 0.25449 0.15987 GC = 0.442
Centropomus_poeyi              0.25000 0.25000 0.25000 0.25000 GC = 0.500
Sphyraena_argentea             0.28922 0.28595 0.25327 0.17157 GC = 0.458
Sphyraena_chrysotaenia         0.28548 0.29690 0.23165 0.18597 GC = 0.483
Sphyraena_flavicauda           0.29364 0.28711 0.23980 0.17945 GC = 0.467
Sphyraena_idiastes             0.25000 0.25000 0.25000 0.25000 GC = 0.500
Sphyraena_novaehollandiae      0.25000 0.25000 0.25000 0.25000 GC = 0.500
Hypopterus_macropterus         0.30363 0.26403 0.23927 0.19307 GC = 0.457
Sphyraena_acutipinnis          0.29412 0.28595 0.24183 0.17810 GC = 0.464
Sphyraena_waitii               0.29085 0.29902 0.23203 0.17810 GC = 0.477

Homogeneity statistic: X2 = 0.41773 G = 0.40413 

Average                        0.29190 0.29169 0.24236 0.17405
(Ambiguity characters are used to calculate freqs.)


# constant sites:      0 (0.00%)
Distances:HKY85 (kappa)  (alpha set at 0.50)
This matrix is not used in later m.l. analysis.

(Pairwise deletion.)
Caranx_caninus   
Centropomus_armatus    0.314075 ( 5.0554)
Centropomus_ensiferus    0.298838 ( 3.5698)  0.162123 (11.7425)
Centropomus_medius    0.335418 ( 4.7317)  0.250565 ( 7.8644)  0.300703 (10.4619)
Centropomus_nigrescens    0.290473 ( 4.7901)  0.222173 ( 5.7480)  0.311869 ( 8.4848)  0.173862 ( 9.7047)
Centropomus_parallelus    0.344757 ( 4.5894)  0.245436 ( 9.7237)  0.275479 ( 9.4847)  0.205647 (11.9745)  0.156600 ( 7.2622)
Centropomus_pectinatus    0.361750 ( 5.6599)  0.239129 ( 8.2968)  0.255300 ( 9.6224)  0.054550 (29.6127)  0.155039 (10.1657)  0.194218 (13.2225)
Centropomus_robalito    0.329895 ( 3.8191)  0.189532 (13.9933)  0.145419 (14.3404)  0.269991 ( 7.4205)  0.320102 ( 9.1613)  0.204574 ( 5.1934)  0.267886 ( 8.1338)
Centropomus_undecimalis    0.279624 ( 5.1139)  0.259256 ( 7.3778)  0.286204 ( 8.8776)  0.219414 ( 9.6449)  0.116121 (15.5070)  0.187662 ( 7.0138)  0.207337 (10.3473)  0.271112 ( 8.2651)
Centropomus_unionensis    0.311075 ( 4.0152)  0.134242 (23.0822)  0.189035 (16.9639)  0.274186 ( 9.7276)  0.270958 ( 6.9830)  0.287341 (10.3381)  0.286160 (11.4682)  0.201150 (14.8480)  0.284055 ( 8.1920)
Centropomus_viridis    0.299826 ( 4.9331)  0.217110 ( 6.1801)  0.294616 ( 8.7058)  0.161540 ( 9.7080)  0.000000 ( 9.7080)  0.154791 ( 7.8506)  0.147012 (10.4104)  0.300972 ( 8.8916)  0.117446 (16.9985)  0.267100 ( 7.1855)
Coryphaena_equiselis    0.349977 ( 4.0825)  0.261924 ( 3.6005)  0.326247 ( 4.8109)  0.320003 ( 3.5230)  0.302027 ( 3.0310)  0.362904 ( 3.6967)  0.356435 ( 4.1384)  0.332227 ( 4.2058)  0.361784 ( 3.3891)  0.351887 ( 5.0365)  0.312786 ( 2.7693)
Echeneis_naucrates    0.312834 ( 3.0801)  0.290602 ( 2.6683)  0.302128 ( 3.2582)  0.333498 ( 3.6235)  0.384202 ( 4.5576)  0.317732 ( 3.9785)  0.376890 ( 4.3383)  0.359712 ( 4.2393)  0.349823 ( 3.6062)  0.317927 ( 2.9325)  0.375314 ( 4.8015)  0.439355 ( 3.6750)
Gnathanodon_speciosus    0.170986 (22.4872)  0.266487 ( 3.9992)  0.285035 ( 3.3162)  0.306617 ( 3.8388)  0.290417 ( 4.0031)  0.273289 ( 3.2373)  0.335081 ( 4.7203)  0.290050 ( 3.3950)  0.270841 ( 4.1084)  0.319935 ( 4.1838)  0.299328 ( 4.1720)  0.308458 ( 3.6443)  0.295710 ( 3.0380)
Istiophorus_platypterus    0.302900 ( 4.5920)  0.304199 ( 3.2840)  0.301462 ( 2.8988)  0.329406 ( 3.1960)  0.263825 ( 2.9671)  0.323324 ( 3.9500)  0.310641 ( 2.9007)  0.312392 ( 3.0582)  0.295623 ( 3.7274)  0.339051 ( 3.6849)  0.263163 ( 2.7110)  0.363020 ( 2.8075)  0.378383 ( 3.8935)  0.317645 ( 4.9125)
Lates_angustifrons    0.265717 ( 5.4802)  0.317225 ( 3.8567)  0.283849 ( 2.8820)  0.384809 ( 4.0581)  0.390500 ( 4.3845)  0.368091 ( 4.4726)  0.377062 ( 4.2488)  0.266541 ( 2.8285)  0.315287 ( 4.0136)  0.369194 ( 4.5564)  0.378437 ( 4.2630)  0.376660 ( 3.4387)  0.327518 ( 2.3147)  0.273827 ( 5.1836)  0.310880 ( 3.4354)
Lates_calcarifer    0.403143 ( 8.0804)  0.485847 ( 8.6078)  0.445924 ( 6.1037)  0.383652 ( 5.5431)  0.365920 ( 5.4025)  0.387209 ( 6.0720)  0.327308 ( 4.8147)  0.361778 ( 4.5739)  0.275700 ( 4.4823)  0.462083 ( 6.9525)  0.370788 ( 5.9115)  0.492314 ( 6.3520)  0.415257 ( 5.2432)  0.384495 ( 7.6277)  0.394598 ( 5.9287)  0.324131 (10.8899)
Lates_japonicus    0.410881 (11.6408)  0.336721 ( 5.0005)  0.352965 ( 4.1314)  0.384889 ( 5.5903)  0.322408 ( 4.5408)  0.321637 ( 4.7430)  0.326315 ( 4.8143)  0.341469 ( 3.9175)  0.315585 ( 5.4224)  0.322986 ( 4.3185)  0.330377 ( 4.6936)  0.417812 ( 4.1561)  0.417980 ( 4.9517)  0.412325 ( 9.8243)  0.317145 ( 4.4186)  0.271706 (11.3239)  0.243809 (10.6041)
Lates_microlepis    9.000000 (10.6041)  9.000000 (10.6041)  9.000000 (10.6041)  9.000000 (10.6041)  9.000000 (10.6041)  9.000000 (10.6041)  9.000000 (10.6041)  9.000000 (10.6041)  9.000000 (10.6041)  9.000000 (10.6041)  9.000000 (10.6041)  9.000000 (10.6041)  9.000000 (10.6041)  9.000000 (10.6041)  9.000000 (10.6041)  9.000000 (10.6041)  9.000000 (10.6041)  9.000000 (10.6041)
Lates_niloticus    0.300375 ( 5.8576)  0.320368 ( 4.6801)  0.301828 ( 3.8289)  0.387988 ( 4.8544)  0.376858 ( 5.0942)  0.328737 ( 4.5171)  0.391030 ( 5.2815)  0.260736 ( 3.6415)  0.307244 ( 4.8259)  0.382620 ( 5.2462)  0.378871 ( 5.2444)  0.383651 ( 3.4735)  0.358525 ( 3.2542)  0.320696 ( 5.3774)  0.317109 ( 4.0674)  0.083456 ( 8.7215)  0.299006 (11.5983)  0.287229 (14.3206)  9.000000 (14.3206)
Lates_stappersii    9.000000 (14.3206)  9.000000 (14.3206)  9.000000 (14.3206)  9.000000 (14.3206)  9.000000 (14.3206)  9.000000 (14.3206)  9.000000 (14.3206)  9.000000 (14.3206)  9.000000 (14.3206)  9.000000 (14.3206)  9.000000 (14.3206)  9.000000 (14.3206)  9.000000 (14.3206)  9.000000 (14.3206)  9.000000 (14.3206)  9.000000 (14.3206)  9.000000 (14.3206)  9.000000 (14.3206)  9.000000 (14.3206)  9.000000 (14.3206)
Makaira_nigricans    0.315306 ( 4.8525)  0.306894 ( 3.0639)  0.310363 ( 2.7982)  0.328594 ( 2.9371)  0.265367 ( 2.7196)  0.315438 ( 3.5077)  0.333478 ( 3.0029)  0.333221 ( 2.8946)  0.297250 ( 3.4517)  0.361650 ( 3.7575)  0.264760 ( 2.4995)  0.370798 ( 2.9045)  0.354846 ( 3.2711)  0.297414 ( 4.4704)  0.035777 ( 8.2225)  0.303280 ( 3.4387)  0.384804 ( 5.7252)  0.336293 ( 4.7910)  9.000000 ( 4.7910)  0.315988 ( 4.0385)  9.000000 ( 4.0385)
Nematistius_pectoralis    0.328629 ( 6.0334)  0.339388 ( 5.7213)  0.326650 ( 4.8732)  0.369377 ( 5.5109)  0.303039 ( 4.9697)  0.333221 ( 5.2068)  0.349582 ( 5.5208)  0.287257 ( 4.3965)  0.312599 ( 5.6025)  0.359843 ( 5.8813)  0.296212 ( 4.5670)  0.310877 ( 3.2014)  0.401421 ( 4.8747)  0.287731 ( 5.0489)  0.253587 ( 3.9736)  0.309280 ( 4.9796)  0.353764 ( 5.5144)  0.331156 ( 6.4871)  9.000000 ( 6.4871)  0.301519 ( 4.6422)  9.000000 ( 4.6422)  0.276017 ( 4.4836)
Psammoperca_waigiensis    0.338472 ( 5.1721)  0.362142 ( 4.1311)  0.340713 ( 3.6767)  0.308140 ( 2.9997)  0.390134 ( 3.7405)  0.345074 ( 3.6036)  0.309707 ( 3.0188)  0.338541 ( 2.8765)  0.381808 ( 4.4806)  0.335965 ( 3.3743)  0.361044 ( 3.4189)  0.373982 ( 3.8306)  0.388678 ( 2.9443)  0.310246 ( 4.9725)  0.280651 ( 4.0718)  0.299986 ( 4.4165)  0.427940 ( 7.3924)  0.363792 ( 5.5798)  9.000000 ( 5.5798)  0.295564 ( 3.6688)  9.000000 ( 3.6688)  0.281769 ( 4.4574)  0.338622 ( 6.2107)
Sphyraena_africana    9.000000 ( 6.2107)  9.000000 ( 6.2107)  9.000000 ( 6.2107)  9.000000 ( 6.2107)  9.000000 ( 6.2107)  9.000000 ( 6.2107)  9.000000 ( 6.2107)  9.000000 ( 6.2107)  9.000000 ( 6.2107)  9.000000 ( 6.2107)  9.000000 ( 6.2107)  9.000000 ( 6.2107)  9.000000 ( 6.2107)  9.000000 ( 6.2107)  9.000000 ( 6.2107)  9.000000 ( 6.2107)  9.000000 ( 6.2107)  9.000000 ( 6.2107)  9.000000 ( 6.2107)  9.000000 ( 6.2107)  9.000000 ( 6.2107)  9.000000 ( 6.2107)  9.000000 ( 6.2107)  9.000000 ( 6.2107)
Sphyraena_barracuda    0.300485 ( 4.9686)  0.311985 ( 4.0395)  0.323036 ( 3.8198)  0.277291 ( 3.1186)  0.300134 ( 4.7502)  0.246889 ( 3.1059)  0.301650 ( 3.8577)  0.332276 ( 4.2861)  0.300964 ( 4.5441)  0.364991 ( 5.1808)  0.296553 ( 4.2498)  0.450647 ( 6.3766)  0.287536 ( 3.8332)  0.329805 ( 6.1284)  0.276407 ( 4.1637)  0.280180 ( 2.9158)  0.376976 ( 5.2028)  0.336850 ( 5.6692)  9.000000 ( 5.6692)  0.301126 ( 3.3295)  9.000000 ( 3.3295)  0.276919 ( 3.8213)  0.342114 ( 7.7859)  0.350768 ( 4.4350)  9.000000 ( 4.4350)
Sphyraena_borealis    0.381133 ( 3.9693)  0.347654 ( 3.3987)  0.377720 ( 3.2524)  0.403391 ( 3.7101)  0.355023 ( 3.0415)  0.328396 ( 2.8998)  0.391721 ( 3.8026)  0.388955 ( 3.9165)  0.348856 ( 3.6989)  0.411542 ( 4.4630)  0.347125 ( 3.0253)  0.341814 ( 2.9017)  0.478715 ( 4.1473)  0.368227 ( 3.7665)  0.422646 ( 2.8900)  0.426109 ( 3.4203)  0.503500 ( 4.4149)  0.392876 ( 3.7732)  9.000000 ( 3.7732)  0.409901 ( 3.0743)  9.000000 ( 3.0743)  0.431041 ( 2.9812)  0.365352 ( 3.5149)  0.412508 ( 3.3297)  9.000000 ( 3.3297)  0.361130 ( 4.6931)
Sphyraena_ensis    0.379961 ( 7.6958)  0.337391 ( 4.3894)  0.363695 ( 3.8043)  0.295226 ( 2.5995)  0.306864 ( 3.6492)  0.338684 ( 3.5395)  0.321417 ( 2.9956)  0.357979 ( 3.9849)  0.343602 ( 3.8893)  0.325115 ( 3.6440)  0.308714 ( 3.4225)  0.401212 ( 4.9375)  0.373671 ( 4.3175)  0.370987 ( 6.3788)  0.347251 ( 4.3994)  0.355955 ( 3.7745)  0.431128 ( 4.5993)  0.352550 ( 4.3017)  9.000000 ( 4.3017)  0.336181 ( 3.2613)  9.000000 ( 3.2613)  0.339387 ( 3.9352)  0.355978 ( 6.6991)  0.370068 ( 4.6565)  9.000000 ( 4.6565)  0.223935 ( 8.2167)  0.369211 ( 5.8863)
Sphyraena_forsteri    0.333413 ( 5.5479)  0.286039 ( 3.8860)  0.371497 ( 3.4780)  0.314711 ( 3.2344)  0.337632 ( 4.7238)  0.292737 ( 3.1538)  0.327582 ( 3.7237)  0.325244 ( 3.8534)  0.261123 ( 3.7170)  0.354495 ( 4.4448)  0.330800 ( 4.6028)  0.382842 ( 3.8192)  0.325638 ( 2.9823)  0.276726 ( 3.9156)  0.289432 ( 3.7792)  0.284396 ( 2.8579)  0.444209 ( 5.8346)  0.412361 ( 6.1248)  9.000000 ( 6.1248)  0.327886 ( 3.8066)  9.000000 ( 3.8066)  0.295842 ( 3.5819)  0.377099 ( 7.2012)  0.441522 ( 6.5449)  9.000000 ( 6.5449)  0.195832 ( 8.1581)  0.387720 ( 5.3894)  0.308472 (10.4947)
Sphyraena_guachancho    0.336357 ( 7.1662)  0.321535 ( 4.4254)  0.355692 ( 3.6729)  0.296284 ( 2.6105)  0.311008 ( 4.0494)  0.346736 ( 3.9535)  0.321244 ( 3.2335)  0.351897 ( 3.8791)  0.340046 ( 4.1263)  0.317230 ( 3.7939)  0.312615 ( 3.7736)  0.402976 ( 4.9641)  0.355594 ( 4.3257)  0.356653 ( 6.5519)  0.337915 ( 4.2214)  0.343589 ( 3.8697)  0.431363 ( 4.9177)  0.343365 ( 4.4596)  9.000000 ( 4.4596)  0.347981 ( 3.4368)  9.000000 ( 3.4368)  0.330079 ( 3.7673)  0.363779 ( 7.4583)  0.362381 ( 4.5115)  9.000000 ( 4.5115)  0.213208 ( 8.7555)  0.366618 ( 6.2918)  0.015621 ( 7.2049)  0.303704 (11.5044)
Sphyraena_helleri    9.000000 (11.5044)  9.000000 (11.5044)  9.000000 (11.5044)  9.000000 (11.5044)  9.000000 (11.5044)  9.000000 (11.5044)  9.000000 (11.5044)  9.000000 (11.5044)  9.000000 (11.5044)  9.000000 (11.5044)  9.000000 (11.5044)  9.000000 (11.5044)  9.000000 (11.5044)  9.000000 (11.5044)  9.000000 (11.5044)  9.000000 (11.5044)  9.000000 (11.5044)  9.000000 (11.5044)  9.000000 (11.5044)  9.000000 (11.5044)  9.000000 (11.5044)  9.000000 (11.5044)  9.000000 (11.5044)  9.000000 (11.5044)  9.000000 (11.5044)  9.000000 (11.5044)  9.000000 (11.5044)  9.000000 (11.5044)  9.000000 (11.5044)  9.000000 (11.5044)
Sphyraena_iburiensis    9.000000 (11.5044)  9.000000 (11.5044)  9.000000 (11.5044)  9.000000 (11.5044)  9.000000 (11.5044)  9.000000 (11.5044)  9.000000 (11.5044)  9.000000 (11.5044)  9.000000 (11.5044)  9.000000 (11.5044)  9.000000 (11.5044)  9.000000 (11.5044)  9.000000 (11.5044)  9.000000 (11.5044)  9.000000 (11.5044)  9.000000 (11.5044)  9.000000 (11.5044)  9.000000 (11.5044)  9.000000 (11.5044)  9.000000 (11.5044)  9.000000 (11.5044)  9.000000 (11.5044)  9.000000 (11.5044)  9.000000 (11.5044)  9.000000 (11.5044)  9.000000 (11.5044)  9.000000 (11.5044)  9.000000 (11.5044)  9.000000 (11.5044)  9.000000 (11.5044)  9.000000 (11.5044)
Sphyraena_japonica    0.432982 ( 4.7010)  0.354599 ( 3.4484)  0.416012 ( 3.7219)  0.356592 ( 2.3882)  0.354166 ( 3.0898)  0.348744 ( 3.1503)  0.376459 ( 2.8260)  0.393766 ( 3.6577)  0.368067 ( 3.6695)  0.434506 ( 4.4260)  0.339941 ( 2.8767)  0.504024 ( 4.5253)  0.366601 ( 3.1066)  0.432420 ( 5.0253)  0.328596 ( 3.4322)  0.327981 ( 1.9711)  0.461300 ( 3.8185)  0.395961 ( 3.7552)  9.000000 ( 3.7552)  0.375527 ( 2.5052)  9.000000 ( 2.5052)  0.321477 ( 3.0586)  0.425856 ( 7.6828)  0.392293 ( 3.7503)  9.000000 ( 3.7503)  0.293997 ( 5.6659)  0.420290 ( 6.9115)  0.333880 ( 7.0412)  0.307118 ( 6.0678)  0.329967 ( 7.5555)  9.000000 ( 7.5555)  9.000000 ( 7.5555)
Sphyraena_jello    0.300485 ( 4.9686)  0.311985 ( 4.0395)  0.323036 ( 3.8198)  0.277291 ( 3.1186)  0.300134 ( 4.7502)  0.246889 ( 3.1059)  0.301650 ( 3.8577)  0.332276 ( 4.2861)  0.300964 ( 4.5441)  0.364991 ( 5.1808)  0.296553 ( 4.2498)  0.450647 ( 6.3766)  0.287536 ( 3.8332)  0.329805 ( 6.1284)  0.276407 ( 4.1637)  0.280180 ( 2.9158)  0.376976 ( 5.2028)  0.336850 ( 5.6692)  9.000000 ( 5.6692)  0.301126 ( 3.3295)  9.000000 ( 3.3295)  0.276919 ( 3.8213)  0.342114 ( 7.7859)  0.350768 ( 4.4350)  9.000000 ( 4.4350)  0.000000 ( 4.4350)  0.361130 ( 4.6931)  0.223935 ( 8.2167)  0.195832 ( 8.1581)  0.213208 ( 8.7555)  9.000000 ( 8.7555)  9.000000 ( 8.7555)  0.293997 ( 5.6659)
Sphyraena_obtusata    0.317366 ( 4.5616)  0.249456 ( 2.8551)  0.290267 ( 3.5248)  0.293437 ( 3.1450)  0.315403 ( 3.7786)  0.326511 ( 5.1245)  0.324593 ( 3.9754)  0.321085 ( 3.4885)  0.322284 ( 3.9379)  0.314957 ( 3.7474)  0.315349 ( 3.6498)  0.292544 ( 3.4635)  0.340975 ( 3.3500)  0.329286 ( 5.2030)  0.349640 ( 3.1320)  0.301369 ( 2.5290)  0.427114 ( 4.6514)  0.361773 ( 4.5912)  9.000000 ( 4.5912)  0.324371 ( 3.3184)  9.000000 ( 3.3184)  0.310642 ( 2.5673)  0.397935 ( 6.3164)  0.399598 ( 3.7343)  9.000000 ( 3.7343)  0.264444 ( 4.2959)  0.313992 ( 2.3642)  0.294111 ( 3.4569)  0.277096 ( 3.5654)  0.284439 ( 3.5626)  9.000000 ( 3.5626)  9.000000 ( 3.5626)  0.353375 ( 2.8562)  0.264444 ( 4.2959)
Sphyraena_pinguis    0.409223 ( 4.4762)  0.339474 ( 3.3413)  0.304223 ( 3.4751)  0.361154 ( 3.1867)  0.336979 ( 2.7564)  0.319066 ( 2.6050)  0.329013 ( 2.7289)  0.337179 ( 3.4623)  0.354182 ( 2.8616)  0.408687 ( 4.3647)  0.323940 ( 2.5455)  0.334452 ( 3.3504)  0.389531 ( 3.7916)  0.391048 ( 4.5089)  0.336397 ( 3.1666)  0.346822 ( 3.2011)  0.392573 ( 4.4161)  0.425740 ( 5.7186)  9.000000 ( 5.7186)  0.375433 ( 3.9773)  9.000000 ( 3.9773)  0.315281 ( 2.8435)  0.376698 ( 3.2448)  0.429128 ( 4.7409)  9.000000 ( 4.7409)  0.292004 ( 3.5161)  0.391989 ( 2.9528)  0.320996 ( 3.6362)  0.299125 ( 3.5152)  0.315404 ( 3.2612)  9.000000 ( 3.2612)  9.000000 ( 3.2612)  0.365272 ( 2.5784)  0.292004 ( 3.5161)  0.298804 ( 5.5470)
Sphyraena_putnamae    0.323984 ( 5.9785)  0.321078 ( 4.5468)  0.363819 ( 4.1997)  0.354883 ( 3.8740)  0.333285 ( 4.4275)  0.279413 ( 3.4432)  0.350905 ( 4.1004)  0.330496 ( 3.6278)  0.327378 ( 4.6858)  0.417985 ( 6.4131)  0.328970 ( 4.1770)  0.378686 ( 4.3577)  0.339126 ( 4.1689)  0.305168 ( 5.5121)  0.358757 ( 5.9437)  0.333951 ( 4.0143)  0.504565 ( 7.5709)  0.387257 ( 7.9457)  9.000000 ( 7.9457)  0.336944 ( 3.9329)  9.000000 ( 3.9329)  0.379061 ( 5.9078)  0.328995 ( 6.2197)  0.349595 ( 4.3999)  9.000000 ( 4.3999)  0.197362 (11.3015)  0.361620 ( 6.3741)  0.287359 (16.2114)  0.239422 ( 8.0981)  0.296048 (19.4606)  9.000000 (19.4606)  9.000000 (19.4606)  0.336590 ( 9.2155)  0.197362 (11.3015)  0.382428 ( 5.1980)  0.314683 ( 3.9237)
Sphyraena_qenie    0.421816 ( 5.1501)  0.327420 ( 3.4930)  0.326504 ( 2.5000)  0.394825 ( 3.2379)  0.334668 ( 3.6295)  0.388541 ( 4.5652)  0.398212 ( 3.6919)  0.473725 ( 4.7076)  0.346370 ( 4.3550)  0.408685 ( 4.0233)  0.332082 ( 3.5981)  0.359882 ( 3.6612)  0.290252 ( 2.9516)  0.330589 ( 3.1696)  0.296570 ( 3.1961)  0.360985 ( 3.0338)  0.576382 ( 6.4111)  0.455852 ( 6.6575)  9.000000 ( 6.6575)  0.383257 ( 3.2677)  9.000000 ( 3.2677)  0.295138 ( 2.9548)  0.344988 ( 4.5535)  0.376741 ( 2.9827)  9.000000 ( 2.9827)  0.179117 (10.8869)  0.414480 ( 7.6824)  0.211330 ( 8.2136)  0.251659 (10.0204)  0.219479 (10.7373)  9.000000 (10.7373)  9.000000 (10.7373)  0.326931 ( 8.7033)  0.179117 (10.8869)  0.285422 ( 2.1239)  0.353246 ( 3.2794)  0.251342 (25.5095)
Sphyraena_sphyraena    0.329143 ( 2.5870)  0.382447 ( 3.5112)  0.429639 ( 3.5643)  0.410900 ( 3.4188)  0.352961 ( 2.6455)  0.316833 ( 2.2122)  0.400444 ( 3.5177)  0.387353 ( 3.4810)  0.345536 ( 3.2364)  0.415390 ( 4.0537)  0.338984 ( 2.5728)  0.355896 ( 2.9781)  0.459154 ( 3.5193)  0.362451 ( 3.0422)  0.413232 ( 2.6689)  0.422152 ( 3.2297)  0.500619 ( 4.4936)  0.414606 ( 4.2075)  9.000000 ( 4.2075)  0.427275 ( 3.3876)  9.000000 ( 3.3876)  0.421840 ( 2.9634)  0.343152 ( 3.0488)  0.409610 ( 3.3935)  9.000000 ( 3.3935)  0.336669 ( 3.7654)  0.140406 (15.7615)  0.385713 ( 5.1617)  0.370060 ( 4.8486)  0.360535 ( 5.0607)  9.000000 ( 5.0607)  9.000000 ( 5.0607)  0.324224 ( 4.6822)  0.336669 ( 3.7654)  0.399750 ( 3.3970)  0.396111 ( 3.0983)  0.340859 ( 5.2132)  0.331359 ( 5.7675)
Sphyraena_viridensis    0.376394 ( 3.6501)  0.355883 ( 3.1740)  0.374689 ( 3.1094)  0.410011 ( 3.4290)  0.364823 ( 3.2981)  0.353272 ( 2.9318)  0.388370 ( 3.3829)  0.408923 ( 4.1088)  0.323028 ( 2.7090)  0.408625 ( 4.0020)  0.361250 ( 3.3737)  0.402470 ( 3.7866)  0.380792 ( 2.9037)  0.365359 ( 3.7589)  0.370387 ( 3.4989)  0.378973 ( 2.5999)  0.434274 ( 3.8079)  0.355515 ( 3.2476)  9.000000 ( 3.2476)  0.428822 ( 3.5446)  9.000000 ( 3.5446)  0.347799 ( 3.4218)  0.373476 ( 4.9520)  0.452265 ( 4.1024)  9.000000 ( 4.1024)  0.288776 ( 4.0821)  0.214939 ( 4.5573)  0.362157 ( 6.3696)  0.354090 ( 4.6641)  0.343393 ( 5.9345)  9.000000 ( 5.9345)  9.000000 ( 5.9345)  0.301031 ( 6.1398)  0.288776 ( 4.0821)  0.302408 ( 2.7545)  0.367131 ( 2.6438)  0.336795 ( 5.9811)  0.316821 ( 4.7579)  0.229215 ( 5.8230)
Tetrapturus_audax    0.295352 ( 4.6221)  0.313387 ( 3.3043)  0.302499 ( 2.7970)  0.338759 ( 2.9739)  0.287486 ( 2.9714)  0.329720 ( 3.6151)  0.322726 ( 2.7380)  0.334315 ( 3.0315)  0.289127 ( 3.4527)  0.359192 ( 3.8679)  0.285385 ( 2.7271)  0.371543 ( 3.0295)  0.349605 ( 3.0805)  0.289066 ( 4.4844)  0.041802 ( 7.5245)  0.300202 ( 3.2462)  0.372974 ( 4.9129)  0.344547 ( 4.7725)  9.000000 ( 4.7725)  0.310260 ( 3.7760)  9.000000 ( 3.7760)  0.020672 ( 5.9414)  0.279543 ( 4.3769)  0.292772 ( 4.5162)  9.000000 ( 4.5162)  0.279683 ( 4.0550)  0.426261 ( 3.0365)  0.338060 ( 4.0716)  0.282570 ( 3.4898)  0.329834 ( 3.9183)  9.000000 ( 3.9183)  9.000000 ( 3.9183)  0.351575 ( 3.6633)  0.279683 ( 4.0550)  0.314313 ( 2.5189)  0.313274 ( 2.7054)  0.381235 ( 6.1937)  0.297165 ( 3.2130)  0.426828 ( 2.9217)  0.357571 ( 3.4426)
Xiphias_gladius    0.323226 ( 5.6832)  0.305530 ( 4.0531)  0.295800 ( 3.4549)  0.308270 ( 4.8691)  0.331112 ( 6.4286)  0.368781 ( 7.9241)  0.360236 ( 6.4948)  0.298688 ( 3.4915)  0.314094 ( 5.4285)  0.379495 ( 5.2336)  0.321972 ( 5.8287)  0.339822 ( 2.8185)  0.344059 ( 3.7711)  0.319899 ( 6.0986)  0.259844 ( 6.3045)  0.290050 ( 4.0117)  0.324968 ( 5.5810)  0.349224 ( 6.1637)  9.000000 ( 6.1637)  0.294882 ( 3.7947)  9.000000 ( 3.7947)  0.271071 ( 7.3403)  0.244550 ( 7.9733)  0.323158 ( 5.1819)  9.000000 ( 5.1819)  0.292201 ( 4.7046)  0.340765 ( 2.6039)  0.321394 ( 3.2265)  0.284449 ( 4.0049)  0.324521 ( 3.5366)  9.000000 ( 3.5366)  9.000000 ( 3.5366)  0.377609 ( 4.7173)  0.292201 ( 4.7046)  0.321872 ( 3.3351)  0.320090 ( 2.8067)  0.363389 ( 4.9887)  0.368094 ( 4.1123)  0.416088 ( 3.4605)  0.369795 ( 4.2025)  0.263095 ( 6.1002)
Centropomus_irae    0.324086 ( 6.3062)  0.262213 ( 8.7259)  0.262995 ( 8.3817)  0.224476 (10.7265)  0.143335 (22.1413)  0.200622 ( 8.1740)  0.216753 (11.9840)  0.247687 ( 7.7319)  0.078636 (27.0954)  0.254547 ( 7.4423)  0.144972 (24.2692)  0.370859 ( 4.0029)  0.388629 ( 3.8399)  0.296222 ( 4.6934)  0.305912 ( 3.7474)  0.303341 ( 3.9750)  0.282981 ( 4.6979)  0.264665 ( 3.9049)  9.000000 ( 3.9049)  0.306813 ( 4.8401)  9.000000 ( 4.8401)  0.327824 ( 3.8132)  0.286006 ( 4.7902)  0.347837 ( 3.7027)  9.000000 ( 3.7027)  0.334592 ( 4.8570)  0.375233 ( 4.0479)  0.308909 ( 3.5363)  0.272883 ( 3.6297)  0.316351 ( 3.9766)  9.000000 ( 3.9766)  9.000000 ( 3.9766)  0.354634 ( 3.3949)  0.334592 ( 4.8570)  0.296487 ( 3.5828)  0.373972 ( 2.8190)  0.343865 ( 4.8343)  0.376846 ( 5.1411)  0.407646 ( 4.0614)  0.406130 ( 4.4171)  0.323875 ( 3.9099)  0.292607 ( 4.3594)
Centropomus_mexicanus    0.331777 ( 4.5077)  0.247128 (10.4033)  0.292591 (10.7428)  0.196435 (12.2827)  0.178001 ( 7.8559)  0.021490 (23.3143)  0.207947 (15.5916)  0.216377 ( 5.9035)  0.209342 ( 7.5369)  0.289905 (11.0313)  0.174725 ( 8.4155)  0.363991 ( 3.8448)  0.295420 ( 3.7037)  0.274267 ( 3.3907)  0.332113 ( 3.9413)  0.363292 ( 4.5534)  0.395709 ( 6.4690)  0.352140 ( 5.5721)  9.000000 ( 5.5721)  0.329980 ( 4.7177)  9.000000 ( 4.7177)  0.318796 ( 3.4176)  0.354084 ( 5.4211)  0.320895 ( 3.0847)  9.000000 ( 3.0847)  0.247856 ( 2.9774)  0.331122 ( 2.8200)  0.337165 ( 3.3739)  0.286806 ( 2.9144)  0.345158 ( 3.7710)  9.000000 ( 3.7710)  9.000000 ( 3.7710)  0.359394 ( 3.1748)  0.247856 ( 2.9774)  0.306199 ( 4.4867)  0.311063 ( 2.5895)  0.284587 ( 3.3883)  0.346457 ( 3.6024)  0.340915 ( 2.4225)  0.374501 ( 3.0965)  0.338992 ( 3.6188)  0.337963 ( 6.7909)  0.211820 ( 8.1453)
Centropomus_poeyi    9.000000 ( 8.1453)  9.000000 ( 8.1453)  9.000000 ( 8.1453)  9.000000 ( 8.1453)  9.000000 ( 8.1453)  9.000000 ( 8.1453)  9.000000 ( 8.1453)  9.000000 ( 8.1453)  9.000000 ( 8.1453)  9.000000 ( 8.1453)  9.000000 ( 8.1453)  9.000000 ( 8.1453)  9.000000 ( 8.1453)  9.000000 ( 8.1453)  9.000000 ( 8.1453)  9.000000 ( 8.1453)  9.000000 ( 8.1453)  9.000000 ( 8.1453)  9.000000 ( 8.1453)  9.000000 ( 8.1453)  9.000000 ( 8.1453)  9.000000 ( 8.1453)  9.000000 ( 8.1453)  9.000000 ( 8.1453)  9.000000 ( 8.1453)  9.000000 ( 8.1453)  9.000000 ( 8.1453)  9.000000 ( 8.1453)  9.000000 ( 8.1453)  9.000000 ( 8.1453)  9.000000 ( 8.1453)  9.000000 ( 8.1453)  9.000000 ( 8.1453)  9.000000 ( 8.1453)  9.000000 ( 8.1453)  9.000000 ( 8.1453)  9.000000 ( 8.1453)  9.000000 ( 8.1453)  9.000000 ( 8.1453)  9.000000 ( 8.1453)  9.000000 ( 8.1453)  9.000000 ( 8.1453)  9.000000 ( 8.1453)  9.000000 ( 8.1453)
Sphyraena_argentea    0.407295 ( 4.5035)  0.324135 ( 2.9029)  0.344144 ( 2.8846)  0.366775 ( 3.0636)  0.329594 ( 3.0311)  0.331301 ( 2.8132)  0.345654 ( 2.9947)  0.354928 ( 3.5141)  0.334831 ( 3.0773)  0.354474 ( 3.4239)  0.332277 ( 3.1481)  0.403049 ( 3.8966)  0.398686 ( 3.7107)  0.432380 ( 4.9016)  0.370101 ( 2.9733)  0.387833 ( 3.0437)  0.451890 ( 3.8708)  0.350645 ( 3.5204)  9.000000 ( 3.5204)  0.446540 ( 3.4979)  9.000000 ( 3.4979)  0.363162 ( 3.1012)  0.370873 ( 5.3720)  0.441516 ( 3.5518)  9.000000 ( 3.5518)  0.308530 ( 4.1908)  0.189062 ( 5.2670)  0.355193 ( 5.3539)  0.369562 ( 5.4191)  0.348660 ( 5.6366)  9.000000 ( 5.6366)  9.000000 ( 5.6366)  0.314580 ( 8.9913)  0.308530 ( 4.1908)  0.280735 ( 2.5893)  0.370878 ( 2.7834)  0.395415 ( 7.4072)  0.338615 ( 5.1918)  0.241992 ( 8.5880)  0.087705 ( 5.9551)  0.376366 ( 3.1701)  0.354127 ( 3.8834)  0.339781 ( 3.6195)  0.350332 ( 2.9621)  9.000000 ( 2.9621)
Sphyraena_chrysotaenia    0.360812 ( 3.4676)  0.310370 ( 2.6745)  0.288496 ( 2.9477)  0.350639 ( 3.0480)  0.356006 ( 3.4049)  0.400223 ( 3.5079)  0.402510 ( 3.5162)  0.342750 ( 3.0571)  0.375394 ( 3.3948)  0.355428 ( 3.5613)  0.348018 ( 3.1139)  0.347529 ( 2.8324)  0.354201 ( 2.8238)  0.378487 ( 3.4709)  0.328913 ( 3.0634)  0.321103 ( 2.4799)  0.427064 ( 4.3380)  0.419857 ( 5.2432)  9.000000 ( 5.2432)  0.360331 ( 3.3371)  9.000000 ( 3.3371)  0.326137 ( 3.0169)  0.389010 ( 4.2476)  0.388215 ( 3.5699)  9.000000 ( 3.5699)  0.303068 ( 4.0482)  0.422978 ( 3.1254)  0.305103 ( 3.3705)  0.277329 ( 3.2647)  0.288009 ( 2.8206)  9.000000 ( 2.8206)  9.000000 ( 2.8206)  0.362009 ( 3.4471)  0.303068 ( 4.0482)  0.286883 ( 5.7499)  0.207139 (11.9738)  0.329892 ( 4.2118)  0.314734 ( 2.7394)  0.420042 ( 3.1842)  0.382675 ( 2.9546)  0.325489 ( 2.8949)  0.294442 ( 2.4388)  0.359368 ( 2.8514)  0.407220 ( 3.4692)  9.000000 ( 3.4692)  0.344618 ( 2.8686)
Sphyraena_flavicauda    0.309014 ( 4.5810)  0.252630 ( 2.7910)  0.293647 ( 3.4479)  0.296957 ( 3.0807)  0.319657 ( 3.8549)  0.321097 ( 4.8172)  0.328385 ( 3.8950)  0.324789 ( 3.4196)  0.318203 ( 3.7192)  0.314882 ( 3.6043)  0.322880 ( 3.6420)  0.292585 ( 3.6160)  0.332560 ( 3.3525)  0.320437 ( 5.2274)  0.356506 ( 3.3601)  0.301897 ( 2.6564)  0.437732 ( 4.6596)  0.363289 ( 4.8025)  9.000000 ( 4.8025)  0.329590 ( 3.4025)  9.000000 ( 3.4025)  0.316685 ( 2.7685)  0.399322 ( 6.5978)  0.389962 ( 3.7355)  9.000000 ( 3.7355)  0.264140 ( 4.4923)  0.313855 ( 2.2692)  0.293124 ( 3.5892)  0.273734 ( 3.4993)  0.283594 ( 3.7045)  9.000000 ( 3.7045)  9.000000 ( 3.7045)  0.352765 ( 2.9640)  0.264140 ( 4.4923)  0.002882 ( 1.4476)  0.298676 ( 5.3174)  0.372842 ( 5.2193)  0.285422 ( 2.1239)  0.399990 ( 3.2867)  0.297886 ( 2.6849)  0.320377 ( 2.7161)  0.321631 ( 3.4709)  0.295958 ( 3.4269)  0.301479 ( 4.2175)  9.000000 ( 4.2175)  0.286331 ( 2.8002)  0.286548 ( 5.4986)
Sphyraena_idiastes    9.000000 ( 5.4986)  9.000000 ( 5.4986)  9.000000 ( 5.4986)  9.000000 ( 5.4986)  9.000000 ( 5.4986)  9.000000 ( 5.4986)  9.000000 ( 5.4986)  9.000000 ( 5.4986)  9.000000 ( 5.4986)  9.000000 ( 5.4986)  9.000000 ( 5.4986)  9.000000 ( 5.4986)  9.000000 ( 5.4986)  9.000000 ( 5.4986)  9.000000 ( 5.4986)  9.000000 ( 5.4986)  9.000000 ( 5.4986)  9.000000 ( 5.4986)  9.000000 ( 5.4986)  9.000000 ( 5.4986)  9.000000 ( 5.4986)  9.000000 ( 5.4986)  9.000000 ( 5.4986)  9.000000 ( 5.4986)  9.000000 ( 5.4986)  9.000000 ( 5.4986)  9.000000 ( 5.4986)  9.000000 ( 5.4986)  9.000000 ( 5.4986)  9.000000 ( 5.4986)  9.000000 ( 5.4986)  9.000000 ( 5.4986)  9.000000 ( 5.4986)  9.000000 ( 5.4986)  9.000000 ( 5.4986)  9.000000 ( 5.4986)  9.000000 ( 5.4986)  9.000000 ( 5.4986)  9.000000 ( 5.4986)  9.000000 ( 5.4986)  9.000000 ( 5.4986)  9.000000 ( 5.4986)  9.000000 ( 5.4986)  9.000000 ( 5.4986)  9.000000 ( 5.4986)  9.000000 ( 5.4986)  9.000000 ( 5.4986)  9.000000 ( 5.4986)
Sphyraena_novaehollandiae    9.000000 ( 5.4986)  9.000000 ( 5.4986)  9.000000 ( 5.4986)  9.000000 ( 5.4986)  9.000000 ( 5.4986)  9.000000 ( 5.4986)  9.000000 ( 5.4986)  9.000000 ( 5.4986)  9.000000 ( 5.4986)  9.000000 ( 5.4986)  9.000000 ( 5.4986)  9.000000 ( 5.4986)  9.000000 ( 5.4986)  9.000000 ( 5.4986)  9.000000 ( 5.4986)  9.000000 ( 5.4986)  9.000000 ( 5.4986)  9.000000 ( 5.4986)  9.000000 ( 5.4986)  9.000000 ( 5.4986)  9.000000 ( 5.4986)  9.000000 ( 5.4986)  9.000000 ( 5.4986)  9.000000 ( 5.4986)  9.000000 ( 5.4986)  9.000000 ( 5.4986)  9.000000 ( 5.4986)  9.000000 ( 5.4986)  9.000000 ( 5.4986)  9.000000 ( 5.4986)  9.000000 ( 5.4986)  9.000000 ( 5.4986)  9.000000 ( 5.4986)  9.000000 ( 5.4986)  9.000000 ( 5.4986)  9.000000 ( 5.4986)  9.000000 ( 5.4986)  9.000000 ( 5.4986)  9.000000 ( 5.4986)  9.000000 ( 5.4986)  9.000000 ( 5.4986)  9.000000 ( 5.4986)  9.000000 ( 5.4986)  9.000000 ( 5.4986)  9.000000 ( 5.4986)  9.000000 ( 5.4986)  9.000000 ( 5.4986)  9.000000 ( 5.4986)  9.000000 ( 5.4986)
Hypopterus_macropterus    0.321208 ( 3.9218)  0.414486 ( 5.1580)  0.398436 ( 4.1253)  0.352168 ( 3.0321)  0.387373 ( 4.1318)  0.335347 ( 3.0429)  0.343800 ( 3.1435)  0.390404 ( 4.2907)  0.374381 ( 4.1644)  0.425896 ( 4.5914)  0.386237 ( 3.8961)  0.378625 ( 5.0161)  0.393180 ( 3.5710)  0.314066 ( 4.4521)  0.386755 ( 4.8472)  0.399667 ( 5.2409)  0.359056 ( 4.8375)  0.429533 ( 6.6501)  9.000000 ( 6.6501)  0.366348 ( 4.4225)  9.000000 ( 4.4225)  0.368360 ( 4.8735)  0.339801 ( 4.6899)  0.260616 ( 5.2410)  9.000000 ( 5.2410)  0.355347 ( 5.0356)  0.392567 ( 4.2118)  0.439571 ( 6.0579)  0.370812 ( 5.5748)  0.436921 ( 6.4439)  9.000000 ( 6.4439)  9.000000 ( 6.4439)  0.461074 ( 5.3968)  0.355347 ( 5.0356)  0.419147 ( 5.0854)  0.426203 ( 4.8338)  0.451573 ( 6.9534)  0.366001 ( 4.8836)  0.468163 ( 5.5608)  0.380418 ( 4.7242)  0.381332 ( 5.3144)  0.306822 ( 3.5958)  0.350337 ( 3.7927)  0.325469 ( 2.7760)  9.000000 ( 2.7760)  0.448050 ( 5.2380)  0.473098 ( 4.5767)  0.420596 ( 5.3007)  9.000000 ( 5.3007)  9.000000 ( 5.3007)
Sphyraena_acutipinnis    0.437760 ( 4.4745)  0.428668 ( 4.2764)  0.408572 ( 3.6316)  0.390457 ( 3.0169)  0.399259 ( 3.7474)  0.373931 ( 3.5265)  0.373304 ( 3.0116)  0.395161 ( 3.4347)  0.439406 ( 4.7649)  0.487307 ( 4.8837)  0.381180 ( 3.4669)  0.500849 ( 4.5059)  0.404480 ( 3.6382)  0.466681 ( 5.2321)  0.362598 ( 3.4436)  0.361345 ( 2.3815)  0.423088 ( 3.1330)  0.361398 ( 3.0380)  9.000000 ( 3.0380)  0.384842 ( 2.6222)  9.000000 ( 2.6222)  0.347979 ( 2.9855)  0.434797 ( 6.8264)  0.375170 ( 3.0340)  9.000000 ( 3.0340)  0.296395 ( 5.7458)  0.363954 ( 5.3206)  0.387230 ( 7.8322)  0.332328 ( 6.1913)  0.381855 ( 8.3398)  9.000000 ( 8.3398)  9.000000 ( 8.3398)  0.097168 (25.8846)  0.296395 ( 5.7458)  0.349205 ( 3.2726)  0.378520 ( 2.7561)  0.328112 ( 8.1803)  0.351717 (10.3217)  0.353549 ( 4.9032)  0.308532 ( 5.3311)  0.372952 ( 3.4666)  0.355846 ( 4.0353)  0.366415 ( 3.5906)  0.368660 ( 3.3161)  9.000000 ( 3.3161)  0.304044 ( 7.1686)  0.361395 ( 3.2001)  0.350115 ( 3.4184)  9.000000 ( 3.4184)  9.000000 ( 3.4184)  0.391273 ( 4.0099)
Sphyraena_waitii    0.419777 ( 4.4662)  0.401636 ( 3.5822)  0.362305 ( 2.5522)  0.360031 ( 2.4117)  0.391922 ( 3.6036)  0.372275 ( 3.2197)  0.353659 ( 2.5216)  0.439294 ( 3.7294)  0.383730 ( 3.6106)  0.452006 ( 4.0660)  0.379662 ( 3.4116)  0.559161 ( 4.8999)  0.355043 ( 2.9218)  0.421571 ( 4.8177)  0.356831 ( 3.3259)  0.381025 ( 2.4865)  0.438635 ( 3.5163)  0.374535 ( 3.4295)  9.000000 ( 3.4295)  0.407983 ( 2.8655)  9.000000 ( 2.8655)  0.346488 ( 2.9349)  0.429417 ( 6.6575)  0.373573 ( 3.2131)  9.000000 ( 3.2131)  0.300570 ( 5.8011)  0.373112 ( 5.0629)  0.343177 ( 7.2556)  0.364176 ( 8.1738)  0.334583 ( 7.6494)  9.000000 ( 7.6494)  9.000000 ( 7.6494)  0.098331 (16.5158)  0.300570 ( 5.8011)  0.350727 ( 3.0240)  0.385957 ( 3.0351)  0.368744 ( 8.5611)  0.345100 ( 7.9453)  0.355920 ( 5.2934)  0.315995 ( 5.4532)  0.351978 ( 3.1337)  0.337629 ( 3.6967)  0.355715 ( 3.0200)  0.381543 ( 3.2186)  9.000000 ( 3.2186)  0.285596 ( 6.5606)  0.338122 ( 3.0744)  0.350508 ( 3.1436)  9.000000 ( 3.1436)  9.000000 ( 3.1436)  0.471225 ( 5.1762)  0.083700 ( 9.7794)

TREE #  1:  (((51, 24), ((18, 17), (20, (21, (19, 16))))), ((42, (22, (41, 15))), ((((37, ((30, 28), (29, (38, (34, 26))))), (((48, 35), (36, (47, 32))), (((46, 40), (49, (39, 27))), ((50, 31), ((52, (53, 33)), 25))))), ((((44, 6), ((11, (45, (43, 9))), 5)), (7, 4)), ((10, 2), (8, 3)))), ((13, 12), (14, 1)))), 23);  MP score: -1.00
lnL(ntime:103  np:105):  -8674.534202    +0.000000
  54..55   55..56   56..51   56..24   55..57   57..58   58..18   58..17   57..59   59..20   59..60   60..21   60..61   61..19   61..16   54..62   62..63   63..42   63..64   64..22   64..65   65..41   65..15   62..66   66..67   67..68   68..69   69..37   69..70   70..71   71..30   71..28   70..72   72..29   72..73   73..38   73..74   74..34   74..26   68..75   75..76   76..77   77..48   77..35   76..78   78..36   78..79   79..47   79..32   75..80   80..81   81..82   82..46   82..40   81..83   83..49   83..84   84..39   84..27   80..85   85..86   86..50   86..31   85..87   87..88   88..52   88..89   89..53   89..33   87..25   67..90   90..91   91..92   92..93   93..44   93..6    92..94   94..95   95..11   95..96   96..45   96..97   97..43   97..9    94..5    91..98   98..7    98..4    90..99   99..100 100..10  100..2    99..101 101..8   101..3    66..102 102..103 103..13  103..12  102..104 104..14  104..1    54..23 
 0.037306 0.197429 0.297272 0.218984 0.169042 0.066082 0.141918 0.228681 0.115407 0.048207 0.004793 0.056245 0.003204 0.013804 0.023695 0.008308 0.115982 0.161147 0.256464 0.000004 0.006409 0.015108 0.024100 0.060229 0.000004 0.162692 0.079042 0.173383 0.004753 0.184759 0.000004 0.012992 0.008780 0.207793 0.000004 0.090462 0.094685 0.000004 0.000004 0.000004 0.198802 0.205437 0.000004 0.003142 0.242858 0.149193 0.056053 0.031861 0.064530 0.187229 0.198296 0.066504 0.021709 0.073322 0.077612 0.045489 0.062606 0.084524 0.047295 0.086590 0.037852 0.079804 0.086657 0.071964 0.045544 0.042388 0.000004 0.040941 0.037863 0.093216 0.199741 0.089110 0.005252 0.124054 0.016389 0.007161 0.078467 0.000004 0.000004 0.034829 0.032258 0.061757 0.042049 0.033271 0.000004 0.080094 0.018667 0.033796 0.097951 0.023138 0.084761 0.052971 0.055879 0.098406 0.064060 0.042697 0.044505 0.552062 0.537286 0.201988 0.075464 0.125133 0.284425 12.569232 0.194957
