
BASEML (in paml version 4.10.6, November 2022)  tmp0002.txt  HKY85 dGamma (ncatG=5)
Frequencies..
                                    T      C      A      G
Caranx_caninus                 0.24094 0.25725 0.28261 0.21920 GC = 0.476
Centropomus_armatus            0.24535 0.25093 0.28996 0.21375 GC = 0.465
Centropomus_ensiferus          0.25906 0.24638 0.28804 0.20652 GC = 0.453
Centropomus_medius             0.23748 0.25417 0.28942 0.21892 GC = 0.473
Centropomus_nigrescens         0.24308 0.26285 0.29644 0.19763 GC = 0.460
Centropomus_parallelus         0.26015 0.24170 0.28229 0.21587 GC = 0.458
Centropomus_pectinatus         0.21834 0.26540 0.30259 0.21367 GC = 0.479
Centropomus_robalito           0.25683 0.24954 0.28780 0.20583 GC = 0.455
Centropomus_undecimalis        0.24497 0.26143 0.29250 0.20110 GC = 0.463
Centropomus_unionensis         0.23810 0.25997 0.29272 0.20922 GC = 0.469
Centropomus_viridis            0.24309 0.26151 0.27808 0.21731 GC = 0.479
Coryphaena_equiselis           0.27080 0.22478 0.29735 0.20708 GC = 0.432
Echeneis_naucrates             0.25824 0.21612 0.32051 0.20513 GC = 0.421
Gnathanodon_speciosus          0.24144 0.24865 0.29369 0.21622 GC = 0.465
Istiophorus_platypterus        0.22978 0.25184 0.29596 0.22243 GC = 0.474
Lates_angustifrons             0.24138 0.24864 0.28857 0.22142 GC = 0.470
Lates_calcarifer               0.22837 0.25481 0.32452 0.19231 GC = 0.447
Lates_japonicus                0.24457 0.24457 0.28986 0.22101 GC = 0.466
Lates_microlepis               0.24319 0.24682 0.28857 0.22142 GC = 0.468
Lates_niloticus                0.24864 0.23956 0.29038 0.22142 GC = 0.461
Lates_stappersii               0.24319 0.24682 0.29038 0.21960 GC = 0.466
Makaira_nigricans              0.22836 0.25414 0.29650 0.22099 GC = 0.475
Nematistius_pectoralis         0.23902 0.26186 0.27592 0.22320 GC = 0.485
Psammoperca_waigiensis         0.23358 0.24574 0.31387 0.20681 GC = 0.453
Sphyraena_africana             0.25000 0.25000 0.25000 0.25000 GC = 0.500
Sphyraena_barracuda            0.25133 0.23894 0.29558 0.21416 GC = 0.453
Sphyraena_borealis             0.24412 0.23870 0.28933 0.22785 GC = 0.467
Sphyraena_ensis                0.24038 0.24231 0.30000 0.21731 GC = 0.460
Sphyraena_forsteri             0.25000 0.25000 0.25000 0.25000 GC = 0.500
Sphyraena_guachancho           0.24627 0.23507 0.29478 0.22388 GC = 0.459
Sphyraena_helleri              0.25000 0.25000 0.25000 0.25000 GC = 0.500
Sphyraena_iburiensis           0.25000 0.25000 0.25000 0.25000 GC = 0.500
Sphyraena_japonica             0.24113 0.24468 0.28546 0.22872 GC = 0.473
Sphyraena_jello                0.25133 0.24071 0.29381 0.21416 GC = 0.455
Sphyraena_obtusata             0.24138 0.24864 0.28494 0.22505 GC = 0.474
Sphyraena_pinguis              0.25000 0.25000 0.25000 0.25000 GC = 0.500
Sphyraena_putnamae             0.23395 0.22774 0.30021 0.23810 GC = 0.466
Sphyraena_qenie                0.24425 0.24425 0.30442 0.20708 GC = 0.451
Sphyraena_sphyraena            0.22407 0.24066 0.29253 0.24274 GC = 0.483
Sphyraena_viridensis           0.25000 0.25000 0.25000 0.25000 GC = 0.500
Tetrapturus_audax              0.22978 0.25184 0.29412 0.22426 GC = 0.476
Xiphias_gladius                0.23540 0.25547 0.29197 0.21715 GC = 0.473
Centropomus_irae               0.25124 0.25124 0.29353 0.20398 GC = 0.455
Centropomus_mexicanus          0.25693 0.24399 0.28096 0.21811 GC = 0.462
Centropomus_poeyi              0.23606 0.26022 0.28810 0.21561 GC = 0.476
Sphyraena_argentea             0.24555 0.24199 0.28648 0.22598 GC = 0.468
Sphyraena_chrysotaenia         0.25179 0.25714 0.27321 0.21786 GC = 0.475
Sphyraena_flavicauda           0.22945 0.24283 0.27533 0.25239 GC = 0.495
Sphyraena_idiastes             0.23519 0.25000 0.29074 0.22407 GC = 0.474
Sphyraena_novaehollandiae      0.23587 0.24366 0.30019 0.22027 GC = 0.464
Hypopterus_macropterus         0.25000 0.25000 0.25000 0.25000 GC = 0.500
Sphyraena_acutipinnis          0.25000 0.25000 0.25000 0.25000 GC = 0.500
Sphyraena_waitii               0.25000 0.25000 0.25000 0.25000 GC = 0.500

Homogeneity statistic: X2 = 0.16075 G = 0.16147 

Average                        0.24267 0.24752 0.29197 0.21784
(Ambiguity characters are used to calculate freqs.)


# constant sites:      0 (0.00%)
Distances:HKY85 (kappa)  (alpha set at 0.50)
This matrix is not used in later m.l. analysis.

(Pairwise deletion.)
Caranx_caninus   
Centropomus_armatus    0.302184 ( 5.9854)
Centropomus_ensiferus    0.296506 ( 6.2291)  0.049705 ( 4.4252)
Centropomus_medius    0.302549 ( 6.7221)  0.106080 ( 4.9450)  0.135441 ( 4.9038)
Centropomus_nigrescens    0.301219 ( 5.9670)  0.168773 ( 3.0366)  0.160126 ( 3.2776)  0.172848 ( 5.6972)
Centropomus_parallelus    0.303077 ( 4.5639)  0.130311 ( 3.9053)  0.118091 ( 3.7128)  0.102860 ( 4.3464)  0.154526 ( 5.3302)
Centropomus_pectinatus    0.333893 ( 6.9411)  0.144253 ( 4.8472)  0.186218 ( 5.0350)  0.026254 ( 9.9894)  0.189923 ( 4.8542)  0.133574 ( 5.3885)
Centropomus_robalito    0.329581 ( 7.0880)  0.059640 ( 5.7141)  0.031547 (15.3352)  0.139128 ( 5.0487)  0.173861 ( 3.6924)  0.113960 ( 3.4780)  0.183848 ( 4.8933)
Centropomus_undecimalis    0.324825 ( 4.9007)  0.173389 ( 5.4952)  0.156158 ( 5.5958)  0.163061 ( 7.4751)  0.133542 ( 4.8071)  0.128391 ( 7.2640)  0.202037 ( 7.8196)  0.152800 ( 5.3857)
Centropomus_unionensis    0.311240 ( 6.8674)  0.067417 (20.1930)  0.087484 (10.1476)  0.142276 ( 6.0639)  0.189134 ( 3.9576)  0.151761 ( 5.1373)  0.165550 ( 7.1576)  0.092513 (10.7687)  0.143156 ( 4.7729)
Centropomus_viridis    0.256744 ( 3.9394)  0.142425 ( 3.8184)  0.143008 ( 4.5485)  0.122259 ( 4.6272)  0.113509 ( 3.3900)  0.103274 ( 4.8749)  0.143324 ( 4.4769)  0.151901 ( 5.7369)  0.062368 (20.4414)  0.124614 ( 3.5281)
Coryphaena_equiselis    0.300783 ( 2.5051)  0.376499 ( 4.3881)  0.364312 ( 5.0397)  0.435521 ( 5.2674)  0.404136 ( 5.0768)  0.397302 ( 4.8057)  0.473813 ( 4.8979)  0.367145 ( 5.0438)  0.370254 ( 4.3681)  0.393359 ( 5.3080)  0.351044 ( 4.1792)
Echeneis_naucrates    0.219194 ( 3.5095)  0.343537 ( 5.2413)  0.320357 ( 4.6191)  0.293843 ( 4.2643)  0.353215 ( 4.8488)  0.295937 ( 3.2265)  0.327069 ( 4.4551)  0.327281 ( 4.7160)  0.357569 ( 4.5466)  0.348887 ( 6.0179)  0.325422 ( 4.1026)  0.301975 ( 3.3167)
Gnathanodon_speciosus    0.066057 ( 4.2775)  0.331545 ( 6.4539)  0.318022 ( 6.5109)  0.311538 ( 6.0332)  0.316277 ( 5.4714)  0.308126 ( 4.0740)  0.373396 ( 6.8265)  0.329724 ( 6.7659)  0.325487 ( 4.5020)  0.334551 ( 7.1578)  0.270869 ( 4.0645)  0.313577 ( 3.1046)  0.214781 ( 3.4284)
Istiophorus_platypterus    0.156356 ( 2.7733)  0.281183 ( 4.1928)  0.267313 ( 4.8443)  0.274646 ( 3.9209)  0.293586 ( 5.6854)  0.249835 ( 3.0360)  0.362405 ( 5.0032)  0.269346 ( 4.8500)  0.300241 ( 4.4924)  0.282929 ( 5.0922)  0.252294 ( 3.6053)  0.275925 ( 3.5761)  0.179226 ( 3.8767)  0.176425 ( 2.9874)
Lates_angustifrons    0.170395 ( 3.2268)  0.320460 ( 5.5882)  0.311336 ( 5.4082)  0.315522 ( 6.6762)  0.282963 ( 6.0342)  0.264428 ( 4.2719)  0.367601 ( 7.3180)  0.340153 ( 5.8239)  0.285493 ( 4.6262)  0.317816 ( 5.9508)  0.245896 ( 4.0380)  0.375887 ( 4.6163)  0.194062 ( 2.8744)  0.177911 ( 3.2630)  0.150770 ( 5.2724)
Lates_calcarifer    0.184953 ( 2.4069)  0.483638 ( 6.2698)  0.468957 ( 6.6728)  0.575697 ( 8.6596)  0.465731 ( 5.7242)  0.423694 ( 4.2148)  0.660968 ( 8.6356)  0.508400 ( 6.6917)  0.487271 ( 5.8671)  0.440751 ( 5.8151)  0.420261 ( 4.6347)  0.498963 ( 3.7986)  0.276262 ( 3.2288)  0.186309 ( 3.1300)  0.238016 ( 4.7187)  0.089997 ( 4.3656)
Lates_japonicus    0.162044 ( 2.4495)  0.346176 ( 6.1774)  0.311433 ( 5.1955)  0.322158 ( 6.5663)  0.313907 ( 5.3659)  0.260609 ( 4.2078)  0.375196 ( 7.1590)  0.332632 ( 5.8982)  0.323028 ( 4.8271)  0.334120 ( 6.3971)  0.283547 ( 4.5279)  0.301689 ( 4.3521)  0.193404 ( 3.4589)  0.169788 ( 3.2437)  0.154303 ( 5.0711)  0.058398 ( 6.8515)  0.097139 ( 3.6930)
Lates_microlepis    0.170389 ( 3.2265)  0.320460 ( 5.5882)  0.311336 ( 5.4082)  0.315522 ( 6.6762)  0.282963 ( 6.0342)  0.264428 ( 4.2719)  0.367601 ( 7.3180)  0.340153 ( 5.8239)  0.285493 ( 4.6262)  0.317816 ( 5.9508)  0.245896 ( 4.0380)  0.375976 ( 4.6187)  0.194079 ( 2.8752)  0.177908 ( 3.2628)  0.154874 ( 5.4706)  0.001894 (999.0000)  0.086326 ( 4.1023)  0.060993 ( 7.2452)
Lates_niloticus    0.137216 ( 2.5741)  0.316127 ( 5.2523)  0.284875 ( 4.7984)  0.315141 ( 6.3643)  0.297330 ( 5.5062)  0.256812 ( 3.9016)  0.366751 ( 6.9321)  0.306728 ( 5.3209)  0.295905 ( 4.2398)  0.313064 ( 5.5588)  0.252380 ( 3.7972)  0.344653 ( 3.9004)  0.181803 ( 2.7322)  0.148831 ( 2.9773)  0.160301 ( 4.2987)  0.033332 ( 5.1759)  0.082862 ( 3.8586)  0.044246 ( 3.8411)  0.031125 ( 4.6996)
Lates_stappersii    0.159484 ( 2.8923)  0.297438 ( 5.0445)  0.285186 ( 4.7869)  0.292358 ( 6.0411)  0.260638 ( 5.4018)  0.251026 ( 3.9551)  0.336140 ( 6.5231)  0.311961 ( 5.1767)  0.265114 ( 4.1539)  0.293020 ( 5.3320)  0.227664 ( 3.5909)  0.363115 ( 4.3939)  0.181828 ( 2.5675)  0.166612 ( 2.9290)  0.151927 ( 5.3309)  0.011270 (999.0000)  0.082876 ( 3.8607)  0.058722 ( 6.9039)  0.009290 (999.0000)  0.025156 ( 3.4135)
Makaira_nigricans    0.156528 ( 2.7704)  0.277064 ( 4.1018)  0.263759 ( 4.7410)  0.271217 ( 3.8357)  0.294150 ( 5.6862)  0.246495 ( 2.9586)  0.357799 ( 4.8995)  0.265360 ( 4.7484)  0.296531 ( 4.4000)  0.278935 ( 4.9791)  0.248867 ( 3.5181)  0.282609 ( 3.7011)  0.173612 ( 3.6833)  0.176646 ( 2.9854)  0.005533 (999.0000)  0.144979 ( 4.9929)  0.229669 ( 4.4826)  0.148813 ( 4.8088)  0.149083 ( 5.1909)  0.154647 ( 4.0761)  0.146278 ( 5.0580)
Nematistius_pectoralis    0.215997 ( 2.1674)  0.338070 ( 3.4211)  0.305474 ( 3.5554)  0.369212 ( 4.9155)  0.320874 ( 3.9960)  0.351028 ( 4.0082)  0.413282 ( 5.5696)  0.316747 ( 3.3988)  0.360422 ( 3.9089)  0.367939 ( 4.8343)  0.327186 ( 3.4463)  0.392268 ( 2.7965)  0.322240 ( 3.0527)  0.204312 ( 1.9511)  0.222657 ( 4.2947)  0.217696 ( 4.0190)  0.320852 ( 3.0457)  0.202459 ( 3.2208)  0.222656 ( 4.1560)  0.218764 ( 3.2567)  0.212844 ( 3.8858)  0.224702 ( 4.3424)
Psammoperca_waigiensis    0.209074 ( 2.6617)  0.501947 ( 5.4754)  0.471155 ( 5.5629)  0.607205 ( 8.1149)  0.540983 ( 5.8855)  0.436475 ( 4.0239)  0.896819 (10.3168)  0.494138 ( 5.3612)  0.535417 ( 5.5479)  0.542345 ( 6.1438)  0.458973 ( 4.3344)  0.615325 ( 4.9819)  0.312358 ( 3.7691)  0.209099 ( 3.1161)  0.249684 ( 4.8782)  0.094829 ( 4.5557)  0.000000 ( 4.5557)  0.102180 ( 3.8525)  0.090984 ( 4.2881)  0.087225 ( 4.0301)  0.087482 ( 4.0486)  0.241132 ( 4.6424)  0.338175 ( 3.0156)
Sphyraena_africana    9.000000 ( 3.0156)  9.000000 ( 3.0156)  9.000000 ( 3.0156)  9.000000 ( 3.0156)  9.000000 ( 3.0156)  9.000000 ( 3.0156)  9.000000 ( 3.0156)  9.000000 ( 3.0156)  9.000000 ( 3.0156)  9.000000 ( 3.0156)  9.000000 ( 3.0156)  9.000000 ( 3.0156)  9.000000 ( 3.0156)  9.000000 ( 3.0156)  9.000000 ( 3.0156)  9.000000 ( 3.0156)  9.000000 ( 3.0156)  9.000000 ( 3.0156)  9.000000 ( 3.0156)  9.000000 ( 3.0156)  9.000000 ( 3.0156)  9.000000 ( 3.0156)  9.000000 ( 3.0156)  9.000000 ( 3.0156)
Sphyraena_barracuda    0.246889 ( 3.0421)  0.393054 ( 4.8675)  0.380998 ( 4.7440)  0.405413 ( 5.3805)  0.448628 ( 5.0083)  0.369033 ( 4.1527)  0.496037 ( 6.4903)  0.393603 ( 4.9177)  0.470204 ( 4.9475)  0.460111 ( 7.1396)  0.415899 ( 4.5661)  0.486651 ( 5.5716)  0.278955 ( 4.1999)  0.265433 ( 3.9756)  0.249845 ( 5.3264)  0.270987 ( 4.0685)  0.383482 ( 3.9919)  0.255234 ( 4.3433)  0.276677 ( 4.1964)  0.272786 ( 3.9321)  0.271000 ( 4.0712)  0.255929 ( 5.4939)  0.378161 ( 3.4759)  0.385750 ( 3.4810)  9.000000 ( 3.4810)
Sphyraena_borealis    0.220988 ( 2.1903)  0.306597 ( 2.9758)  0.278033 ( 3.1312)  0.308455 ( 3.2148)  0.298975 ( 2.7146)  0.282477 ( 2.3796)  0.371160 ( 3.6491)  0.280262 ( 3.1351)  0.325925 ( 3.1205)  0.313832 ( 3.3817)  0.285229 ( 2.8090)  0.319635 ( 4.3468)  0.264155 ( 3.2574)  0.240216 ( 3.0030)  0.161472 ( 2.1730)  0.221594 ( 1.9531)  0.362308 ( 3.3493)  0.214071 ( 2.5954)  0.226281 ( 2.0369)  0.221281 ( 1.8464)  0.217039 ( 1.8724)  0.165734 ( 2.2761)  0.266384 ( 1.8269)  0.377820 ( 3.2543)  9.000000 ( 3.2543)  0.219748 ( 5.1107)
Sphyraena_ensis    0.331896 ( 5.5949)  0.340231 ( 3.7914)  0.327994 ( 3.9433)  0.340885 ( 4.5800)  0.359024 ( 3.6845)  0.335576 ( 4.0578)  0.449670 ( 6.2052)  0.332705 ( 4.0265)  0.384750 ( 3.7287)  0.379461 ( 5.2887)  0.335840 ( 3.3731)  0.433093 ( 4.4957)  0.383362 ( 6.6851)  0.335447 ( 5.7005)  0.285287 ( 5.1625)  0.348185 ( 4.7830)  0.480038 ( 5.2375)  0.351669 ( 5.5345)  0.355652 ( 4.9285)  0.345410 ( 5.4357)  0.340974 ( 4.6446)  0.285314 ( 5.1638)  0.410886 ( 3.8788)  0.461196 ( 4.3125)  9.000000 ( 4.3125)  0.117056 ( 6.0714)  0.251023 ( 4.6268)
Sphyraena_forsteri    9.000000 ( 4.6268)  9.000000 ( 4.6268)  9.000000 ( 4.6268)  9.000000 ( 4.6268)  9.000000 ( 4.6268)  9.000000 ( 4.6268)  9.000000 ( 4.6268)  9.000000 ( 4.6268)  9.000000 ( 4.6268)  9.000000 ( 4.6268)  9.000000 ( 4.6268)  9.000000 ( 4.6268)  9.000000 ( 4.6268)  9.000000 ( 4.6268)  9.000000 ( 4.6268)  9.000000 ( 4.6268)  9.000000 ( 4.6268)  9.000000 ( 4.6268)  9.000000 ( 4.6268)  9.000000 ( 4.6268)  9.000000 ( 4.6268)  9.000000 ( 4.6268)  9.000000 ( 4.6268)  9.000000 ( 4.6268)  9.000000 ( 4.6268)  9.000000 ( 4.6268)  9.000000 ( 4.6268)  9.000000 ( 4.6268)
Sphyraena_guachancho    0.318144 ( 5.8185)  0.325953 ( 3.9517)  0.314455 ( 4.1162)  0.325552 ( 4.7451)  0.341263 ( 3.8208)  0.321642 ( 4.2345)  0.422035 ( 6.3573)  0.318776 ( 4.1979)  0.367505 ( 3.8601)  0.361390 ( 5.4919)  0.321559 ( 3.5171)  0.402289 ( 4.4599)  0.358174 ( 6.7195)  0.321473 ( 5.9251)  0.266068 ( 5.1892)  0.303573 ( 4.3354)  0.484642 ( 5.2520)  0.311228 ( 5.1529)  0.310001 ( 4.4698)  0.300959 ( 4.9492)  0.303589 ( 4.3381)  0.266071 ( 5.1895)  0.382690 ( 3.8541)  0.465643 ( 4.3255)  9.000000 ( 4.3255)  0.116252 ( 7.7676)  0.236321 ( 4.7185)  0.011700 (10.1543)  9.000000 (10.1543)
Sphyraena_helleri    9.000000 (10.1543)  9.000000 (10.1543)  9.000000 (10.1543)  9.000000 (10.1543)  9.000000 (10.1543)  9.000000 (10.1543)  9.000000 (10.1543)  9.000000 (10.1543)  9.000000 (10.1543)  9.000000 (10.1543)  9.000000 (10.1543)  9.000000 (10.1543)  9.000000 (10.1543)  9.000000 (10.1543)  9.000000 (10.1543)  9.000000 (10.1543)  9.000000 (10.1543)  9.000000 (10.1543)  9.000000 (10.1543)  9.000000 (10.1543)  9.000000 (10.1543)  9.000000 (10.1543)  9.000000 (10.1543)  9.000000 (10.1543)  9.000000 (10.1543)  9.000000 (10.1543)  9.000000 (10.1543)  9.000000 (10.1543)  9.000000 (10.1543)  9.000000 (10.1543)
Sphyraena_iburiensis    9.000000 (10.1543)  9.000000 (10.1543)  9.000000 (10.1543)  9.000000 (10.1543)  9.000000 (10.1543)  9.000000 (10.1543)  9.000000 (10.1543)  9.000000 (10.1543)  9.000000 (10.1543)  9.000000 (10.1543)  9.000000 (10.1543)  9.000000 (10.1543)  9.000000 (10.1543)  9.000000 (10.1543)  9.000000 (10.1543)  9.000000 (10.1543)  9.000000 (10.1543)  9.000000 (10.1543)  9.000000 (10.1543)  9.000000 (10.1543)  9.000000 (10.1543)  9.000000 (10.1543)  9.000000 (10.1543)  9.000000 (10.1543)  9.000000 (10.1543)  9.000000 (10.1543)  9.000000 (10.1543)  9.000000 (10.1543)  9.000000 (10.1543)  9.000000 (10.1543)  9.000000 (10.1543)
Sphyraena_japonica    0.288772 ( 3.7272)  0.365952 ( 4.3878)  0.345900 ( 4.4814)  0.391845 ( 4.3607)  0.398598 ( 3.8689)  0.395023 ( 4.5762)  0.490060 ( 5.3658)  0.325274 ( 4.0506)  0.419240 ( 4.5157)  0.393187 ( 5.5448)  0.371032 ( 4.1782)  0.373864 ( 2.7424)  0.302599 ( 4.7167)  0.260862 ( 4.0659)  0.233378 ( 2.9995)  0.344139 ( 3.7356)  0.457202 ( 4.2465)  0.298006 ( 3.5831)  0.352631 ( 3.8773)  0.309484 ( 3.3142)  0.332441 ( 3.5418)  0.233610 ( 2.9959)  0.364367 ( 2.2448)  0.500260 ( 4.4365)  9.000000 ( 4.4365)  0.349154 ( 6.9320)  0.215098 ( 5.5673)  0.325422 ( 7.0633)  9.000000 ( 7.0633)  0.289464 ( 6.6806)  9.000000 ( 6.6806)  9.000000 ( 6.6806)
Sphyraena_jello    0.239137 ( 3.0359)  0.382359 ( 4.8769)  0.370849 ( 4.7562)  0.394409 ( 5.3941)  0.436096 ( 5.0131)  0.359074 ( 4.1567)  0.480187 ( 6.5003)  0.383010 ( 4.9285)  0.458325 ( 4.9508)  0.447213 ( 7.1838)  0.405173 ( 4.5732)  0.474536 ( 5.5750)  0.270451 ( 4.2099)  0.257465 ( 3.9874)  0.242025 ( 5.3808)  0.268454 ( 4.2108)  0.378756 ( 4.1317)  0.252155 ( 4.4876)  0.274248 ( 4.3453)  0.269999 ( 4.0619)  0.262856 ( 4.0832)  0.247989 ( 5.5518)  0.368332 ( 3.4674)  0.380936 ( 3.6024)  9.000000 ( 3.6024)  0.003535 ( 1.9986)  0.212319 ( 5.1597)  0.111481 ( 6.3297)  9.000000 ( 6.3297)  0.116252 ( 7.7676)  9.000000 ( 7.7676)  9.000000 ( 7.7676)  0.339580 ( 6.9908)
Sphyraena_obtusata    0.284651 ( 2.6306)  0.432706 ( 5.7195)  0.401495 ( 4.8476)  0.395775 ( 4.7446)  0.401862 ( 4.2109)  0.397723 ( 4.0518)  0.497223 ( 5.8970)  0.413318 ( 4.9980)  0.412933 ( 4.5437)  0.533688 ( 8.5059)  0.400616 ( 4.0973)  0.426201 ( 3.6019)  0.326393 ( 3.3072)  0.257376 ( 2.8154)  0.235850 ( 2.2213)  0.329669 ( 3.4441)  0.469140 ( 4.5644)  0.296129 ( 3.6611)  0.322937 ( 3.3325)  0.277136 ( 2.7145)  0.305918 ( 3.0522)  0.234799 ( 2.1941)  0.324952 ( 2.7574)  0.492917 ( 4.2863)  9.000000 ( 4.2863)  0.350786 ( 4.3667)  0.245391 ( 3.2552)  0.414687 ( 5.7825)  9.000000 ( 5.7825)  0.368719 ( 5.4154)  9.000000 ( 5.4154)  9.000000 ( 5.4154)  0.253660 ( 2.7361)  0.341185 ( 4.3729)
Sphyraena_pinguis    9.000000 ( 4.3729)  9.000000 ( 4.3729)  9.000000 ( 4.3729)  9.000000 ( 4.3729)  9.000000 ( 4.3729)  9.000000 ( 4.3729)  9.000000 ( 4.3729)  9.000000 ( 4.3729)  9.000000 ( 4.3729)  9.000000 ( 4.3729)  9.000000 ( 4.3729)  9.000000 ( 4.3729)  9.000000 ( 4.3729)  9.000000 ( 4.3729)  9.000000 ( 4.3729)  9.000000 ( 4.3729)  9.000000 ( 4.3729)  9.000000 ( 4.3729)  9.000000 ( 4.3729)  9.000000 ( 4.3729)  9.000000 ( 4.3729)  9.000000 ( 4.3729)  9.000000 ( 4.3729)  9.000000 ( 4.3729)  9.000000 ( 4.3729)  9.000000 ( 4.3729)  9.000000 ( 4.3729)  9.000000 ( 4.3729)  9.000000 ( 4.3729)  9.000000 ( 4.3729)  9.000000 ( 4.3729)  9.000000 ( 4.3729)  9.000000 ( 4.3729)  9.000000 ( 4.3729)  9.000000 ( 4.3729)
Sphyraena_putnamae    0.242879 ( 3.6906)  0.307926 ( 3.9435)  0.312411 ( 3.8308)  0.350784 ( 5.5235)  0.362628 ( 5.2588)  0.306354 ( 4.0982)  0.448543 ( 7.6242)  0.338070 ( 4.3102)  0.388339 ( 4.8075)  0.359348 ( 6.0418)  0.315311 ( 3.6770)  0.380115 ( 5.9993)  0.345156 ( 5.5328)  0.251102 ( 4.3504)  0.261045 ( 4.0957)  0.241362 ( 3.6267)  0.309611 ( 4.1592)  0.225042 ( 3.6677)  0.241362 ( 3.6267)  0.211676 ( 3.3312)  0.221560 ( 3.1670)  0.252188 ( 3.8890)  0.276186 ( 2.7436)  0.311001 ( 3.5439)  9.000000 ( 3.5439)  0.124771 (10.6152)  0.200640 ( 5.1923)  0.110444 (10.6530)  9.000000 (10.6530)  0.107104 (12.0280)  9.000000 (12.0280)  9.000000 (12.0280)  0.244973 ( 7.2763)  0.118495 (11.5701)  0.312588 ( 4.3318)  9.000000 ( 4.3318)
Sphyraena_qenie    0.271437 ( 3.7283)  0.342335 ( 4.5435)  0.335202 ( 4.4891)  0.374692 ( 5.4739)  0.354163 ( 4.4437)  0.376275 ( 4.8450)  0.454542 ( 6.6486)  0.362605 ( 4.9724)  0.417997 ( 5.0800)  0.415246 ( 7.1576)  0.381861 ( 4.9481)  0.454962 ( 5.6688)  0.270798 ( 4.6613)  0.275582 ( 4.8678)  0.265145 ( 6.1035)  0.234774 ( 3.4377)  0.363803 ( 3.9125)  0.258418 ( 4.6603)  0.239754 ( 3.5534)  0.251702 ( 3.6578)  0.229944 ( 3.3273)  0.259056 ( 5.9062)  0.371955 ( 3.8188)  0.365779 ( 3.3927)  9.000000 ( 3.3927)  0.080327 (15.9145)  0.189979 ( 4.6935)  0.104411 ( 5.8176)  9.000000 ( 5.8176)  0.109311 ( 7.1996)  9.000000 ( 7.1996)  9.000000 ( 7.1996)  0.321585 ( 7.1590)  0.075788 (19.2444)  0.368227 ( 5.3092)  9.000000 ( 5.3092)  0.105502 (11.9216)
Sphyraena_sphyraena    0.224523 ( 3.2440)  0.327645 ( 4.9543)  0.305547 ( 4.4853)  0.311007 ( 4.3691)  0.313761 ( 4.7081)  0.271440 ( 2.9940)  0.418222 ( 6.1376)  0.305547 ( 4.4853)  0.334593 ( 4.6337)  0.338821 ( 6.1468)  0.309661 ( 3.8991)  0.367354 ( 5.7037)  0.316604 ( 7.0511)  0.218351 ( 3.5041)  0.168634 ( 3.4929)  0.197321 ( 3.3763)  0.269757 ( 5.0762)  0.206122 ( 4.1166)  0.191908 ( 3.2284)  0.195360 ( 3.5529)  0.181663 ( 2.9509)  0.168634 ( 3.4929)  0.294470 ( 2.8870)  0.273655 ( 4.9990)  9.000000 ( 4.9990)  0.229170 ( 5.4439)  0.053357 ( 4.0957)  0.233746 ( 5.5977)  9.000000 ( 5.5977)  0.232533 ( 5.8783)  9.000000 ( 5.8783)  9.000000 ( 5.8783)  0.212714 ( 8.0912)  0.220773 ( 5.5257)  0.226410 ( 4.1894)  9.000000 ( 4.1894)  0.214626 ( 4.9347)  0.213078 ( 5.6445)
Sphyraena_viridensis    9.000000 ( 5.6445)  9.000000 ( 5.6445)  9.000000 ( 5.6445)  9.000000 ( 5.6445)  9.000000 ( 5.6445)  9.000000 ( 5.6445)  9.000000 ( 5.6445)  9.000000 ( 5.6445)  9.000000 ( 5.6445)  9.000000 ( 5.6445)  9.000000 ( 5.6445)  9.000000 ( 5.6445)  9.000000 ( 5.6445)  9.000000 ( 5.6445)  9.000000 ( 5.6445)  9.000000 ( 5.6445)  9.000000 ( 5.6445)  9.000000 ( 5.6445)  9.000000 ( 5.6445)  9.000000 ( 5.6445)  9.000000 ( 5.6445)  9.000000 ( 5.6445)  9.000000 ( 5.6445)  9.000000 ( 5.6445)  9.000000 ( 5.6445)  9.000000 ( 5.6445)  9.000000 ( 5.6445)  9.000000 ( 5.6445)  9.000000 ( 5.6445)  9.000000 ( 5.6445)  9.000000 ( 5.6445)  9.000000 ( 5.6445)  9.000000 ( 5.6445)  9.000000 ( 5.6445)  9.000000 ( 5.6445)  9.000000 ( 5.6445)  9.000000 ( 5.6445)  9.000000 ( 5.6445)  9.000000 ( 5.6445)
Tetrapturus_audax    0.159141 ( 2.8572)  0.285425 ( 4.2841)  0.271357 ( 4.9455)  0.278533 ( 4.0029)  0.298443 ( 5.8090)  0.253686 ( 3.1124)  0.367617 ( 5.1006)  0.273455 ( 4.9521)  0.304479 ( 4.5817)  0.287513 ( 5.2040)  0.256232 ( 3.6912)  0.279548 ( 3.6476)  0.182229 ( 3.9729)  0.179398 ( 3.0701)  0.001745 (999.0000)  0.153788 ( 5.4156)  0.242531 ( 4.8413)  0.157236 ( 5.2032)  0.157894 ( 5.6137)  0.163252 ( 4.4127)  0.154874 ( 5.4706)  0.007367 (999.0000)  0.222665 ( 4.2931)  0.254278 ( 5.0004)  9.000000 ( 5.0004)  0.253858 ( 5.4413)  0.158596 ( 2.0975)  0.289998 ( 5.2778)  9.000000 ( 5.2778)  0.270551 ( 5.3077)  9.000000 ( 5.3077)  9.000000 ( 5.3077)  0.236506 ( 3.0651)  0.245919 ( 5.4968)  0.235862 ( 2.2206)  9.000000 ( 2.2206)  0.265666 ( 4.2011)  0.268839 ( 6.2128)  0.171718 ( 3.5914)  9.000000 ( 3.5914)
Xiphias_gladius    0.127766 ( 3.3169)  0.282491 ( 5.4145)  0.259354 ( 6.0460)  0.298709 ( 6.2332)  0.335830 ( 7.9511)  0.261587 ( 4.2182)  0.385906 ( 7.8116)  0.268756 ( 6.2835)  0.319110 ( 6.1923)  0.270452 ( 6.3292)  0.251818 ( 4.6653)  0.309618 ( 4.3262)  0.201459 ( 4.1530)  0.144974 ( 3.2537)  0.085009 ( 3.6965)  0.139827 ( 5.2087)  0.197374 ( 3.9410)  0.133249 ( 4.5115)  0.143735 ( 5.4103)  0.129198 ( 4.3005)  0.127802 ( 4.5893)  0.085066 ( 3.6924)  0.208023 ( 3.9353)  0.206294 ( 4.0664)  9.000000 ( 4.0664)  0.232040 ( 3.9322)  0.159733 ( 1.4052)  0.281551 ( 5.1490)  9.000000 ( 5.1490)  0.258080 ( 5.0486)  9.000000 ( 5.0486)  9.000000 ( 5.0486)  0.232943 ( 3.2082)  0.224522 ( 3.9469)  0.264152 ( 2.8699)  9.000000 ( 2.8699)  0.227737 ( 3.9967)  0.245917 ( 5.5931)  0.154258 ( 2.8109)  9.000000 ( 2.8109)  0.082808 ( 3.5466)
Centropomus_irae    0.512172 ( 6.0104)  0.238164 ( 4.8756)  0.222445 ( 6.0573)  0.215494 ( 6.8164)  0.228478 ( 5.2312)  0.175380 ( 6.3352)  0.330632 ( 8.0682)  0.207677 ( 5.5147)  0.021192 ( 6.5220)  0.203245 ( 3.9547)  0.082538 (10.7811)  0.617360 ( 5.0609)  0.571897 ( 5.7103)  0.495234 ( 4.9529)  0.492824 ( 5.5304)  0.449879 ( 5.0007)  0.642906 ( 7.0137)  0.522722 ( 5.2776)  0.449879 ( 5.0007)  0.464847 ( 4.5188)  0.409450 ( 4.3729)  0.485507 ( 5.4182)  0.545048 ( 4.3030)  0.538961 ( 5.8768)  9.000000 ( 5.8768)  0.761943 ( 6.0439)  0.497552 ( 3.6275)  0.493701 ( 4.0135)  9.000000 ( 4.0135)  0.513143 ( 4.1983)  9.000000 ( 4.1983)  9.000000 ( 4.1983)  0.645673 ( 5.4756)  0.736638 ( 6.0219)  0.662763 ( 5.1230)  9.000000 ( 5.1230)  0.467496 ( 4.2813)  0.667604 ( 6.2921)  0.436666 ( 4.9947)  9.000000 ( 4.9947)  0.500513 ( 5.6433)  0.514348 ( 7.5564)
Centropomus_mexicanus    0.318532 ( 5.3518)  0.132115 ( 3.6640)  0.126447 ( 3.7753)  0.108666 ( 4.6894)  0.151799 ( 5.6334)  0.015443 (14.7438)  0.136689 ( 6.1408)  0.122632 ( 3.5654)  0.128864 ( 7.2763)  0.166000 ( 5.7885)  0.112176 ( 5.4517)  0.394892 ( 4.5553)  0.318762 ( 3.4663)  0.309772 ( 4.4827)  0.260230 ( 3.2314)  0.275832 ( 4.5243)  0.438483 ( 4.6452)  0.274911 ( 4.3272)  0.275832 ( 4.5243)  0.267970 ( 4.1409)  0.261956 ( 4.1974)  0.256810 ( 3.1522)  0.340784 ( 3.8164)  0.447065 ( 4.1431)  9.000000 ( 4.1431)  0.359458 ( 4.3227)  0.283664 ( 2.2676)  0.314848 ( 4.0378)  9.000000 ( 4.0378)  0.301580 ( 4.2138)  9.000000 ( 4.2138)  9.000000 ( 4.2138)  0.374577 ( 4.3940)  0.349456 ( 4.3269)  0.380684 ( 4.0980)  9.000000 ( 4.0980)  0.290575 ( 3.9876)  0.361253 ( 4.9519)  0.276560 ( 2.9194)  9.000000 ( 2.9194)  0.264182 ( 3.3095)  0.273188 ( 4.4772)  0.180804 ( 7.2576)
Centropomus_poeyi    0.264504 ( 4.0541)  0.184930 ( 5.1324)  0.167996 ( 5.2366)  0.174197 ( 7.3647)  0.145229 ( 4.1062)  0.131986 ( 5.5944)  0.217558 ( 7.7379)  0.175271 ( 5.5033)  0.061927 ( 6.0463)  0.163232 ( 4.7908)  0.061476 ( 5.0339)  0.382936 ( 4.1406)  0.329636 ( 4.1270)  0.288534 ( 4.1846)  0.291422 ( 4.4203)  0.260027 ( 4.0984)  0.439985 ( 4.8411)  0.303557 ( 4.6842)  0.260027 ( 4.0984)  0.257034 ( 3.4633)  0.241041 ( 3.6538)  0.292215 ( 4.4259)  0.305261 ( 2.8829)  0.463031 ( 4.2815)  9.000000 ( 4.2815)  0.394460 ( 4.6877)  0.309504 ( 3.3071)  0.349093 ( 3.8579)  9.000000 ( 3.8579)  0.333689 ( 4.0075)  9.000000 ( 4.0075)  9.000000 ( 4.0075)  0.409134 ( 4.5479)  0.383788 ( 4.6952)  0.392131 ( 3.4454)  9.000000 ( 3.4454)  0.341762 ( 4.5095)  0.366870 ( 5.2205)  0.334949 ( 4.3130)  9.000000 ( 4.3130)  0.296381 ( 4.5274)  0.273358 ( 4.9197)  0.098333 ( 8.5842)  0.133140 ( 5.1720)
Sphyraena_argentea    0.212269 ( 2.7531)  0.301293 ( 3.5588)  0.296761 ( 3.8898)  0.324453 ( 3.5522)  0.321694 ( 3.2965)  0.322294 ( 3.3485)  0.377332 ( 4.0172)  0.287369 ( 3.6626)  0.323513 ( 3.2876)  0.303720 ( 4.2037)  0.285059 ( 3.0062)  0.343119 ( 3.5619)  0.280523 ( 4.4200)  0.223442 ( 3.9460)  0.211607 ( 4.4412)  0.282250 ( 4.1122)  0.348112 ( 4.7807)  0.230044 ( 4.1180)  0.289220 ( 4.2633)  0.265595 ( 3.5848)  0.278843 ( 4.0380)  0.205894 ( 4.2573)  0.302162 ( 2.3335)  0.385768 ( 4.7846)  9.000000 ( 4.7846)  0.258063 ( 5.3058)  0.109280 ( 3.7307)  0.243985 ( 4.5206)  9.000000 ( 4.5206)  0.226739 ( 4.5218)  9.000000 ( 4.5218)  9.000000 ( 4.5218)  0.169497 ( 8.2431)  0.250290 ( 5.3520)  0.245642 ( 3.8709)  9.000000 ( 3.8709)  0.209495 ( 5.5187)  0.236373 ( 5.5100)  0.086944 ( 6.7622)  9.000000 ( 6.7622)  0.214667 ( 4.5323)  0.205207 ( 3.4252)  0.492957 ( 3.6795)  0.318856 ( 3.4266)  0.304539 ( 3.1372)
Sphyraena_chrysotaenia    0.297116 ( 3.5204)  0.436660 ( 5.3953)  0.407682 ( 4.9374)  0.464501 ( 5.6825)  0.406250 ( 3.9124)  0.410485 ( 3.9113)  0.505116 ( 5.5189)  0.365767 ( 3.8837)  0.451732 ( 4.7680)  0.438073 ( 6.0608)  0.415485 ( 3.9823)  0.383220 ( 3.0199)  0.362278 ( 4.2936)  0.286234 ( 4.0138)  0.278880 ( 3.5755)  0.333100 ( 4.2333)  0.485948 ( 5.9511)  0.307277 ( 4.4527)  0.340421 ( 4.3703)  0.322336 ( 4.0319)  0.336285 ( 4.2946)  0.272371 ( 3.4455)  0.370743 ( 4.1476)  0.521489 ( 6.0304)  9.000000 ( 6.0304)  0.360569 ( 5.4760)  0.250509 ( 2.9542)  0.412937 ( 5.8559)  9.000000 ( 5.8559)  0.399606 ( 6.1424)  9.000000 ( 6.1424)  9.000000 ( 6.1424)  0.318404 ( 5.2493)  0.350717 ( 5.4967)  0.225615 ( 5.2177)  9.000000 ( 5.2177)  0.293757 ( 5.4206)  0.288848 ( 4.5850)  0.233141 ( 4.6404)  9.000000 ( 4.6404)  0.278918 ( 3.5746)  0.329023 ( 5.5438)  0.706063 ( 5.4195)  0.389142 ( 3.8935)  0.422936 ( 4.5233)  0.250257 ( 4.7306)
Sphyraena_flavicauda    0.343544 ( 2.7863)  0.480108 ( 6.8058)  0.450362 ( 5.3270)  0.520832 ( 6.4690)  0.505126 ( 4.9758)  0.509188 ( 5.7888)  0.652876 ( 7.7761)  0.415836 ( 4.7652)  0.520316 ( 5.4300)  0.585224 ( 9.3710)  0.528160 ( 5.2422)  0.451226 ( 3.6110)  0.369978 ( 4.6209)  0.316319 ( 3.6660)  0.277130 ( 3.0324)  0.358382 ( 4.0181)  0.469451 ( 4.5085)  0.335523 ( 5.2004)  0.351311 ( 3.8989)  0.323188 ( 3.6014)  0.339154 ( 3.6960)  0.274977 ( 2.9939)  0.349365 ( 3.4237)  0.488524 ( 4.3887)  9.000000 ( 4.3887)  0.409317 ( 5.5288)  0.273268 ( 4.6766)  0.466155 ( 6.4390)  9.000000 ( 6.4390)  0.432089 ( 6.1275)  9.000000 ( 6.1275)  9.000000 ( 6.1275)  0.284441 ( 4.1361)  0.397497 ( 5.5406)  0.134449 ( 2.8315)  9.000000 ( 2.8315)  0.309766 ( 5.4883)  0.359402 ( 5.2685)  0.225957 ( 5.6964)  9.000000 ( 5.6964)  0.277123 ( 3.0312)  0.332861 ( 3.5356)  0.794996 ( 6.4963)  0.479993 ( 5.5327)  0.484854 ( 4.7328)  0.264434 ( 5.0462)  0.211894 ( 3.2703)
Sphyraena_idiastes    0.220179 ( 2.4349)  0.294349 ( 2.8147)  0.276869 ( 2.8009)  0.303152 ( 3.1012)  0.309590 ( 3.0018)  0.286820 ( 2.4182)  0.400396 ( 4.0488)  0.271420 ( 2.7062)  0.337293 ( 3.2672)  0.331750 ( 3.6668)  0.303699 ( 3.0984)  0.317185 ( 3.7516)  0.288826 ( 4.3352)  0.242490 ( 3.7731)  0.182806 ( 3.3421)  0.272302 ( 3.1847)  0.382621 ( 4.3376)  0.221585 ( 3.0935)  0.278639 ( 3.3052)  0.258813 ( 2.7922)  0.266094 ( 3.0673)  0.187629 ( 3.4840)  0.305747 ( 2.5968)  0.399786 ( 4.2196)  9.000000 ( 4.2196)  0.225532 ( 4.3083)  0.068940 ( 5.8783)  0.246307 ( 4.2868)  9.000000 ( 4.2868)  0.232729 ( 4.3896)  9.000000 ( 4.3896)  9.000000 ( 4.3896)  0.200386 ( 5.8646)  0.217940 ( 4.3333)  0.252666 ( 3.4202)  9.000000 ( 3.4202)  0.210908 ( 5.5675)  0.224579 ( 4.7996)  0.060508 ( 9.2803)  9.000000 ( 9.2803)  0.185925 ( 3.4318)  0.179744 ( 2.2490)  0.529280 ( 3.8261)  0.283794 ( 2.2393)  0.299195 ( 2.8190)  0.069683 ( 3.8771)  0.264700 ( 3.6135)  0.273441 ( 4.7036)
Sphyraena_novaehollandiae    0.246305 ( 2.8930)  0.307383 ( 3.2107)  0.330605 ( 3.6069)  0.343842 ( 3.3198)  0.391171 ( 4.1597)  0.328927 ( 3.0734)  0.464256 ( 4.5532)  0.328344 ( 3.9322)  0.381546 ( 3.6374)  0.320845 ( 3.9295)  0.324144 ( 3.1540)  0.391851 ( 2.6662)  0.312149 ( 4.3310)  0.244678 ( 3.3983)  0.227475 ( 3.7050)  0.283065 ( 3.4666)  0.359753 ( 4.7613)  0.246290 ( 3.6254)  0.291030 ( 3.6204)  0.273053 ( 3.4634)  0.268907 ( 3.1939)  0.220569 ( 3.5321)  0.320261 ( 1.9402)  0.398559 ( 4.7735)  9.000000 ( 4.7735)  0.359984 ( 7.4968)  0.147647 ( 4.2136)  0.329607 ( 8.4263)  9.000000 ( 8.4263)  0.310158 ( 8.1988)  9.000000 ( 8.1988)  9.000000 ( 8.1988)  0.164858 ( 5.5235)  0.349677 ( 7.5877)  0.261927 ( 2.8702)  9.000000 ( 2.8702)  0.163785 ( 6.7163)  0.316523 ( 6.6973)  0.098150 ( 6.6855)  9.000000 ( 6.6855)  0.231125 ( 3.7944)  0.216015 ( 2.7309)  0.481670 ( 3.9499)  0.339116 ( 3.3727)  0.349031 ( 3.4796)  0.096478 ( 3.6196)  0.322312 ( 3.7769)  0.271690 ( 4.3803)  0.115926 ( 3.8275)
Hypopterus_macropterus    9.000000 ( 3.8275)  9.000000 ( 3.8275)  9.000000 ( 3.8275)  9.000000 ( 3.8275)  9.000000 ( 3.8275)  9.000000 ( 3.8275)  9.000000 ( 3.8275)  9.000000 ( 3.8275)  9.000000 ( 3.8275)  9.000000 ( 3.8275)  9.000000 ( 3.8275)  9.000000 ( 3.8275)  9.000000 ( 3.8275)  9.000000 ( 3.8275)  9.000000 ( 3.8275)  9.000000 ( 3.8275)  9.000000 ( 3.8275)  9.000000 ( 3.8275)  9.000000 ( 3.8275)  9.000000 ( 3.8275)  9.000000 ( 3.8275)  9.000000 ( 3.8275)  9.000000 ( 3.8275)  9.000000 ( 3.8275)  9.000000 ( 3.8275)  9.000000 ( 3.8275)  9.000000 ( 3.8275)  9.000000 ( 3.8275)  9.000000 ( 3.8275)  9.000000 ( 3.8275)  9.000000 ( 3.8275)  9.000000 ( 3.8275)  9.000000 ( 3.8275)  9.000000 ( 3.8275)  9.000000 ( 3.8275)  9.000000 ( 3.8275)  9.000000 ( 3.8275)  9.000000 ( 3.8275)  9.000000 ( 3.8275)  9.000000 ( 3.8275)  9.000000 ( 3.8275)  9.000000 ( 3.8275)  9.000000 ( 3.8275)  9.000000 ( 3.8275)  9.000000 ( 3.8275)  9.000000 ( 3.8275)  9.000000 ( 3.8275)  9.000000 ( 3.8275)  9.000000 ( 3.8275)  9.000000 ( 3.8275)
Sphyraena_acutipinnis    9.000000 ( 3.8275)  9.000000 ( 3.8275)  9.000000 ( 3.8275)  9.000000 ( 3.8275)  9.000000 ( 3.8275)  9.000000 ( 3.8275)  9.000000 ( 3.8275)  9.000000 ( 3.8275)  9.000000 ( 3.8275)  9.000000 ( 3.8275)  9.000000 ( 3.8275)  9.000000 ( 3.8275)  9.000000 ( 3.8275)  9.000000 ( 3.8275)  9.000000 ( 3.8275)  9.000000 ( 3.8275)  9.000000 ( 3.8275)  9.000000 ( 3.8275)  9.000000 ( 3.8275)  9.000000 ( 3.8275)  9.000000 ( 3.8275)  9.000000 ( 3.8275)  9.000000 ( 3.8275)  9.000000 ( 3.8275)  9.000000 ( 3.8275)  9.000000 ( 3.8275)  9.000000 ( 3.8275)  9.000000 ( 3.8275)  9.000000 ( 3.8275)  9.000000 ( 3.8275)  9.000000 ( 3.8275)  9.000000 ( 3.8275)  9.000000 ( 3.8275)  9.000000 ( 3.8275)  9.000000 ( 3.8275)  9.000000 ( 3.8275)  9.000000 ( 3.8275)  9.000000 ( 3.8275)  9.000000 ( 3.8275)  9.000000 ( 3.8275)  9.000000 ( 3.8275)  9.000000 ( 3.8275)  9.000000 ( 3.8275)  9.000000 ( 3.8275)  9.000000 ( 3.8275)  9.000000 ( 3.8275)  9.000000 ( 3.8275)  9.000000 ( 3.8275)  9.000000 ( 3.8275)  9.000000 ( 3.8275)  9.000000 ( 3.8275)
Sphyraena_waitii    9.000000 ( 3.8275)  9.000000 ( 3.8275)  9.000000 ( 3.8275)  9.000000 ( 3.8275)  9.000000 ( 3.8275)  9.000000 ( 3.8275)  9.000000 ( 3.8275)  9.000000 ( 3.8275)  9.000000 ( 3.8275)  9.000000 ( 3.8275)  9.000000 ( 3.8275)  9.000000 ( 3.8275)  9.000000 ( 3.8275)  9.000000 ( 3.8275)  9.000000 ( 3.8275)  9.000000 ( 3.8275)  9.000000 ( 3.8275)  9.000000 ( 3.8275)  9.000000 ( 3.8275)  9.000000 ( 3.8275)  9.000000 ( 3.8275)  9.000000 ( 3.8275)  9.000000 ( 3.8275)  9.000000 ( 3.8275)  9.000000 ( 3.8275)  9.000000 ( 3.8275)  9.000000 ( 3.8275)  9.000000 ( 3.8275)  9.000000 ( 3.8275)  9.000000 ( 3.8275)  9.000000 ( 3.8275)  9.000000 ( 3.8275)  9.000000 ( 3.8275)  9.000000 ( 3.8275)  9.000000 ( 3.8275)  9.000000 ( 3.8275)  9.000000 ( 3.8275)  9.000000 ( 3.8275)  9.000000 ( 3.8275)  9.000000 ( 3.8275)  9.000000 ( 3.8275)  9.000000 ( 3.8275)  9.000000 ( 3.8275)  9.000000 ( 3.8275)  9.000000 ( 3.8275)  9.000000 ( 3.8275)  9.000000 ( 3.8275)  9.000000 ( 3.8275)  9.000000 ( 3.8275)  9.000000 ( 3.8275)  9.000000 ( 3.8275)  9.000000 ( 3.8275)

TREE #  1:  (((51, 24), ((18, 17), (20, (21, (19, 16))))), ((42, (22, (41, 15))), ((((37, ((30, 28), (29, (38, (34, 26))))), (((48, 35), (36, (47, 32))), (((46, 40), (49, (39, 27))), ((50, 31), ((52, (53, 33)), 25))))), ((((44, 6), ((11, (45, (43, 9))), 5)), (7, 4)), ((10, 2), (8, 3)))), ((13, 12), (14, 1)))), 23);  MP score: -1.00
lnL(ntime:103  np:105):  -6100.584148    +0.000000
  54..55   55..56   56..51   56..24   55..57   57..58   58..18   58..17   57..59   59..20   59..60   60..21   60..61   61..19   61..16   54..62   62..63   63..42   63..64   64..22   64..65   65..41   65..15   62..66   66..67   67..68   68..69   69..37   69..70   70..71   71..30   71..28   70..72   72..29   72..73   73..38   73..74   74..34   74..26   68..75   75..76   76..77   77..48   77..35   76..78   78..36   78..79   79..47   79..32   75..80   80..81   81..82   82..46   82..40   81..83   83..49   83..84   84..39   84..27   80..85   85..86   86..50   86..31   85..87   87..88   88..52   88..89   89..53   89..33   87..25   67..90   90..91   91..92   92..93   93..44   93..6    92..94   94..95   95..11   95..96   96..45   96..97   97..43   97..9    94..5    91..98   98..7    98..4    90..99   99..100 100..10  100..2    99..101 101..8   101..3    66..102 102..103 103..13  103..12  102..104 104..14  104..1    54..23 
 0.098729 0.000004 0.105949 0.000004 0.000004 0.000004 0.085293 0.000004 0.060660 0.012091 0.014331 0.002072 0.007929 0.000004 0.001970 0.019290 0.024584 0.035071 0.071825 0.000685 0.005782 0.002136 0.000004 0.000004 0.024304 0.099580 0.121510 0.059431 0.027246 0.055563 0.007782 0.004280 0.000258 0.091411 0.023486 0.032951 0.041516 0.000004 0.003694 0.036526 0.138709 0.061800 0.082887 0.085525 0.087198 0.012598 0.023683 0.019208 0.030960 0.029023 0.022380 0.021944 0.001439 0.040579 0.042485 0.016476 0.026117 0.035128 0.034543 0.024986 0.000031 0.034962 0.019617 0.031301 0.049758 0.050131 0.044994 0.075983 0.000004 0.052157 0.279806 0.014662 0.020882 0.048131 0.014341 0.003630 0.032492 0.021724 0.016256 0.016159 0.040585 0.032151 0.015868 0.003144 0.101387 0.070895 0.024010 0.003178 0.048050 0.019243 0.052169 0.016020 0.020070 0.026884 0.009768 0.012987 0.073927 0.166140 0.346750 0.076546 0.044797 0.030349 0.229783 5.275010 0.239107
