Successfully load modules
/home/gustavo/programs/mrbayes-3.2.7/src/mb-mpi
env vars
LMOD_FAMILY_COMPILER_VERSION=8.3.0
LC_PAPER=pt_BR
MANPATH=/opt/ohpc/pub/mpi/openmpi3-gnu8/3.1.4/share/man:/opt/ohpc/pub/compiler/gcc/8.3.0/share/man::/opt/pbs/share/man
XDG_SESSION_ID=6278
LC_ADDRESS=pt_BR
HOSTNAME=no3
LC_MONETARY=pt_BR
SELINUX_ROLE_REQUESTED=
__LMOD_REF_COUNT_MODULEPATH=/opt/ohpc/pub/moduledeps/gnu8-openmpi3:1;/opt/ohpc/pub/moduledeps/gnu8:1;/opt/ohpc/pub/modulefiles:1
TERM=xterm-256color
SHELL=/bin/bash
LMOD_ROOT=/opt/ohpc/admin/lmod
HISTSIZE=1000
SSH_CLIENT=192.168.34.3 45880 22
PBS_JOBNAME=centropomidae
TMPDIR=/var/tmp/pbs.11862.mzusp01
CONDA_SHLVL=1
CONDA_PROMPT_MODIFIER=(base) 
SELINUX_USE_CURRENT_RANGE=
LMOD_PKG=/opt/ohpc/admin/lmod/lmod
LC_NUMERIC=pt_BR
PBS_ENVIRONMENT=PBS_BATCH
OLDPWD=/home/gustavo
LMOD_VERSION=8.1.18
PBS_O_WORKDIR=/home/gustavo/centropomidae_divtime/mrbayes
SSH_TTY=/dev/pts/1
__LMOD_REF_COUNT_LOADEDMODULES=gnu8/8.3.0:1;openmpi3/3.1.4:1
NCPUS=32
USER=gustavo
PBS_TASKNUM=1
LD_LIBRARY_PATH=/opt/ohpc/pub/mpi/openmpi3-gnu8/3.1.4/lib:/opt/ohpc/pub/compiler/gcc/8.3.0/lib64
LS_COLORS=rs=0:di=38;5;27:ln=38;5;51:mh=44;38;5;15:pi=40;38;5;11:so=38;5;13:do=38;5;5:bd=48;5;232;38;5;11:cd=48;5;232;38;5;3:or=48;5;232;38;5;9:mi=05;48;5;232;38;5;15:su=48;5;196;38;5;15:sg=48;5;11;38;5;16:ca=48;5;196;38;5;226:tw=48;5;10;38;5;16:ow=48;5;10;38;5;21:st=48;5;21;38;5;15:ex=38;5;34:*.tar=38;5;9:*.tgz=38;5;9:*.arc=38;5;9:*.arj=38;5;9:*.taz=38;5;9:*.lha=38;5;9:*.lz4=38;5;9:*.lzh=38;5;9:*.lzma=38;5;9:*.tlz=38;5;9:*.txz=38;5;9:*.tzo=38;5;9:*.t7z=38;5;9:*.zip=38;5;9:*.z=38;5;9:*.Z=38;5;9:*.dz=38;5;9:*.gz=38;5;9:*.lrz=38;5;9:*.lz=38;5;9:*.lzo=38;5;9:*.xz=38;5;9:*.bz2=38;5;9:*.bz=38;5;9:*.tbz=38;5;9:*.tbz2=38;5;9:*.tz=38;5;9:*.deb=38;5;9:*.rpm=38;5;9:*.jar=38;5;9:*.war=38;5;9:*.ear=38;5;9:*.sar=38;5;9:*.rar=38;5;9:*.alz=38;5;9:*.ace=38;5;9:*.zoo=38;5;9:*.cpio=38;5;9:*.7z=38;5;9:*.rz=38;5;9:*.cab=38;5;9:*.jpg=38;5;13:*.jpeg=38;5;13:*.gif=38;5;13:*.bmp=38;5;13:*.pbm=38;5;13:*.pgm=38;5;13:*.ppm=38;5;13:*.tga=38;5;13:*.xbm=38;5;13:*.xpm=38;5;13:*.tif=38;5;13:*.tiff=38;5;13:*.png=38;5;13:*.svg=38;5;13:*.svgz=38;5;13:*.mng=38;5;13:*.pcx=38;5;13:*.mov=38;5;13:*.mpg=38;5;13:*.mpeg=38;5;13:*.m2v=38;5;13:*.mkv=38;5;13:*.webm=38;5;13:*.ogm=38;5;13:*.mp4=38;5;13:*.m4v=38;5;13:*.mp4v=38;5;13:*.vob=38;5;13:*.qt=38;5;13:*.nuv=38;5;13:*.wmv=38;5;13:*.asf=38;5;13:*.rm=38;5;13:*.rmvb=38;5;13:*.flc=38;5;13:*.avi=38;5;13:*.fli=38;5;13:*.flv=38;5;13:*.gl=38;5;13:*.dl=38;5;13:*.xcf=38;5;13:*.xwd=38;5;13:*.yuv=38;5;13:*.cgm=38;5;13:*.emf=38;5;13:*.axv=38;5;13:*.anx=38;5;13:*.ogv=38;5;13:*.ogx=38;5;13:*.aac=38;5;45:*.au=38;5;45:*.flac=38;5;45:*.mid=38;5;45:*.midi=38;5;45:*.mka=38;5;45:*.mp3=38;5;45:*.mpc=38;5;45:*.ogg=38;5;45:*.ra=38;5;45:*.wav=38;5;45:*.axa=38;5;45:*.oga=38;5;45:*.spx=38;5;45:*.xspf=38;5;45:
LC_TELEPHONE=pt_BR
PBS_O_HOME=/home/gustavo
CONDA_EXE=/home/gustavo/programs/anaconda3/bin/conda
__LMOD_REF_COUNT__LMFILES_=/opt/ohpc/pub/modulefiles/gnu8/8.3.0:1;/opt/ohpc/pub/moduledeps/gnu8/openmpi3/3.1.4:1
TMOUT=120
PBS_MOMPORT=15003
LMOD_FAMILY_MPI_VERSION=3.1.4
_CE_CONDA=
LMOD_PREPEND_BLOCK=normal
PBS_O_QUEUE=workq
PATH=/home/gustavo/mrbayes-3.2.7/src:/opt/ohpc/pub/mpi/openmpi3-gnu8/3.1.4/bin:/opt/ohpc/pub/compiler/gcc/8.3.0/bin:/home/gustavo/programs/julia-1.6.3/bin:/home/gustavo/programs/mrbayes-3.2.7/src:/home/gustavo/programs/anaconda3/bin:/home/gustavo/programs/anaconda3/condabin:/usr/local/bin:/usr/bin:/usr/local/sbin:/usr/sbin:/opt/pbs/bin:/home/gustavo/.local/bin:/home/gustavo/bin
PBS_O_LOGNAME=gustavo
_ModuleTable001_=X01vZHVsZVRhYmxlXz17WyJNVHZlcnNpb24iXT0zLFsiY19yZWJ1aWxkVGltZSJdPWZhbHNlLFsiY19zaG9ydFRpbWUiXT1mYWxzZSxkZXB0aFQ9e30sZmFtaWx5PXtbIk1QSSJdPSJvcGVubXBpMyIsWyJjb21waWxlciJdPSJnbnU4Iix9LG1UPXtnbnU4PXtbImZuIl09Ii9vcHQvb2hwYy9wdWIvbW9kdWxlZmlsZXMvZ251OC84LjMuMCIsWyJmdWxsTmFtZSJdPSJnbnU4LzguMy4wIixbImxvYWRPcmRlciJdPTEscHJvcFQ9e30sWyJzdGFja0RlcHRoIl09MCxbInN0YXR1cyJdPSJhY3RpdmUiLFsidXNlck5hbWUiXT0iZ251OCIsfSxvcGVubXBpMz17WyJmbiJdPSIvb3B0L29ocGMvcHViL21vZHVsZWRlcHMvZ251OC9vcGVubXBpMy8zLjEuNCIsWyJmdWxsTmFtZSJdPSJvcGVu
MAIL=/var/spool/mail/gustavo
PBS_O_LANG=pt_BR.UTF-8
PBS_JOBCOOKIE=45C96BF567D351DC38820FB6016C88F2
CONDA_PREFIX=/home/gustavo/programs/anaconda3
LMOD_SETTARG_CMD=:
LC_IDENTIFICATION=pt_BR
PWD=/home/gustavo/centropomidae_divtime/mrbayes
_LMFILES_=/opt/ohpc/pub/modulefiles/gnu8/8.3.0:/opt/ohpc/pub/moduledeps/gnu8/openmpi3/3.1.4
LANG=pt_BR.UTF-8
PBS_NODENUM=0
MODULEPATH=/opt/ohpc/pub/moduledeps/gnu8-openmpi3:/opt/ohpc/pub/moduledeps/gnu8:/opt/ohpc/pub/modulefiles
LOADEDMODULES=gnu8/8.3.0:openmpi3/3.1.4
_ModuleTable_Sz_=2
LC_MEASUREMENT=pt_BR
PBS_JOBDIR=/home/gustavo
PBS_O_SHELL=/bin/bash
SELINUX_LEVEL_REQUESTED=
LMOD_CMD=/opt/ohpc/admin/lmod/lmod/libexec/lmod
PBS_JOBID=11862.mzusp01
_CE_M=
HISTCONTROL=ignoredups
ENVIRONMENT=BATCH
SHLVL=3
HOME=/home/gustavo
__LMOD_REF_COUNT_PATH=/opt/ohpc/pub/mpi/openmpi3-gnu8/3.1.4/bin:1;/opt/ohpc/pub/compiler/gcc/8.3.0/bin:1;/home/gustavo/programs/julia-1.6.3/bin:2;/home/gustavo/programs/mrbayes-3.2.7/src:2;/home/gustavo/programs/anaconda3/bin:1;/home/gustavo/programs/anaconda3/condabin:1;/usr/local/bin:1;/usr/bin:1;/usr/local/sbin:1;/usr/sbin:1;/opt/pbs/bin:2;/home/gustavo/.local/bin:2;/home/gustavo/bin:2
_ModuleTable002_=bXBpMy8zLjEuNCIsWyJsb2FkT3JkZXIiXT0yLHByb3BUPXt9LFsic3RhY2tEZXB0aCJdPTAsWyJzdGF0dXMiXT0iYWN0aXZlIixbInVzZXJOYW1lIl09Im9wZW5tcGkzIix9LH0sbXBhdGhBPXsiL29wdC9vaHBjL3B1Yi9tb2R1bGVkZXBzL2dudTgtb3Blbm1waTMiLCIvb3B0L29ocGMvcHViL21vZHVsZWRlcHMvZ251OCIsIi9vcHQvb2hwYy9wdWIvbW9kdWxlZmlsZXMiLH0sWyJzeXN0ZW1CYXNlTVBBVEgiXT0iL29wdC9vaHBjL3B1Yi9tb2R1bGVmaWxlcyIsfQ==
MPI_DIR=/opt/ohpc/pub/mpi/openmpi3-gnu8/3.1.4
PBS_O_HOST=mzusp01
__LMOD_REF_COUNT_INCLUDE=/opt/ohpc/pub/compiler/gcc/8.3.0/include:1
BASH_ENV=/opt/ohpc/admin/lmod/lmod/init/bash
CONDA_PYTHON_EXE=/home/gustavo/programs/anaconda3/bin/python
LOGNAME=gustavo
SSH_CONNECTION=192.168.34.3 45880 192.168.34.2 22
PBS_QUEUE=workq
MODULESHOME=/opt/ohpc/admin/lmod/lmod
PKG_CONFIG_PATH=/opt/ohpc/pub/mpi/openmpi3-gnu8/3.1.4/lib/pkgconfig
__LMOD_REF_COUNT_LD_LIBRARY_PATH=/opt/ohpc/pub/mpi/openmpi3-gnu8/3.1.4/lib:1;/opt/ohpc/pub/compiler/gcc/8.3.0/lib64:1
PBS_O_MAIL=/var/spool/mail/gustavo
CONDA_DEFAULT_ENV=base
LMOD_SETTARG_FULL_SUPPORT=no
LESSOPEN=||/usr/bin/lesspipe.sh %s
OMP_NUM_THREADS=32
LMOD_FAMILY_COMPILER=gnu8
LMOD_FULL_SETTARG_SUPPORT=no
__LMOD_REF_COUNT_PKG_CONFIG_PATH=/opt/ohpc/pub/mpi/openmpi3-gnu8/3.1.4/lib/pkgconfig:1
XDG_RUNTIME_DIR=/run/user/1007
__LMOD_REF_COUNT_MANPATH=/opt/ohpc/pub/mpi/openmpi3-gnu8/3.1.4/share/man:1;/opt/ohpc/pub/compiler/gcc/8.3.0/share/man:1;/opt/pbs/share/man:2
INCLUDE=/opt/ohpc/pub/compiler/gcc/8.3.0/include
LMOD_DIR=/opt/ohpc/admin/lmod/lmod/libexec
PBS_O_SYSTEM=Linux
LC_TIME=pt_BR
LMOD_FAMILY_MPI=openmpi3
LMOD_COLORIZE=no
PBS_NODEFILE=/var/spool/pbs/aux/11862.mzusp01
PBS_O_PATH=/home/gustavo/programs/anaconda3/bin:/home/gustavo/programs/anaconda3/condabin:/home/gustavo/programs/julia-1.6.3/bin:/home/gustavo/programs/mrbayes-3.2.7/src:/usr/local/bin:/usr/bin:/usr/local/sbin:/usr/sbin:/opt/pbs/bin:/home/gustavo/.local/bin:/home/gustavo/bin
LC_NAME=pt_BR
BASH_FUNC_module()=() {  eval $($LMOD_CMD bash "$@") && eval $(${LMOD_SETTARG_CMD:-:} -s sh)
}
BASH_FUNC_ml()=() {  eval $($LMOD_DIR/ml_cmd "$@")
}
_=/usr/bin/env
32
/home/gustavo/centropomidae_divtime/mrbayes
