
Printing out site pattern counts


        53        286  P

Caranx_caninus                  AAAAAAAAAA AAAAAAAAAA AAAAAAAAAA AAAAAAAAAA AAAAAAAAAA AAAAAAAAAA AAAAAAAAAA AAAAAAAAAA AAAAACCCCC CCCCCCCCCC CCCCCCCCCC CCCCCCCCCC CCCCCCCCCC CCCCCCCCCC CCCCCCCCCC CCCCCCCGGG GGGGGGGGGG GGGGGGGGGG GGGGGGGGGG GGTTTTTTTT TTTTTTTTTT TTTTTTTTTT TTTTTTTTTT TTTTTTTTTT TTTTTTTTTT TTTTTTTTTT TTTTTTTTTT TTTTTTTTTT TTTTTT
Centropomus_armatus             AAAAAAAAAA AAAAAAAAAA AAAAAAAAAA AAAAAAAAAA AAAAAAAAAA AAAAAAACCC CCCCCCGGGG GGTTTTTTTT TTTTTAAAAA ACCCCCCCCC CCCCCCCCCC CCCCCCCCCC CCCCCCCCCC CCCCCCCTTT TTTTTTTTTT TTTTTTTAAA AAAAAAACGG GGGGGGGGGG GGGGGGGGGT TTAAAAAAAA AACCCCCCCC CCCCCCCCCC CCCCCCCCCC CCCCCCCCCC CTTTTTTTTT TTTTTTTTTT TTTTTTTTTT TTTTTTTTTT TTTTTT
Centropomus_ensiferus           AAAAAAAAAA AAAAAAAAAA AAAAAAAAAA AAAAAAAAAA AAAAAAAAAA ACGGGGGCCC CTTTTTAAAA GGACCCCCCT TTTTTAAAAG TCCCCCCCCC CCCCCCCCCC CCCCCCCCCC CCCCCCCCCC CCGTTTTAAC CCCCCCTTTT TTTTTTTAAA AAAAGGGCAA AGGGGGGGGG GGGGGGGGGA TTAAAAAAAA AGAACCCCCC CCCCCCCCCC CCCCCCCCGT TTTTTTTTTT TAACCCCCCC CGTTTTTTTT TTTTTTTTTT TTTTTTTTTT TTTTTT
Centropomus_medius              AAAAAAAAAA AAAAAAAAAA AAAAAAAAAA AAAAAAAAAA AACGGGGGTT TCAAAAAACC CACCCTAAAG AAGACCTTTC CTTTTAAGGA CCCCCCCCCC CCCCCCCCCC CCCCCCCCCC CCCCCGTTTT TTCCCCTATC CCCCGTACCC TTTTTTTAAA GGGGAAAAAA GAAGGGGGGG GGGGGGGGTG TTAAAACGTT TAAGACCCCC CCCCCCCCCC GGTTTTTTCC CCCCCTTTTT TCTCCCCCTT TCACCCCCCC CCCCTTTTTT TTTTTTTTTT TTTTTT
Centropomus_nigrescens          AAAAAAAAAA AAAAAAAAAA AAAAAAAAAA AAAAAAAAAG MTCAAAAGAC CCAAAAAACC TACCCTAAGG AGATACCTTC CACTTAACGT CACCCCCCCC CCCCCCCCCC CCCCCCCCCC TTTTTGACCC CCTCCCTCCC CCCTACCCCT CCCTTTTAAA AGGGAAGCAG AAAGGGGGGG GGGGGGGGTA TTAAAACTCT TAAGGCCCCC CCCCCCCTTT ACCCCTTTCC CCCCCCCCTT TCTCTTTTTT TCCCCCCCCC CCTTCCTTTT TTTTTTTTTT TTTTTT
Centropomus_pectinatus          AAAAAAAAAA AAAAAAAAAA AAAAAAAAAA AAAAAAAAGA WACGGGGGTT TCAAAAGACC CACCCTAAAG AGAACCTTTC TTTTTAAAGA CCCCCCCCCC CCCCCCCCCC CCCCCCCCCT CCCCTGTCCT TTCCCCTATC CCCTACTCCC CCTTTTTAAA GAGGAAAAAA AAAGGGGGGG GGGGGGGGTG TTAAAACATT TAAGACCCCC CCCCCCCCCC GGCTTTTTCC CCCCCCTTTT TCTCCCCTCC TCTCCCCCCC CTCTTTCCTT TTTTTTTTTT TTTTTT
Centropomus_robalito            AAAAAAAAAA AAAAAAAAAA AAAAAAAAAA AAAAAAAAAA AAAAAAAAAA AAAAAAACCC CCCCCCGGGG GGTTTTTTTT TTTTTAAAAA ACCCCCCCCC CCCCCCCCCC CCCCCCCCCC CCCCCCCCCC CCCCCCCTTT TTTTTTTTTT TTTTTTTAAA AAAAAAACGG GGGGGGGGGG GGGGGGGGGT TTAAAAAAAA AACCCCCCCC CCCCCCCCCC CCCCCCCCCC CCCCCCCCCC CTTTTTTTTT TTTTTTTTTT TTTTTTTTTT TTTTTTTTTT TTTTTT
Centropomus_undecimalis         AAAAAAAAAA AAAAAAAAAA AAAAAAAAAA AAAAAAAGAG AGCAAAAAAA CCAAAAAACT CACCTTAAAA AAATGCTACC CATTTAGCAT CACCCCCCCC CCCCCCCCCC CCCCCCCTTC CTTTCGGCCC CCCCCCCCCC CCCTTCCCCC CCCCTTTAAG AAGGACACAG AAAGGGGGGG GGGGGGGGTA TTAAATCTCT TAAAACCCCC CCCTTTTCCT ACCCCCTTCC CCCCTCCCTT TATTCTTCCT CCCCCCCCCT TTCCCCCTCC TTTTTTTTTT TTTTTT
Centropomus_unionensis          AAAAAAAAAA AAAAAAAAAA AAAAAAAAAA AAAGGGGAGA AAAAAAGGCA ACAAAAACCC TCCCCCAGAA GGTTTTTTTT TTTCYAAAAG GCCCCCCCCC CCCCCCCCCC CCCCCTTCTC CCCTTCCCCC CTCCCCCGTC CCCCCTTCTT TTCCTTTGGA AGAAAGACAA GGGCGGGGGG GGGGGGGGGT TTAAAAAGAA AGGCCCCCCC CCCCCCTCCC CCTCCCCTCC CCTTCWCCTT TATTTTTCCT CTTCTTTTTC TTTTCTTTTT KTTTTTTTTT TTTTTT
Centropomus_viridis             AAAAAAAAAA AAAAAAAAAA AAAAAAAAAA AAAAAAAAAG ATCAAAAGAC CCAAAAAACC TACCCTAAGG AGATACCTTC CACTTAACGT CACCCCCCCC CCCCCCCCCC CCCCCCCCCC TTTTTGACCC CCTCCCTCCC CCCTACCCCT CCCTTTTAAA AGGGAAGCAG AAAGGGGGGG GGGGGGGGTA TTAAAACTCT TAAGGCCCCC CCCCCCCTTT ACCCCTTTCC CCCCCCCCTT TCTCTTTTTT TCCCCCCCCC CCTTCCTTTT TTTTTTTTTT TTTTTT
Coryphaena_equiselis            AAAAAAAAAA AAAAAAAAAA AAAAAAAAAC CGGAAAGTTA AAAAACAGAA AGAAACAGAA AGTTAAAAGG TAAATTTCTA ATTTCAAATA ATCCCCCCCC CCCCCCCCCC GGTTTCCTCC CCTCACTCGC CCGCCTTATC TTTTTTTTCT TTCTCTTACA GGAGAAGCAG GGGGGGGGGG GGGGGGGTAG GGAATAATAA AAATGCCCCC TTTCTTCCCT CCACTCTTAA CTCCTTCTAT TTCCTATCTT ACAACCTTTC CACTACCTTT CCCCTTTTTT TTTTTT
Echeneis_naucrates              AAAAAAAAAA AAAAAAAAAA AAAACGGTTA AAAAAAAAAA GTAAGAATAT AAAAATAACT AAATAGCGAA ATTCTATTAA CTTTTAACAG CTCCCCCCCC CCCCCCCCTT CTCCTCTCCC CACTCGCTTC TTAATTATGC CCTCATATCA TTCTTTTAAA AAAAAAATAA AGTGAGGGGG GGGGGGGTGA GGATAACTTT TTAATCCTTT CTTTATTACC CTTACAACAC TTCTGCCTTC TATTTCATCT ATTTTTCTTT CTTCATTTTT ATTTCTTTTT TTTTTT
Gnathanodon_speciosus           AAAAAAAAAA AAAAAAAAAA AAATAAAAAA AAGAAAAAAA AAAAGGAAAA AAAAGAAAAA AAAAAGAAAA AAAAAGAAAA ATACACCTCT CTCCCCCCCC CCCCCCCTCC CCCTCCTCCC CACTTCCCTC TCCCTCTTCC CTTCTCCCCC TTTCCCTAAG GGAAAAGAGG TGAGGGGGGG GGGGGGGGGA GGATTCCCAT TTCTCCTCCC TCCTCTTCCT CCCCCTTCCC TTTTTTTCTT TTCTTTTTTT ATTCCCTTTT TTTCTTCTTT TCTTCTTTTT TTTTTT
Istiophorus_platypterus         AAAAAAAAAA AAAAAAAAAA ACGTAAACTA AAGAAAATGA AACAAACAAT CTAGAAATTC GGACCACAAA TCTTTCAACG AAATACAACT TACCCCCCCC CCCCCCTCCT CTCCCCTCCC CTCCCGTCCC CTCTCTTCCC CTCCCCTTCA CCCCCTTGAA AGGGTAGCGG TGAGGGGGGG GGGGGGGGGA GGCCCTATAT TATACCACCC CCCCCCCTCA CTTCTTACCT CCCCCTCTTC TATCCAATCC TTATCCTCTC CTTTGCCTCT TCTTCCTTTT TTTTTT
Lates_angustifrons              --AAAAAAAA AAAAAAAAAC CAAAAAATAA GA-AAAAGGA AATTAAAAAA CAAAAG-AAA AAGATAAGAT AATCC-TACA -CCAACTTC- CT---CCCCC CCCCTTCCCC CTCCCC-TCC CTCTCGGCGC CCCTCCTACC CCT-CTTTCT TTCCCCTGAT AAAA-AGCGA AGGGG--GGG GGGGGGGGGG GGGTCCCAAG TCTCT-CCCT CCTACTCCTA ACCTCACTTA -TCTCTTT-C TAACCTACCT TTCGTTTCCT TTTCT-CCTT TCCTCT--TT TTTTTT
Lates_calcarifer                AAAAAAAAAA AAAAAAAATA TAGAAAGCAA GAAAAGGAAA GGCAATGAGT CAGAACAACG TACATGAAAC GGCCCCTACA CCTCTCCTTA CTCCCCCCCC CCCCCTCTCC CTCCCCTTTT CCTTCGCCTC CCTTCTCCTC CCCTCCCCCC CCCCCCTAAT GAGGAAATAG TGAGGGGAGG GGGGGGGTAA AGGTCTTTTG TTCCCTCCTT CCCTCTCCCA ACCTTACTTA TTCCCCTCCC TACTCACTCC CCTCCCTCCC CTTCACCCCC CTCTCTTTCT TTTTTT
Lates_japonicus                 AAAAAAAAAA AAAAAAGGAA CAGAAAATAA GAAAGGAAGT AACAAATGCA CAAAGAGGAG AGAAAGGAGT GCCTCCTACG CCCTCCCCCG TTCCCCCCCC CCCCCCCCCC CTCTCCCTTT CCCTCGTCCC CTCTCTCTTC CCCTCCTTTT CCCCTCTGAT AAGAAAACAA GGAGGGGAGG GGGGGGGGAA GGCACCCTTT TTCTTCCCTC CCCACTCCCA ACCTCGCTTA CTCTCCCCTC CGCCCTCCCT TCTCTTTCCC CTTTTCCTCT CTCTCTTTTT TTTTTT
Lates_microlepis                ---------- ---------- ---------- ---------- ---------- ---------- ---------- ---------- ---------- ---------- ---------- ---------- ---------- ---------- ---------- ---------- ---------- ---------- ---------- ---------- ---------- ---------- ---------- ---------- ---------- ---------- ---------- ---------- ------
Lates_niloticus                 AA--AAAAAA AAAAAAAAAA CAAAAAACAA AGAAGAATAA AATTAAAAAA -AAGAGAA-G -AGATAAGAC -ACCCCTGCA CCCCACTTAA CTCCC--CCC CCCCTTCCCC -TC-CCTTCC CTCCCGGCAC CCCTCCTCTC CCTTCTTTCT CTCCCCTGAC AAAAAGGCGA AGAGGGGG-- GGGGGGGGGG GGCT-CCATA TCTCTC-C-T -CTACTCCTA ACCTCACTTA CTCTCTTTCC CAATCTGCCT TGCACTTCTT CTTCTCCCCT TTCTCTTTT- --CTTT
Lates_stappersii                ---------- ---------- ---------- ---------- ---------- ---------- ---------- ---------- ---------- ---------- ---------- ---------- ---------- ---------- ---------- ---------- ---------- ---------- ---------- ---------- ---------- ---------- ---------- ---------- ---------- ---------- ---------- ---------- ------
Makaira_nigricans               AAAAAAAAAA AAAAAAAAAA ACGTAAACTA AAGAAAATAA AACAAACAAC CTAGAAACTT GAACCGCAAT TCTCTAAACG AAATACGACT TGCCCCCCCC CCCCCCTCCT CTCCCCTCCC CTCTCGTCGC CTCTCTTCCC CTCCCCTTCA CTCTCTTGAA AGGGTAGCGG TGAGGGGGGG GGGGGGGGGA GGCCCTGTAT TATACCACCC CCCCCCCTCA CTTCTTGCCT CCCCCTCTTC TATCCATTCC TTATCCTCTC CTTTGCCTCT TCTTCCTTTT TTTTTT
Nematistius_pectoralis          AAAAAAAAAA AAAAAAAAAA AAGTAAATAA AGAAAAAAGA AATAACCAAA CCAGGAATAT AGGCTTAAAT AGTTTATCCT ACCCGACTCA TACCCCCCCC CCCTCCCTCC CTCCTCCTTC CCCCCGCTTC CTACCTTCCC CCTTTCCTCA CCCCCCCAAA AGAAGCGCAG AGTGGGGGGG AGGGGGGGGA GGTGTCTTGC TTACCCCCCC TCCCTTCCTC CGTCTTCCCC CTCCCTTCTT CCTCTTGTCT CCTGCCTCTC CATTACCCTT CCCTCTTTTT TTTTTT
Psammoperca_waigiensis          AAAAAAAAAA AAAACGAAAA ACAAAAATTA AGCAAATAGA AATAGATAAA CAAGGCATCG AATCCGAGAC AGATTATGAA ACGCAACACG CACCCCCCCC CCTCTTTCCC CTCCCCCCCC CCCTTGTCTC TTGTCCCATC CTCCCTCCCC CTTCTTTAAT GGGAACGCGA TGAGGGGGGG GGGGGGGGGG GGACCTTCAC TATTTCACCT CTTCCCTCCA CATTCTCCGA CTCTTACTTA CCCCCTCCCC TTAGCCTTTC CCCTCCCTTT TTCTTTTTTT TTTGTT
Sphyraena_africana              ---------- ---------- ---------- ---------- ---------- ---------- ---------- ---------- ---------- ---------- ---------- ---------- ---------- ---------- ---------- ---------- ---------- ---------- ---------- ---------- ---------- ---------- ---------- ---------- ---------- ---------- ---------- ---------- ------
Sphyraena_barracuda             AAAAAAAAAA AAAAAAAGAA AAACAAAAAA AAAAAGATCT ATCAAACACA CAGGACAAAT AACCAAAGAA AACCCAATCA CCATAAGCCA TACCCCCCCC TTCCCCCCCC CTCCCCCTCT TCCCCGCTCC TCAACCCCCC CTTCCCTCCA TTTTTCTGAA AAGAAAGTAA GAAGTGGGGG GCGGGGGTGG GGACCCCTAC TAACACTCCT CCTTCCCTCT CCTTTCACCT CTCCCCTTTC TGTCCTATCT CTTCTCCCTC CGTCTTTTTT TTTTCCTTTT TTTTTT
Sphyraena_borealis              AAAAAAAAAA AAGGAAAAAA AAAAAAAAAA AAAAGAATCT ACAAGACGGA GAAGAAAGAC AACCTGAAAA GGCCCAGTGG ATCAAACTCG GACCTCCCCC TTCCCCCCCC CTCCCCCCCC CTCCTCCTTC CCAACCCCTC TCTCCCTCCA TTCTTTTGAG AGGGAAAAAA GAGGTGGGAG GCGGGGGTGG GGGACCTTAT TGCTTCTCCC TCTCGCCCCC CCCCCTACTT CTCCCACTAT TTTCCTGTTT CTTCTTCCTT CACCCTTCCT ATCTCCTTTT TTTTTT
Sphyraena_ensis                 AAAAAAAAAA AAGGAAAAAA AAAAAAAAAA AAAAGAATCT ACGAGACGGA AAAGAAAGAC AACCTGAAAA GGCCCAGTGG GACGAACTCG GACCTCCCCC TTCCCCCCCC CTCCCCCCCC CTCCTGCTTC CCAACCCCTC TCTCCCTCCA TTCTTTTGAG AGAGAAAAAA GAGGTGGGGG GCGGGGGTGG GGGACCTTAT TACTTCTCCC TCTCGCCCCC CCCCCTACTT CTCCCACTAT TTTCCTGTTT CGGCCTCCTC CACCCTTCCT ATCTCCTTTT TTTTTT
Sphyraena_forsteri              AA-AAAAAAA GGAAAAAGAA AAAAAAAAAA CAGAAAATTT ATCAAACAAA -GAAAAAT-C -ACCAAAGAA AATTCATATA CAATAAACCA AGCCC-CCCC TTCCCCTCCC -CT-CCTTCC CTCCCGACTT TCCACCTTTC CCTCTCCCTA TTCTCTTGAA AAAAGTAAGG AAAGTGGG-- GCGGGGGTGC GGAT-TCTAC TCCCATTCCC -CTTCTTCCA CACTTCGCTC CCCCCGCCTT TTTCCCATCT CTTCTCCCTT TATCTTCTCT TTCTCCTTT- TTTTTT
Sphyraena_guachancho            AAAAAAAAAA AAGGAAAAAA AAAAAAAAAA AAAAGAATCT ACAAGACGGA AAAGAAAGAC AACCTGAAAA GGCCCAGTGG AACAAACTCG GACCTCCCCC TTCCCCCCCC CTCCCCCCCC CTCCTGCTTC CCAACCCCTC TCTCCCTCCA TTCTTTTGAG AGGGAAAAAA GAGGTGGGGG GCGGGGGTGG GGGACCTTAT TACTTCTCCC TCTCGCCCCC CCCCCTACTT CTCCCACTAT TTTCCTGTTT CTTCTTCCTT CACCCTTCCT ATCTCCTTTT TTTTTT
Sphyraena_helleri               ---------- ---------- ---------- ---------- ---------- ---------- ---------- ---------- ---------- ---------- ---------- ---------- ---------- ---------- ---------- ---------- ---------- ---------- ---------- ---------- ---------- ---------- ---------- ---------- ---------- ---------- ---------- ---------- ------
Sphyraena_iburiensis            ---------- ---------- ---------- ---------- ---------- ---------- ---------- ---------- ---------- ---------- ---------- ---------- ---------- ---------- ---------- ---------- ---------- ---------- ---------- ---------- ---------- ---------- ---------- ---------- ---------- ---------- ---------- ---------- ------
Sphyraena_japonica              AAAAAAAAAA AGAAAAGAAA AATCAAACAA GAAAGAGTAC AGCGTATAAA TTAAAAGTAT AACTATCGAG AATCCAGTAT CAATAAATCA AACCTCCCCC CTTTTATTCC CACCCCCTCC CCCTCGCCCC CTAACCTTCT CCCCCTTCCA TTTCTTTGAA AAGGATGCGA TAGGTGGGGG GCCGGGTTAA GGGAACCCAT TCCTCTCCCC CCTGCTCTTC CTGTCTCCAT CCCCGACCGC CCTCCAATCC TCCTCCCTTT CATCCCTTTT ATTTCCTTTT TTTTTT
Sphyraena_jello                 AAAAAAAAAA AAAAAAAGAA AAAAAAAAAA AAAAAAATTT AATATACACA CGAGAGAGAT AATCAGAAAA AATTTAACCA TAATAGACCA AACCCCCCCC TTCCCCCTCC CTCCCCCCCC CTCCCGATCC CCAATTCTCC CCTTCCTCCA TTTTTCCGAG AAAAAAGTAG AAAGTGGGGG GCGGGGGTGA GGAACCTTAC TACCG-TCCC CTTTCCTCTC CCATCTACCT CTCTCTCTAC TATCCCACTT CTCCCCCTTC CATCT-CTTT TTCTCC-TTT TTTTTT
Sphyraena_obtusata              AAAAAAAAAA AAAAAAGGAA TCAAAAAAAA CGAAATATAT AAAAAGTGAA CGAAACAAAT TAACAGAAAT GATCATAGCT ATTTTGACGA CGCCCCCCCC CTCCCCCCCC CTCCCCCCCC CATCCCCCCC CCACCCCAAC TCTCGTTCTA TTCTTTTGAG AAAAAAAGGA AGGGGGGGGG GCGGGGGTTG GGTTCTGAAC ACACGCTCCC CCTCCTCCCC CCTCCCTTTT CCCCATCTTC TTTCCCCTTT ACTACCTCTT TGTTCCTTTT TTTTCCTTTT TTTTTT
Sphyraena_picudilla             AAAAAAAACG AGAAAAGAAA AAGAAAACAA CAAAAGGTTT AAAAAAAACA AGAAAAGGAT TACTACCATT GGTATGAGTC AAATAAAACG GGCCCCCCCC CTCTCTCTTC CTCCCCCTCT CCCCAGGTCC CCAACCCTTT TTTTGCCTCC TCTTCTTAAG AGGGGCACAG AAAGGGGGGG ACCGGTTTAG GTAGACTTGA TTCTTCCCCC CCTCCTTCCT AAACCGCTAT CTCTGACTGT TGCCTTCTCT GCTCCCCCTT TACTTCTTTT ATCTCCTTTT TTTTTT
Sphyraena_pinguis               AAAAAAAGAA AAAGGAAAAA ATAAAATCAA AACAAAGCCT ACAATATTCA CGAGAAGACT TAATGAAAGC AGTCATCACA CGTTCCGACA TCCCCCCCCC CCCCCCCCCC CTTCCCCCCT CTCCCCTCCC CCAACTTGAC TCCTGCTCCA TTTTCTTAAA AAAGGAGGAA CAAGGGGGGG GCGGGGGTTG GGGTCAGTAC ACCCTTCCCC CCTCCTTCCA CCCCTTTCAA CTCCCCGCTT CAACTCCTCC AGAATCCCTT CATCCTTTTC TCCTCCTTTT TTTTTT
Sphyraena_putnamae              AAAAAAAGAA AGAAAAAGAA AAAAAAAGAA GAAAAAACTT AATAGATGCA TAGGAAGGAT AAATGAAAAA AACTCAACTA CAACTATCCA AACCCCCCCC TTTCCCCCCC CCCCCCCTCC CTCCCGCTTC TCGGCCTTCC TTTTTCCTCA TTTCTTTGAA AAAAAAGCAG TAAGTGGGGG GCGGGGGTGG GGGATTCCGC TACCTCTCCC CTTTTCTTTT CCCTTTACCC CTCTCACTGT CACTTTATCT CTTTCTCCTC CTTTTTCTTT GTTTTCTTTT TTTTTT
Sphyraena_qenie                 AA----AA-- -----A-G-- AAAAA--AA- A-A-A-A-TT --TATA---A -G-GAGAG-T -ATCAG--A- --TTTAA-CA TAAT--A-CA AACCC----C ---C--CT-- -----CCC-C -TCC-G--CC C-AAT--T-C C--TCCTC-A TTTT--CGA- A---AA-T-G AA---GGG-- GCG-GGG-GA GGAA-CTTA- TAC-GC-C-C --T--C--TC C-A-C--CCT CT-T--CTAC T---CCACT- CTCCCCC-TC ---C-TC-T- ----C-TTT- ---T-T
Sphyraena_viridensis            AA--AAAAAA AAAAAAGAAA ACACAAATAA CAAAAGAGAT AAAAAACATA -CAAAAAT-T -ACTATCATT -GTATAACCA AGATAACTGA TGCCC--CTC CTCTCTCTTC -AC-CCCTTA CTCCAAGTCC CCAACTCTCT CTTCACTTCA CTTCCTCGAA AAGGAAACAA AAAGTGGG-- GCCGGTGTAG GGAA-TCCAG TGTCCC-C-C -CCTCTTTCC ACACCGTCTT CTCTGACTGT TCCCTATTCT AGTCCTCTCT TGTTTCTTTC ATCTTCTTT- -TTTTT
Tetrapturus_audax               AAAAAAAAAT AAAAAAAAAA ACATAAACTA AAGAAAATGA AACAAACAAA CTAGAAACTT GAACCGCAAA CCTCTAAACG AAATACGATT TGCCCCCCCC CCCCCCTCCT CTCCCCTCCC CTCCCGTCGC CTCTCTTCCC CTCCCCTTCA CCCTCTTGAA AGGGTAGCGG TGAGGGGGGG GGGGGGGGGA GGCTCTGTAT TATACCACCC CCCTCCCCCA CTTCTTGCCT TCCCCTCTTC TATCCATTCC TTATCCTCTC CTTTGCCTCT TCTTCCTTTT TTTTTT
Xiphias_gladius                 AAAAAAAAAA GAAGAAAAAA ATATAAACAA GAAAAAAAAA AATAACTAAT CTAGAAAAAC AGACTCAGTC AGTCTATATA CCGTATAACT CGCCCCCCCC CCCCCCCCTC CTCTCCCTCC CCTCCGCTTC CCTTCTCCCC CCCCGCTTTA TCTCCCCAAA AGAGGTGTAG GGAGGGGGGG GGGGGGGGGG GGATCATCAC TTAATCACCC CCTACTCTCC CGCTCCCCTC TTCCCTCCCT TCTCCATCCT CCTTCCTCTT CCCCACCTCT TTTTCCTTTT TTTTTT
Sphyraena_argentea              AAAAAAAAAA AAAAAAGAAA AAAAAAATAA CAAAAGAGAT AAAAAACGTA ACAAAAATAT GAGTATCGTT GGTGTAACTT AGATAGATCG TGCCCCCCCC CTCTCTCCCC CACCCCCCTT CCCCAAGTCC CCAACTCTCC CTTCACTTCA CCTCCTCAAG AAGAGAATAA AAAGTGGGGG GCCGGTTTAG GTAAGTCCAA TTTCCTCCCC CCCCCTCTCC ACACCATCAT CCCCGACTGT TCTCTACCCT ACCCCTCTTC TGTTTCTTTC ATCTTCTTTT TTTTTT
Sphyraena_idiastes              ---------- ---------- ---------- ---------- ---------- ---------- ---------- ---------- ---------- ---------- ---------- ---------- ---------- ---------- ---------- ---------- ---------- ---------- ---------- ---------- ---------- ---------- ---------- ---------- ---------- ---------- ---------- ---------- ------
Sphyraena_novaehollandiae       ---------- ---------- ---------- ---------- ---------- ---------- ---------- ---------- ---------- ---------- ---------- ---------- ---------- ---------- ---------- ---------- ---------- ---------- ---------- ---------- ---------- ---------- ---------- ---------- ---------- ---------- ---------- ---------- ------
Sphyraena_chrysotaenia          AAAAAAAAAA AAAGAAAAAA ATAAAATTAA GGAAAAGCAT ATCATACTCA CTGGACATAC TAATGGGGAT AGCTGTGATT CATTCTACCG AGCCCCCCCC CCCCCCCCTC CCTCCCCTCC CTCCCCCCCC CCAACCTAAC TCCCGCATCA CTCTCTTGAA AGGAGAGAGA GAGGGGGGGG GCGGGGGTTG GGGTCAATAC ATTCCCTCCC CCTCCTTCCA CCCCCTCCAG TACCCTATCT TAACTCCCTC CAAATCCTTT CGTCTTCTTC TTCTCTTTTT TTTTTT
Sphyraena_flavicauda            AAAAAAAAAA AAAAAAGGAA TCAAAAAAAA CGAAATATAT AAAAAGTGAA CGAAACAAAT AAACAGAAAT GATCATAGCT ATTTTGACGA CGCCCCCCCC CTCCCCCCCC CTCCCCCCCC CATCCCCCCC CCACCCCAAC TCTCGTTCTA TTCTTTTGAG AAAAAAAGGA AGGGGGGGGG GCGGGGGTTG GGTTCTGAAC ACACGCTCCC CCTCCTTCCC CCTCCCTTTT CCCCATCTTC TTTCCCCTTT ACTACCTCTT TGTTCCTTTT TTTTCCTTTT TTTTTT
Centropomus_irae                --AAAAAAAA AAAAAAAAAA AAAAAAAAAA GAAAAAAGAG AACAAAGAAA CCAAGA-ACC TACCCTAAAA GAATACTACT -ACCCAACA- CA---CCCCC CCCCCCCCCC CCCCCC-TCC CTTTCGACTC CCCCCCCCCC CCC-TCCCCT CCCCTCTAAG AAAA-AACAA GAAGG-GGGG GGGGGGGGTA TTAAATTTCA TAAAA-CCCC CCCCTTTCTC ACCCCCTTCC -CCCTCCC-C TCTCCTCCCC CCCCCCCCCT CTCCC-CTCT CTTTTT--TT TTTTTT
Centropomus_poeyi               ---------- ---------- ---------- ---------- ---------- ---------- ---------- ---------- ---------- ---------- ---------- ---------- ---------- ---------- ---------- ---------- ---------- ---------- ---------- ---------- ---------- ---------- ---------- ---------- ---------- ---------- ---------- ---------- ------
Centropomus_mexicanus           AAAAAAAAAA AAAAAAAAAA AAAAAAAAGA AAGAACAAAG AATAAAAAAT TGAAGAAGTC CACCCTAAAA AACCCTTTTT CTATTAAAAA CCCCCCCCCC TCCCCCCCCC CTCCCCTCCT CACTTGCCCC TTTCCCCATC CTCTGCCCCA TTTTTTCAAA AAAAAAGTAA AAAGGGGGGG GGGGGGGGTA TTAAAAGGCT TAAGTTTCCC CCTACTTTCT ACTCTTTTCC CTCCCCCTTT CCCTCTCTCT TCCCCTCCTT CCTCTCTTTT CTTTTTTTTT TTTTTT
Centropomus_parallelus          AAAAAAAAAA AAAAAAAAAA AAAAAAAAAA AAGAACAAAG AACAAAAAAC TGAAGAAGTC CACTCTAAAA AACCCTTTTT CTATTAAAAA TACCCCCCCC TCCCCCCCCC CTCCCCTCTT CACTTGCCCC TTTCCCCATC CTCTACCCCA TCTTTTCAAA AAAAAAGCAA AAAGGGGGGG GGGGGGGGTA TTAAAAGGCT TAAGTCTCCC CCTACTTTCT ACCCTTTTCC CCCCCCTTTT CCCTCTCTCT TCCCCTCCTT CCTCTCTTTT CTTTTTTTTT TTTTTT
Hypopterus_macropterus          -AAAAGAAAA GAGATGAAAA TTAGAAATAA AACAAGAAAT AAAGGGGAAA CGAAACATAC AATCAGAAAA TACTTATATA TCTCAACATA CG-CCCCCCC CCTCCTCTTC CTCTCCCTCC TCCTGGACAC CTGCTTCTTT CCCTTCCCCA CCCTTCCAAA GAAGGGGAAA TGAGGGGGGG GGGGGGGGGG GGAGCTTTGT TATCA-ACCT TTCCCTCTCA CTATTCTCGA CTCTGAGTTA TCCTCTTACC ATCCCCTTTT CCTCA-TTTT TTCTCT-TTT TTTTTT
Sphyraena_acutipinnis           AAAAAAAAAA AGAAAAGGAA AATCAAACAA GGAAAGATAC AACGTATAAA CTGAAAGAAC AATTATCGAA AGCCCAATAT CAATAAATCA AGCCCCCCCC CTTTTATTCC CACCCCCTCT CCCTTGTCTC CTGACCTTAT CCCCCTTCCA CTCCTTTGAA AAGGGTACAA TAAGTGGGGG GCCGGGTTAG GGGAACTAAC TTCTGTCTCC CCTACTCTTC CTGTCTCCAT CTCCGACCGC CCCCCAATCC TCCTCCCTTT CGTCCCTTTT GCTTCCTTTT TTTTTT
Sphyraena_waitii                AAAAAAAAAA AGAAAAGAAA AATCAAACAA CAAAAAATAC ATCGTATAAG CTGGGAGAAT AATTATCGAA AGTCCAATAT CGATGAATCG GGCCCCCCCC CTTTTATTCC CACCCCCCCC CCCTCGCCCC CTAACCTTCT CCCCCTTCCA CCTCTTTGAC AAGGATAAAA TAGGTGGGGG GCCGGGTTAG GGGAACCTAT TTCTCTTCCC CCTACTCCTC CTGTCTCCAT TCCCGACCCC CCCCCAACCC TCTTCCCTTT CGCCCCTTTT GTTTCCTTTT TTTTTT



    1    4    2    1   27    1   39    1    1    1    1    1    1    1    1
    1    1    1    1    1    1    1    1    1    1    1    1    1    1    1
    1    1    1    1    1    1    1    1    1    1    1    1    1    1    1
    1    1    1    1    1    1    1    1    1    1    1    1    1    1    1
    1    1    1    1    1    1    1    1    1    1    1    1    1    1    1
    1    1    1    1    1    1    1    1    1    1    1    1    1    1    1
    1    1    1    3    1    1    1   31    1   52    1    1    1    1    1
    1    1    1    1    1    1    1    1    1    1    2    1    1    1    1
    1    1    1    1    1    1    1    1    1    1    1    1    1    1    1
    1    1    1    1    1    1    1    1    1    1    1    1    1    1    1
    1    1    1    1    1    1    1    1    1    1    1    1    1    1    1
    1    1    1    1    1    1    1    1    1    1    3    4    1    1    3
    1    1    1   30   38    1    1    1    1    1    1    1    1    1    1
    1    1    1    1    1    1    1    1    1    1    1    1    1    1    1
    1    1    1    1    1    1    1    1    1    1    1    1    1    1    1
    1    1    1    1    1    1    1    1    1    1    1    1    1    1    1
    1    1    1    1    1    1    1    1    1    1    1    1    1    1    1
    1    1    1    1    1    1    1    1    1    1    1    1    1    1    1
    1    1    1    1    1    1    1    3    1    1    2    1    1    1   47
   55


BASEML (in paml version 4.9j, February 2020)  tmp0003.txt  HKY85 dGamma (ncatG=5)
Frequencies..
                                    T      C      A      G
Caranx_caninus                 0.32085 0.25407 0.24919 0.17590 GC = 0.430
Centropomus_armatus            0.29967 0.29153 0.24593 0.16287 GC = 0.454
Centropomus_ensiferus          0.28990 0.28664 0.25081 0.17264 GC = 0.459
Centropomus_medius             0.28339 0.29967 0.23941 0.17752 GC = 0.477
Centropomus_nigrescens         0.27687 0.31525 0.24175 0.16612 GC = 0.481
Centropomus_pectinatus         0.28101 0.30619 0.24016 0.17264 GC = 0.479
Centropomus_robalito           0.29967 0.29153 0.24593 0.16287 GC = 0.454
Centropomus_undecimalis        0.26873 0.32085 0.24919 0.16124 GC = 0.482
Centropomus_unionensis         0.29590 0.29397 0.22872 0.18140 GC = 0.475
Centropomus_viridis            0.27687 0.31433 0.24267 0.16612 GC = 0.480
Coryphaena_equiselis           0.29805 0.26059 0.25896 0.18241 GC = 0.443
Echeneis_naucrates             0.33062 0.23616 0.27036 0.16287 GC = 0.399
Gnathanodon_speciosus          0.30293 0.27199 0.25570 0.16938 GC = 0.441
Istiophorus_platypterus        0.28339 0.30782 0.23290 0.17590 GC = 0.484
Lates_angustifrons             0.29260 0.28744 0.24441 0.17556 GC = 0.463
Lates_calcarifer               0.28176 0.32085 0.21987 0.17752 GC = 0.498
Lates_japonicus                0.28176 0.31433 0.21661 0.18730 GC = 0.502
Lates_microlepis               0.25000 0.25000 0.25000 0.25000 GC = 0.500
Lates_niloticus                0.28088 0.29949 0.24196 0.17766 GC = 0.477
Lates_stappersii               0.25000 0.25000 0.25000 0.25000 GC = 0.500
Makaira_nigricans              0.28827 0.30293 0.22638 0.18241 GC = 0.485
Nematistius_pectoralis         0.28664 0.30782 0.22638 0.17915 GC = 0.487
Psammoperca_waigiensis         0.28827 0.29479 0.22801 0.18893 GC = 0.484
Sphyraena_africana             0.25000 0.25000 0.25000 0.25000 GC = 0.500
Sphyraena_barracuda            0.28664 0.30130 0.24593 0.16612 GC = 0.467
Sphyraena_borealis             0.28013 0.29479 0.23616 0.18893 GC = 0.484
Sphyraena_ensis                0.27199 0.29642 0.23616 0.19544 GC = 0.492
Sphyraena_forsteri             0.30050 0.28715 0.24875 0.16361 GC = 0.451
Sphyraena_guachancho           0.27850 0.29316 0.23941 0.18893 GC = 0.482
Sphyraena_helleri              0.25000 0.25000 0.25000 0.25000 GC = 0.500
Sphyraena_iburiensis           0.25000 0.25000 0.25000 0.25000 GC = 0.500
Sphyraena_japonica             0.29479 0.28990 0.23941 0.17590 GC = 0.466
Sphyraena_jello                0.28642 0.28805 0.26023 0.16530 GC = 0.453
Sphyraena_obtusata             0.29153 0.28990 0.23779 0.18078 GC = 0.471
Sphyraena_picudilla            0.29967 0.27362 0.23779 0.18893 GC = 0.463
Sphyraena_pinguis              0.27687 0.30782 0.23453 0.18078 GC = 0.489
Sphyraena_putnamae             0.31107 0.27036 0.23779 0.18078 GC = 0.451
Sphyraena_qenie                0.27374 0.29609 0.25419 0.17598 GC = 0.472
Sphyraena_viridensis           0.30405 0.27027 0.25676 0.16892 GC = 0.439
Tetrapturus_audax              0.28827 0.30130 0.22801 0.18241 GC = 0.484
Xiphias_gladius                0.28339 0.30619 0.22964 0.18078 GC = 0.487
Sphyraena_argentea             0.28827 0.28502 0.25407 0.17264 GC = 0.458
Sphyraena_idiastes             0.25000 0.25000 0.25000 0.25000 GC = 0.500
Sphyraena_novaehollandiae      0.25000 0.25000 0.25000 0.25000 GC = 0.500
Sphyraena_chrysotaenia         0.28339 0.29805 0.22964 0.18893 GC = 0.487
Sphyraena_flavicauda           0.29153 0.28827 0.23941 0.18078 GC = 0.469
Centropomus_irae               0.25383 0.33220 0.25383 0.16014 GC = 0.492
Centropomus_poeyi              0.25000 0.25000 0.25000 0.25000 GC = 0.500
Centropomus_mexicanus          0.30293 0.28176 0.25244 0.16287 GC = 0.445
Centropomus_parallelus         0.29805 0.28502 0.25733 0.15961 GC = 0.445
Hypopterus_macropterus         0.30213 0.26437 0.23810 0.19540 GC = 0.460
Sphyraena_acutipinnis          0.29316 0.28502 0.24104 0.18078 GC = 0.466
Sphyraena_waitii               0.28990 0.29805 0.23127 0.18078 GC = 0.479

Homogeneity statistic: X2 = 0.40682 G = 0.39463 

Average                        0.28992 0.29245 0.24152 0.17611
(Ambiguity characters are used to calculate freqs.)


# constant sites:      0 (0.00%)
Distances:HKY85 (kappa)  (alpha set at 0.50)
This matrix is not used in later m.l. analysis.

(Pairwise deletion.)
Caranx_caninus   
Centropomus_armatus    0.3139( 5.0810)
Centropomus_ensiferus    0.2980( 3.5757)  0.1614(11.7392)
Centropomus_medius    0.3333( 4.5312)  0.2472( 7.3577)  0.2950( 9.7340)
Centropomus_nigrescens    0.3036( 4.8104)  0.2201( 5.9530)  0.2981( 8.3983)  0.1599( 9.5798)
Centropomus_pectinatus    0.3595( 5.4008)  0.2366( 7.7322)  0.2521( 8.9450)  0.0545(29.5710)  0.1453(10.2582)
Centropomus_robalito    0.3139( 5.0810)  0.0000( 5.0810)  0.1614(11.7392)  0.2472( 7.3577)  0.2201( 5.9530)  0.2366( 7.7322)
Centropomus_undecimalis    0.2827( 4.9896)  0.2620( 7.1293)  0.2891( 8.5695)  0.2171( 9.5489)  0.1173(16.9484)  0.2053(10.2151)  0.2620( 7.1293)
Centropomus_unionensis    0.3103( 4.0265)  0.1330(22.9699)  0.1880(16.9404)  0.2699( 9.0671)  0.2699( 6.9236)  0.2826(10.6631)  0.1330(22.9699)  0.2858( 7.8807)
Centropomus_viridis    0.3030( 4.8208)  0.2197( 5.9645)  0.2974( 8.4107)  0.1595( 9.5888)  0.0000( 9.5888)  0.1453(10.2582)  0.2197( 5.9645)  0.1170(16.9636)  0.2689( 6.9235)
Coryphaena_equiselis    0.3489( 4.0957)  0.2609( 3.6075)  0.3243( 4.8047)  0.3170( 3.3628)  0.3158( 2.7085)  0.3538( 3.9514)  0.2609( 3.6075)  0.3637( 3.3164)  0.3500( 5.0378)  0.3152( 2.7156)
Echeneis_naucrates    0.3174( 3.1732)  0.2853( 2.6029)  0.2960( 3.1723)  0.3240( 3.3503)  0.3687( 4.5131)  0.3633( 3.9656)  0.2853( 2.6029)  0.3482( 3.4649)  0.3227( 3.0270)  0.3734( 4.6166)  0.4294( 3.5785)
Gnathanodon_speciosus    0.1710(22.5691)  0.2660( 4.0122)  0.2842( 3.3215)  0.3048( 3.6720)  0.3031( 4.0762)  0.3334( 4.5077)  0.2660( 4.0122)  0.2737( 4.0135)  0.3181( 4.1750)  0.3025( 4.0854)  0.3072( 3.6493)  0.2901( 2.9624)
Istiophorus_platypterus    0.3064( 4.4998)  0.3075( 3.2247)  0.3043( 2.8421)  0.3261( 3.1592)  0.2631( 2.7061)  0.3076( 2.8507)  0.3075( 3.2247)  0.2950( 3.7309)  0.3421( 3.6146)  0.2625( 2.7113)  0.3653( 2.7550)  0.3880( 3.9184)  0.3212( 4.8122)
Lates_angustifrons    0.2675( 5.3238)  0.3189( 3.7756)  0.2852( 2.8171)  0.3863( 4.1277)  0.3758( 4.2447)  0.3805( 4.3290)  0.3189( 3.7756)  0.3126( 4.0074)  0.3699( 4.4496)  0.3747( 4.2505)  0.3779( 3.3711)  0.3349( 2.3483)  0.2752( 5.0329)  0.3083( 3.4320)
Lates_calcarifer    0.3989( 7.7021)  0.4834( 8.2953)  0.4415( 5.8504)  0.3890( 5.6707)  0.3585( 5.6517)  0.3259( 4.7847)  0.4834( 8.2953)  0.2692( 4.3501)  0.4578( 6.6697)  0.3637( 5.7866)  0.4865( 6.0910)  0.4053( 4.9211)  0.3804( 7.2653)  0.3861( 5.7850)  0.3202(10.8271)
Lates_japonicus    0.4058(11.0147)  0.3335( 4.7695)  0.3484( 3.9256)  0.3887( 5.6882)  0.3236( 4.5564)  0.3303( 4.8940)  0.3335( 4.7695)  0.3072( 5.2495)  0.3196( 4.1117)  0.3226( 4.5597)  0.4119( 3.9617)  0.4207( 4.8514)  0.4081( 9.3503)  0.3095( 4.2854)  0.2682(11.2428)  0.2427(10.5907)
Lates_microlepis    9.0000(10.5907)  9.0000(10.5907)  9.0000(10.5907)  9.0000(10.5907)  9.0000(10.5907)  9.0000(10.5907)  9.0000(10.5907)  9.0000(10.5907)  9.0000(10.5907)  9.0000(10.5907)  9.0000(10.5907)  9.0000(10.5907)  9.0000(10.5907)  9.0000(10.5907)  9.0000(10.5907)  9.0000(10.5907)  9.0000(10.5907)
Lates_niloticus    0.3020( 5.8624)  0.3222( 4.6850)  0.3035( 3.8322)  0.3835( 4.7454)  0.3821( 5.2435)  0.3877( 5.1609)  0.3222( 4.6850)  0.3090( 4.8322)  0.3850( 5.2545)  0.3812( 5.2528)  0.3847( 3.4698)  0.3663( 3.3408)  0.3225( 5.3828)  0.3189( 4.0716)  0.0835( 8.7215)  0.2932(11.2822)  0.2812(13.9205)  9.0000(13.9205)
Lates_stappersii    9.0000(13.9205)  9.0000(13.9205)  9.0000(13.9205)  9.0000(13.9205)  9.0000(13.9205)  9.0000(13.9205)  9.0000(13.9205)  9.0000(13.9205)  9.0000(13.9205)  9.0000(13.9205)  9.0000(13.9205)  9.0000(13.9205)  9.0000(13.9205)  9.0000(13.9205)  9.0000(13.9205)  9.0000(13.9205)  9.0000(13.9205)  9.0000(13.9205)  9.0000(13.9205)
Makaira_nigricans    0.3191( 4.7596)  0.3101( 3.0101)  0.3131( 2.7434)  0.3260( 2.9124)  0.2647( 2.4957)  0.3308( 2.9614)  0.3101( 3.0101)  0.2968( 3.4582)  0.3644( 3.6832)  0.2641( 2.5011)  0.3728( 2.8475)  0.3641( 3.3000)  0.3009( 4.3808)  0.0356( 8.1884)  0.3007( 3.4337)  0.3774( 5.6025)  0.3284( 4.6548)  9.0000( 4.6548)  0.3177( 4.0426)  9.0000( 4.0426)
Nematistius_pectoralis    0.3318( 5.8887)  0.3428( 5.5971)  0.3304( 4.7813)  0.3677( 5.4975)  0.2962( 4.5613)  0.3487( 5.4967)  0.3428( 5.5971)  0.3117( 5.6006)  0.3628( 5.7460)  0.2956( 4.5710)  0.3128( 3.1300)  0.3987( 4.6822)  0.2907( 4.9255)  0.2530( 3.9758)  0.3064( 4.9672)  0.3448( 5.3519)  0.3227( 6.3000)  9.0000( 6.3000)  0.3032( 4.6474)  9.0000( 4.6474)  0.2753( 4.4851)
Psammoperca_waigiensis    0.3365( 4.9564)  0.3600( 3.9688)  0.3388( 3.5273)  0.3114( 3.0665)  0.3552( 3.3294)  0.3141( 3.0871)  0.3600( 3.9688)  0.3744( 4.3751)  0.3325( 3.2124)  0.3544( 3.3366)  0.3701( 3.6630)  0.3801( 2.7501)  0.3091( 4.7707)  0.2745( 3.9578)  0.2975( 4.4099)  0.4264( 7.3907)  0.3623( 5.5738)  9.0000( 5.5738)  0.2922( 3.5799)  9.0000( 3.5799)  0.2758( 4.3401)  0.3328( 6.0940)
Sphyraena_africana    9.0000( 6.0940)  9.0000( 6.0940)  9.0000( 6.0940)  9.0000( 6.0940)  9.0000( 6.0940)  9.0000( 6.0940)  9.0000( 6.0940)  9.0000( 6.0940)  9.0000( 6.0940)  9.0000( 6.0940)  9.0000( 6.0940)  9.0000( 6.0940)  9.0000( 6.0940)  9.0000( 6.0940)  9.0000( 6.0940)  9.0000( 6.0940)  9.0000( 6.0940)  9.0000( 6.0940)  9.0000( 6.0940)  9.0000( 6.0940)  9.0000( 6.0940)  9.0000( 6.0940)  9.0000( 6.0940)
Sphyraena_barracuda    0.3037( 4.8549)  0.3148( 3.9522)  0.3256( 3.7355)  0.2747( 3.0851)  0.2964( 4.2393)  0.2998( 3.8168)  0.3148( 3.9522)  0.3006( 4.5508)  0.3680( 5.0703)  0.2957( 4.2464)  0.4524( 6.2276)  0.2957( 3.8517)  0.3329( 5.9763)  0.2756( 4.1597)  0.2780( 2.9152)  0.3682( 5.0589)  0.3289( 5.5117)  9.0000( 5.5117)  0.3028( 3.3322)  9.0000( 3.3322)  0.2759( 3.8153)  0.3411( 7.7798)  0.3444( 4.3372)  9.0000( 4.3372)
Sphyraena_borealis    0.3411( 7.3154)  0.3257( 4.8983)  0.3460( 3.8121)  0.3102( 2.7197)  0.3299( 3.6282)  0.3369( 3.3445)  0.3257( 4.8983)  0.3568( 3.9646)  0.3090( 3.9701)  0.3290( 3.6319)  0.4060( 5.4137)  0.3674( 4.5495)  0.3539( 7.0551)  0.3551( 4.0600)  0.3563( 3.9643)  0.4485( 5.0312)  0.3576( 4.5622)  9.0000( 4.5622)  0.3480( 3.4011)  9.0000( 3.4011)  0.3471( 3.6329)  0.3720( 7.3780)  0.3833( 4.7207)  9.0000( 4.7207)  0.2240( 8.7383)
Sphyraena_ensis    0.3725( 7.5487)  0.3298( 4.2756)  0.3553( 3.6978)  0.2980( 2.5498)  0.3064( 3.2508)  0.3252( 2.9377)  0.3298( 4.2756)  0.3412( 3.7266)  0.3194( 3.5735)  0.3056( 3.2540)  0.3907( 4.7959)  0.3726( 4.3266)  0.3624( 6.2224)  0.3435( 4.1914)  0.3564( 3.6835)  0.4340( 4.5148)  0.3556( 4.2201)  9.0000( 4.2201)  0.3316( 3.1668)  9.0000( 3.1668)  0.3357( 3.7477)  0.3520( 6.3727)  0.3732( 4.5672)  9.0000( 4.5672)  0.2200( 7.6042)  0.0270( 5.8998)
Sphyraena_forsteri    0.3352( 5.5513)  0.2875( 3.8871)  0.3736( 3.4800)  0.3098( 3.1299)  0.3335( 4.5989)  0.3237( 3.6116)  0.2875( 3.8871)  0.2625( 3.7188)  0.3565( 4.4486)  0.3326( 4.6070)  0.3839( 3.8148)  0.3333( 3.0731)  0.2781( 3.9166)  0.2910( 3.7813)  0.2844( 2.8579)  0.4381( 5.6930)  0.4065( 5.9754)  9.0000( 5.9754)  0.3297( 3.8097)  9.0000( 3.8097)  0.2974( 3.5837)  0.3794( 7.2118)  0.4371( 6.4215)  9.0000( 6.4215)  0.1968( 8.1612)  0.3064(10.3209)  0.3028(10.2168)
Sphyraena_guachancho    0.3301( 7.0353)  0.3137( 4.3005)  0.3470( 3.5608)  0.2992( 2.5638)  0.3106( 3.5920)  0.3251( 3.1707)  0.3137( 4.3005)  0.3379( 3.9568)  0.3115( 3.7181)  0.3099( 3.5972)  0.3932( 4.8344)  0.3543( 4.3310)  0.3484( 6.3918)  0.3349( 4.0311)  0.3439( 3.7717)  0.4344( 4.8283)  0.3464( 4.3729)  9.0000( 4.3729)  0.3432( 3.3377)  9.0000( 3.3377)  0.3272( 3.5960)  0.3599( 7.0956)  0.3657( 4.4299)  9.0000( 4.4299)  0.2094( 8.0694)  0.0105( 4.2325)  0.0155( 7.1587)  0.2977(11.1873)
Sphyraena_helleri    9.0000(11.1873)  9.0000(11.1873)  9.0000(11.1873)  9.0000(11.1873)  9.0000(11.1873)  9.0000(11.1873)  9.0000(11.1873)  9.0000(11.1873)  9.0000(11.1873)  9.0000(11.1873)  9.0000(11.1873)  9.0000(11.1873)  9.0000(11.1873)  9.0000(11.1873)  9.0000(11.1873)  9.0000(11.1873)  9.0000(11.1873)  9.0000(11.1873)  9.0000(11.1873)  9.0000(11.1873)  9.0000(11.1873)  9.0000(11.1873)  9.0000(11.1873)  9.0000(11.1873)  9.0000(11.1873)  9.0000(11.1873)  9.0000(11.1873)  9.0000(11.1873)  9.0000(11.1873)
Sphyraena_iburiensis    9.0000(11.1873)  9.0000(11.1873)  9.0000(11.1873)  9.0000(11.1873)  9.0000(11.1873)  9.0000(11.1873)  9.0000(11.1873)  9.0000(11.1873)  9.0000(11.1873)  9.0000(11.1873)  9.0000(11.1873)  9.0000(11.1873)  9.0000(11.1873)  9.0000(11.1873)  9.0000(11.1873)  9.0000(11.1873)  9.0000(11.1873)  9.0000(11.1873)  9.0000(11.1873)  9.0000(11.1873)  9.0000(11.1873)  9.0000(11.1873)  9.0000(11.1873)  9.0000(11.1873)  9.0000(11.1873)  9.0000(11.1873)  9.0000(11.1873)  9.0000(11.1873)  9.0000(11.1873)  9.0000(11.1873)
Sphyraena_japonica    0.4328( 4.7286)  0.3533( 3.4539)  0.4133( 3.7109)  0.3511( 2.4330)  0.3403( 2.9962)  0.3720( 2.8774)  0.3533( 3.4539)  0.3688( 3.8384)  0.4327( 4.4316)  0.3394( 3.0012)  0.5012( 4.5285)  0.3718( 3.2014)  0.4305( 5.0262)  0.3272( 3.5657)  0.3297( 2.0235)  0.4612( 3.9723)  0.3957( 3.9120)  9.0000( 3.9120)  0.3732( 2.5580)  9.0000( 2.5580)  0.3201( 3.1791)  0.4253( 8.0046)  0.3903( 3.8797)  9.0000( 3.8797)  0.2937( 5.9384)  0.3428( 7.2928)  0.3324( 7.0426)  0.3052( 6.2641)  0.3287( 7.5629)  9.0000( 7.5629)  9.0000( 7.5629)
Sphyraena_jello    0.3227( 5.0990)  0.3203( 4.2455)  0.3006( 2.9317)  0.3367( 3.7698)  0.3077( 4.3181)  0.3660( 4.5650)  0.3203( 4.2455)  0.3081( 4.9398)  0.3847( 5.2214)  0.3071( 4.3292)  0.3531( 4.6249)  0.2988( 2.7170)  0.2847( 3.9269)  0.2736( 3.6324)  0.2806( 2.9930)  0.4419( 5.4503)  0.3576( 5.9552)  9.0000( 5.9552)  0.3066( 3.2728)  9.0000( 3.2728)  0.2810( 3.4677)  0.2858( 4.9981)  0.3289( 3.3522)  9.0000( 3.3522)  0.1475(13.0074)  0.2330( 9.8124)  0.2067( 8.5193)  0.2008( 9.0359)  0.2161(10.2683)  9.0000(10.2683)  9.0000(10.2683)  0.3080( 8.7848)
Sphyraena_obtusata    0.3148( 4.3510)  0.2460( 2.6787)  0.2860( 3.3217)  0.2961( 3.2058)  0.3085( 3.5256)  0.3289( 4.0504)  0.2460( 2.6787)  0.3142( 3.8071)  0.3102( 3.5377)  0.3075( 3.5270)  0.2887( 3.2775)  0.3436( 3.2823)  0.3272( 4.9793)  0.3410( 3.0217)  0.2989( 2.5267)  0.4257( 4.6513)  0.3608( 4.5954)  9.0000( 4.5954)  0.3208( 3.2366)  9.0000( 3.2366)  0.3033( 2.4745)  0.3894( 6.1638)  0.3982( 3.7316)  9.0000( 3.7316)  0.2573( 4.1443)  0.2865( 3.7672)  0.2960( 3.3703)  0.2723( 3.4470)  0.2864( 3.4718)  9.0000( 3.4718)  9.0000( 3.4718)  0.3512( 2.9554)  0.2394( 2.6955)
Sphyraena_picudilla    0.3998( 4.1111)  0.3541( 3.6283)  0.4113( 3.8442)  0.4169( 3.8925)  0.3564( 3.1334)  0.3850( 3.6787)  0.3541( 3.6283)  0.3463( 3.6490)  0.4136( 4.6542)  0.3555( 3.1377)  0.3475( 3.3535)  0.4606( 4.0495)  0.4078( 4.2283)  0.4228( 2.8865)  0.4689( 3.9821)  0.4481( 3.9726)  0.3453( 3.0823)  9.0000( 3.0823)  0.4728( 4.1882)  9.0000( 4.1882)  0.4187( 3.0452)  0.3598( 3.6907)  0.4438( 3.7234)  9.0000( 3.7234)  0.3734( 4.9064)  0.3433( 4.7337)  0.3446( 4.7775)  0.3596( 5.8279)  0.3205( 4.6590)  9.0000( 4.6590)  9.0000( 4.6590)  0.3354( 6.2668)  0.3388( 6.1246)  0.3493( 3.3108)
Sphyraena_pinguis    0.4112( 4.3833)  0.3412( 3.2665)  0.3059( 3.3904)  0.3571( 3.1506)  0.3229( 2.5344)  0.3262( 2.6932)  0.3412( 3.2665)  0.3521( 2.8532)  0.4104( 4.2712)  0.3221( 2.5392)  0.3364( 3.2770)  0.3840( 3.6058)  0.3927( 4.4071)  0.3344( 3.1572)  0.3435( 3.1920)  0.3826( 4.2840)  0.4138( 5.5379)  9.0000( 5.5379)  0.3764( 3.9715)  9.0000( 3.9715)  0.3135( 2.8365)  0.3744( 3.2359)  0.4192( 4.6158)  9.0000( 4.6158)  0.2902( 3.5025)  0.3112( 3.0820)  0.3163( 3.4442)  0.3002( 3.5158)  0.3107( 3.0841)  9.0000( 3.0841)  9.0000( 3.0841)  0.3626( 2.6691)  0.2932( 3.4295)  0.2899( 5.3525)  0.3632( 3.0223)
Sphyraena_putnamae    0.3250( 5.8189)  0.3215( 4.4279)  0.3647( 4.1103)  0.3518( 3.8668)  0.3318( 4.2518)  0.3488( 4.0873)  0.3215( 4.4279)  0.3296( 4.7776)  0.4180( 6.2522)  0.3310( 4.2581)  0.3792( 4.2599)  0.3463( 4.1886)  0.3056( 5.3499)  0.3618( 6.0653)  0.3367( 4.1089)  0.5078( 7.7029)  0.3896( 8.0757)  9.0000( 8.0757)  0.3369( 3.9329)  9.0000( 3.9329)  0.3818( 6.0214)  0.3309( 6.3230)  0.3509( 4.4692)  9.0000( 4.4692)  0.1993(11.5145)  0.3164(16.9116)  0.2880(15.2754)  0.2394( 8.0981)  0.2966(18.1986)  9.0000(18.1986)  9.0000(18.1986)  0.3336( 9.1898)  0.1953(17.8622)  0.3842( 5.2817)  0.3814( 6.3469)  0.3166( 4.0015)
Sphyraena_qenie    0.4261( 5.1621)  0.3305( 3.4978)  0.3295( 2.5019)  0.3874( 3.1006)  0.3354( 3.6084)  0.3909( 3.5459)  0.3305( 3.4978)  0.3500( 4.3705)  0.4128( 4.0329)  0.3354( 3.6084)  0.3615( 3.6557)  0.3006( 3.0868)  0.3336( 3.1735)  0.2993( 3.2016)  0.3610( 3.0338)  0.5700( 6.2538)  0.4471( 6.4319)  9.0000( 6.4319)  0.3871( 3.2750)  9.0000( 3.2750)  0.2978( 2.9592)  0.3483( 4.5643)  0.3693( 2.8468)  9.0000( 2.8468)  0.1806(10.9056)  0.2320( 9.0869)  0.2052( 7.8606)  0.2541(10.0483)  0.2135(10.3142)  9.0000(10.3142)  9.0000(10.3142)  0.3238( 9.2682)  0.0000( 9.2682)  0.2798( 2.0121)  0.3509( 7.0183)  0.3556( 3.2841)  0.2513(25.5095)
Sphyraena_viridensis    0.3724( 3.5631)  0.3517( 3.0886)  0.3696( 3.0156)  0.4125( 3.4357)  0.3583( 3.2858)  0.3914( 3.3791)  0.3517( 3.0886)  0.3192( 2.6322)  0.4041( 3.9070)  0.3576( 3.2948)  0.3968( 3.6877)  0.3830( 2.9086)  0.3607( 3.6594)  0.3659( 3.4066)  0.3790( 2.5999)  0.4370( 3.8168)  0.3576( 3.2536)  9.0000( 3.2536)  0.4247( 3.4648)  9.0000( 3.4648)  0.3439( 3.3356)  0.3678( 4.8155)  0.4553( 4.1130)  9.0000( 4.1130)  0.2853( 3.9835)  0.3355( 5.2527)  0.3644( 6.3876)  0.3500( 4.5567)  0.3455( 5.9496)  9.0000( 5.9496)  9.0000( 5.9496)  0.2991( 6.3465)  0.2858( 5.0147)  0.3040( 2.7582)  0.2066( 5.6183)  0.3619( 2.5640)  0.3368( 5.9811)  0.3106( 4.5782)
Tetrapturus_audax    0.2989( 4.5288)  0.3166( 3.2447)  0.3052( 2.7409)  0.3359( 2.9465)  0.2853( 2.7230)  0.3202( 2.6984)  0.3166( 3.2447)  0.2887( 3.4587)  0.3623( 3.7964)  0.2847( 2.7289)  0.3736( 2.9701)  0.3588( 3.1105)  0.2925( 4.3914)  0.0416( 7.5013)  0.2978( 3.2447)  0.3646( 4.7824)  0.3366( 4.6401)  9.0000( 4.6401)  0.3120( 3.7794)  9.0000( 3.7794)  0.0206( 5.9440)  0.2789( 4.3783)  0.2872( 4.4129)  9.0000( 4.4129)  0.2789( 4.0516)  0.3465( 3.7697)  0.3349( 3.8854)  0.2840( 3.4913)  0.3274( 3.7478)  9.0000( 3.7478)  9.0000( 3.7478)  0.3504( 3.8057)  0.2728( 3.4610)  0.3069( 2.4280)  0.4234( 2.9989)  0.3115( 2.6993)  0.3844( 6.3205)  0.2999( 3.2185)  0.3537( 3.3583)
Xiphias_gladius    0.3220( 5.4505)  0.3041( 3.8853)  0.2936( 3.2955)  0.3125( 4.9816)  0.3168( 5.6991)  0.3662( 6.6290)  0.3041( 3.8853)  0.3071( 5.2869)  0.3769( 5.0240)  0.3162( 5.7120)  0.3371( 2.6972)  0.3354( 3.5102)  0.3179( 5.8253)  0.2544( 6.1555)  0.2875( 4.0039)  0.3237( 5.5768)  0.3477( 6.1565)  9.0000( 6.1565)  0.2907( 3.6887)  9.0000( 3.6887)  0.2658( 7.1858)  0.2393( 7.7904)  0.3225( 5.1892)  9.0000( 5.1892)  0.2857( 4.5764)  0.3381( 3.6341)  0.3241( 3.1635)  0.2804( 3.8939)  0.3271( 3.4644)  9.0000( 3.4644)  9.0000( 3.4644)  0.3761( 4.8940)  0.2936( 3.5649)  0.3206( 3.3307)  0.3799( 3.6066)  0.3132( 2.7253)  0.3655( 5.0798)  0.3605( 3.9423)  0.3721( 4.2121)  0.2577( 5.9572)
Sphyraena_argentea    0.3978( 4.3915)  0.3166( 2.8194)  0.3347( 2.7804)  0.3687( 3.0033)  0.3290( 2.9865)  0.3487( 2.9323)  0.3166( 2.8194)  0.3309( 2.9272)  0.3461( 3.3309)  0.3281( 2.9907)  0.3925( 3.7773)  0.3846( 3.5448)  0.4224( 4.7837)  0.3641( 2.8120)  0.3889( 2.9857)  0.4540( 3.8027)  0.3528( 3.4512)  9.0000( 3.4512)  0.4409( 3.4109)  9.0000( 3.4109)  0.3581( 2.9448)  0.3633( 5.0643)  0.4434( 3.4867)  9.0000( 3.4867)  0.3047( 3.9777)  0.3546( 5.3645)  0.3528( 5.3485)  0.3639( 5.2842)  0.3467( 5.6403)  9.0000( 5.6403)  9.0000( 5.6403)  0.3120( 8.9613)  0.2894( 4.9740)  0.2829( 2.5363)  0.2002(10.0929)  0.3658( 2.6415)  0.3949( 7.1841)  0.3298( 4.9713)  0.0880( 5.9645)  0.3714( 3.0156)  0.3560( 3.8003)
Sphyraena_idiastes    9.0000( 3.8003)  9.0000( 3.8003)  9.0000( 3.8003)  9.0000( 3.8003)  9.0000( 3.8003)  9.0000( 3.8003)  9.0000( 3.8003)  9.0000( 3.8003)  9.0000( 3.8003)  9.0000( 3.8003)  9.0000( 3.8003)  9.0000( 3.8003)  9.0000( 3.8003)  9.0000( 3.8003)  9.0000( 3.8003)  9.0000( 3.8003)  9.0000( 3.8003)  9.0000( 3.8003)  9.0000( 3.8003)  9.0000( 3.8003)  9.0000( 3.8003)  9.0000( 3.8003)  9.0000( 3.8003)  9.0000( 3.8003)  9.0000( 3.8003)  9.0000( 3.8003)  9.0000( 3.8003)  9.0000( 3.8003)  9.0000( 3.8003)  9.0000( 3.8003)  9.0000( 3.8003)  9.0000( 3.8003)  9.0000( 3.8003)  9.0000( 3.8003)  9.0000( 3.8003)  9.0000( 3.8003)  9.0000( 3.8003)  9.0000( 3.8003)  9.0000( 3.8003)  9.0000( 3.8003)  9.0000( 3.8003)  9.0000( 3.8003)
Sphyraena_novaehollandiae    9.0000( 3.8003)  9.0000( 3.8003)  9.0000( 3.8003)  9.0000( 3.8003)  9.0000( 3.8003)  9.0000( 3.8003)  9.0000( 3.8003)  9.0000( 3.8003)  9.0000( 3.8003)  9.0000( 3.8003)  9.0000( 3.8003)  9.0000( 3.8003)  9.0000( 3.8003)  9.0000( 3.8003)  9.0000( 3.8003)  9.0000( 3.8003)  9.0000( 3.8003)  9.0000( 3.8003)  9.0000( 3.8003)  9.0000( 3.8003)  9.0000( 3.8003)  9.0000( 3.8003)  9.0000( 3.8003)  9.0000( 3.8003)  9.0000( 3.8003)  9.0000( 3.8003)  9.0000( 3.8003)  9.0000( 3.8003)  9.0000( 3.8003)  9.0000( 3.8003)  9.0000( 3.8003)  9.0000( 3.8003)  9.0000( 3.8003)  9.0000( 3.8003)  9.0000( 3.8003)  9.0000( 3.8003)  9.0000( 3.8003)  9.0000( 3.8003)  9.0000( 3.8003)  9.0000( 3.8003)  9.0000( 3.8003)  9.0000( 3.8003)  9.0000( 3.8003)
Sphyraena_chrysotaenia    0.3637( 3.4004)  0.3131( 2.6214)  0.2906( 2.8771)  0.3474( 3.0164)  0.3477( 3.1055)  0.3993( 3.4700)  0.3131( 2.6214)  0.3737( 3.3855)  0.3582( 3.4920)  0.3466( 3.1071)  0.3491( 2.7696)  0.3634( 2.8548)  0.3807( 3.3958)  0.3279( 3.0618)  0.3182( 2.4758)  0.4176( 4.2204)  0.4097( 5.0931)  9.0000( 5.0931)  0.3624( 3.3407)  9.0000( 3.3407)  0.3253( 3.0184)  0.3875( 4.2408)  0.3810( 3.4846)  9.0000( 3.4846)  0.3020( 4.0416)  0.2908( 2.7578)  0.3021( 3.2040)  0.2788( 3.2668)  0.2854( 2.6782)  9.0000( 2.6782)  9.0000( 2.6782)  0.3624( 3.6038)  0.3035( 3.9265)  0.2794( 5.5685)  0.4024( 3.3177)  0.2057(11.9236)  0.3312( 4.2802)  0.3175( 2.7424)  0.3776( 2.8651)  0.3246( 2.8961)  0.2883( 2.3615)  0.3399( 2.7193)  9.0000( 2.7193)  9.0000( 2.7193)
Sphyraena_flavicauda    0.3064( 4.3652)  0.2492( 2.6197)  0.2894( 3.2506)  0.2997( 3.1407)  0.3160( 3.5205)  0.3327( 3.9689)  0.2492( 2.6197)  0.3101( 3.5905)  0.3101( 3.4011)  0.3150( 3.5222)  0.2888( 3.4243)  0.3352( 3.2832)  0.3184( 4.9976)  0.3476( 3.2439)  0.2994( 2.6541)  0.4363( 4.6601)  0.3624( 4.8074)  9.0000( 4.8074)  0.3261( 3.3209)  9.0000( 3.3209)  0.3092( 2.6709)  0.3910( 6.4434)  0.3885( 3.7324)  9.0000( 3.7324)  0.2571( 4.3382)  0.2856( 3.9157)  0.2950( 3.4990)  0.2690( 3.3808)  0.2856( 3.6097)  9.0000( 3.6097)  9.0000( 3.6097)  0.3507( 3.0689)  0.2328( 2.6981)  0.0029( 1.4532)  0.3494( 3.1938)  0.2898( 5.1283)  0.3745( 5.3025)  0.2798( 2.0121)  0.2995( 2.6884)  0.3128( 2.6205)  0.3204( 3.4668)  0.2885( 2.7420)  9.0000( 2.7420)  9.0000( 2.7420)  0.2790( 5.3220)
Centropomus_irae    0.3255( 6.1323)  0.2639( 8.3884)  0.2649( 8.0723)  0.2263(10.9106)  0.1440(24.1515)  0.2189(12.1583)  0.2639( 8.3884)  0.0779(26.9879)  0.2554( 7.1444)  0.1435(24.1546)  0.3718( 3.9163)  0.3845( 3.6886)  0.2981( 4.5837)  0.3032( 3.7406)  0.3006( 3.9658)  0.2801( 4.6808)  0.2624( 3.8991)  9.0000( 3.8991)  0.3068( 4.8401)  9.0000( 4.8401)  0.3250( 3.8083)  0.2834( 4.7796)  0.3446( 3.6949)  9.0000( 3.6949)  0.3321( 4.8570)  0.3379( 3.9161)  0.3103( 3.4596)  0.2729( 3.6297)  0.3176( 3.8861)  9.0000( 3.8861)  9.0000( 3.8861)  0.3564( 3.4631)  0.2982( 4.5886)  0.2939( 3.5757)  0.3956( 4.3924)  0.3706( 2.8151)  0.3469( 4.9430)  0.3768( 5.1411)  0.4061( 4.4171)  0.3211( 3.9050)  0.2900( 4.3500)  0.3414( 3.5498)  9.0000( 3.5498)  9.0000( 3.5498)  0.3556( 2.8395)  0.2934( 3.4198)
Centropomus_poeyi    9.0000( 3.4198)  9.0000( 3.4198)  9.0000( 3.4198)  9.0000( 3.4198)  9.0000( 3.4198)  9.0000( 3.4198)  9.0000( 3.4198)  9.0000( 3.4198)  9.0000( 3.4198)  9.0000( 3.4198)  9.0000( 3.4198)  9.0000( 3.4198)  9.0000( 3.4198)  9.0000( 3.4198)  9.0000( 3.4198)  9.0000( 3.4198)  9.0000( 3.4198)  9.0000( 3.4198)  9.0000( 3.4198)  9.0000( 3.4198)  9.0000( 3.4198)  9.0000( 3.4198)  9.0000( 3.4198)  9.0000( 3.4198)  9.0000( 3.4198)  9.0000( 3.4198)  9.0000( 3.4198)  9.0000( 3.4198)  9.0000( 3.4198)  9.0000( 3.4198)  9.0000( 3.4198)  9.0000( 3.4198)  9.0000( 3.4198)  9.0000( 3.4198)  9.0000( 3.4198)  9.0000( 3.4198)  9.0000( 3.4198)  9.0000( 3.4198)  9.0000( 3.4198)  9.0000( 3.4198)  9.0000( 3.4198)  9.0000( 3.4198)  9.0000( 3.4198)  9.0000( 3.4198)  9.0000( 3.4198)  9.0000( 3.4198)  9.0000( 3.4198)
Centropomus_mexicanus    0.3345( 4.4047)  0.2496( 9.9299)  0.2959(10.3400)  0.1907(11.8961)  0.1779( 8.5836)  0.2024(15.0985)  0.2496( 9.9299)  0.2130( 7.7161)  0.2919(10.5483)  0.1775( 8.5981)  0.3663( 3.7674)  0.2931( 3.5282)  0.2775( 3.3241)  0.3368( 4.0371)  0.3663( 4.6563)  0.3921( 6.4155)  0.3495( 5.5353)  9.0000( 5.5353)  0.3318( 4.7222)  9.0000( 4.7222)  0.3234( 3.5069)  0.3600( 5.5591)  0.3185( 3.0603)  9.0000( 3.0603)  0.2507( 3.0435)  0.3551( 3.7998)  0.3327( 3.1967)  0.2883( 2.9146)  0.3404( 3.5733)  9.0000( 3.5733)  9.0000( 3.5733)  0.3538( 3.2322)  0.2889( 3.3704)  0.3035( 4.4462)  0.3558( 2.9376)  0.3132( 2.6385)  0.2822( 3.3803)  0.3498( 3.6089)  0.3707( 3.0197)  0.3441( 3.7156)  0.3364( 6.7723)  0.3458( 2.8136)  9.0000( 2.8136)  9.0000( 2.8136)  0.4108( 3.5297)  0.2986( 4.1737)  0.2149( 8.3569)  9.0000( 8.3569)
Centropomus_parallelus    0.3478( 4.4912)  0.2480( 9.3033)  0.2787( 9.1409)  0.1999(11.6113)  0.1578( 8.0201)  0.1890(12.7923)  0.2480( 9.3033)  0.1909( 7.1839)  0.2895( 9.9050)  0.1575( 8.0352)  0.3653( 3.6239)  0.3160( 3.8093)  0.2766( 3.1763)  0.3278( 4.0451)  0.3715( 4.5791)  0.3838( 6.0236)  0.3185( 4.6952)  9.0000( 4.6952)  0.3306( 4.5216)  9.0000( 4.5216)  0.3198( 3.5953)  0.3388( 5.3413)  0.3435( 3.5932)  9.0000( 3.5932)  0.2500( 3.1794)  0.3564( 3.9755)  0.3348( 3.3632)  0.2943( 3.1545)  0.3425( 3.7565)  9.0000( 3.7565)  9.0000( 3.7565)  0.3434( 3.2098)  0.3202( 4.1153)  0.3241( 5.0894)  0.3542( 3.0358)  0.3213( 2.6545)  0.2771( 3.4365)  0.3927( 4.5805)  0.3495( 2.8559)  0.3344( 3.7072)  0.3679( 7.9235)  0.3271( 2.6681)  9.0000( 2.6681)  9.0000( 2.6681)  0.4033( 3.5634)  0.3185( 4.7778)  0.2037( 8.3935)  9.0000( 8.3935)  0.0215(23.3187)
Hypopterus_macropterus    0.3223( 3.8337)  0.4149( 5.0421)  0.3994( 4.0443)  0.3549( 3.1087)  0.3836( 3.8792)  0.3470( 3.2115)  0.4149( 5.0421)  0.3709( 4.1515)  0.4261( 4.4918)  0.3823( 3.8801)  0.3792( 4.8960)  0.3871( 3.4051)  0.3155( 4.3516)  0.3829( 4.8293)  0.3956( 5.2197)  0.3552( 4.8155)  0.4244( 6.6097)  9.0000( 6.6097)  0.3663( 4.4225)  9.0000( 4.4225)  0.3651( 4.8620)  0.3367( 4.6770)  0.2583( 5.2243)  9.0000( 5.2243)  0.3522( 5.0210)  0.4593( 6.6887)  0.4398( 5.9165)  0.3708( 5.5748)  0.4371( 6.2879)  9.0000( 6.2879)  9.0000( 6.2879)  0.4620( 5.4659)  0.3266( 4.7495)  0.4150( 5.0668)  0.4562( 4.8974)  0.4222( 4.8210)  0.4543( 7.0708)  0.3660( 4.8836)  0.3804( 4.7242)  0.3780( 5.3028)  0.3045( 3.5941)  0.4477( 5.1150)  9.0000( 5.1150)  9.0000( 5.1150)  0.4672( 4.5457)  0.4165( 5.2818)  0.3470( 3.7813)  9.0000( 3.7813)  0.3272( 2.8357)  0.3374( 3.1096)
Sphyraena_acutipinnis    0.4357( 4.4823)  0.4260( 4.2763)  0.4058( 3.6271)  0.3890( 3.1362)  0.3755( 3.5204)  0.3733( 3.1343)  0.4260( 4.2763)  0.4322( 4.8506)  0.4839( 4.8800)  0.3744( 3.5243)  0.4969( 4.4925)  0.4088( 3.7314)  0.4629( 5.2158)  0.3558( 3.4988)  0.3580( 2.3773)  0.4157( 3.1841)  0.3551( 3.0942)  9.0000( 3.0942)  0.3814( 2.6711)  9.0000( 2.6711)  0.3415( 3.0350)  0.4267( 6.9552)  0.3679( 3.0767)  9.0000( 3.0767)  0.2915( 5.9064)  0.3957( 8.0704)  0.3837( 7.7994)  0.3294( 6.3674)  0.3785( 8.3093)  9.0000( 8.3093)  9.0000( 8.3093)  0.0977(26.1710)  0.3412( 9.9789)  0.3432( 3.3349)  0.3190( 5.4259)  0.3713( 2.7949)  0.3316( 8.3534)  0.3467(10.9766)  0.3056( 5.4831)  0.3662( 3.5249)  0.3497( 4.1155)  0.3026( 7.1767)  9.0000( 7.1767)  9.0000( 7.1767)  0.3553( 3.2602)  0.3441( 3.4846)  0.3630( 3.5818)  9.0000( 3.5818)  0.3665( 3.4354)  0.3720( 3.6555)  0.3874( 3.9941)
Sphyraena_waitii    0.4174( 4.4690)  0.3989( 3.5794)  0.3601( 2.5523)  0.3584( 2.5118)  0.3740( 3.4658)  0.3534( 2.6269)  0.3989( 3.5794)  0.3773( 3.6772)  0.4492( 4.0682)  0.3729( 3.4700)  0.5543( 4.8829)  0.3591( 3.0072)  0.4184( 4.8067)  0.3501( 3.3805)  0.3775( 2.4833)  0.4309( 3.5739)  0.3680( 3.4934)  9.0000( 3.4934)  0.4044( 2.9183)  9.0000( 2.9183)  0.3401( 2.9853)  0.4218( 6.7927)  0.3666( 3.2642)  9.0000( 3.2642)  0.2955( 5.9613)  0.3402( 7.1985)  0.3411( 7.2525)  0.3611( 8.4287)  0.3326( 7.6488)  9.0000( 7.6488)  9.0000( 7.6488)  0.0987(16.6700)  0.3278( 7.8302)  0.3442( 3.0746)  0.3276( 5.5758)  0.3789( 3.0820)  0.3717( 8.7174)  0.3400( 8.3725)  0.3131( 5.6082)  0.3453( 3.1847)  0.3315( 3.7690)  0.2839( 6.5585)  9.0000( 6.5585)  9.0000( 6.5585)  0.3322( 3.1333)  0.3440( 3.1973)  0.3525( 3.0150)  9.0000( 3.0150)  0.3801( 3.3453)  0.3708( 3.3461)  0.4659( 5.1498)  0.0830( 9.7448)

TREE #  1:  (((((14, 40), 21), 41), (((11, 12), (13, 1)), (((3, ((2, 7), 9)), ((6, 4), ((((48, (8, 47)), 10), 5), (50, 49)))), ((((30, ((24, (32, (52, 53))), 44)), ((39, 42), 43)), (((31, 45), 36), (34, 46))), (37, (((35, (27, (26, 29))), 28), (38, (25, 33)))))))), ((51, 23), ((((15, 18), 20), 19), (16, 17))), 22);  MP score: -1.00
lnL(ntime:103  np:105):  -8537.190187    +0.000000
  54..55   55..56   56..57   57..58   58..14   58..40   57..21   56..41   55..59   59..60   60..61   61..11   61..12   60..62   62..13   62..1    59..63   63..64   64..65   65..3    65..66   66..67   67..2    67..7    66..9    64..68   68..69   69..6    69..4    68..70   70..71   71..72   72..73   73..48   73..74   74..8    74..47   72..10   71..5    70..75   75..50   75..49   63..76   76..77   77..78   78..79   79..30   79..80   80..81   81..24   81..82   82..32   82..83   83..52   83..53   80..44   78..84   84..85   85..39   85..42   84..43   77..86   86..87   87..88   88..31   88..45   87..36   86..89   89..34   89..46   76..90   90..37   90..91   91..92   92..93   93..35   93..94   94..27   94..95   95..26   95..29   92..28   91..96   96..38   96..97   97..25   97..33   54..98   98..99   99..51   99..23   98..100 100..101 101..102 102..103 103..15  103..18  102..20  101..19  100..104 104..16  104..17   54..22 
 0.004675 0.126389 0.284757 0.006408 0.024472 0.015296 0.000004 0.167225 0.055269 0.066232 0.041435 0.559352 0.582187 0.205101 0.079669 0.127628 0.000004 0.229434 0.110814 0.107699 0.033708 0.053565 0.000004 0.000004 0.088665 0.093708 0.079567 0.018112 0.035167 0.004472 0.079826 0.000004 0.036532 0.031415 0.062529 0.032716 0.043403 0.000004 0.000004 0.134623 0.006424 0.017380 0.174980 0.000004 0.199913 0.100660 0.015603 0.060605 0.026969 0.103801 0.033448 0.037444 0.003652 0.042974 0.041814 0.059850 0.154306 0.103464 0.083631 0.015126 0.044592 0.202398 0.249773 0.039831 0.079599 0.060886 0.143030 0.223048 0.003178 0.000004 0.091763 0.177525 0.003159 0.000004 0.018420 0.566067 0.180814 0.010916 0.002277 0.008056 0.000004 0.242282 0.085444 0.000004 0.000004 0.176345 0.000004 0.037007 0.204023 0.306017 0.237411 0.182753 0.111235 0.004730 0.026193 0.001733 0.078402 0.093957 0.049040 0.066746 0.241470 0.155758 0.294914 12.962106 0.192164
