
Printing out site pattern counts


        53        420  P

Caranx_caninus                  ---------- ---------- ---------- -AAAAAAAAA AAAAAAAAAA AAAAAAAAAA AAAAAAAAAA AAAAAAAAAA AAAAAAAAAA AAAAAAAAAA AAAAAAAAAA AAAAAAAAAA AAAAAAAAAA AAAAAAAAAA AAAAAAAAAA AACCCCCCCC CCCCCCCCCC CCCCCCCCCC CCCCCCCCCC CCCCCCCCCC CCCCCCCCCC CCCCCCCCCC CCCCCCCCCC CCCCCCCCCC CCCCCCCCCC CCCCCCCCCC CGGGGGGGGG GGGGGGGGGG GGGGGGGGGG GGGGGGGGGG GGGGGGGGGG GGGGGGGGGG GGGGGGGGGG GTTTTTTTTT TTTTTTTTTT TTTTTTTTTT TTTTTTTTTT TTTTTTTTTT TTTTTTTTTT TTTTTTTTTT TTTTTTTTTT TTTTTTTTTT 
Centropomus_armatus             ---------- ---------- --AAAGTTTT T-AAAAAAAA AAAAAAAAAA AAAAAAAAAA AAAAAAAAAA AAAAAAAAAA AAAAAAAAAA AAAAAAAAAA AAAAAAAAAA AAACCCCCCC CCCCCCCGGG GGGGGGGGGT TTTTTTTTTT TT-AAAAAAA AAAAAACCCC CCCCCCCCCC CCCCCCCCCC CCCCCCCCCC CCCCCCCCCC CCCCCCCCCC CCCCCCCCGG GGGGTTTTTT TTTTTTTTTT TTTTTTTTTT T-AAAAAAAA AAAAAAAAAA AACCCCCCGG GGGGGGGGGG GGGGGGGGGG GGGGGGGGGG GGGGGGTTTT T--AAAAAAA ACCCCCCCCC CCCCCCCCCC CCCCCCCCGG GGGTTTTTTT TTTTTTTTTT TTTTTTTTTT TTTTTTTTTT TTTTTTTTTT 
Centropomus_ensiferus           ---------- ---------- -TAAAATTTT T-AAAAAAAA AAAAAAAAAA AAAAAAAAAA AAAAAAAAAA AAAAAAAAAA AAAAAAAAAA AAAAAAAAAA AAAAAAAAAA GGGCCCCCCC CCCCTTTAAA AGGGGGGGGA AACCCGTTTT TT-AAAAAAA AAAAGGACCC CCCCCCCCCC CCCCCCCCCC CCCCCCCCCC CCCCCCCCCC CCCCCTTTTT TTTTTTTTGG GGGGACCCCC CCTTTTTTTT TTTTTTTTTT T-AAAAAAAA AAAAAAAAAG GTCCCCCTAA GGGGGGGGGG GGGGGGGGGG GGGGGGGGGG GGGGGGTTTT T--AAAAAAA AACCCCCCCC CCCCCCCCCC CCCCTTTTGG GGTAACCCCC CTTTTTTTTT TTTTTTTTTT TTTTTTTTTT TTTTTTTTTT 
Centropomus_medius              ---------- --------AG G-AAC----C T-AAAAAAAA AAAAAAAAAA AAAAAAAAAA AAAAAAAAAA AAAAAAAAAA AAAAAAAAAA AAAACCCGGG GGGGGGGGTT AAGAAAACCC CCCTAAAAAA GAAAGGGGGA ATCCTT-AAC CT-AAAAAAA AACCAACAAC CCCCCCCCCC CCCCCCCCCC CCCCCCCCCC CCCCCCCCTT TTTTTACCCC CCCCTTTTAC GGGGCCCCTT TTCCCCCTTT TTTTTTTTTT T-AAAAAAAA AAAGGGGGGA AACCGGTCGG AAAGGGGGGG GGGGGGGGGG GGGGGGGGGG GGGGGGCGGT T--AAAACGG TAAACCCCCC CCCCCCCTTT TTTTCTTTGG TTGATAACCC TCCCCCCCCC CCTTTTTTTT TTTTTTTTTT TTTTTTTTTT 
Centropomus_nigrescens          ---------- ----ACCTGA G--A-----T T--------- ---------- -----AAAAA AAAAAAAAAA AAAAAAAAAA AAAAACCGGG GGGG--C--- --AAAAGG-A -AA-CCT--- CCCC--T-AA G----GGGGA A--CCC---- T------AAA CC--AAA-A- ---------- CCCCCCCCCC CCCCCCCCCC CCCMTTTT-- ---CC----C CCCT-ACT-- -AGGA-CC-A CT--CCT--- CCCCCTTTTT T----AAAAA AAA----GGA AG-C--TC-G -GG------- --AGGGGGGG GGGGGGGGGG GGGGGGC-GT T--AAAGC-A -A-C----AC CCCCCCC--C CCTT---AGT -T-AC-AATT T----ACCCT TT-------- -CCTTTTTTT TTTTTTTTTT 
Centropomus_pectinatus          ---------- ---------G G--A-----C T--------- ---------- -----AAAAA AAAAAAAAAA AAAAAAAAAA AAAAGAAAAA AAAA--C--- --AGGGAG-T -AG-AAA--- CCCT--A-AA A----GGGGA A--CTT---- T------AAA AA--AACAA- ---------- CCCCCCCCCC CCCCCCCCCC CCCCCCCC-- ---TT----C CCCT-TTT-- -GGGC-CC-T TT--CCC--- TTTTTTTTTT T----AAAAA AAA----AAA AA-C--TC-G -AA------- --GGGGGGGG GGGGGGGGGG GGGGGGC-GT T--AAAAC-G -A-A----CC CCCCCCC--T TTTT---TGG -C-AT-CCCC T----CCCCC CC-------- -TTTTTTTTT TTTTTTTTTT 
Centropomus_robalito            ---------- ---------- --AAAGTTTT T--AAAAAAA AAAAAAAAAA AAAAAAAAAA AAAAAAAAAA AAAAAAAAAA AAAAAAAAAA AAAAAAAAAA AAAAAAAAAA AAACCCC--C CCCCCCCGGG G-GGGGGGGT TTTTTTT-TT TT-AAAAAAA AA-AAACCC- --CCCCCCCC CCCCCCCCCC CCCCCCCCCC CCCCCCCC-- CCCCCCCCCC CCCC-CCCGG GGGGTTTTTT TTTTTTTTTT TTTTTTTTTT T---AAAAAA AAA-AAAAAA AACC-CCC-G GGGGGGGGGG GGGGGGGGGG GGGGGGGGGG GGGGGGTTTT T--AAAAAAA AC-C-CCCCC CCCCCCCCCC CCCC-CCCGG -GGTTTTTTT T---TTTTTT TTTTTTTTTT TTTTTTTTTT TTTTTTTTTT 
Centropomus_undecimalis         ---------- ---T----GA G-CAA---GT T--AAAAAAA AAAAAAAAAA AAAAGAAAAA AAAAAAAAAA AAAAAAAAAA AAACAAGAAA AAAACTCAAG GGAAGTGGAA AAACCTC--C CCCTAATAAA G-GGGGGGGA GTCCTC--AT CT-AAAGAAA CC-CAAA-A- --ACCCCCCC CCCCCCCCCC CCCCCCCCCC CCTCCCTT-- CCTCCACCCC CCCT-CTTAG GAGGACCCTG CCCCCTTTTT AACTTTTTTT T---AAAAAA AAG-AGGAGA AACA-CCC-G AAG-AGGGGG GGAAGGGGGG GGGGGGGGGG GGGGGGCTGT T--AAAATAG AA-C-CCTAC CCCCCCCTTA TTTT-TTAGT -GGACACACC T---CACCCT TTACCTTTTT TTTCTTTTTT TTTTTTTTTT 
Centropomus_unionensis          ---------- ---------- ---A---G-T T--------- ---------- -----AAAAA AAAAAAAAAA AAAAAAAAAA AAMAAAAAAA AAAA--A--- --AAAAAA-A -AG-CCT--- CCCC--C-AM G----GGGGA T--TTA---- T------AAA AA--AACCC- ---------- CCCCCCCCCC CCCCCCCCCC CTCCCCCC-- ---CC----C CCCT-CCT-- -GGGT-CT-T TT--TCT--- TTTTTTTTTT T----AAAAA AAA----AAA AT-C--CC-G -GG------- --GGAAGGGG GGGGGGGGGG GGGGGRT-TT T--AAGAA-A -C-C----CC CCCCCCC--T CCCT---CGG -G-AT-TCCT T----CTTTT TT-------- -TTTTTTTTT TTTTTTTTTT 
Centropomus_viridis             ---------- --T-A-C-GA G--G-----T T--------- ---------- -----AAAAA AAAAAAAAAA AAAAAAAAAA AAAAAAAAAA AAAA--T--- --AAAAAG-A -AA-CTC--- CCCT--T-AA G----GGGGA A--CTT---- C------AAA CC--AGCCA- ---------- CCCCCCCCCC CCCCCCCCCC CCCMCCCT-- ---CT----C CCCT-TCT-- -GGGA-CC-A CT--CCT--- CCYTTTTTTT T----AAAAA AAA----AGA AA-C--TC-G -GG------- --GGGGAGGG GGGGGGGGGG GGGGGRC-GT T--AAAAG-G -A-A----AC CCCCCCC--C TTCT---AGT -A-AT-CCCC T----ACCCA TT-------- -TTCCTTTTT TTTTTTTTTT 
Coryphaena_equiselis            ---------- ---------- ----A---T- --AAAAAAAA AAAAAACGGG TTTTAAAAAA AAAAAAAAAA AAAAAAAAAA AGAAAAAAAA AAAAAACAAA AAAAAAGATT AAAAAATCCA ACCA-AAAAA AAAAGAAGGA A-ATAA-AAA AA-CCTA-AC GTCCAGCCCC TTTACCCCGT ACCCCCCCCC CCCCCCCCGT TTTCCCCTCT CCTTCTCCCC TTTTACTTGT CCCGTTCCTC -ACCCTTCCC AAATTCCGTT T-GGAAAAAA AGGCTAAGGA GCCTGGCGGA AAGGGAAGGG GGGTGGGAAG GGGGGGGGGG GGGGGGCGGT T--ATATATT TCTATTTCTC CCTTTTTACT TTTTCCTTCT TTATAATTTT TTTTTTTTTT TTGTTTTTTT TTTTTCTTTT TTTTTTTTTT 
Echeneis_naucrates              ---------- ---------- ---------- --AAAAAAAA AAAAAGAAAA AAAGAAAAAA AAAAAAAAAA AAAAAAAAAA GAAAGAAAAA AAAACTAATA GGAAATGATA AAAAAACCCA AACATATAAA GAAAGAAAGA ATATAATAAA AA-ACCACCC AACTCAATCC CTATCCCCCC CCCCCCCCCC CCCCCCTTTC TTCCCCCCCT CCTCCCCCTC CTTCTCCTGC CACGTTCCTA AACCTTTCCC CTTCTCTCCT TGAGAAAAAA GGATGAGGGA GTCTGGAGGA GAGGGAGAGG GGGGGGTAGG GGGGGGGGGG GGGGGGGGGG T-TTTTTTCT TAATTTTCTT TTCCTTTTTT TTTTACTCCC TTGAT-AACT TGTTTTCTTT ATTTTCTTTT TTTTTTTTTT TTTTTTTTTT 
Gnathanodon_speciosus           ---------- ---------- ----T----- --AAAAAAAA AAAACAAAAA AAGAAAAAAA AAAAAAAAAA AAAAAAAAAA AAAAAAAAAA AAAAAATAAA AAAAAAAAAA AAAAAACACA AAAATAAAAA GAAAAAAAGA ATAAAGTAAA AACACCCCCC ACCCCACCCC CCCTCCCCCC CCCCCCCCCC CCCCCCCCTC CCCCCCCCCC CCTCCTCCCC CCCCCCCCAC CTCCCCCCTC CCCCCTCACC ACCCCCCCCC TGGGAAGGGG AGGAGGGGGG GAGTGGGGGG GAGGGGGGGG GGGGGGGGGG GGGGGGGGGG GGGGGGGGGG T-TTTCTTCT TCTTTTTTTT TTCTTTTTTT TTTTTTTTCT TTCTTTTCTT TTTTTCTTTT TTTTTTTTTT TTTTTTCTTT TTTTTTTTTT 
Istiophorus_platypterus         ---------- -T-------- ---------- --AAAAAAAA AAAGCAAAAA AAAAAAAAAA AAAAAAAAAA AAAAAAAATT AAAAAAAAAA AAAACCCAAA AAAAAAAA-A AAAAATCTCC ATTGAAAAAA GAAAGGGAGA ACATAATAAA CA-ACTGCCC AACTCTCCCC CTACCCCCAC CACCCCCCCC CCCCCTCCCC CTCCCCCTCC CCCCCCCTCC CCCCCCCTAC TACGTCTCTC CCCCCCT-CT TCCCTCTCCC AGAGAAAAGG AGAGGGGGGG GGCGGGAGGG GAGGGGGGGG GGGGGGGGGA GGGGGGGGGG GGGGGGGGGG T-TTCCTTTT TCATTTTCTT TTCCTTTTCT CTTTTATACT TTGATACTCT TGCTTTCCTC TTTTTTTTTT TTTTTTCTTT TTTTTTTTTT 
Lates_angustifrons              -------AAC T--------- ----TT--T- T-GAAAAAAA AATGAACAAA ATAAAAAAAA AAAAAAAAAA AAAACGGTAA GAAAAAAAAA AAGGCTCGAA AAAAAAGACA AAAAATTTCC AATGAAAAAA GAAAGAGAGA ATATTCTAAA TA-ACTGCCC CGCCAACTCC CTACCCCCAC CCCCCCCCCC CCCTTCATCC TTCCCCCTCC CCCCCTCTCC CTTCCCCTAC CACGCCCCCT ACCTCCTCCC ATTTTCTCCC GAAGAAAAGG GAGAAGGGAG GGCAGGAGGG GGGGGGGGAG GGGGAGCAGT AAGGGGGGGG GGGGGGGGGT T--ATTATAT TCACTCTCCT TTCTCTTTCT CCTTTCTCCC TTGTTTTAAT TGTTTCCTTA TTTTTCTTTT TCCTCTTCTT TTTTTTTTTT 
Lates_calcarifer                ------TAAC ---------- ---------- T--------- ---------- ---------- ---AAAAAAA AAAATAA-AA GA---AA--A AA-A------ --AA-AG--A -A--A-C--- A-----A-A- G----AGAGC A--TA----- T------TCC C----A-C-- ---------- -T------AC CCTCTCA-TC TTT-CCCC-- ----T----- --TC--TT-- -A----CC-T AT--CCC--- C---T-T-CC -----AAAAG G------AAG -G-T-----G ---------- --GG-A-AGT AA-------G GGGGG-A-GT T--T-TAT-C ---C-----T TTCTCTT--T CCTT---T-- ----C-T-CT T----CC--A TT-------- --CTCTTC-- ----CTTTTT 
Lates_japonicus                 ----CT-AAC T--------- ----T---G- T-GAAAAAAA AGTGAACAAA ATAAAAAAAA AAGAAAAAAA AAAGTAACAG GAAAAAAAAA AAGAT-CAAA AAAGAAGACA AAAAATCTCC AACGAAAAAA GAAAGAGAGA G-ATTCTAAA CACACTGCCC CACCAACCCC CTACCCCTAC CTCCCCCCCC CCTCTCATCC TTTCCCCCCC CCCCTCCTCC CTCCTCTTAC CGCGCCCCCC TTCTCCC-CC CTTCTCTCCC GAAGAAAAGG GAAAAAGGAG GGCCGGAGGG GGGGGGGGAG GGGGAACAGT AAGGGGGGGA GGGGGGAGGT T--CTTGTAC TCATTCTCCC TTCTCCTTCT CCTTTCTTCC TTGTTTCACT TGTTTCCTTA TTTTTCTTTT TTCTTTTTTT TTTTCCTTTT 
Lates_microlepis                -------AAC T--------- ----TT--T- T-GAAAAAAA AATGAACAAA ATAAAAAAAA AAAAAAAAAA AAAACGGTAA GAAAAAAAAA AAGGCTCGAA AAAAAAGACA AAAAATTTCC AATGAAAAAA GAAAGAGAGA ATATTCTAAA TA-ACTGCCC CGCCAACTCC CTACCCCCAC CCCCCCCCCC CCCTTCATCC TTCCCCCTCC CCCCCTCTCC CTTCCCCTAC CACGCCCCCT ACCTCCTCCC ATTTTCTCCC GAAGAAAAGG GAGAAGGGAG GGCAGGAGGG GGGGGGGGAG GGGGAGCAGT AAGGGGGGGG GGGGGGGGGT T--ATTATAT TCACTCTCCT TTCTCTTTCT CCTTTCTCCC TTGTTTTAAT TGTTTCCTTA TTTTTCTTTT TCCTCTTCTT TTTTTTTTTT 
Lates_niloticus                 -------AAC T--------- ----CT--T- T-GAAAAAAA AATGAACAAA ATAAAAAAAA AAAAAAAAAA AAAACAGTAA GAAAAAAAAA AAGGC-TAAA AAAAAAGACA AAAAATTTCC AATGAAAAAG GAAAGAGAGA A-ATATTAAA TA-ACTGCCC CGCCAACTCC CTACCCCCAC CCCCCCCCCC CCTTTCATCC TTCCCCCTCC CCCCCCCTCC CTTCCCTTAC CACGCCCCCC ACCCCCTCCC ATTCTCTCCC GAAGAAAAGG GAAAAGGGGG GACAGGAGGG GGGGGGGGAG GGGGAACAGT AAGGGGGGGG GGGGGGAGGT T--ATTTTAT TCACTCTCCT TTCTCTTTCT CCTTTCTCCC TTGTTTTAAT TGTTTCCTTA TTTTTCTTTT TTCTTTTCTT TTTTCTTTTT 
Lates_stappersii                -------AAC T--------- ----A---T- T-GAAAAAAA AATGAACAAA ATAAAAAAAA AAAAAAAAAA AAAACAGTAA GAAAAAAAAA AAGGC-CAAA AAAAAAGACA AAAAATCTCC AATGAAAAAA GAAAGAGAGA A-ATTCTAAA TA-ACTGCCC CGCCAACCCC CTACCCCCAC CCCCCCCCCC CCTTTCATCC TTCCCCCTCC CCCCCTCTCC CTCCCCTTAC CACGCCCCCT ACCCCCTCCC ATTCTCTCCC GAAGAAAAGG GAAATGGGAG GGCAGGAGGG GGGGGGGGAG GGGGAACAGT AAGGGGGGGG GGGGGGAGGT T--ATTATAT TCACTCTCCT TTCTCTTTCT CCTTTCTCCC TTGTTTTAAT TGTTTCCTTA TTTTTCTTTT TCCTTTTCTT TTTTCTTTTT 
Makaira_nigricans               ---------- -T-------- ---------- --AAAAAAAA AAAGCAAAAG AAAAAAAAAA AAAAAAAAAA AAAAAAAATT AAAAAAAAAA AAAACCCAAA AAAAAAAA-A AAAAATCTCC ATTGAAAAAA GAAAGGGAGA ACATAATAAA CA-ACTGCCC AACTCTCCCC CTACCCCCAC CGCCCCCCCC CCCCCTCCTC CTCCCCCTCC CCCCCCCTCC CCCCCCCTAC TACGTCTCTC CCCCCCT-CT TCCCTCTCCC AGAGAAAAGG AGAGGGGGGG GGCAGGAGGG GAGGGGGGGG GGGGGGGGGA GGGGGGGGGG GGGGGGGGGG T-TTCCTTTT TCATTTTCTT TTCCTTTTCT CTTTTATACT TTGATACTCT TGCTTTCCTC TTTTTTTTTT TTTTTTCTTT TTTTTTTTTT 
Nematistius_pectoralis          -AGT----A- -------T-- ---AC----- --AAAAAAAA GGAACAAAAA AAAAAAAAAA AAGAAAAAAA GGTAAAGAAC AAAAAAGAGA AAAAAATGAA AGAAATGAAA AAAAATCTCA ACAGAAAAAT GAAAGAGGGA GTTTAATAAA AA-ACCGCCC AACCCATTCC CTACCCCCAC TTACCCCCCC CTCCCCCTTC CTCCCCCACC CCTCCCCCCT TCCTTTTTAC TAAGCTCCTC ATCCCCCTCT CCCTCCTCTC GGGGAAAAAA GATGGTGGGG GACTGGAGGT GAGGGGGAGG GGGGGGAGAT AGAGGGGGGG GGGGGGGGGT T-TTTTACTT TCATTCTCCC TTGCTCTCCT CTTTTTTTCA TTGTTGTTCT CGTTTCCTTC CTTTTACTTT TTATTTTTTT TTTTTTCTTT 
Psammoperca_waigiensis          ---------- ---------- ---------- ---------- ---------- ---------- AAA-AAAAAG AAAAAAA-A- AA-A--A--- -A-A------ --AA-AAA-A -A--A-C--- AAA---A-A- G----AAAGA A--AA----- --C-----CC C----ACCC- ---------- C-C---CCC- CCCCCCC-TC CCT--CCC-- ---CC----- --CC--CC-- -T--C-CC-- CC--CTC--- A--C-CCCCC -----AGGGG A-G----GGG -A-T---G-G ---------- --GG-GGGG- GGG----GGG -GGGG-G-GG T---TC-T-- ---T-----T TTCTT-T--- -TTT---T-- ---TC-T-TT -----TT--T TT-------- --TTTT-T-- --TTTTTTTT 
Sphyraena_africana              ---------- ---------- ---------A ------AACG -----AG-G- --AT---AAC ---------- -------G-- --A-A---A- --G-ATGAA- -G--T----- --G--T---- ---GAG-A-A ---------- -----A--A- ---A--G--- -T--C----- --GT-CTCC- -----C---- -------C-- ---C------ CCC--T--G- CC---T---- --CG------ --AT----TT -TT------- T--------- -A----A--- A-C---A--- -GG---GGG- GG--G----- -----GG--- -----G---- ---------- -C----TCC- --------C- ---------T -TA--A-A-- -------TA- --T--T---- T--------- TT-------- 
Sphyraena_barracuda             -------G-- ----T-A--- ---TC---T- -ATAGTAAAA AAAACACAAG AAAAAAAAAA AAAAAAAAGA AAAAAAACAC CAAAAAAAAA CAGACACGAA GGAAAAGGTT AAAAATTCCT ACTGAATAAA AAAAGAAGGA GGATAATAAA CT-ACCGCCC TCCCCCTCCC CCACCCCCCC AGCCCCCCCC CCCCCCCCCC CTCCCCCTCT CCCTTACTCT CTCCGTTCAC TCCGTCCCCC ACCCTCTACC CCTTCTTTCC T-GGAAAAAG GGATCGGGAG GACAGGAGGG GAGGGGGGGG GGGGGGGGGG GGGGGGGGGG GAAGGGGGGT GA-TTCCATT TCATCCTCCT TTCATTTAAT ATTTTTTTCC TTAATATATT CTTTTCCTTT TTTCTTTCTT TCCTTCCTTT TTTTTTTCCT 
Sphyraena_borealis              A------G-- ------A--- ----CT--C- --AAGCAAAG AAAAAACGAA AAGAAAAAAA AAAAAAAGAA AGAAAAACAT TGGAAAAAAA CAGACGCAAA GGAAAAGATT AAAAATCTCC ACTGCATAAA GAAAGAAGGA GGATAACAAA CT-ACCGCCC ACCTACTCAC CAACCCCCCC AACCCCCCCC CCCCCTCCTC CTCCCCCCCT CCCCTACTCC CTCAGCCTAC TCCGCCCCCC ACCCCTTGCC CCCTTTTTCA T-GAAAAAAG GGATTAGG-G GGCAGGAGGG GAGGGGGGGG GGGAAGAGGG GGGGGGGGGG GGGGGGAGGT T--TCAATTT TCATCCTCCT TTTATTTAAT CTTTTTTCCC GTAATTTTCT CTTTTCCTTC TTTCTTTTTT TCCTTCTTTT TTTTTTCCCT 
Sphyraena_ensis                 A------G-- ------A--- ----CT--C- --TAGCAAAG AAAACACGAA AAGAAAAAAA AAAAAAAGAA AGAAAAACAT TGGAAAAAAA CAGACGCAAA GGAAAAGATT AAAAATCTCC ACTGCATAAA GAAAGAAGGA GGATAACAAA CT-ACCGCCC ACCTACTCAC CCACCCCCCC AACCCCCCCC CCCCCTCCCC CTCCCCCCCT CCCCTACTCC CTCAGCCCAC TCCGCCCCCC ACCCCTTGCC CCCTTTTTCC T-GGAAAAAG GGATTAGG-G GGCAGGAGGG GAGGGGGGGG GGGAAGAGGG GGGGGGGGGG GGGGGGAGGT T--TCAATTT TCATCCTCCT TTTATTTAAT CTTTTTTCCC TTAATTTTCT CTTTTCCTTC TTTCTTTTTT TCCTTCTTTT TTTTTTCCCT 
Sphyraena_forsteri              ---------- ----T-A--- ---------- ------AGAA -----AC-G- --AA---AAA ---------- -------C-- --A-A---A- --G-CACAA- -G--A----- --A--T---- ---GAA-A-A ---------- -----A--A- ---T--G--- -C--C----- --AC-CCCC- -----C---- -------C-- ---C------ CTC--A--C- CT---T---- --CG------ --CC----CC -CC------- T--------- -G----G--- A-C---A--- -AG---GGG- GG--G----- -----GG--- -----G---- ---------- -C----TTC- --------G- ---------C -TA--A-T-- -------TC- --T--T---- T--------- TT-------- 
Sphyraena_guachancho            A------G-- ------A--- ----CT--C- --TAGCAAAG AAAAAACGAA AAGAAAAAAA AAAAAAAGAA AGAAAAACAT TGGAAAAAAA CAGACGCAAA GGAAAAGATT AAAAATCTCC ACTGCATAAA GAAAGAAGAA GGATAACAAA CT-ACCGCCC ACCTACTCAC CCACCCCCCC AACCCCCCCC CCCCCTCCTC CTCCCCCCCT CCCCTACTCC CTCAGCCTAC TCCGCCCCCC ACCCCTTGCC CCCTTTTTCC T-GGAAAAAG GGATTAGGAG GGCAGGAGGG GAGGGGGGGG GGGAAGAGGG GGGGGGGGGG GGGGGGAGGT T--TCAATTT TCATCCTCCT TTTATTTAAT CTTTTTTCCC TTAATTTTCT CTTTTCCTTC TTTCTTTTTT TCCTTCTTTT TTTTTTCCCT 
Sphyraena_helleri               ---------- ---------- ---------A ------AATA -----AA-G- --GA---AAC ---------- -------A-- --C-A---A- --G-TATAT- -G--T----- --A--T---- ---AAT-A-A ---------- -----A--A- ---A--G--- -A--C----- --GC-CCCC- -----C---- -------C-- ---C------ CCC--A--G- CC---T---- --CG------ --AC----TT -CC------- T--------- -A----G--- A-C---A--- -GG---GGG- AG--G----- -----GG--- -----G---- ---------- -C----TCC- --------T- ---------T -TA--A-A-- -------TA- --T--T---- T--------- TT-------- 
Sphyraena_iburiensis            ---------- ---------- ---------- ------AACA -----AA-G- --AT---AGA ---------- -------G-- --A-G---A- --G-TATAA- -T--T----- --A--T---- ---G-A-A-T ---------- -----A--A- ---A--G--- -A-------- --CC-CCCC- -----C---- -------C-- ---C------ CCT--T--C- CC---C---- --CG------ --CC----CC -TA------- T--------- -G----G--- G-T---A--- -GG---GGA- GG--G----- -----GG--- -----G---- ---------- -A----TTG- --------C- ---------T -CA--A-A-- -------TA- --T--C---- T--------- TT-------- 
Sphyraena_japonica              ---------- ---------- ---------A ------AACG -----AG-G- --AA---AAC ---------- -------T-- --G-A---A- --G-GCCAC- -G--T----- --A--T---- ---G-G-A-A ---------- -----A--A- ---T--G--- -T--C----- --GT-CTCC- -----C---- -------C-- ---C------ CCC--A--G- CC---T---- --CG------ --AT----TT -TT------- T--------- -A----A--- A-C---A--- -GG---GGG- GG--G----- -----GG--- -----G---- ---------- -C----TCT- --------C- ---------T -TA--A-A-- -------TA- --T--T---- T--------- AT-------- 
Sphyraena_jello                 ---------- ---TC-A--- --T------- ------AAAG -----AC-G- --AA---AAA ---------- -------C-- --A-A---A- --G-AACAA- -G--A----- --A--T---- ---GAA-A-T ---------- -----A--A- ---A--G--- -C--A----- --AC-CCCC- -----C---- -------C-- ---C------ CCC--A--C- CT---C---- --CG------ --CT----CC -CC------- T--------- -G----G--- G-C---A--- -AG---GGG- GG--A----- -----GG--- -----G---- ---------- -C----TCC- --------A- ---------C -TA--T-C-- -------TT- --T--T---- T--------- TT-------- 
Sphyraena_obtusata              ---------- ---A------ --C------- ------AAAG -----AA-G- --GA---AAA ---------- -------A-- --A-G---A- --G-AATAG- -T--T----- --G--T---- ---GCA-A-T ---------- -----A--A- ---A--G--- -A-------- --AT-CCCC- -----C---- -------T-- ---C------ CAT--T--C- CC---C---- --TG------ --CC----CC -TA------- G--------- -G----A--- G-C---A--- -AA---GAA- GG--G----- -----GG--- -----G---- ---------- -A----TCT- --------C- ---------T -CA--A-A-- -------TA- --T--C---- T--------- TT-------- 
Sphyraena_picudilla             A------G-- ------A--- ----CT--C- --TAGCAAAG AAAAAACGAA AAGAAAAAAA AAAAAAAGAA AGAAAAACAT TGGAAAAAAA CAGACGCAAA GGAAAAGATT AAAAATCTCC ACTGCATAAA GAAAGAAGGA GGATAACAAA CT-ACCGCCC ACCTACTCAC CCACCCCCCC AACCCCCCCC CCCCCTCCTC CTCCCCCCCT CCCCTACTCC CTCAGCCTAC TCCGCCCCCC ACCCCTTGCC CCCTTTTTCC T-GGAAAAAG GGATTAGG-G GGCAGGAGGG GAGGGGGGGG GGGAAGAGGG GGGGGGGGGG GGGGGGAGGT T--TCAATTT TCATCCTCCT TTTATTTAAT CTTTTTTCCC TTAATTTTCT CTTTTCCTTC TTTCTTTTTT TCCTTCTTTT TTTTTTCCCT 
Sphyraena_pinguis               ---------- ---------- ---------- ------AACG -----AG-G- --AA---AGA ---------- -------A-- --A-A---A- --G-AACAA- -T--T----- --A--T---- ---G-A-A-T ---------- -----A--A- ---A--G--- -G-------- --AC-CCCC- -----C---- -------C-- ---C------ CCC--T--C- CC---C---- --TG------ --CC----CC -TA------- T--------- -G----G--- G-C---A--- -GG---GGA- GG--G----- -----GG--- -----G---- ---------- -A----TCG- --------C- ---------T -CA--T-A-- -------TA- --T--C---- T--------- TT-------- 
Sphyraena_putnamae              ---------- ----A-T--- ---------- ------AAAT -----AC-A- --AA---AAA ---------- -------C-- --A-A---A- --G-AACAA- -G--A----- --G--C---- ---G-A-A-A ---------- -----A--A- ---A--G--- -A--C----- --GT-CCTC- -----C---- -------T-- ---C------ CCC--T--C- CT---T---- --CG------ --CC----CC -CC------- T--------- -G----G--- G-T---A--- -TG---GAG- GG--A----- -----AG--- -----G---- ---------- -C----TCT- --------G- ---------C -TA--A-A-- -------TT- --T--T---- T--------- TT-------- 
Sphyraena_qenie                 -------G-- ----C-A--- ---TC---T- -ATAGTAAAA AAAATACAGA AAAAAAAAAA AAAAAAAAAA AAAAAAACAC CAAAAAAAAA CAGACACAAA GGAAAAGG-T AAAAATTCCC ACTGAATAAA GAAAGAAGGA GGATACTAAA CT-ACCGCCC ACCCCCTCCC CCACCCCCCC AGCCCCCCCC CCCCCCCCCC CTCCCCCTCT CCCTTACTCT CTCTGCTCAC TTCGCCCCCC ACCCCTT-CC TCTTTTTTCC T-GGAAAAAG GGATCAGGAA GGCAGGAGGG GAGGGGGGGG GGGGGGGGGG GGGGGGGGGG GAAAGGGGGT GA-TCCAACC TCATCCTCCT TTCATTTAAT ATTTTTTTCC TTAATATATT CTTTTCCTTT TTTCTTTCTT TCTTTCCTTT TTTTTTTCTT 
Sphyraena_viridensis            ---------- -T-------- ---T------ ---------- ---------- ------A--- -A-AACTAAA AGAAAAA-AC TG-A-CA--A CA-A------ --AA-AG--T -A--G-A--- A-----T-G- G----AAGGA A--AA----- C------CCC G----ATC-- ---------- -AC-C--CCC CCCCCCC-CC CCC-CCCT-- ---TT----C --TT--TT-- -A--C-CC-C GC--CTT--- T---T-C-CC -----AAGGG G-G----GGG -A-T-----G ---------- --GG-AGGGG GGG-G---GG GAGGG-G-GG T--TCCAT-C ---C-----C CTTTTTC--T ATTT---GC- ---AC-T-TT C----CC--T TT-------- -CCTTCTT-T ---TTTCTTT 
Tetrapturus_audax               ---------- -T-------- ---------- --AAAAAAAA AAAGCAAAAG AAAAAAAAAA AAAAAAAAAA AAAAAAAATT AAAAAAAAAA AAAACCCAAA AAAAAAAA-A AAAAATCTCC ATTGAAAAAA GAAAGGGAGA ACATAATAAA CA-ACTGCCC AACTCTCCCC CTACCCCCAC CACCCCCCCC CCCCCTCCTC CTCCCCCTCC CCCCCCCTCC CCCCCCCTAC TACGTCTCTC CCCCCCT-CT TCCCTCTCCC AGAGAAAAGG AGAGGGGGGG GGCAGGAGGG GAGGGGGGGG GGGGGGGGGA GGGGGGGGGG GGGGGGGGGG T-TTCCTTTT TCATTTTCTT TTCCTTTTCT CTTTTATACT TTGATACTCT TGCTTTCCTC TTTTTTTTCT TTTTTTCTTT TTTTTTTTTT 
Xiphias_gladius                 ---------- ---------- ---------- --AAAAAAAA AAAGCAAAAA AAAAAAAAAA AAGAAAAAAA AAAAAAAAAA AAAAAAAAAA AAAAACCAAA AAAAAGAAAA AAAAATCTCT ACCGAAAAAA GAAGGAGAGA ATATAAAAAA CA-ACTGCCC GACTCTCCCC CTACCCCCAC -TCCCCCCCC CCCCCCCCTC CTCCCCCTCC CCCCCCCTCC CCCCCCCTAC TGCGTCCCCT GTCCTCTCCT CCCCTCTCCC ATAGAAAAGG AGAAGGGGGG GACAGGAGGG GAGGGGGGGG GGGGGGGGGA GGGGGGGGGG GGGGGGGGGG T-TTCCTTTA TCATTTTCTT TTCCTTTTCT CTTTTCTCCT TTGATACTCT TGTTTTCTTC TTTTTTTTTT TTTTTTCTTT TTTTTTTTTT 
Sphyraena_argentea              ---------- ---------- ---------- ---------- ---------- ---------- ---------- ---------- ---------- ---------- ---------- ---------- ---------- ---------- ---------- ---------- ---------- ---------- ---------- ---------- ---------- ---------- ---------- ---------- ---------- ---------- ---------- ---------- ---------- ---------- ---------- ---------- ---------- ---------- ---------- ---------- ---------- ---------- ---------- ---------- ---------- ---------- 
Sphyraena_idiastes              ---------- ---------- ---------- ---------- ---------- ---------- ---------- ---------- ---------- ---------- ---------- ---------- ---------- ---------- ---------- ---------- ---------- ---------- ---------- ---------- ---------- ---------- ---------- ---------- ---------- ---------- ---------- ---------- ---------- ---------- ---------- ---------- ---------- ---------- ---------- ---------- ---------- ---------- ---------- ---------- ---------- ---------- 
Sphyraena_novaehollandiae       ---------- ---------- ---------- ---------- ---------- ---------- ---------- ---------- ---------- ---------- ---------- ---------- ---------- ---------- ---------- ---------- ---------- ---------- ---------- ---------- ---------- ---------- ---------- ---------- ---------- ---------- ---------- ---------- ---------- ---------- ---------- ---------- ---------- ---------- ---------- ---------- ---------- ---------- ---------- ---------- ---------- ---------- 
Sphyraena_chrysotaenia          ---------- ---------- ---------- ---------- ---------- ---------- ---------- ---------- ---------- ---------- ---------- ---------- ---------- ---------- ---------- ---------- ---------- ---------- ---------- ---------- ---------- ---------- ---------- ---------- ---------- ---------- ---------- ---------- ---------- ---------- ---------- ---------- ---------- ---------- ---------- ---------- ---------- ---------- ---------- ---------- ---------- ---------- 
Sphyraena_flavicauda            ---------- ---------- ---------- ---------- ---------- ---------- ---------- ---------- ---------- ---------- ---------- ---------- ---------- ---------- ---------- ---------- ---------- ---------- ---------- ---------- ---------- ---------- ---------- ---------- ---------- ---------- ---------- ---------- ---------- ---------- ---------- ---------- ---------- ---------- ---------- ---------- ---------- ---------- ---------- ---------- ---------- ---------- 
Centropomus_irae                ---------- ---------- ---------- ---------- ---------- ---------- ---------- ---------- ---------- ---------- ---------- ---------- ---------- ---------- ---------- ---------- ---------- ---------- ---------- ---------- ---------- ---------- ---------- ---------- ---------- ---------- ---------- ---------- ---------- ---------- ---------- ---------- ---------- ---------- ---------- ---------- ---------- ---------- ---------- ---------- ---------- ---------- 
Centropomus_poeyi               ---------- ---------- ---------- ---------- ---------- ---------- ---------- ---------- ---------- ---------- ---------- ---------- ---------- ---------- ---------- ---------- ---------- ---------- ---------- ---------- ---------- ---------- ---------- ---------- ---------- ---------- ---------- ---------- ---------- ---------- ---------- ---------- ---------- ---------- ---------- ---------- ---------- ---------- ---------- ---------- ---------- ---------- 
Centropomus_mexicanus           ---------- ---------- ---------- ---------- ---------- ---------- ---------- ---------- ---------- ---------- ---------- ---------- ---------- ---------- ---------- ---------- ---------- ---------- ---------- ---------- ---------- ---------- ---------- ---------- ---------- ---------- ---------- ---------- ---------- ---------- ---------- ---------- ---------- ---------- ---------- ---------- ---------- ---------- ---------- ---------- ---------- ---------- 
Centropomus_parallelus          ---------- ---------- ---------- ---------- ---------- ---------- ---------- ---------- ---------- ---------- ---------- ---------- ---------- ---------- ---------- ---------- ---------- ---------- ---------- ---------- ---------- ---------- ---------- ---------- ---------- ---------- ---------- ---------- ---------- ---------- ---------- ---------- ---------- ---------- ---------- ---------- ---------- ---------- ---------- ---------- ---------- ---------- 
Hypopterus_macropterus          ---------- ---------- ---------- ---------- ---------- ---------- ---------- ---------- ---------- ---------- ---------- ---------- ---------- ---------- ---------- ---------- ---------- ---------- ---------- ---------- ---------- ---------- ---------- ---------- ---------- ---------- ---------- ---------- ---------- ---------- ---------- ---------- ---------- ---------- ---------- ---------- ---------- ---------- ---------- ---------- ---------- ---------- 
Sphyraena_acutipinnis           ---------- ---------- ---------- ---------- ---------- ---------- ---------- ---------- ---------- ---------- ---------- ---------- ---------- ---------- ---------- ---------- ---------- ---------- ---------- ---------- ---------- ---------- ---------- ---------- ---------- ---------- ---------- ---------- ---------- ---------- ---------- ---------- ---------- ---------- ---------- ---------- ---------- ---------- ---------- ---------- ---------- ---------- 
Sphyraena_waitii                ---------- ---------- ---------- ---------- ---------- ---------- ---------- ---------- ---------- ---------- ---------- ---------- ---------- ---------- ---------- ---------- ---------- ---------- ---------- ---------- ---------- ---------- ---------- ---------- ---------- ---------- ---------- ---------- ---------- ---------- ---------- ---------- ---------- ---------- ---------- ---------- ---------- ---------- ---------- ---------- ---------- ---------- 



    1    1    1    3    2    1    1    1    1    1    1    1    1    1    1
    1    1    1    1    1    1    4    1    1    1    1    1    1    1    1
    1    1    1   23    1    1   14    1    1    1    1    1    2    1    1
    1    1    1    1    1    2    1    1    1    2    8    1   13    1    1
    4    3    1    6   55    1    1    1    1    1    1    1    1    1    1
    1    1    1    1    1    1    1    1    1    1    1    1    1    1    1
    1    1    1    1    1    1    1    1    1    2    1    1    1    1    1
    1    1    1    1    1    1    1    1    1    1    1    1    1    1    1
    1    1    1    1    1    1    1    1    1    1    1    1    1    1    1
    1    1    1    1    1    1    1    1    1    1    1    1    1    1    1
    1    1    1    1    1    1    1    1    1    1    1    1    1    1    1
    1    1    1    1    1    1    1    1    1   27    7    1    1    1    2
    1    1    1    7    2    8   12    4    1    1   48    1    1    1    1
    1    1    1    1    1    1    1    1    1    1    1    1    1    1    1
    1    1    1    1    1    1    1    1    1    1    1    1    1    1    1
    1    1    1    1    1    1    1    1    1    1    1    1    1    1    1
    1    1    1    1    1    1    1    1    1    1    1    1    1    1    1
    1    1    1    1    1    1    1    1    1    1    2    1    1    1    1
    1    1    1    1    1    1    1    1    1    1    1    1    1    1    1
    1    1    1    1    1    1    1    1    1    1    1    1    1    1   26
    1   17    1    1    1    1    1    1    1    1    1    1    1    4    2
    1    7    2    5    1    1    1    1    1   53    1    1    1    1    1
    1    1    1    1    1    1    1    1    1    1    1    1    1    1    1
    1    2    1    1    1    1    1    1    1    2    1    1    1    1    1
    1    1    1    1    1    1    1    1    1    1    1    1    1    1    1
    1    1    1    1    1    1    1    1    1    1    1    1    1    1    1
    1    1    1    1    2    1    1    1    1   12    8    1    1    1    1
    1    1    1    6    2    1    6    2    2    1    1    1    1    1   34



BASEML (in paml version 4.9j, February 2020)  tmp0001.txt  HKY85 dGamma (ncatG=5)
Frequencies..
                                    T      C      A      G
Caranx_caninus                 0.19623 0.27296 0.30566 0.22516 GC = 0.498
Centropomus_armatus            0.20275 0.27409 0.31039 0.21277 GC = 0.487
Centropomus_ensiferus          0.20672 0.26401 0.31756 0.21171 GC = 0.476
Centropomus_medius             0.18570 0.27353 0.31117 0.22961 GC = 0.503
Centropomus_nigrescens         0.18147 0.29204 0.30531 0.22117 GC = 0.513
Centropomus_pectinatus         0.19429 0.27810 0.31619 0.21143 GC = 0.490
Centropomus_robalito           0.20387 0.26710 0.31355 0.21548 GC = 0.483
Centropomus_undecimalis        0.17982 0.27038 0.32212 0.22768 GC = 0.498
Centropomus_unionensis         0.20992 0.27660 0.31235 0.20113 GC = 0.478
Centropomus_viridis            0.18600 0.28369 0.32162 0.20868 GC = 0.492
Coryphaena_equiselis           0.23253 0.23507 0.32147 0.21093 GC = 0.446
Echeneis_naucrates             0.22250 0.24273 0.31985 0.21492 GC = 0.458
Gnathanodon_speciosus          0.20277 0.27078 0.30730 0.21914 GC = 0.490
Istiophorus_platypterus        0.20228 0.26802 0.30594 0.22377 GC = 0.492
Lates_angustifrons             0.20901 0.26658 0.30413 0.22028 GC = 0.487
Lates_calcarifer               0.23398 0.24513 0.32033 0.20056 GC = 0.446
Lates_japonicus                0.20275 0.27785 0.30038 0.21902 GC = 0.497
Lates_microlepis               0.20901 0.26658 0.30413 0.22028 GC = 0.487
Lates_niloticus                0.20703 0.26725 0.30991 0.21581 GC = 0.483
Lates_stappersii               0.20226 0.27136 0.31156 0.21482 GC = 0.486
Makaira_nigricans              0.20354 0.26675 0.30468 0.22503 GC = 0.492
Nematistius_pectoralis         0.21598 0.25218 0.30587 0.22597 GC = 0.478
Psammoperca_waigiensis         0.20157 0.28534 0.28010 0.23298 GC = 0.518
Sphyraena_africana             0.21798 0.19470 0.31113 0.27620 GC = 0.471
Sphyraena_barracuda            0.20301 0.27444 0.29699 0.22556 GC = 0.500
Sphyraena_borealis             0.19748 0.27421 0.29937 0.22893 GC = 0.503
Sphyraena_ensis                0.19748 0.28050 0.29308 0.22893 GC = 0.509
Sphyraena_forsteri             0.17619 0.25145 0.32671 0.24566 GC = 0.497
Sphyraena_guachancho           0.19975 0.27638 0.29648 0.22739 GC = 0.504
Sphyraena_helleri              0.20052 0.21798 0.34023 0.24127 GC = 0.459
Sphyraena_iburiensis           0.19820 0.22188 0.31660 0.26332 GC = 0.485
Sphyraena_japonica             0.21341 0.20756 0.30708 0.27195 GC = 0.480
Sphyraena_jello                0.17413 0.25429 0.33445 0.23712 GC = 0.491
Sphyraena_obtusata             0.18887 0.20634 0.35770 0.24709 GC = 0.453
Sphyraena_picudilla            0.20000 0.27673 0.29434 0.22893 GC = 0.506
Sphyraena_pinguis              0.17452 0.23372 0.32252 0.26924 GC = 0.503
Sphyraena_putnamae             0.20052 0.22380 0.34023 0.23545 GC = 0.459
Sphyraena_qenie                0.20101 0.27513 0.30151 0.22236 GC = 0.497
Sphyraena_viridensis           0.21538 0.27179 0.26667 0.24615 GC = 0.518
Tetrapturus_audax              0.20228 0.26802 0.30594 0.22377 GC = 0.492
Xiphias_gladius                0.20101 0.26549 0.30847 0.22503 GC = 0.491
Sphyraena_argentea             0.25000 0.25000 0.25000 0.25000 GC = 0.500
Sphyraena_idiastes             0.25000 0.25000 0.25000 0.25000 GC = 0.500
Sphyraena_novaehollandiae      0.25000 0.25000 0.25000 0.25000 GC = 0.500
Sphyraena_chrysotaenia         0.25000 0.25000 0.25000 0.25000 GC = 0.500
Sphyraena_flavicauda           0.25000 0.25000 0.25000 0.25000 GC = 0.500
Centropomus_irae               0.25000 0.25000 0.25000 0.25000 GC = 0.500
Centropomus_poeyi              0.25000 0.25000 0.25000 0.25000 GC = 0.500
Centropomus_mexicanus          0.25000 0.25000 0.25000 0.25000 GC = 0.500
Centropomus_parallelus         0.25000 0.25000 0.25000 0.25000 GC = 0.500
Hypopterus_macropterus         0.25000 0.25000 0.25000 0.25000 GC = 0.500
Sphyraena_acutipinnis          0.25000 0.25000 0.25000 0.25000 GC = 0.500
Sphyraena_waitii               0.25000 0.25000 0.25000 0.25000 GC = 0.500

Homogeneity statistic: X2 = 0.45207 G = 0.45566 

Average                        0.20255 0.26642 0.30799 0.22304
(Ambiguity characters are used to calculate freqs.)


# constant sites:      0 (0.00%)
Distances:HKY85 (kappa)  (alpha set at 0.50)
This matrix is not used in later m.l. analysis.

(Pairwise deletion.)
Caranx_caninus   
Centropomus_armatus    0.3813( 4.4850)
Centropomus_ensiferus    0.4321( 5.1997)  0.1088(13.4774)
Centropomus_medius    0.4015( 6.1358)  0.2569( 7.6744)  0.2789( 7.5669)
Centropomus_nigrescens    0.3777( 4.2394)  0.2120( 6.5401)  0.2216( 8.4737)  0.2155( 8.8441)
Centropomus_pectinatus    0.4147( 7.1066)  0.1888( 9.5106)  0.1838( 8.4738)  0.0197(19.0960)  0.2225( 8.5684)
Centropomus_robalito    0.3563( 4.5354)  0.0000( 4.5354)  0.1078(12.7907)  0.2262( 7.6679)  0.2120( 6.5401)  0.1888( 9.5106)
Centropomus_undecimalis    0.3829( 3.8400)  0.2274( 6.4921)  0.2152( 6.2832)  0.1566( 4.2243)  0.1312(10.0077)  0.1526( 4.1768)  0.2274( 6.4921)
Centropomus_unionensis    0.3643( 5.4329)  0.0457( 7.4766)  0.1061(16.2790)  0.1604( 7.0708)  0.1937( 5.7591)  0.1464( 6.8717)  0.0457( 7.4766)  0.1925( 5.3630)
Centropomus_viridis    0.3513( 4.1502)  0.1723( 7.7779)  0.1666( 8.1058)  0.1179( 4.2786)  0.1328(11.5090)  0.1125( 4.3854)  0.1723( 7.7779)  0.0889( 6.0978)  0.1566( 6.8545)
Coryphaena_equiselis    0.2414( 4.0612)  0.3651( 4.0422)  0.3931( 4.4987)  0.3955( 6.2934)  0.3598( 4.4313)  0.3201( 6.9802)  0.3320( 3.9149)  0.3546( 3.3611)  0.2735( 5.0613)  0.3259( 5.3040)
Echeneis_naucrates    0.2043( 4.5447)  0.3591( 4.0802)  0.3875( 4.9452)  0.3430( 6.2577)  0.3963( 6.0889)  0.3584( 5.6028)  0.3271( 4.2254)  0.3549( 4.8445)  0.2740( 4.1688)  0.3402( 4.1318)  0.2160( 3.2867)
Gnathanodon_speciosus    0.0640( 4.4675)  0.3575( 4.8618)  0.4143( 5.4793)  0.3607( 5.9903)  0.3860( 4.9834)  0.3766( 7.1895)  0.3399( 4.9452)  0.3388( 3.3760)  0.3275( 5.3946)  0.3300( 4.3413)  0.2301( 4.5748)  0.1669( 4.6226)
Istiophorus_platypterus    0.1595( 3.9253)  0.3476( 4.4934)  0.4008( 5.0456)  0.3365( 7.1643)  0.3488( 4.9106)  0.3616( 7.1350)  0.3133( 4.3582)  0.3129( 4.3045)  0.2982( 5.4703)  0.2794( 3.8956)  0.2803( 4.6925)  0.1795( 6.1477)  0.1475( 4.7225)
Lates_angustifrons    0.2545( 4.6295)  0.3762( 4.6872)  0.4310( 4.7088)  0.4403( 8.9486)  0.3713( 5.3643)  0.4227( 7.9554)  0.3472( 4.6771)  0.4143( 5.9061)  0.2852( 4.2156)  0.4034( 6.5452)  0.3229( 5.0900)  0.2181( 5.3973)  0.2500( 5.4196)  0.1966( 6.6245)
Lates_calcarifer    0.3607(11.9660)  0.5355(13.2452)  0.5207(11.2932)  0.4113( 8.9975)  0.4902( 9.7426)  0.4117( 9.7013)  0.5355(13.2452)  0.4710( 8.7433)  0.3842( 7.7816)  0.4614(10.4007)  0.4165( 8.4780)  0.2634( 7.5561)  0.3349(13.1578)  0.3456(11.4079)  0.1273(10.4330)
Lates_japonicus    0.2741( 6.1139)  0.3924( 5.5233)  0.4192( 5.1272)  0.3807( 8.1557)  0.4398( 7.6632)  0.3497( 7.1951)  0.3564( 5.4419)  0.4299( 6.1830)  0.3013( 5.3038)  0.3776( 6.8849)  0.3694( 6.0959)  0.2472( 7.1594)  0.2817( 7.6173)  0.2121( 8.3950)  0.0955(23.1596)  0.1025(16.0220)
Lates_microlepis    0.2545( 4.6295)  0.3762( 4.6872)  0.4310( 4.7088)  0.4403( 8.9486)  0.3713( 5.3643)  0.4227( 7.9554)  0.3472( 4.6771)  0.4143( 5.9061)  0.2852( 4.2156)  0.4034( 6.5452)  0.3229( 5.0900)  0.2181( 5.3973)  0.2500( 5.4196)  0.1966( 6.6245)  0.0000( 6.6245)  0.1273(10.4330)  0.0955(23.1596)
Lates_niloticus    0.2376( 4.8335)  0.3866( 4.7268)  0.4333( 4.7303)  0.4327( 8.2448)  0.4072( 5.5934)  0.4438( 7.7705)  0.3574( 4.7194)  0.4321( 5.8950)  0.3056( 4.2469)  0.4278( 6.5030)  0.3146( 5.3932)  0.2051( 5.3718)  0.2394( 5.7021)  0.1783( 6.3961)  0.0309(22.8476)  0.1170( 9.4576)  0.0843(14.5269)  0.0309(22.8476)
Lates_stappersii    0.2444( 4.5198)  0.3742( 4.9048)  0.4253( 4.9801)  0.4254( 8.0856)  0.3770( 5.4978)  0.4182( 7.8805)  0.3452( 4.9124)  0.4037( 5.6959)  0.2865( 4.2606)  0.4232( 6.9996)  0.3199( 5.5234)  0.2209( 5.2709)  0.2411( 4.9615)  0.1774( 5.5041)  0.0222(15.8062)  0.0982( 7.6124)  0.0744(12.6024)  0.0222(15.8062)  0.0208( 6.2678)
Makaira_nigricans    0.1662( 4.1748)  0.3562( 4.6527)  0.4108( 5.2192)  0.3455( 7.4041)  0.3584( 5.0972)  0.3721( 7.3963)  0.3215( 4.5230)  0.3188( 4.4196)  0.3065( 5.6787)  0.2871( 4.0570)  0.2780( 4.6333)  0.1777( 6.0628)  0.1459( 4.6461)  0.0049(999.0000)  0.2005( 6.7916)  0.3297(10.7885)  0.2183( 8.6949)  0.2005( 6.7916)  0.1819( 6.5603)  0.1809( 5.6507)
Nematistius_pectoralis    0.2603( 5.2955)  0.4272( 5.5523)  0.4330( 4.9468)  0.3470( 5.6564)  0.4307( 4.5626)  0.3645( 5.7400)  0.3870( 5.4040)  0.3972( 4.1746)  0.3736( 6.1516)  0.3892( 4.2491)  0.3264( 4.6863)  0.2337( 5.4752)  0.2328( 6.4203)  0.2100( 7.8970)  0.2836( 6.8633)  0.3083(11.9821)  0.2524( 6.8263)  0.2836( 6.8633)  0.2580( 6.2747)  0.2805( 6.5226)  0.2079( 7.7897)
Psammoperca_waigiensis    0.0567( 6.4391)  0.2876( 6.8784)  0.3229( 6.5097)  0.3588( 8.5029)  0.3357( 6.8159)  0.3850( 9.9490)  0.2876( 6.8784)  0.2990( 5.8376)  0.3580( 8.4648)  0.3546( 7.3797)  0.2100( 5.6810)  0.1655( 5.4999)  0.0141( 8.8353)  0.1303( 6.3474)  0.2353(11.7311)  0.2548(13.2343)  0.2382(15.0849)  0.2353(11.7311)  0.2405(13.4669)  0.2272(11.3013)  0.1242( 5.9543)  0.2507( 9.3613)
Sphyraena_africana    0.7971( 8.8217)  0.4762( 2.1753)  0.4655( 1.8017)  0.6601( 4.1030)  0.7260( 2.3380)  0.6018( 0.8074)  0.4762( 2.1753)  0.6997( 4.8786)  0.4461( 0.9805)  0.5796( 0.8810)  0.5276( 3.1923)  0.6949(11.2082)  0.6553( 6.2258)  0.4866( 7.3642)  0.4399( 3.9476)  9.0000( 3.9476)  0.5217( 4.9663)  0.4399( 3.9476)  0.5366( 5.1456)  0.4756( 4.3545)  0.4866( 7.3642)  0.5762( 5.5857)  9.0000( 5.5857)
Sphyraena_barracuda    0.2423( 4.3257)  0.4580( 4.4123)  0.4110( 3.6418)  0.3645( 4.9658)  0.4258( 4.7116)  0.4117( 5.5006)  0.4377( 4.7690)  0.4244( 4.6358)  0.3778( 5.2581)  0.4192( 4.9951)  0.3043( 5.3219)  0.2689( 5.3288)  0.2355( 4.4583)  0.2233( 7.1444)  0.2676( 5.1681)  0.4050(10.1705)  0.3053( 6.8145)  0.2676( 5.1681)  0.2674( 5.9308)  0.2613( 5.3608)  0.2218( 7.0794)  0.2557( 3.9128)  0.2437( 8.2799)  0.3675( 4.4510)
Sphyraena_borealis    0.2636( 4.2236)  0.4452( 5.0456)  0.4400( 4.8254)  0.3883( 6.3889)  0.4315( 5.8138)  0.4286( 8.0701)  0.4206( 5.2863)  0.3745( 4.1771)  0.3534( 5.6939)  0.3713( 5.1452)  0.3183( 5.6398)  0.2487( 4.4314)  0.2622( 5.0008)  0.1955( 4.8097)  0.2649( 4.9197)  0.3333( 7.9446)  0.2796( 5.8505)  0.2649( 4.9197)  0.2673( 5.3314)  0.2462( 4.7456)  0.1941( 4.7580)  0.2534( 3.5787)  0.2584( 6.9195)  0.5268( 4.5783)  0.1204( 8.6482)
Sphyraena_ensis    0.2493( 4.0317)  0.4407( 4.8549)  0.4512( 4.8815)  0.3913( 6.6580)  0.4380( 6.1884)  0.4350( 8.6025)  0.4120( 5.1442)  0.3808( 4.2898)  0.3580( 6.0702)  0.3765( 5.4875)  0.3277( 6.0612)  0.2603( 4.9065)  0.2506( 5.2299)  0.1893( 5.2463)  0.2605( 4.9794)  0.3554( 9.2835)  0.2752( 5.9382)  0.2605( 4.9794)  0.2629( 5.4040)  0.2420( 4.8083)  0.1948( 5.4565)  0.2545( 4.0030)  0.2530( 7.3162)  0.5268( 4.5783)  0.1042(11.3430)  0.0105( 1.2871)
Sphyraena_forsteri    0.3191( 4.3604)  0.7679( 6.3780)  0.8883( 6.9016)  0.5249( 6.4953)  0.5182( 1.7718)  0.7531( 5.2838)  0.7679( 6.3780)  0.4185( 4.2022)  0.8606( 7.3711)  0.5656( 2.6293)  0.3942( 4.3834)  0.4792( 7.2888)  0.3711( 4.6996)  0.2619( 6.1452)  0.3478( 6.4458)  9.0000( 6.4458)  0.3613( 7.8111)  0.3478( 6.4458)  0.3377( 7.1410)  0.2969( 6.0658)  0.2619( 6.1452)  0.3644( 5.0306)  9.0000( 5.0306)  0.4963( 5.3013)  0.0821(11.3116)  0.1294( 8.0675)  0.1294( 8.0675)
Sphyraena_guachancho    0.2545( 4.3102)  0.4552( 5.2217)  0.4503( 5.0031)  0.3932( 6.9010)  0.4455( 6.3433)  0.4382( 8.7033)  0.4265( 5.5567)  0.3826( 4.4496)  0.3609( 6.1573)  0.3834( 5.6384)  0.3238( 6.1677)  0.2530( 4.8920)  0.2577( 5.2512)  0.1956( 5.2621)  0.2601( 5.1559)  0.3297( 8.5080)  0.2748( 6.1465)  0.2601( 5.1559)  0.2649( 5.6649)  0.2416( 4.9849)  0.1943( 5.2088)  0.2534( 3.8471)  0.2626( 7.6878)  0.5268( 4.5783)  0.1126(11.2756)  0.0074( 0.9231)  0.0053( 6.4487)  0.1294( 8.0675)
Sphyraena_helleri    0.4004( 1.7911)  0.5356( 2.4245)  0.5600( 2.2988)  0.5298( 3.3425)  0.4991( 0.6293)  0.8131( 2.4661)  0.5356( 2.4245)  0.4430( 2.1468)  0.5441( 1.7051)  0.4452(-0.0899)  0.5890( 2.1475)  0.6010( 8.5254)  0.3934( 2.0007)  0.3221( 3.7437)  0.6522( 6.2005)  9.0000( 6.2005)  0.6078( 6.2420)  0.6522( 6.2005)  0.5260( 5.1160)  0.5635( 5.6366)  0.3221( 3.7437)  0.3625( 2.5034)  9.0000( 2.5034)  0.2216( 4.7866)  0.2827( 3.5474)  0.3482( 2.7884)  0.3482( 2.7884)  0.3112( 3.0772)  0.3482( 2.7884)
Sphyraena_iburiensis    0.3753( 2.0175)  0.6820( 4.7006)  0.8949( 7.3890)  0.8814( 9.6623)  0.8142( 5.0104)  0.7280( 2.7751)  0.6820( 4.7006)  0.5184( 4.3221)  0.6644( 2.0899)  0.6012( 3.0761)  0.4221( 2.8250)  0.4542( 6.5508)  0.3340( 2.1660)  0.4398( 5.6412)  0.4305( 3.7744)  9.0000( 3.7744)  0.4411( 4.3891)  0.4305( 3.7744)  0.3699( 3.3567)  0.3704( 3.3734)  0.4398( 5.6412)  0.4672( 4.6397)  9.0000( 4.6397)  0.4310( 6.1540)  0.4330( 4.8668)  0.4595( 4.1668)  0.4595( 4.1668)  0.4570( 4.1280)  0.4595( 4.1668)  0.4317( 5.4902)
Sphyraena_japonica    0.7803( 6.3675)  0.5456( 1.6342)  0.6115( 1.7953)  0.6823( 3.8678)  0.7385( 1.8755)  0.8033( 1.2996)  0.5456( 1.6342)  0.7905( 5.2162)  0.6213( 0.7147)  0.6958( 1.0327)  0.5906( 2.7222)  0.7251( 9.3707)  0.7127( 5.6303)  0.4121( 4.0405)  0.5405( 4.7117)  9.0000( 4.7117)  0.5930( 5.2798)  0.5405( 4.7117)  0.6089( 5.4564)  0.5393( 4.6243)  0.4121( 4.0405)  0.7038( 5.3057)  9.0000( 5.3057)  0.0845( 1.4884)  0.4233( 6.1558)  0.5689( 6.3244)  0.5689( 6.3244)  0.5383( 8.3932)  0.5689( 6.3244)  0.2665( 7.3259)  0.5786( 5.0660)
Sphyraena_jello    0.3077( 3.5735)  0.4917( 4.3229)  0.6080( 5.1526)  0.7369( 8.1130)  0.7053( 3.1862)  1.0808( 8.4826)  0.4917( 4.3229)  0.5396( 5.5109)  0.4531( 3.8365)  0.7808( 4.4499)  0.3160( 2.6966)  0.4018( 4.4491)  0.3010( 3.9864)  0.2475( 3.4256)  0.1945( 3.3246)  9.0000( 3.3246)  0.1767( 3.4640)  0.1945( 3.3246)  0.2166( 4.6640)  0.1959( 4.0485)  0.2475( 3.4256)  0.3425( 5.3093)  9.0000( 5.3093)  0.4289( 3.8074)  0.1002( 4.1700)  0.0600( 4.3597)  0.0600( 4.3597)  0.1535( 7.4500)  0.0600( 4.3597)  0.3521( 2.4636)  0.4130( 3.5553)  0.5095( 5.4708)
Sphyraena_obtusata    0.5964( 4.3399)  0.8563( 6.4855)  1.2679(11.3987)  0.8953( 7.4083)  1.2234( 5.7874)  0.7260( 2.8086)  0.8563( 6.4855)  0.7008( 4.9121)  0.7238( 2.4874)  0.8415( 3.2678)  0.4340( 2.5443)  0.3612( 5.5435)  0.4305( 3.8072)  0.4837( 8.1891)  0.4704( 5.4510)  9.0000( 5.4510)  0.5089( 6.7766)  0.4704( 5.4510)  0.4057( 4.9891)  0.4063( 5.0156)  0.4837( 8.1891)  0.4006( 6.2500)  9.0000( 6.2500)  0.5337( 6.2955)  0.5710( 6.9825)  0.5150( 5.4962)  0.5150( 5.4962)  0.6694( 6.8989)  0.5150( 5.4962)  0.6051( 6.7165)  0.1882( 5.4842)  0.5965( 5.7677)  0.5859( 6.6904)
Sphyraena_picudilla    0.2548( 4.3071)  0.4524( 5.1634)  0.4474( 4.9446)  0.3879( 6.7680)  0.4367( 6.1555)  0.4339( 8.5639)  0.4239( 5.4953)  0.3773( 4.3491)  0.3573( 6.0472)  0.3756( 5.4611)  0.3191( 6.0354)  0.2487( 4.7638)  0.2532( 5.1138)  0.1915( 5.0986)  0.2579( 5.0828)  0.3249( 8.3080)  0.2726( 6.0670)  0.2579( 5.0828)  0.2604( 5.5205)  0.2396( 4.9120)  0.1902( 5.0431)  0.2488( 3.7331)  0.2525( 7.2858)  0.5268( 4.5783)  0.1110(11.0575)  0.0063( 0.4540)  0.0041( 4.5789)  0.1294( 8.0675)  0.0012(999.0000)  0.3482( 2.7884)  0.4595( 4.1668)  0.5689( 6.3244)  0.0600( 4.3597)  0.5150( 5.4962)
Sphyraena_pinguis    0.3812( 2.7387)  0.5119( 3.8322)  0.6977( 6.5045)  0.7464( 6.3810)  0.5786( 3.0252)  0.7585( 2.9878)  0.5119( 3.8322)  0.4864( 3.9060)  0.5777( 1.5733)  0.5838( 2.9527)  0.3856( 1.7834)  0.4693( 7.6809)  0.4180( 4.0990)  0.3118( 3.4182)  0.2704( 2.3124)  9.0000( 2.3124)  0.3146( 3.4472)  0.2704( 2.3124)  0.2767( 2.7904)  0.2287( 1.9792)  0.3118( 3.4182)  0.4405( 5.4346)  9.0000( 5.4346)  0.3522( 4.6355)  0.2945( 2.6765)  0.2824( 2.5084)  0.2824( 2.5084)  0.3858( 3.1644)  0.2824( 2.5084)  0.4264( 5.3561)  0.1168( 6.6870)  0.3979( 3.7206)  0.2462( 2.7495)  0.1621( 7.3090)  0.2824( 2.5084)
Sphyraena_putnamae    0.3984( 3.9654)  0.9391( 9.7659)  0.8110( 7.3289)  1.0954(11.5789)  0.8264( 4.9592)  1.4755(10.1515)  0.9391( 9.7659)  1.0700(10.2030)  0.7067( 4.4295)  1.4825( 8.5359)  0.3834( 2.8213)  0.3372( 6.0003)  0.3285( 3.8669)  0.3586( 7.7129)  0.3665( 7.8982)  9.0000( 7.8982)  0.3013( 7.1976)  0.3665( 7.8982)  0.3943( 9.9787)  0.3123( 7.5243)  0.3586( 7.7129)  0.4289( 7.0606)  9.0000( 7.0606)  0.5352( 6.5105)  0.1892( 5.9019)  0.2209( 4.8400)  0.2209( 4.8400)  0.2617( 6.1757)  0.2209( 4.8400)  0.4692( 4.9290)  0.5682( 6.2381)  0.5860( 6.5705)  0.2345( 4.4724)  0.5050( 7.5224)  0.2209( 4.8400)  0.4974( 6.5832)
Sphyraena_qenie    0.2527( 4.4210)  0.4110( 4.2670)  0.3691( 3.3198)  0.3377( 4.9953)  0.4130( 4.6957)  0.3592( 5.1704)  0.3905( 4.6268)  0.3478( 3.7391)  0.3372( 4.6793)  0.3883( 4.6693)  0.2884( 4.9192)  0.2577( 5.0028)  0.2201( 4.0190)  0.2111( 6.3646)  0.2526( 5.0964)  0.3847( 9.5517)  0.2781( 6.2322)  0.2526( 5.0964)  0.2576( 5.6166)  0.2421( 5.1658)  0.2133( 6.4460)  0.2719( 4.7271)  0.2129( 6.3649)  0.3953( 4.3564)  0.0407(19.7261)  0.1095( 8.3205)  0.0962(11.4723)  0.1068( 9.4145)  0.1020(11.0532)  0.3011( 3.3879)  0.3857( 3.6369)  0.4611( 6.1001)  0.0702( 1.5597)  0.5047( 5.3222)  0.1004(10.8302)  0.2626( 1.8476)  0.2208( 5.9469)
Sphyraena_viridensis    0.2757( 7.1062)  0.5207( 7.6974)  0.4124( 5.3855)  0.3837( 6.4650)  0.3913( 5.2571)  0.4063( 7.3987)  0.5207( 7.6974)  0.3468( 3.4871)  0.4557( 6.8411)  0.4236( 5.5877)  0.2503( 3.2122)  0.3434( 8.1260)  0.2326( 6.6984)  0.2900(11.3910)  0.3540( 6.5322)  0.3929( 9.0225)  0.4297(10.0663)  0.3540( 6.5322)  0.3425( 6.2610)  0.3541( 6.5522)  0.3061(12.1278)  0.3480( 6.8252)  0.2051( 8.7692)  9.0000( 8.7692)  0.2143( 7.9113)  0.1880( 6.6461)  0.1835( 7.1317)  9.0000( 7.1317)  0.1922( 7.5870)  9.0000( 7.5870)  9.0000( 7.5870)  9.0000( 7.5870)  9.0000( 7.5870)  9.0000( 7.5870)  0.1833( 7.1126)  9.0000( 7.1126)  9.0000( 7.1126)  0.1629( 6.8295)
Tetrapturus_audax    0.1696( 4.3053)  0.3631( 4.7858)  0.4192( 5.3719)  0.3531( 7.6184)  0.3583( 5.0988)  0.3720( 7.3988)  0.3280( 4.6595)  0.3252( 4.5527)  0.3064( 5.6804)  0.2870( 4.0583)  0.2831( 4.7575)  0.1814( 6.2323)  0.1491( 4.7974)  0.0052(999.0000)  0.2046( 6.9779)  0.3295(10.7929)  0.2228( 8.9210)  0.2046( 6.9779)  0.1856( 6.7426)  0.1847( 5.8136)  0.0026(999.0000)  0.2120( 7.9917)  0.1242( 5.9543)  0.4866( 7.3642)  0.2284( 7.3551)  0.1955( 4.8097)  0.1964( 5.5197)  0.2619( 6.1452)  0.1956( 5.2621)  0.3221( 3.7437)  0.4398( 5.6412)  0.4121( 4.0405)  0.2475( 3.4256)  0.4837( 8.1891)  0.1915( 5.0986)  0.3118( 3.4182)  0.3586( 7.7129)  0.2196( 6.7025)  0.3011(11.9017)
Xiphias_gladius    0.1636( 4.9426)  0.3153( 4.5342)  0.3956( 5.6916)  0.3553( 8.4626)  0.3441( 5.2438)  0.3407( 7.9884)  0.2903( 4.5954)  0.3352( 5.0604)  0.2498( 5.2616)  0.2656( 3.9688)  0.2636( 5.1201)  0.1614( 5.6048)  0.1510( 5.1473)  0.0482( 5.3943)  0.1945( 6.8563)  0.2689(12.4296)  0.1894( 6.9252)  0.1945( 6.8563)  0.1837( 6.9986)  0.1792( 5.8622)  0.0463( 5.0956)  0.1903( 7.6953)  0.1280( 7.0716)  0.4305( 7.1404)  0.2116( 6.1149)  0.2055( 4.7521)  0.2062( 5.4181)  0.2475( 4.7571)  0.2058( 5.1864)  0.2893( 2.6994)  0.3758( 3.9462)  0.3845( 4.1297)  0.2125( 3.1727)  0.4223( 7.8784)  0.2014( 5.0228)  0.2717( 3.1837)  0.3098( 7.4861)  0.2228( 6.8084)  0.3096(10.3548)  0.0482( 5.3943)
Sphyraena_argentea    9.0000( 5.3943)  9.0000( 5.3943)  9.0000( 5.3943)  9.0000( 5.3943)  9.0000( 5.3943)  9.0000( 5.3943)  9.0000( 5.3943)  9.0000( 5.3943)  9.0000( 5.3943)  9.0000( 5.3943)  9.0000( 5.3943)  9.0000( 5.3943)  9.0000( 5.3943)  9.0000( 5.3943)  9.0000( 5.3943)  9.0000( 5.3943)  9.0000( 5.3943)  9.0000( 5.3943)  9.0000( 5.3943)  9.0000( 5.3943)  9.0000( 5.3943)  9.0000( 5.3943)  9.0000( 5.3943)  9.0000( 5.3943)  9.0000( 5.3943)  9.0000( 5.3943)  9.0000( 5.3943)  9.0000( 5.3943)  9.0000( 5.3943)  9.0000( 5.3943)  9.0000( 5.3943)  9.0000( 5.3943)  9.0000( 5.3943)  9.0000( 5.3943)  9.0000( 5.3943)  9.0000( 5.3943)  9.0000( 5.3943)  9.0000( 5.3943)  9.0000( 5.3943)  9.0000( 5.3943)  9.0000( 5.3943)
Sphyraena_idiastes    9.0000( 5.3943)  9.0000( 5.3943)  9.0000( 5.3943)  9.0000( 5.3943)  9.0000( 5.3943)  9.0000( 5.3943)  9.0000( 5.3943)  9.0000( 5.3943)  9.0000( 5.3943)  9.0000( 5.3943)  9.0000( 5.3943)  9.0000( 5.3943)  9.0000( 5.3943)  9.0000( 5.3943)  9.0000( 5.3943)  9.0000( 5.3943)  9.0000( 5.3943)  9.0000( 5.3943)  9.0000( 5.3943)  9.0000( 5.3943)  9.0000( 5.3943)  9.0000( 5.3943)  9.0000( 5.3943)  9.0000( 5.3943)  9.0000( 5.3943)  9.0000( 5.3943)  9.0000( 5.3943)  9.0000( 5.3943)  9.0000( 5.3943)  9.0000( 5.3943)  9.0000( 5.3943)  9.0000( 5.3943)  9.0000( 5.3943)  9.0000( 5.3943)  9.0000( 5.3943)  9.0000( 5.3943)  9.0000( 5.3943)  9.0000( 5.3943)  9.0000( 5.3943)  9.0000( 5.3943)  9.0000( 5.3943)  9.0000( 5.3943)
Sphyraena_novaehollandiae    9.0000( 5.3943)  9.0000( 5.3943)  9.0000( 5.3943)  9.0000( 5.3943)  9.0000( 5.3943)  9.0000( 5.3943)  9.0000( 5.3943)  9.0000( 5.3943)  9.0000( 5.3943)  9.0000( 5.3943)  9.0000( 5.3943)  9.0000( 5.3943)  9.0000( 5.3943)  9.0000( 5.3943)  9.0000( 5.3943)  9.0000( 5.3943)  9.0000( 5.3943)  9.0000( 5.3943)  9.0000( 5.3943)  9.0000( 5.3943)  9.0000( 5.3943)  9.0000( 5.3943)  9.0000( 5.3943)  9.0000( 5.3943)  9.0000( 5.3943)  9.0000( 5.3943)  9.0000( 5.3943)  9.0000( 5.3943)  9.0000( 5.3943)  9.0000( 5.3943)  9.0000( 5.3943)  9.0000( 5.3943)  9.0000( 5.3943)  9.0000( 5.3943)  9.0000( 5.3943)  9.0000( 5.3943)  9.0000( 5.3943)  9.0000( 5.3943)  9.0000( 5.3943)  9.0000( 5.3943)  9.0000( 5.3943)  9.0000( 5.3943)  9.0000( 5.3943)
Sphyraena_chrysotaenia    9.0000( 5.3943)  9.0000( 5.3943)  9.0000( 5.3943)  9.0000( 5.3943)  9.0000( 5.3943)  9.0000( 5.3943)  9.0000( 5.3943)  9.0000( 5.3943)  9.0000( 5.3943)  9.0000( 5.3943)  9.0000( 5.3943)  9.0000( 5.3943)  9.0000( 5.3943)  9.0000( 5.3943)  9.0000( 5.3943)  9.0000( 5.3943)  9.0000( 5.3943)  9.0000( 5.3943)  9.0000( 5.3943)  9.0000( 5.3943)  9.0000( 5.3943)  9.0000( 5.3943)  9.0000( 5.3943)  9.0000( 5.3943)  9.0000( 5.3943)  9.0000( 5.3943)  9.0000( 5.3943)  9.0000( 5.3943)  9.0000( 5.3943)  9.0000( 5.3943)  9.0000( 5.3943)  9.0000( 5.3943)  9.0000( 5.3943)  9.0000( 5.3943)  9.0000( 5.3943)  9.0000( 5.3943)  9.0000( 5.3943)  9.0000( 5.3943)  9.0000( 5.3943)  9.0000( 5.3943)  9.0000( 5.3943)  9.0000( 5.3943)  9.0000( 5.3943)  9.0000( 5.3943)
Sphyraena_flavicauda    9.0000( 5.3943)  9.0000( 5.3943)  9.0000( 5.3943)  9.0000( 5.3943)  9.0000( 5.3943)  9.0000( 5.3943)  9.0000( 5.3943)  9.0000( 5.3943)  9.0000( 5.3943)  9.0000( 5.3943)  9.0000( 5.3943)  9.0000( 5.3943)  9.0000( 5.3943)  9.0000( 5.3943)  9.0000( 5.3943)  9.0000( 5.3943)  9.0000( 5.3943)  9.0000( 5.3943)  9.0000( 5.3943)  9.0000( 5.3943)  9.0000( 5.3943)  9.0000( 5.3943)  9.0000( 5.3943)  9.0000( 5.3943)  9.0000( 5.3943)  9.0000( 5.3943)  9.0000( 5.3943)  9.0000( 5.3943)  9.0000( 5.3943)  9.0000( 5.3943)  9.0000( 5.3943)  9.0000( 5.3943)  9.0000( 5.3943)  9.0000( 5.3943)  9.0000( 5.3943)  9.0000( 5.3943)  9.0000( 5.3943)  9.0000( 5.3943)  9.0000( 5.3943)  9.0000( 5.3943)  9.0000( 5.3943)  9.0000( 5.3943)  9.0000( 5.3943)  9.0000( 5.3943)  9.0000( 5.3943)
Centropomus_irae    9.0000( 5.3943)  9.0000( 5.3943)  9.0000( 5.3943)  9.0000( 5.3943)  9.0000( 5.3943)  9.0000( 5.3943)  9.0000( 5.3943)  9.0000( 5.3943)  9.0000( 5.3943)  9.0000( 5.3943)  9.0000( 5.3943)  9.0000( 5.3943)  9.0000( 5.3943)  9.0000( 5.3943)  9.0000( 5.3943)  9.0000( 5.3943)  9.0000( 5.3943)  9.0000( 5.3943)  9.0000( 5.3943)  9.0000( 5.3943)  9.0000( 5.3943)  9.0000( 5.3943)  9.0000( 5.3943)  9.0000( 5.3943)  9.0000( 5.3943)  9.0000( 5.3943)  9.0000( 5.3943)  9.0000( 5.3943)  9.0000( 5.3943)  9.0000( 5.3943)  9.0000( 5.3943)  9.0000( 5.3943)  9.0000( 5.3943)  9.0000( 5.3943)  9.0000( 5.3943)  9.0000( 5.3943)  9.0000( 5.3943)  9.0000( 5.3943)  9.0000( 5.3943)  9.0000( 5.3943)  9.0000( 5.3943)  9.0000( 5.3943)  9.0000( 5.3943)  9.0000( 5.3943)  9.0000( 5.3943)  9.0000( 5.3943)
Centropomus_poeyi    9.0000( 5.3943)  9.0000( 5.3943)  9.0000( 5.3943)  9.0000( 5.3943)  9.0000( 5.3943)  9.0000( 5.3943)  9.0000( 5.3943)  9.0000( 5.3943)  9.0000( 5.3943)  9.0000( 5.3943)  9.0000( 5.3943)  9.0000( 5.3943)  9.0000( 5.3943)  9.0000( 5.3943)  9.0000( 5.3943)  9.0000( 5.3943)  9.0000( 5.3943)  9.0000( 5.3943)  9.0000( 5.3943)  9.0000( 5.3943)  9.0000( 5.3943)  9.0000( 5.3943)  9.0000( 5.3943)  9.0000( 5.3943)  9.0000( 5.3943)  9.0000( 5.3943)  9.0000( 5.3943)  9.0000( 5.3943)  9.0000( 5.3943)  9.0000( 5.3943)  9.0000( 5.3943)  9.0000( 5.3943)  9.0000( 5.3943)  9.0000( 5.3943)  9.0000( 5.3943)  9.0000( 5.3943)  9.0000( 5.3943)  9.0000( 5.3943)  9.0000( 5.3943)  9.0000( 5.3943)  9.0000( 5.3943)  9.0000( 5.3943)  9.0000( 5.3943)  9.0000( 5.3943)  9.0000( 5.3943)  9.0000( 5.3943)  9.0000( 5.3943)
Centropomus_mexicanus    9.0000( 5.3943)  9.0000( 5.3943)  9.0000( 5.3943)  9.0000( 5.3943)  9.0000( 5.3943)  9.0000( 5.3943)  9.0000( 5.3943)  9.0000( 5.3943)  9.0000( 5.3943)  9.0000( 5.3943)  9.0000( 5.3943)  9.0000( 5.3943)  9.0000( 5.3943)  9.0000( 5.3943)  9.0000( 5.3943)  9.0000( 5.3943)  9.0000( 5.3943)  9.0000( 5.3943)  9.0000( 5.3943)  9.0000( 5.3943)  9.0000( 5.3943)  9.0000( 5.3943)  9.0000( 5.3943)  9.0000( 5.3943)  9.0000( 5.3943)  9.0000( 5.3943)  9.0000( 5.3943)  9.0000( 5.3943)  9.0000( 5.3943)  9.0000( 5.3943)  9.0000( 5.3943)  9.0000( 5.3943)  9.0000( 5.3943)  9.0000( 5.3943)  9.0000( 5.3943)  9.0000( 5.3943)  9.0000( 5.3943)  9.0000( 5.3943)  9.0000( 5.3943)  9.0000( 5.3943)  9.0000( 5.3943)  9.0000( 5.3943)  9.0000( 5.3943)  9.0000( 5.3943)  9.0000( 5.3943)  9.0000( 5.3943)  9.0000( 5.3943)  9.0000( 5.3943)
Centropomus_parallelus    9.0000( 5.3943)  9.0000( 5.3943)  9.0000( 5.3943)  9.0000( 5.3943)  9.0000( 5.3943)  9.0000( 5.3943)  9.0000( 5.3943)  9.0000( 5.3943)  9.0000( 5.3943)  9.0000( 5.3943)  9.0000( 5.3943)  9.0000( 5.3943)  9.0000( 5.3943)  9.0000( 5.3943)  9.0000( 5.3943)  9.0000( 5.3943)  9.0000( 5.3943)  9.0000( 5.3943)  9.0000( 5.3943)  9.0000( 5.3943)  9.0000( 5.3943)  9.0000( 5.3943)  9.0000( 5.3943)  9.0000( 5.3943)  9.0000( 5.3943)  9.0000( 5.3943)  9.0000( 5.3943)  9.0000( 5.3943)  9.0000( 5.3943)  9.0000( 5.3943)  9.0000( 5.3943)  9.0000( 5.3943)  9.0000( 5.3943)  9.0000( 5.3943)  9.0000( 5.3943)  9.0000( 5.3943)  9.0000( 5.3943)  9.0000( 5.3943)  9.0000( 5.3943)  9.0000( 5.3943)  9.0000( 5.3943)  9.0000( 5.3943)  9.0000( 5.3943)  9.0000( 5.3943)  9.0000( 5.3943)  9.0000( 5.3943)  9.0000( 5.3943)  9.0000( 5.3943)  9.0000( 5.3943)
Hypopterus_macropterus    9.0000( 5.3943)  9.0000( 5.3943)  9.0000( 5.3943)  9.0000( 5.3943)  9.0000( 5.3943)  9.0000( 5.3943)  9.0000( 5.3943)  9.0000( 5.3943)  9.0000( 5.3943)  9.0000( 5.3943)  9.0000( 5.3943)  9.0000( 5.3943)  9.0000( 5.3943)  9.0000( 5.3943)  9.0000( 5.3943)  9.0000( 5.3943)  9.0000( 5.3943)  9.0000( 5.3943)  9.0000( 5.3943)  9.0000( 5.3943)  9.0000( 5.3943)  9.0000( 5.3943)  9.0000( 5.3943)  9.0000( 5.3943)  9.0000( 5.3943)  9.0000( 5.3943)  9.0000( 5.3943)  9.0000( 5.3943)  9.0000( 5.3943)  9.0000( 5.3943)  9.0000( 5.3943)  9.0000( 5.3943)  9.0000( 5.3943)  9.0000( 5.3943)  9.0000( 5.3943)  9.0000( 5.3943)  9.0000( 5.3943)  9.0000( 5.3943)  9.0000( 5.3943)  9.0000( 5.3943)  9.0000( 5.3943)  9.0000( 5.3943)  9.0000( 5.3943)  9.0000( 5.3943)  9.0000( 5.3943)  9.0000( 5.3943)  9.0000( 5.3943)  9.0000( 5.3943)  9.0000( 5.3943)  9.0000( 5.3943)
Sphyraena_acutipinnis    9.0000( 5.3943)  9.0000( 5.3943)  9.0000( 5.3943)  9.0000( 5.3943)  9.0000( 5.3943)  9.0000( 5.3943)  9.0000( 5.3943)  9.0000( 5.3943)  9.0000( 5.3943)  9.0000( 5.3943)  9.0000( 5.3943)  9.0000( 5.3943)  9.0000( 5.3943)  9.0000( 5.3943)  9.0000( 5.3943)  9.0000( 5.3943)  9.0000( 5.3943)  9.0000( 5.3943)  9.0000( 5.3943)  9.0000( 5.3943)  9.0000( 5.3943)  9.0000( 5.3943)  9.0000( 5.3943)  9.0000( 5.3943)  9.0000( 5.3943)  9.0000( 5.3943)  9.0000( 5.3943)  9.0000( 5.3943)  9.0000( 5.3943)  9.0000( 5.3943)  9.0000( 5.3943)  9.0000( 5.3943)  9.0000( 5.3943)  9.0000( 5.3943)  9.0000( 5.3943)  9.0000( 5.3943)  9.0000( 5.3943)  9.0000( 5.3943)  9.0000( 5.3943)  9.0000( 5.3943)  9.0000( 5.3943)  9.0000( 5.3943)  9.0000( 5.3943)  9.0000( 5.3943)  9.0000( 5.3943)  9.0000( 5.3943)  9.0000( 5.3943)  9.0000( 5.3943)  9.0000( 5.3943)  9.0000( 5.3943)  9.0000( 5.3943)
Sphyraena_waitii    9.0000( 5.3943)  9.0000( 5.3943)  9.0000( 5.3943)  9.0000( 5.3943)  9.0000( 5.3943)  9.0000( 5.3943)  9.0000( 5.3943)  9.0000( 5.3943)  9.0000( 5.3943)  9.0000( 5.3943)  9.0000( 5.3943)  9.0000( 5.3943)  9.0000( 5.3943)  9.0000( 5.3943)  9.0000( 5.3943)  9.0000( 5.3943)  9.0000( 5.3943)  9.0000( 5.3943)  9.0000( 5.3943)  9.0000( 5.3943)  9.0000( 5.3943)  9.0000( 5.3943)  9.0000( 5.3943)  9.0000( 5.3943)  9.0000( 5.3943)  9.0000( 5.3943)  9.0000( 5.3943)  9.0000( 5.3943)  9.0000( 5.3943)  9.0000( 5.3943)  9.0000( 5.3943)  9.0000( 5.3943)  9.0000( 5.3943)  9.0000( 5.3943)  9.0000( 5.3943)  9.0000( 5.3943)  9.0000( 5.3943)  9.0000( 5.3943)  9.0000( 5.3943)  9.0000( 5.3943)  9.0000( 5.3943)  9.0000( 5.3943)  9.0000( 5.3943)  9.0000( 5.3943)  9.0000( 5.3943)  9.0000( 5.3943)  9.0000( 5.3943)  9.0000( 5.3943)  9.0000( 5.3943)  9.0000( 5.3943)  9.0000( 5.3943)  9.0000( 5.3943)

TREE #  1:  (((((14, 40), 21), 41), (((11, 12), (13, 1)), (((3, ((2, 7), 9)), ((6, 4), ((((48, (8, 47)), 10), 5), (50, 49)))), ((((30, ((24, (32, (52, 53))), 44)), ((39, 42), 43)), (((31, 45), 36), (34, 46))), (37, (((35, (27, (26, 29))), 28), (38, (25, 33)))))))), ((51, 23), ((((15, 18), 20), 19), (16, 17))), 22);  MP score: -1.00
lnL(ntime:103  np:105):  -6504.486372    +0.000000
  54..55   55..56   56..57   57..58   58..14   58..40   57..21   56..41   55..59   59..60   60..61   61..11   61..12   60..62   62..13   62..1    59..63   63..64   64..65   65..3    65..66   66..67   67..2    67..7    66..9    64..68   68..69   69..6    69..4    68..70   70..71   71..72   72..73   73..48   73..74   74..8    74..47   72..10   71..5    70..75   75..50   75..49   63..76   76..77   77..78   78..79   79..30   79..80   80..81   81..24   81..82   82..32   82..83   83..52   83..53   80..44   78..84   84..85   85..39   85..42   84..43   77..86   86..87   87..88   88..31   88..45   87..36   86..89   89..34   89..46   76..90   90..37   90..91   91..92   92..93   93..35   93..94   94..27   94..95   95..26   95..29   92..28   91..96   96..38   96..97   97..25   97..33   54..98   98..99   99..51   99..23   98..100 100..101 101..102 102..103 103..15  103..18  102..20  101..19  100..104 104..16  104..17   54..22 
 0.006170 0.033107 0.029640 0.000063 0.004229 0.001436 0.001329 0.021513 0.014853 0.018938 0.037624 0.192906 0.086447 0.058626 0.014407 0.055546 0.021791 0.212126 0.091982 0.066373 0.012421 0.027400 0.000004 0.000004 0.022425 0.038701 0.077866 0.009080 0.013922 0.020937 0.016587 0.004059 0.000004 0.035597 0.000384 0.069312 0.056906 0.029854 0.104403 0.102722 0.019444 0.021245 0.084816 0.050008 0.029565 0.087837 0.090845 0.022864 0.054133 0.029444 0.046768 0.006653 0.062532 0.081989 0.082556 0.029854 0.004543 0.017458 0.007385 0.026495 0.031019 0.121113 0.020523 0.036070 0.040501 0.036326 0.023180 0.063250 0.058610 0.071724 0.029860 0.142005 0.027408 0.003095 0.062387 0.000004 0.000004 0.004137 0.000004 0.006960 0.001363 0.054924 0.026261 0.011952 0.000004 0.029729 0.062805 0.004237 0.015379 0.025406 0.054896 0.135460 0.032036 0.004276 0.017595 0.000004 0.000004 0.005657 0.012737 0.000549 0.037683 0.043609 0.158858 6.318050 0.295628
SEs for parameters:
 0.008566 0.014145 0.009267 0.192244 0.003710 0.001467 0.193434 0.008171 0.009122 0.012009 0.016076 0.033399 0.022684 0.018543 0.008777 0.013804 0.013657 0.040225 0.024269 0.016009 0.009711 0.010184 0.091092 0.129619 0.010028 0.017629 0.020657 0.007787 0.007900 -1.000000 -1.000000 0.008196 379838.112377 121174951.594058 -1.000000 128636.579573 103087099.050545 0.012617 0.024728 115053756.576541 190182270.284040 164972225.939328 0.026873 0.035826 838644.970223 838646.154461 0.045627 2004318.410967 2004318.343687 0.024160 1781284.662612 1781290.590010 109211529.753236 179754936.707438 257534609.078408 130110372.908847 -1.000000 699226.324709 752970.041427 246936660.000852 159923682.509115 0.058933 0.024239 -1.000000 -1.000000 84185252.925651 0.023834 1646713.272409 1646712.559685 172384650.933635 0.020828 0.057083 0.022339 0.024008 0.023870 0.779140 11.573429 0.002947 11.593608 0.006561 0.040466 0.023449 0.010974 0.006434 0.024117 0.021709 0.031288 0.010877 582289.374964 144871731.162406 582289.374886 0.027217 0.013715 0.003763 0.006077 7347794.108439 7347794.109266 0.003648 0.006866 0.010994 0.016006 0.012040 0.028154 0.410362 0.024909

tree length =   3.98174

(((((Istiophorus_platypterus, Tetrapturus_audax), Makaira_nigricans), Xiphias_gladius), (((Coryphaena_equiselis, Echeneis_naucrates), (Gnathanodon_speciosus, Caranx_caninus)), (((Centropomus_ensiferus, ((Centropomus_armatus, Centropomus_robalito), Centropomus_unionensis)), ((Centropomus_pectinatus, Centropomus_medius), ((((Centropomus_poeyi, (Centropomus_undecimalis, Centropomus_irae)), Centropomus_viridis), Centropomus_nigrescens), (Centropomus_parallelus, Centropomus_mexicanus)))), ((((Sphyraena_helleri, ((Sphyraena_africana, (Sphyraena_japonica, (Sphyraena_acutipinnis, Sphyraena_waitii))), Sphyraena_novaehollandiae)), ((Sphyraena_viridensis, Sphyraena_argentea), Sphyraena_idiastes)), (((Sphyraena_iburiensis, Sphyraena_chrysotaenia), Sphyraena_pinguis), (Sphyraena_obtusata, Sphyraena_flavicauda))), (Sphyraena_putnamae, (((Sphyraena_picudilla, (Sphyraena_ensis, (Sphyraena_borealis, Sphyraena_guachancho))), Sphyraena_forsteri), (Sphyraena_qenie, (Sphyraena_barracuda, Sphyraena_jello)))))))), ((Hypopterus_macropterus, Psammoperca_waigiensis), ((((Lates_angustifrons, Lates_microlepis), Lates_stappersii), Lates_niloticus), (Lates_calcarifer, Lates_japonicus))), Nematistius_pectoralis);

(((((Istiophorus_platypterus: 0.004229, Tetrapturus_audax: 0.001436): 0.000063, Makaira_nigricans: 0.001329): 0.029640, Xiphias_gladius: 0.021513): 0.033107, (((Coryphaena_equiselis: 0.192906, Echeneis_naucrates: 0.086447): 0.037624, (Gnathanodon_speciosus: 0.014407, Caranx_caninus: 0.055546): 0.058626): 0.018938, (((Centropomus_ensiferus: 0.066373, ((Centropomus_armatus: 0.000004, Centropomus_robalito: 0.000004): 0.027400, Centropomus_unionensis: 0.022425): 0.012421): 0.091982, ((Centropomus_pectinatus: 0.009080, Centropomus_medius: 0.013922): 0.077866, ((((Centropomus_poeyi: 0.035597, (Centropomus_undecimalis: 0.069312, Centropomus_irae: 0.056906): 0.000384): 0.000004, Centropomus_viridis: 0.029854): 0.004059, Centropomus_nigrescens: 0.104403): 0.016587, (Centropomus_parallelus: 0.019444, Centropomus_mexicanus: 0.021245): 0.102722): 0.020937): 0.038701): 0.212126, ((((Sphyraena_helleri: 0.090845, ((Sphyraena_africana: 0.029444, (Sphyraena_japonica: 0.006653, (Sphyraena_acutipinnis: 0.081989, Sphyraena_waitii: 0.082556): 0.062532): 0.046768): 0.054133, Sphyraena_novaehollandiae: 0.029854): 0.022864): 0.087837, ((Sphyraena_viridensis: 0.007385, Sphyraena_argentea: 0.026495): 0.017458, Sphyraena_idiastes: 0.031019): 0.004543): 0.029565, (((Sphyraena_iburiensis: 0.040501, Sphyraena_chrysotaenia: 0.036326): 0.036070, Sphyraena_pinguis: 0.023180): 0.020523, (Sphyraena_obtusata: 0.058610, Sphyraena_flavicauda: 0.071724): 0.063250): 0.121113): 0.050008, (Sphyraena_putnamae: 0.142005, (((Sphyraena_picudilla: 0.000004, (Sphyraena_ensis: 0.004137, (Sphyraena_borealis: 0.006960, Sphyraena_guachancho: 0.001363): 0.000004): 0.000004): 0.062387, Sphyraena_forsteri: 0.054924): 0.003095, (Sphyraena_qenie: 0.011952, (Sphyraena_barracuda: 0.029729, Sphyraena_jello: 0.062805): 0.000004): 0.026261): 0.027408): 0.029860): 0.084816): 0.021791): 0.014853): 0.006170, ((Hypopterus_macropterus: 0.025406, Psammoperca_waigiensis: 0.054896): 0.015379, ((((Lates_angustifrons: 0.000004, Lates_microlepis: 0.000004): 0.017595, Lates_stappersii: 0.005657): 0.004276, Lates_niloticus: 0.012737): 0.032036, (Lates_calcarifer: 0.037683, Lates_japonicus: 0.043609): 0.000549): 0.135460): 0.004237, Nematistius_pectoralis: 0.158858);

Detailed output identifying parameters

Parameters (kappa) in the rate matrix (HKY85) (Yang 1994 J Mol Evol 39:105-111):
  6.31805

alpha (gamma, K=5) =  0.29563
rate:   0.00232  0.04673  0.25382  0.89546  3.80166
freq:   0.20000  0.20000  0.20000  0.20000  0.20000

