
Printing out site pattern counts


        53         84  P

Caranx_caninus                  ---------- ---------- ---------- ---------- ---------- ---------- ---------- ---------- ----
Centropomus_armatus             AAAAAAAAAA AAAAAAAAAA AACCCCCCCC CCCCCCCCCC CGGGGGGGGG GGGGGGGGGG GGGGGGGGGT TTTTTTTTTT TTTT
Centropomus_ensiferus           AAAAAAAAAA AAAAAAAAAG GTCCCCCCCC CCCCCCCCCC GACGGGGGGG GGGGGGGGGG GGGGGGGGGT TTTTTTTTTT TTTT
Centropomus_medius              AAAAAAAAAA AAAAAAGGGG GACCCCCCCC CCCCCCCCCT GACAAGGGGG GGGGGGGGGG GGGGGGGGGC TTTTTTTTTT TTTT
Centropomus_nigrescens          AAAAAAAAAA AAAAAGAGGA GACCCCCCCC CCCCCCCCCC GACGGAGGGG GGGGGGGGGG GGGGGGGGGC TTTTTTTTTT TTTT
Centropomus_pectinatus          AAAAAAAAAA AAAAAAGGGG GACCCCCCCC CCCCCCCCCT GACAAGCGGG GGGGGGGGGG GGGGGGGGGC TTTTTTTTTT TTTT
Centropomus_robalito            ---AAAAAAA AAAAAAA-AA GA------CC CCCCCCCCCC GAGGGGG--- ----GGGGGG GGGGGGGGGT ---TTTTTTT TTTT
Centropomus_undecimalis         ---AAAAAAA AAAAAGA-GA GA------CC CCCCCCCCCC GACGGAG--- -----GGGGG GGGGGGGGGC ----CTTTTT TTTT
Centropomus_unionensis          AAAAAAAAAA AAAAAAAAAA GACCCCCCCC CCCCCCCCTC GAGGGGGGGG GGGGGGGGGG GGGGGGGGGT TTTTTTTTTT TTTT
Centropomus_viridis             ---------- ---------- ---------- ---------- ---------- ---------- ---------- ---------- ----
Coryphaena_equiselis            ---------- ---------- ---------- ---------- ---------- ---------- ---------- ---------- ----
Echeneis_naucrates              ---------- ---------- ---------- ---------- ---------- ---------- ---------- ---------- ----
Gnathanodon_speciosus           ---------- ---------- ---------- ---------- ---------- ---------- ---------- ---------- ----
Istiophorus_platypterus         AAGAAAAAAA AAAGGAAGAA AAACCCGTCC CCCCGTTTCT GACGGGGCGG GGGGGAAAAC GGGGGGGGTC ACTTTACCCC TTTT
Lates_angustifrons              ---------- ---------- ---------- ---------- ---------- ---------- ---------- ---------- ----
Lates_calcarifer                ---------- ---------- ---------- ---------- ---------- ---------- ---------- ---------- ----
Lates_japonicus                 ---------- ---------- ---------- ---------- ---------- ---------- ---------- ---------- ----
Lates_microlepis                ---------- ---------- ---------- ---------- ---------- ---------- ---------- ---------- ----
Lates_niloticus                 ---------- ---------- ---------- ---------- ---------- ---------- ---------- ---------- ----
Lates_stappersii                ---------- ---------- ---------- ---------- ---------- ---------- ---------- ---------- ----
Makaira_nigricans               AAGAAAAAAA AAAGGAAGAA AAACCCGTCC CCCCGTTTCT GACGGGGCGG GGGGGAAAAC GGGGGGGGTC ATTTTACCCT TTTT
Nematistius_pectoralis          ---------- ---------- ---------- ---------- ---------- ---------- ---------- ---------- ----
Psammoperca_waigiensis          ---------- ---------- ---------- ---------- ---------- ---------- ---------- ---------- ----
Sphyraena_africana              ---------- ---------- ---------- ---------- ---------- ---------- ---------- ---------- ----
Sphyraena_barracuda             AAAAAAAAAC GGTAAAGGAA GACCCCCCCC CTTTGCTTCT GACGGGGGAG GGGGGAAGGG AAGGGGGTGC TTTTTTCTTT ACTT
Sphyraena_borealis              AAAAAAAAAC GGTAAAGGAA GACCCTCCCC TTTTGCTTCT GACGGGGGAG GGGGGAAGGG AAAGGGGTGC TTTTTTCTTT ACTT
Sphyraena_ensis                 ATAAAAAAAC GGTAAAGGAA GACCCTCCCC TTTTGCTTCT GACGGGGGAA GGGGGAAAGG AAAGGGGTGC TTTTTTCTTT ACTT
Sphyraena_forsteri              ---------- ---------- ---------- ---------- ---------- ---------- ---------- ---------- ----
Sphyraena_guachancho            AAAAAAAAAC GGTAAAGGAA GACCCTCCCC TTTTGCTTCT GACGGGGGAG GGGGGAAGGG AAAGGGGTGC TTTTTTCTTT ACTT
Sphyraena_helleri               ---------- ---------- ---------- ---------- ---------- ---------- ---------- ---------- ----
Sphyraena_iburiensis            ---------- ---------- ---------- ---------- ---------- ---------- ---------- ---------- ----
Sphyraena_japonica              ---------- ---------- ---------- ---------- ---------- ---------- ---------- ---------- ----
Sphyraena_jello                 ---------- ---------- ---------- ---------- ---------- ---------- ---------- ---------- ----
Sphyraena_obtusata              ---------- ---------- ---------- ---------- ---------- ---------- ---------- ---------- ----
Sphyraena_picudilla             ---------- ---------- ---------- ---------- ---------- ---------- ---------- ---------- ----
Sphyraena_pinguis               ---------- ---------- ---------- ---------- ---------- ---------- ---------- ---------- ----
Sphyraena_putnamae              AAA-AAAAGC GGTAAAGAGA GAACCCCC-C CTTTGCTTCT GAC-GGGGAG ACGGGAAGGG AAG-AGG-GT TTTTTTCTTT GC-T
Sphyraena_qenie                 ---------- ---------- ---------- ---------- ---------- ---------- ---------- ---------- ----
Sphyraena_viridensis            ---------- ---------- ---------- ---------- ---------- ---------- ---------- ---------- ----
Tetrapturus_audax               ---------- ---------- ---------- ---------- ---------- ---------- ---------- ---------- ----
Xiphias_gladius                 AAAAAACGAA AAAAGAGGAG GACCTCCTCC CCCTGCTTCC GACAGGGCGG GGGGGAAGAG GGGGGAGGGC TTTTTTCCTT TTTT
Sphyraena_argentea              AAAAAGAAAC AGTAAAGAAA ATCCCCTCCC CCTTGCCTCC GACGGGGGGG GGAGGATAGG AGGGGGGTGT TTTTTTCTTT TCTT
Sphyraena_idiastes              ---------- ---------- ---------- ---------- ---------- ---------- ---------- ---------- ----
Sphyraena_novaehollandiae       ---------- ---------- ---------- ---------- ---------- ---------- ---------- ---------- ----
Sphyraena_chrysotaenia          ---------- ---------- ---------- ---------- ---------- ---------- ---------- ---------- ----
Sphyraena_flavicauda            ---------- ---------- ---------- ---------- ---------- ---------- ---------- ---------- ----
Centropomus_irae                ---------- ---------- ---------- ---------- ---------- ---------- ---------- ---------- ----
Centropomus_poeyi               ---------- ---------- ---------- ---------- ---------- ---------- ---------- ---------- ----
Centropomus_mexicanus           ---------- ---------- ---------- ---------- ---------- ---------- ---------- ---------- ----
Centropomus_parallelus          ---------- ---------- ---------- ---------- ---------- ---------- ---------- ---------- ----
Hypopterus_macropterus          ---------- ---------- ---------- ---------- ---------- ---------- ---------- ---------- ----
Sphyraena_acutipinnis           ---------- ---------- ---------- ---------- ---------- ---------- ---------- ---------- ----
Sphyraena_waitii                ---------- ---------- ---------- ---------- ---------- ---------- ---------- ---------- ----



   17    1    2    4   87    1    1    1    1    2    1    1    1    1    1
    1    1    1    1    1    1    1    1    5    1    1    1    1    1   56
    1    1    1    1    1    4    1    1    1    1    1    1    1    1    1
    1    1    1    1    1    1    1    1    5    1    2    1    1    1    1
    1    1    1    8    1    1   78    1    1    1    1    1    6    1    1
    1    2    1    2    1    1    1    7   83


BASEML (in paml version 4.9j, February 2020)  tmp0005.txt  HKY85 dGamma (ncatG=5)
Frequencies..
                                    T      C      A      G
Caranx_caninus                 0.25000 0.25000 0.25000 0.25000 GC = 0.500
Centropomus_armatus            0.25172 0.18535 0.29519 0.26773 GC = 0.453
Centropomus_ensiferus          0.25400 0.18535 0.29062 0.27002 GC = 0.455
Centropomus_medius             0.25172 0.18535 0.29062 0.27231 GC = 0.458
Centropomus_nigrescens         0.24943 0.18764 0.29062 0.27231 GC = 0.460
Centropomus_pectinatus         0.25172 0.18764 0.29062 0.27002 GC = 0.458
Centropomus_robalito           0.26357 0.18088 0.27907 0.27649 GC = 0.457
Centropomus_undecimalis        0.25714 0.18961 0.27792 0.27532 GC = 0.465
Centropomus_unionensis         0.25400 0.18078 0.29519 0.27002 GC = 0.451
Centropomus_viridis            0.25000 0.25000 0.25000 0.25000 GC = 0.500
Coryphaena_equiselis           0.25000 0.25000 0.25000 0.25000 GC = 0.500
Echeneis_naucrates             0.25000 0.25000 0.25000 0.25000 GC = 0.500
Gnathanodon_speciosus          0.25000 0.25000 0.25000 0.25000 GC = 0.500
Istiophorus_platypterus        0.24943 0.18307 0.30435 0.26316 GC = 0.446
Lates_angustifrons             0.25000 0.25000 0.25000 0.25000 GC = 0.500
Lates_calcarifer               0.25000 0.25000 0.25000 0.25000 GC = 0.500
Lates_japonicus                0.25000 0.25000 0.25000 0.25000 GC = 0.500
Lates_microlepis               0.25000 0.25000 0.25000 0.25000 GC = 0.500
Lates_niloticus                0.25000 0.25000 0.25000 0.25000 GC = 0.500
Lates_stappersii               0.25000 0.25000 0.25000 0.25000 GC = 0.500
Makaira_nigricans              0.25400 0.17849 0.30435 0.26316 GC = 0.442
Nematistius_pectoralis         0.25000 0.25000 0.25000 0.25000 GC = 0.500
Psammoperca_waigiensis         0.25000 0.25000 0.25000 0.25000 GC = 0.500
Sphyraena_africana             0.25000 0.25000 0.25000 0.25000 GC = 0.500
Sphyraena_barracuda            0.25858 0.18307 0.29519 0.26316 GC = 0.446
Sphyraena_borealis             0.26316 0.17849 0.29748 0.26087 GC = 0.439
Sphyraena_ensis                0.26545 0.17849 0.29977 0.25629 GC = 0.435
Sphyraena_forsteri             0.25000 0.25000 0.25000 0.25000 GC = 0.500
Sphyraena_guachancho           0.26316 0.17849 0.29748 0.26087 GC = 0.439
Sphyraena_helleri              0.25000 0.25000 0.25000 0.25000 GC = 0.500
Sphyraena_iburiensis           0.25000 0.25000 0.25000 0.25000 GC = 0.500
Sphyraena_japonica             0.25000 0.25000 0.25000 0.25000 GC = 0.500
Sphyraena_jello                0.25000 0.25000 0.25000 0.25000 GC = 0.500
Sphyraena_obtusata             0.25000 0.25000 0.25000 0.25000 GC = 0.500
Sphyraena_picudilla            0.25000 0.25000 0.25000 0.25000 GC = 0.500
Sphyraena_pinguis              0.25000 0.25000 0.25000 0.25000 GC = 0.500
Sphyraena_putnamae             0.25542 0.18795 0.30361 0.25301 GC = 0.441
Sphyraena_qenie                0.25000 0.25000 0.25000 0.25000 GC = 0.500
Sphyraena_viridensis           0.25000 0.25000 0.25000 0.25000 GC = 0.500
Tetrapturus_audax              0.25000 0.25000 0.25000 0.25000 GC = 0.500
Xiphias_gladius                0.25400 0.18535 0.29519 0.26545 GC = 0.451
Sphyraena_argentea             0.26316 0.18535 0.29291 0.25858 GC = 0.444
Sphyraena_idiastes             0.25000 0.25000 0.25000 0.25000 GC = 0.500
Sphyraena_novaehollandiae      0.25000 0.25000 0.25000 0.25000 GC = 0.500
Sphyraena_chrysotaenia         0.25000 0.25000 0.25000 0.25000 GC = 0.500
Sphyraena_flavicauda           0.25000 0.25000 0.25000 0.25000 GC = 0.500
Centropomus_irae               0.25000 0.25000 0.25000 0.25000 GC = 0.500
Centropomus_poeyi              0.25000 0.25000 0.25000 0.25000 GC = 0.500
Centropomus_mexicanus          0.25000 0.25000 0.25000 0.25000 GC = 0.500
Centropomus_parallelus         0.25000 0.25000 0.25000 0.25000 GC = 0.500
Hypopterus_macropterus         0.25000 0.25000 0.25000 0.25000 GC = 0.500
Sphyraena_acutipinnis          0.25000 0.25000 0.25000 0.25000 GC = 0.500
Sphyraena_waitii               0.25000 0.25000 0.25000 0.25000 GC = 0.500

Homogeneity statistic: X2 = 0.32993 G = 0.33697 

Average                        0.25640 0.18357 0.29432 0.26571
(Ambiguity characters are used to calculate freqs.)


# constant sites:      0 (0.00%)
Distances:HKY85 (kappa)  (alpha set at 0.50)
This matrix is not used in later m.l. analysis.

(Pairwise deletion.)
Caranx_caninus   
Centropomus_armatus    9.0000( 0.0000)
Centropomus_ensiferus    9.0000( 0.0000)  0.0128( 1.6077)
Centropomus_medius    9.0000( 1.6077)  0.0274( 9.5998)  0.0185(13.7364)
Centropomus_nigrescens    9.0000(13.7364)  0.0197( 6.3576)  0.0152(10.9723)  0.0149(999.0000)
Centropomus_pectinatus    9.0000(999.0000)  0.0299( 6.4054)  0.0209( 6.8674)  0.0023(-0.0035)  0.0173(12.7596)
Centropomus_robalito    9.0000(12.7596)  0.0069( 3.3026)  0.0074( 0.8106)  0.0210(13.9734)  0.0127( 7.6441)  0.0238( 6.9859)
Centropomus_undecimalis    9.0000( 6.9859)  0.0239( 6.9705)  0.0187(12.1292)  0.0208(999.0000)  0.0034(999.0000)  0.0236(15.8703)  0.0163(10.3396)
Centropomus_unionensis    9.0000(10.3396)  0.0092( 5.8711)  0.0097( 2.1258)  0.0240(18.3831)  0.0164(11.9831)  0.0264( 9.1873)  0.0035(999.0000)  0.0201(13.1657)
Centropomus_viridis    9.0000(13.1657)  9.0000(13.1657)  9.0000(13.1657)  9.0000(13.1657)  9.0000(13.1657)  9.0000(13.1657)  9.0000(13.1657)  9.0000(13.1657)  9.0000(13.1657)
Coryphaena_equiselis    9.0000(13.1657)  9.0000(13.1657)  9.0000(13.1657)  9.0000(13.1657)  9.0000(13.1657)  9.0000(13.1657)  9.0000(13.1657)  9.0000(13.1657)  9.0000(13.1657)  9.0000(13.1657)
Echeneis_naucrates    9.0000(13.1657)  9.0000(13.1657)  9.0000(13.1657)  9.0000(13.1657)  9.0000(13.1657)  9.0000(13.1657)  9.0000(13.1657)  9.0000(13.1657)  9.0000(13.1657)  9.0000(13.1657)  9.0000(13.1657)
Gnathanodon_speciosus    9.0000(13.1657)  9.0000(13.1657)  9.0000(13.1657)  9.0000(13.1657)  9.0000(13.1657)  9.0000(13.1657)  9.0000(13.1657)  9.0000(13.1657)  9.0000(13.1657)  9.0000(13.1657)  9.0000(13.1657)  9.0000(13.1657)
Istiophorus_platypterus    9.0000(13.1657)  0.1213( 7.6868)  0.1202( 8.7494)  0.1139( 9.5270)  0.1139( 9.5246)  0.1169( 8.4487)  0.0982(12.4797)  0.1033(17.0654)  0.1247( 9.1388)  9.0000( 9.1388)  9.0000( 9.1388)  9.0000( 9.1388)  9.0000( 9.1388)
Lates_angustifrons    9.0000( 9.1388)  9.0000( 9.1388)  9.0000( 9.1388)  9.0000( 9.1388)  9.0000( 9.1388)  9.0000( 9.1388)  9.0000( 9.1388)  9.0000( 9.1388)  9.0000( 9.1388)  9.0000( 9.1388)  9.0000( 9.1388)  9.0000( 9.1388)  9.0000( 9.1388)  9.0000( 9.1388)
Lates_calcarifer    9.0000( 9.1388)  9.0000( 9.1388)  9.0000( 9.1388)  9.0000( 9.1388)  9.0000( 9.1388)  9.0000( 9.1388)  9.0000( 9.1388)  9.0000( 9.1388)  9.0000( 9.1388)  9.0000( 9.1388)  9.0000( 9.1388)  9.0000( 9.1388)  9.0000( 9.1388)  9.0000( 9.1388)  9.0000( 9.1388)
Lates_japonicus    9.0000( 9.1388)  9.0000( 9.1388)  9.0000( 9.1388)  9.0000( 9.1388)  9.0000( 9.1388)  9.0000( 9.1388)  9.0000( 9.1388)  9.0000( 9.1388)  9.0000( 9.1388)  9.0000( 9.1388)  9.0000( 9.1388)  9.0000( 9.1388)  9.0000( 9.1388)  9.0000( 9.1388)  9.0000( 9.1388)  9.0000( 9.1388)
Lates_microlepis    9.0000( 9.1388)  9.0000( 9.1388)  9.0000( 9.1388)  9.0000( 9.1388)  9.0000( 9.1388)  9.0000( 9.1388)  9.0000( 9.1388)  9.0000( 9.1388)  9.0000( 9.1388)  9.0000( 9.1388)  9.0000( 9.1388)  9.0000( 9.1388)  9.0000( 9.1388)  9.0000( 9.1388)  9.0000( 9.1388)  9.0000( 9.1388)  9.0000( 9.1388)
Lates_niloticus    9.0000( 9.1388)  9.0000( 9.1388)  9.0000( 9.1388)  9.0000( 9.1388)  9.0000( 9.1388)  9.0000( 9.1388)  9.0000( 9.1388)  9.0000( 9.1388)  9.0000( 9.1388)  9.0000( 9.1388)  9.0000( 9.1388)  9.0000( 9.1388)  9.0000( 9.1388)  9.0000( 9.1388)  9.0000( 9.1388)  9.0000( 9.1388)  9.0000( 9.1388)  9.0000( 9.1388)
Lates_stappersii    9.0000( 9.1388)  9.0000( 9.1388)  9.0000( 9.1388)  9.0000( 9.1388)  9.0000( 9.1388)  9.0000( 9.1388)  9.0000( 9.1388)  9.0000( 9.1388)  9.0000( 9.1388)  9.0000( 9.1388)  9.0000( 9.1388)  9.0000( 9.1388)  9.0000( 9.1388)  9.0000( 9.1388)  9.0000( 9.1388)  9.0000( 9.1388)  9.0000( 9.1388)  9.0000( 9.1388)  9.0000( 9.1388)
Makaira_nigricans    9.0000( 9.1388)  0.1098( 6.7823)  0.1089( 7.7523)  0.1034( 8.4828)  0.1031( 8.4427)  0.1064( 7.5251)  0.0923(11.6196)  0.0975(16.0041)  0.1128( 8.0871)  9.0000( 8.0871)  9.0000( 8.0871)  9.0000( 8.0871)  9.0000( 8.0871)  0.0065(999.0000)  9.0000(999.0000)  9.0000(999.0000)  9.0000(999.0000)  9.0000(999.0000)  9.0000(999.0000)  9.0000(999.0000)
Nematistius_pectoralis    9.0000(999.0000)  9.0000(999.0000)  9.0000(999.0000)  9.0000(999.0000)  9.0000(999.0000)  9.0000(999.0000)  9.0000(999.0000)  9.0000(999.0000)  9.0000(999.0000)  9.0000(999.0000)  9.0000(999.0000)  9.0000(999.0000)  9.0000(999.0000)  9.0000(999.0000)  9.0000(999.0000)  9.0000(999.0000)  9.0000(999.0000)  9.0000(999.0000)  9.0000(999.0000)  9.0000(999.0000)  9.0000(999.0000)
Psammoperca_waigiensis    9.0000(999.0000)  9.0000(999.0000)  9.0000(999.0000)  9.0000(999.0000)  9.0000(999.0000)  9.0000(999.0000)  9.0000(999.0000)  9.0000(999.0000)  9.0000(999.0000)  9.0000(999.0000)  9.0000(999.0000)  9.0000(999.0000)  9.0000(999.0000)  9.0000(999.0000)  9.0000(999.0000)  9.0000(999.0000)  9.0000(999.0000)  9.0000(999.0000)  9.0000(999.0000)  9.0000(999.0000)  9.0000(999.0000)  9.0000(999.0000)
Sphyraena_africana    9.0000(999.0000)  9.0000(999.0000)  9.0000(999.0000)  9.0000(999.0000)  9.0000(999.0000)  9.0000(999.0000)  9.0000(999.0000)  9.0000(999.0000)  9.0000(999.0000)  9.0000(999.0000)  9.0000(999.0000)  9.0000(999.0000)  9.0000(999.0000)  9.0000(999.0000)  9.0000(999.0000)  9.0000(999.0000)  9.0000(999.0000)  9.0000(999.0000)  9.0000(999.0000)  9.0000(999.0000)  9.0000(999.0000)  9.0000(999.0000)  9.0000(999.0000)
Sphyraena_barracuda    9.0000(999.0000)  0.0849( 6.6420)  0.0792( 7.2866)  0.0702( 7.6662)  0.0745( 8.2439)  0.0730( 6.5613)  0.0819( 6.5252)  0.0876( 8.6446)  0.0817( 7.5730)  9.0000( 7.5730)  9.0000( 7.5730)  9.0000( 7.5730)  9.0000( 7.5730)  0.1211( 5.9712)  9.0000( 5.9712)  9.0000( 5.9712)  9.0000( 5.9712)  9.0000( 5.9712)  9.0000( 5.9712)  9.0000( 5.9712)  0.1103( 5.2755)  9.0000( 5.2755)  9.0000( 5.2755)  9.0000( 5.2755)
Sphyraena_borealis    9.0000( 5.2755)  0.0972( 7.9044)  0.0913( 8.7148)  0.0817( 9.2469)  0.0862( 9.8683)  0.0845( 7.9120)  0.0902( 7.3917)  0.0961( 9.6810)  0.0943( 9.0536)  9.0000( 9.0536)  9.0000( 9.0536)  9.0000( 9.0536)  9.0000( 9.0536)  0.1358( 6.9487)  9.0000( 6.9487)  9.0000( 6.9487)  9.0000( 6.9487)  9.0000( 6.9487)  9.0000( 6.9487)  9.0000( 6.9487)  0.1242( 6.1954)  9.0000( 6.1954)  9.0000( 6.1954)  9.0000( 6.1954)  0.0081(999.0000)
Sphyraena_ensis    9.0000(999.0000)  0.1058( 7.5263)  0.0996( 8.1744)  0.0901( 8.5739)  0.0947( 9.1048)  0.0930( 7.4924)  0.0932( 7.6990)  0.0994(10.0788)  0.1024( 8.4468)  9.0000( 8.4468)  9.0000( 8.4468)  9.0000( 8.4468)  9.0000( 8.4468)  0.1389( 6.4042)  9.0000( 6.4042)  9.0000( 6.4042)  9.0000( 6.4042)  9.0000( 6.4042)  9.0000( 6.4042)  9.0000( 6.4042)  0.1273( 5.7111)  9.0000( 5.7111)  9.0000( 5.7111)  9.0000( 5.7111)  0.0144(10.3524)  0.0061( 3.2701)
Sphyraena_forsteri    9.0000( 3.2701)  9.0000( 3.2701)  9.0000( 3.2701)  9.0000( 3.2701)  9.0000( 3.2701)  9.0000( 3.2701)  9.0000( 3.2701)  9.0000( 3.2701)  9.0000( 3.2701)  9.0000( 3.2701)  9.0000( 3.2701)  9.0000( 3.2701)  9.0000( 3.2701)  9.0000( 3.2701)  9.0000( 3.2701)  9.0000( 3.2701)  9.0000( 3.2701)  9.0000( 3.2701)  9.0000( 3.2701)  9.0000( 3.2701)  9.0000( 3.2701)  9.0000( 3.2701)  9.0000( 3.2701)  9.0000( 3.2701)  9.0000( 3.2701)  9.0000( 3.2701)  9.0000( 3.2701)
Sphyraena_guachancho    9.0000( 3.2701)  0.0972( 7.9044)  0.0913( 8.7148)  0.0817( 9.2469)  0.0862( 9.8683)  0.0845( 7.9120)  0.0902( 7.3917)  0.0961( 9.6810)  0.0943( 9.0536)  9.0000( 9.0536)  9.0000( 9.0536)  9.0000( 9.0536)  9.0000( 9.0536)  0.1358( 6.9487)  9.0000( 6.9487)  9.0000( 6.9487)  9.0000( 6.9487)  9.0000( 6.9487)  9.0000( 6.9487)  9.0000( 6.9487)  0.1242( 6.1954)  9.0000( 6.1954)  9.0000( 6.1954)  9.0000( 6.1954)  0.0081(999.0000)  0.0000(999.0000)  0.0061( 3.2701)  9.0000( 3.2701)
Sphyraena_helleri    9.0000( 3.2701)  9.0000( 3.2701)  9.0000( 3.2701)  9.0000( 3.2701)  9.0000( 3.2701)  9.0000( 3.2701)  9.0000( 3.2701)  9.0000( 3.2701)  9.0000( 3.2701)  9.0000( 3.2701)  9.0000( 3.2701)  9.0000( 3.2701)  9.0000( 3.2701)  9.0000( 3.2701)  9.0000( 3.2701)  9.0000( 3.2701)  9.0000( 3.2701)  9.0000( 3.2701)  9.0000( 3.2701)  9.0000( 3.2701)  9.0000( 3.2701)  9.0000( 3.2701)  9.0000( 3.2701)  9.0000( 3.2701)  9.0000( 3.2701)  9.0000( 3.2701)  9.0000( 3.2701)  9.0000( 3.2701)  9.0000( 3.2701)
Sphyraena_iburiensis    9.0000( 3.2701)  9.0000( 3.2701)  9.0000( 3.2701)  9.0000( 3.2701)  9.0000( 3.2701)  9.0000( 3.2701)  9.0000( 3.2701)  9.0000( 3.2701)  9.0000( 3.2701)  9.0000( 3.2701)  9.0000( 3.2701)  9.0000( 3.2701)  9.0000( 3.2701)  9.0000( 3.2701)  9.0000( 3.2701)  9.0000( 3.2701)  9.0000( 3.2701)  9.0000( 3.2701)  9.0000( 3.2701)  9.0000( 3.2701)  9.0000( 3.2701)  9.0000( 3.2701)  9.0000( 3.2701)  9.0000( 3.2701)  9.0000( 3.2701)  9.0000( 3.2701)  9.0000( 3.2701)  9.0000( 3.2701)  9.0000( 3.2701)  9.0000( 3.2701)
Sphyraena_japonica    9.0000( 3.2701)  9.0000( 3.2701)  9.0000( 3.2701)  9.0000( 3.2701)  9.0000( 3.2701)  9.0000( 3.2701)  9.0000( 3.2701)  9.0000( 3.2701)  9.0000( 3.2701)  9.0000( 3.2701)  9.0000( 3.2701)  9.0000( 3.2701)  9.0000( 3.2701)  9.0000( 3.2701)  9.0000( 3.2701)  9.0000( 3.2701)  9.0000( 3.2701)  9.0000( 3.2701)  9.0000( 3.2701)  9.0000( 3.2701)  9.0000( 3.2701)  9.0000( 3.2701)  9.0000( 3.2701)  9.0000( 3.2701)  9.0000( 3.2701)  9.0000( 3.2701)  9.0000( 3.2701)  9.0000( 3.2701)  9.0000( 3.2701)  9.0000( 3.2701)  9.0000( 3.2701)
Sphyraena_jello    9.0000( 3.2701)  9.0000( 3.2701)  9.0000( 3.2701)  9.0000( 3.2701)  9.0000( 3.2701)  9.0000( 3.2701)  9.0000( 3.2701)  9.0000( 3.2701)  9.0000( 3.2701)  9.0000( 3.2701)  9.0000( 3.2701)  9.0000( 3.2701)  9.0000( 3.2701)  9.0000( 3.2701)  9.0000( 3.2701)  9.0000( 3.2701)  9.0000( 3.2701)  9.0000( 3.2701)  9.0000( 3.2701)  9.0000( 3.2701)  9.0000( 3.2701)  9.0000( 3.2701)  9.0000( 3.2701)  9.0000( 3.2701)  9.0000( 3.2701)  9.0000( 3.2701)  9.0000( 3.2701)  9.0000( 3.2701)  9.0000( 3.2701)  9.0000( 3.2701)  9.0000( 3.2701)  9.0000( 3.2701)
Sphyraena_obtusata    9.0000( 3.2701)  9.0000( 3.2701)  9.0000( 3.2701)  9.0000( 3.2701)  9.0000( 3.2701)  9.0000( 3.2701)  9.0000( 3.2701)  9.0000( 3.2701)  9.0000( 3.2701)  9.0000( 3.2701)  9.0000( 3.2701)  9.0000( 3.2701)  9.0000( 3.2701)  9.0000( 3.2701)  9.0000( 3.2701)  9.0000( 3.2701)  9.0000( 3.2701)  9.0000( 3.2701)  9.0000( 3.2701)  9.0000( 3.2701)  9.0000( 3.2701)  9.0000( 3.2701)  9.0000( 3.2701)  9.0000( 3.2701)  9.0000( 3.2701)  9.0000( 3.2701)  9.0000( 3.2701)  9.0000( 3.2701)  9.0000( 3.2701)  9.0000( 3.2701)  9.0000( 3.2701)  9.0000( 3.2701)  9.0000( 3.2701)
Sphyraena_picudilla    9.0000( 3.2701)  9.0000( 3.2701)  9.0000( 3.2701)  9.0000( 3.2701)  9.0000( 3.2701)  9.0000( 3.2701)  9.0000( 3.2701)  9.0000( 3.2701)  9.0000( 3.2701)  9.0000( 3.2701)  9.0000( 3.2701)  9.0000( 3.2701)  9.0000( 3.2701)  9.0000( 3.2701)  9.0000( 3.2701)  9.0000( 3.2701)  9.0000( 3.2701)  9.0000( 3.2701)  9.0000( 3.2701)  9.0000( 3.2701)  9.0000( 3.2701)  9.0000( 3.2701)  9.0000( 3.2701)  9.0000( 3.2701)  9.0000( 3.2701)  9.0000( 3.2701)  9.0000( 3.2701)  9.0000( 3.2701)  9.0000( 3.2701)  9.0000( 3.2701)  9.0000( 3.2701)  9.0000( 3.2701)  9.0000( 3.2701)  9.0000( 3.2701)
Sphyraena_pinguis    9.0000( 3.2701)  9.0000( 3.2701)  9.0000( 3.2701)  9.0000( 3.2701)  9.0000( 3.2701)  9.0000( 3.2701)  9.0000( 3.2701)  9.0000( 3.2701)  9.0000( 3.2701)  9.0000( 3.2701)  9.0000( 3.2701)  9.0000( 3.2701)  9.0000( 3.2701)  9.0000( 3.2701)  9.0000( 3.2701)  9.0000( 3.2701)  9.0000( 3.2701)  9.0000( 3.2701)  9.0000( 3.2701)  9.0000( 3.2701)  9.0000( 3.2701)  9.0000( 3.2701)  9.0000( 3.2701)  9.0000( 3.2701)  9.0000( 3.2701)  9.0000( 3.2701)  9.0000( 3.2701)  9.0000( 3.2701)  9.0000( 3.2701)  9.0000( 3.2701)  9.0000( 3.2701)  9.0000( 3.2701)  9.0000( 3.2701)  9.0000( 3.2701)  9.0000( 3.2701)
Sphyraena_putnamae    9.0000( 3.2701)  0.0973( 6.2939)  0.0909( 6.7860)  0.0878( 7.7536)  0.0955( 8.6099)  0.0909( 6.7771)  0.0878( 8.0986)  0.0987(11.6517)  0.0929( 6.9685)  9.0000( 6.9685)  9.0000( 6.9685)  9.0000( 6.9685)  9.0000( 6.9685)  0.1470( 8.0738)  9.0000( 8.0738)  9.0000( 8.0738)  9.0000( 8.0738)  9.0000( 8.0738)  9.0000( 8.0738)  9.0000( 8.0738)  0.1352( 7.2821)  9.0000( 7.2821)  9.0000( 7.2821)  9.0000( 7.2821)  0.0210( 6.5142)  0.0302(10.2405)  0.0379( 8.1747)  9.0000( 8.1747)  0.0302(10.2405)  9.0000(10.2405)  9.0000(10.2405)  9.0000(10.2405)  9.0000(10.2405)  9.0000(10.2405)  9.0000(10.2405)  9.0000(10.2405)
Sphyraena_qenie    9.0000(10.2405)  9.0000(10.2405)  9.0000(10.2405)  9.0000(10.2405)  9.0000(10.2405)  9.0000(10.2405)  9.0000(10.2405)  9.0000(10.2405)  9.0000(10.2405)  9.0000(10.2405)  9.0000(10.2405)  9.0000(10.2405)  9.0000(10.2405)  9.0000(10.2405)  9.0000(10.2405)  9.0000(10.2405)  9.0000(10.2405)  9.0000(10.2405)  9.0000(10.2405)  9.0000(10.2405)  9.0000(10.2405)  9.0000(10.2405)  9.0000(10.2405)  9.0000(10.2405)  9.0000(10.2405)  9.0000(10.2405)  9.0000(10.2405)  9.0000(10.2405)  9.0000(10.2405)  9.0000(10.2405)  9.0000(10.2405)  9.0000(10.2405)  9.0000(10.2405)  9.0000(10.2405)  9.0000(10.2405)  9.0000(10.2405)  9.0000(10.2405)
Sphyraena_viridensis    9.0000(10.2405)  9.0000(10.2405)  9.0000(10.2405)  9.0000(10.2405)  9.0000(10.2405)  9.0000(10.2405)  9.0000(10.2405)  9.0000(10.2405)  9.0000(10.2405)  9.0000(10.2405)  9.0000(10.2405)  9.0000(10.2405)  9.0000(10.2405)  9.0000(10.2405)  9.0000(10.2405)  9.0000(10.2405)  9.0000(10.2405)  9.0000(10.2405)  9.0000(10.2405)  9.0000(10.2405)  9.0000(10.2405)  9.0000(10.2405)  9.0000(10.2405)  9.0000(10.2405)  9.0000(10.2405)  9.0000(10.2405)  9.0000(10.2405)  9.0000(10.2405)  9.0000(10.2405)  9.0000(10.2405)  9.0000(10.2405)  9.0000(10.2405)  9.0000(10.2405)  9.0000(10.2405)  9.0000(10.2405)  9.0000(10.2405)  9.0000(10.2405)  9.0000(10.2405)
Tetrapturus_audax    9.0000(10.2405)  9.0000(10.2405)  9.0000(10.2405)  9.0000(10.2405)  9.0000(10.2405)  9.0000(10.2405)  9.0000(10.2405)  9.0000(10.2405)  9.0000(10.2405)  9.0000(10.2405)  9.0000(10.2405)  9.0000(10.2405)  9.0000(10.2405)  9.0000(10.2405)  9.0000(10.2405)  9.0000(10.2405)  9.0000(10.2405)  9.0000(10.2405)  9.0000(10.2405)  9.0000(10.2405)  9.0000(10.2405)  9.0000(10.2405)  9.0000(10.2405)  9.0000(10.2405)  9.0000(10.2405)  9.0000(10.2405)  9.0000(10.2405)  9.0000(10.2405)  9.0000(10.2405)  9.0000(10.2405)  9.0000(10.2405)  9.0000(10.2405)  9.0000(10.2405)  9.0000(10.2405)  9.0000(10.2405)  9.0000(10.2405)  9.0000(10.2405)  9.0000(10.2405)  9.0000(10.2405)
Xiphias_gladius    9.0000(10.2405)  0.0743(10.3333)  0.0638(11.3332)  0.0587(14.4578)  0.0644(16.0346)  0.0614(10.8203)  0.0603(13.0578)  0.0666(22.9373)  0.0709(12.8067)  9.0000(12.8067)  9.0000(12.8067)  9.0000(12.8067)  9.0000(12.8067)  0.0820( 7.5751)  9.0000( 7.5751)  9.0000( 7.5751)  9.0000( 7.5751)  9.0000( 7.5751)  9.0000( 7.5751)  9.0000( 7.5751)  0.0728( 6.5116)  9.0000( 6.5116)  9.0000( 6.5116)  9.0000( 6.5116)  0.0663( 5.7840)  0.0774( 7.0910)  0.0857( 6.7590)  9.0000( 6.7590)  0.0774( 7.0910)  9.0000( 7.0910)  9.0000( 7.0910)  9.0000( 7.0910)  9.0000( 7.0910)  9.0000( 7.0910)  9.0000( 7.0910)  9.0000( 7.0910)  0.0895( 6.6530)  9.0000( 6.6530)  9.0000( 6.6530)  9.0000( 6.6530)
Sphyraena_argentea    9.0000( 6.6530)  0.0668( 4.0289)  0.0608( 6.4031)  0.0798( 7.3748)  0.0756( 6.8724)  0.0827( 6.4431)  0.0656( 3.9410)  0.0808( 6.3661)  0.0683( 4.9729)  9.0000( 4.9729)  9.0000( 4.9729)  9.0000( 4.9729)  9.0000( 4.9729)  0.1296( 5.8455)  9.0000( 5.8455)  9.0000( 5.8455)  9.0000( 5.8455)  9.0000( 5.8455)  9.0000( 5.8455)  9.0000( 5.8455)  0.1182( 5.1643)  9.0000( 5.1643)  9.0000( 5.1643)  9.0000( 5.1643)  0.0403( 9.4042)  0.0501(12.1982)  0.0528( 9.1484)  9.0000( 9.1484)  0.0501(12.1982)  9.0000(12.1982)  9.0000(12.1982)  9.0000(12.1982)  9.0000(12.1982)  9.0000(12.1982)  9.0000(12.1982)  9.0000(12.1982)  0.0524( 6.3283)  9.0000( 6.3283)  9.0000( 6.3283)  9.0000( 6.3283)  0.0784( 6.0207)
Sphyraena_idiastes    9.0000( 6.0207)  9.0000( 6.0207)  9.0000( 6.0207)  9.0000( 6.0207)  9.0000( 6.0207)  9.0000( 6.0207)  9.0000( 6.0207)  9.0000( 6.0207)  9.0000( 6.0207)  9.0000( 6.0207)  9.0000( 6.0207)  9.0000( 6.0207)  9.0000( 6.0207)  9.0000( 6.0207)  9.0000( 6.0207)  9.0000( 6.0207)  9.0000( 6.0207)  9.0000( 6.0207)  9.0000( 6.0207)  9.0000( 6.0207)  9.0000( 6.0207)  9.0000( 6.0207)  9.0000( 6.0207)  9.0000( 6.0207)  9.0000( 6.0207)  9.0000( 6.0207)  9.0000( 6.0207)  9.0000( 6.0207)  9.0000( 6.0207)  9.0000( 6.0207)  9.0000( 6.0207)  9.0000( 6.0207)  9.0000( 6.0207)  9.0000( 6.0207)  9.0000( 6.0207)  9.0000( 6.0207)  9.0000( 6.0207)  9.0000( 6.0207)  9.0000( 6.0207)  9.0000( 6.0207)  9.0000( 6.0207)  9.0000( 6.0207)
Sphyraena_novaehollandiae    9.0000( 6.0207)  9.0000( 6.0207)  9.0000( 6.0207)  9.0000( 6.0207)  9.0000( 6.0207)  9.0000( 6.0207)  9.0000( 6.0207)  9.0000( 6.0207)  9.0000( 6.0207)  9.0000( 6.0207)  9.0000( 6.0207)  9.0000( 6.0207)  9.0000( 6.0207)  9.0000( 6.0207)  9.0000( 6.0207)  9.0000( 6.0207)  9.0000( 6.0207)  9.0000( 6.0207)  9.0000( 6.0207)  9.0000( 6.0207)  9.0000( 6.0207)  9.0000( 6.0207)  9.0000( 6.0207)  9.0000( 6.0207)  9.0000( 6.0207)  9.0000( 6.0207)  9.0000( 6.0207)  9.0000( 6.0207)  9.0000( 6.0207)  9.0000( 6.0207)  9.0000( 6.0207)  9.0000( 6.0207)  9.0000( 6.0207)  9.0000( 6.0207)  9.0000( 6.0207)  9.0000( 6.0207)  9.0000( 6.0207)  9.0000( 6.0207)  9.0000( 6.0207)  9.0000( 6.0207)  9.0000( 6.0207)  9.0000( 6.0207)  9.0000( 6.0207)
Sphyraena_chrysotaenia    9.0000( 6.0207)  9.0000( 6.0207)  9.0000( 6.0207)  9.0000( 6.0207)  9.0000( 6.0207)  9.0000( 6.0207)  9.0000( 6.0207)  9.0000( 6.0207)  9.0000( 6.0207)  9.0000( 6.0207)  9.0000( 6.0207)  9.0000( 6.0207)  9.0000( 6.0207)  9.0000( 6.0207)  9.0000( 6.0207)  9.0000( 6.0207)  9.0000( 6.0207)  9.0000( 6.0207)  9.0000( 6.0207)  9.0000( 6.0207)  9.0000( 6.0207)  9.0000( 6.0207)  9.0000( 6.0207)  9.0000( 6.0207)  9.0000( 6.0207)  9.0000( 6.0207)  9.0000( 6.0207)  9.0000( 6.0207)  9.0000( 6.0207)  9.0000( 6.0207)  9.0000( 6.0207)  9.0000( 6.0207)  9.0000( 6.0207)  9.0000( 6.0207)  9.0000( 6.0207)  9.0000( 6.0207)  9.0000( 6.0207)  9.0000( 6.0207)  9.0000( 6.0207)  9.0000( 6.0207)  9.0000( 6.0207)  9.0000( 6.0207)  9.0000( 6.0207)  9.0000( 6.0207)
Sphyraena_flavicauda    9.0000( 6.0207)  9.0000( 6.0207)  9.0000( 6.0207)  9.0000( 6.0207)  9.0000( 6.0207)  9.0000( 6.0207)  9.0000( 6.0207)  9.0000( 6.0207)  9.0000( 6.0207)  9.0000( 6.0207)  9.0000( 6.0207)  9.0000( 6.0207)  9.0000( 6.0207)  9.0000( 6.0207)  9.0000( 6.0207)  9.0000( 6.0207)  9.0000( 6.0207)  9.0000( 6.0207)  9.0000( 6.0207)  9.0000( 6.0207)  9.0000( 6.0207)  9.0000( 6.0207)  9.0000( 6.0207)  9.0000( 6.0207)  9.0000( 6.0207)  9.0000( 6.0207)  9.0000( 6.0207)  9.0000( 6.0207)  9.0000( 6.0207)  9.0000( 6.0207)  9.0000( 6.0207)  9.0000( 6.0207)  9.0000( 6.0207)  9.0000( 6.0207)  9.0000( 6.0207)  9.0000( 6.0207)  9.0000( 6.0207)  9.0000( 6.0207)  9.0000( 6.0207)  9.0000( 6.0207)  9.0000( 6.0207)  9.0000( 6.0207)  9.0000( 6.0207)  9.0000( 6.0207)  9.0000( 6.0207)
Centropomus_irae    9.0000( 6.0207)  9.0000( 6.0207)  9.0000( 6.0207)  9.0000( 6.0207)  9.0000( 6.0207)  9.0000( 6.0207)  9.0000( 6.0207)  9.0000( 6.0207)  9.0000( 6.0207)  9.0000( 6.0207)  9.0000( 6.0207)  9.0000( 6.0207)  9.0000( 6.0207)  9.0000( 6.0207)  9.0000( 6.0207)  9.0000( 6.0207)  9.0000( 6.0207)  9.0000( 6.0207)  9.0000( 6.0207)  9.0000( 6.0207)  9.0000( 6.0207)  9.0000( 6.0207)  9.0000( 6.0207)  9.0000( 6.0207)  9.0000( 6.0207)  9.0000( 6.0207)  9.0000( 6.0207)  9.0000( 6.0207)  9.0000( 6.0207)  9.0000( 6.0207)  9.0000( 6.0207)  9.0000( 6.0207)  9.0000( 6.0207)  9.0000( 6.0207)  9.0000( 6.0207)  9.0000( 6.0207)  9.0000( 6.0207)  9.0000( 6.0207)  9.0000( 6.0207)  9.0000( 6.0207)  9.0000( 6.0207)  9.0000( 6.0207)  9.0000( 6.0207)  9.0000( 6.0207)  9.0000( 6.0207)  9.0000( 6.0207)
Centropomus_poeyi    9.0000( 6.0207)  9.0000( 6.0207)  9.0000( 6.0207)  9.0000( 6.0207)  9.0000( 6.0207)  9.0000( 6.0207)  9.0000( 6.0207)  9.0000( 6.0207)  9.0000( 6.0207)  9.0000( 6.0207)  9.0000( 6.0207)  9.0000( 6.0207)  9.0000( 6.0207)  9.0000( 6.0207)  9.0000( 6.0207)  9.0000( 6.0207)  9.0000( 6.0207)  9.0000( 6.0207)  9.0000( 6.0207)  9.0000( 6.0207)  9.0000( 6.0207)  9.0000( 6.0207)  9.0000( 6.0207)  9.0000( 6.0207)  9.0000( 6.0207)  9.0000( 6.0207)  9.0000( 6.0207)  9.0000( 6.0207)  9.0000( 6.0207)  9.0000( 6.0207)  9.0000( 6.0207)  9.0000( 6.0207)  9.0000( 6.0207)  9.0000( 6.0207)  9.0000( 6.0207)  9.0000( 6.0207)  9.0000( 6.0207)  9.0000( 6.0207)  9.0000( 6.0207)  9.0000( 6.0207)  9.0000( 6.0207)  9.0000( 6.0207)  9.0000( 6.0207)  9.0000( 6.0207)  9.0000( 6.0207)  9.0000( 6.0207)  9.0000( 6.0207)
Centropomus_mexicanus    9.0000( 6.0207)  9.0000( 6.0207)  9.0000( 6.0207)  9.0000( 6.0207)  9.0000( 6.0207)  9.0000( 6.0207)  9.0000( 6.0207)  9.0000( 6.0207)  9.0000( 6.0207)  9.0000( 6.0207)  9.0000( 6.0207)  9.0000( 6.0207)  9.0000( 6.0207)  9.0000( 6.0207)  9.0000( 6.0207)  9.0000( 6.0207)  9.0000( 6.0207)  9.0000( 6.0207)  9.0000( 6.0207)  9.0000( 6.0207)  9.0000( 6.0207)  9.0000( 6.0207)  9.0000( 6.0207)  9.0000( 6.0207)  9.0000( 6.0207)  9.0000( 6.0207)  9.0000( 6.0207)  9.0000( 6.0207)  9.0000( 6.0207)  9.0000( 6.0207)  9.0000( 6.0207)  9.0000( 6.0207)  9.0000( 6.0207)  9.0000( 6.0207)  9.0000( 6.0207)  9.0000( 6.0207)  9.0000( 6.0207)  9.0000( 6.0207)  9.0000( 6.0207)  9.0000( 6.0207)  9.0000( 6.0207)  9.0000( 6.0207)  9.0000( 6.0207)  9.0000( 6.0207)  9.0000( 6.0207)  9.0000( 6.0207)  9.0000( 6.0207)  9.0000( 6.0207)
Centropomus_parallelus    9.0000( 6.0207)  9.0000( 6.0207)  9.0000( 6.0207)  9.0000( 6.0207)  9.0000( 6.0207)  9.0000( 6.0207)  9.0000( 6.0207)  9.0000( 6.0207)  9.0000( 6.0207)  9.0000( 6.0207)  9.0000( 6.0207)  9.0000( 6.0207)  9.0000( 6.0207)  9.0000( 6.0207)  9.0000( 6.0207)  9.0000( 6.0207)  9.0000( 6.0207)  9.0000( 6.0207)  9.0000( 6.0207)  9.0000( 6.0207)  9.0000( 6.0207)  9.0000( 6.0207)  9.0000( 6.0207)  9.0000( 6.0207)  9.0000( 6.0207)  9.0000( 6.0207)  9.0000( 6.0207)  9.0000( 6.0207)  9.0000( 6.0207)  9.0000( 6.0207)  9.0000( 6.0207)  9.0000( 6.0207)  9.0000( 6.0207)  9.0000( 6.0207)  9.0000( 6.0207)  9.0000( 6.0207)  9.0000( 6.0207)  9.0000( 6.0207)  9.0000( 6.0207)  9.0000( 6.0207)  9.0000( 6.0207)  9.0000( 6.0207)  9.0000( 6.0207)  9.0000( 6.0207)  9.0000( 6.0207)  9.0000( 6.0207)  9.0000( 6.0207)  9.0000( 6.0207)  9.0000( 6.0207)
Hypopterus_macropterus    9.0000( 6.0207)  9.0000( 6.0207)  9.0000( 6.0207)  9.0000( 6.0207)  9.0000( 6.0207)  9.0000( 6.0207)  9.0000( 6.0207)  9.0000( 6.0207)  9.0000( 6.0207)  9.0000( 6.0207)  9.0000( 6.0207)  9.0000( 6.0207)  9.0000( 6.0207)  9.0000( 6.0207)  9.0000( 6.0207)  9.0000( 6.0207)  9.0000( 6.0207)  9.0000( 6.0207)  9.0000( 6.0207)  9.0000( 6.0207)  9.0000( 6.0207)  9.0000( 6.0207)  9.0000( 6.0207)  9.0000( 6.0207)  9.0000( 6.0207)  9.0000( 6.0207)  9.0000( 6.0207)  9.0000( 6.0207)  9.0000( 6.0207)  9.0000( 6.0207)  9.0000( 6.0207)  9.0000( 6.0207)  9.0000( 6.0207)  9.0000( 6.0207)  9.0000( 6.0207)  9.0000( 6.0207)  9.0000( 6.0207)  9.0000( 6.0207)  9.0000( 6.0207)  9.0000( 6.0207)  9.0000( 6.0207)  9.0000( 6.0207)  9.0000( 6.0207)  9.0000( 6.0207)  9.0000( 6.0207)  9.0000( 6.0207)  9.0000( 6.0207)  9.0000( 6.0207)  9.0000( 6.0207)  9.0000( 6.0207)
Sphyraena_acutipinnis    9.0000( 6.0207)  9.0000( 6.0207)  9.0000( 6.0207)  9.0000( 6.0207)  9.0000( 6.0207)  9.0000( 6.0207)  9.0000( 6.0207)  9.0000( 6.0207)  9.0000( 6.0207)  9.0000( 6.0207)  9.0000( 6.0207)  9.0000( 6.0207)  9.0000( 6.0207)  9.0000( 6.0207)  9.0000( 6.0207)  9.0000( 6.0207)  9.0000( 6.0207)  9.0000( 6.0207)  9.0000( 6.0207)  9.0000( 6.0207)  9.0000( 6.0207)  9.0000( 6.0207)  9.0000( 6.0207)  9.0000( 6.0207)  9.0000( 6.0207)  9.0000( 6.0207)  9.0000( 6.0207)  9.0000( 6.0207)  9.0000( 6.0207)  9.0000( 6.0207)  9.0000( 6.0207)  9.0000( 6.0207)  9.0000( 6.0207)  9.0000( 6.0207)  9.0000( 6.0207)  9.0000( 6.0207)  9.0000( 6.0207)  9.0000( 6.0207)  9.0000( 6.0207)  9.0000( 6.0207)  9.0000( 6.0207)  9.0000( 6.0207)  9.0000( 6.0207)  9.0000( 6.0207)  9.0000( 6.0207)  9.0000( 6.0207)  9.0000( 6.0207)  9.0000( 6.0207)  9.0000( 6.0207)  9.0000( 6.0207)  9.0000( 6.0207)
Sphyraena_waitii    9.0000( 6.0207)  9.0000( 6.0207)  9.0000( 6.0207)  9.0000( 6.0207)  9.0000( 6.0207)  9.0000( 6.0207)  9.0000( 6.0207)  9.0000( 6.0207)  9.0000( 6.0207)  9.0000( 6.0207)  9.0000( 6.0207)  9.0000( 6.0207)  9.0000( 6.0207)  9.0000( 6.0207)  9.0000( 6.0207)  9.0000( 6.0207)  9.0000( 6.0207)  9.0000( 6.0207)  9.0000( 6.0207)  9.0000( 6.0207)  9.0000( 6.0207)  9.0000( 6.0207)  9.0000( 6.0207)  9.0000( 6.0207)  9.0000( 6.0207)  9.0000( 6.0207)  9.0000( 6.0207)  9.0000( 6.0207)  9.0000( 6.0207)  9.0000( 6.0207)  9.0000( 6.0207)  9.0000( 6.0207)  9.0000( 6.0207)  9.0000( 6.0207)  9.0000( 6.0207)  9.0000( 6.0207)  9.0000( 6.0207)  9.0000( 6.0207)  9.0000( 6.0207)  9.0000( 6.0207)  9.0000( 6.0207)  9.0000( 6.0207)  9.0000( 6.0207)  9.0000( 6.0207)  9.0000( 6.0207)  9.0000( 6.0207)  9.0000( 6.0207)  9.0000( 6.0207)  9.0000( 6.0207)  9.0000( 6.0207)  9.0000( 6.0207)  9.0000( 6.0207)

TREE #  1:  (((((14, 40), 21), 41), (((11, 12), (13, 1)), (((3, ((2, 7), 9)), ((6, 4), ((((48, (8, 47)), 10), 5), (50, 49)))), ((((30, ((24, (32, (52, 53))), 44)), ((39, 42), 43)), (((31, 45), 36), (34, 46))), (37, (((35, (27, (26, 29))), 28), (38, (25, 33)))))))), ((51, 23), ((((15, 18), 20), 19), (16, 17))), 22);  MP score: -1.00
lnL(ntime:103  np:105):  -1173.105325    +0.000000
  54..55   55..56   56..57   57..58   58..14   58..40   57..21   56..41   55..59   59..60   60..61   61..11   61..12   60..62   62..13   62..1    59..63   63..64   64..65   65..3    65..66   66..67   67..2    67..7    66..9    64..68   68..69   69..6    69..4    68..70   70..71   71..72   72..73   73..48   73..74   74..8    74..47   72..10   71..5    70..75   75..50   75..49   63..76   76..77   77..78   78..79   79..30   79..80   80..81   81..24   81..82   82..32   82..83   83..52   83..53   80..44   78..84   84..85   85..39   85..42   84..43   77..86   86..87   87..88   88..31   88..45   87..36   86..89   89..34   89..46   76..90   90..37   90..91   91..92   92..93   93..35   93..94   94..27   94..95   95..26   95..29   92..28   91..96   96..38   96..97   97..25   97..33   54..98   98..99   99..51   99..23   98..100 100..101 101..102 102..103 103..15  103..18  102..20  101..19  100..104 104..16  104..17   54..22 
 0.055024 0.012178 0.053480 0.004049 0.000579 0.016098 0.000004 0.015616 0.000657 0.052195 0.056335 0.101800 0.046528 0.021894 0.033701 0.042577 0.000652 0.022845 0.004987 0.004465 0.002560 0.000004 0.006992 0.000004 0.002300 0.002068 0.011466 0.002306 0.000004 0.000774 0.004344 0.000029 0.000032 0.017994 0.000024 0.002630 0.051219 0.020116 0.000004 0.042672 0.044348 0.109835 0.023229 0.022550 0.000012 0.055641 0.018333 0.022643 0.090357 0.098574 0.075655 0.089185 0.098791 0.011593 0.037924 0.068841 0.000009 0.001447 0.109724 0.000004 0.012392 0.075932 0.029670 0.056050 0.089754 0.076646 0.097386 0.070802 0.016723 0.047885 0.015631 0.022868 0.000004 0.000136 0.005987 0.011704 0.000882 0.007051 0.000004 0.000004 0.000004 0.012664 0.000004 0.098182 0.000004 0.000004 0.081052 0.084003 0.066341 0.041580 0.078805 0.010608 0.018978 0.105840 0.061794 0.042892 0.049744 0.092774 0.014463 0.025890 0.028959 0.092642 0.109282 7.253305 0.341499
