
Printing out site pattern counts


        53        425  P

Caranx_caninus                  ---------- ---AAAAAAA AAAAAAAAAA AAAAAAAAAA AAAAAAAAAA AAAAAAAAAA AAAAAAAAAA AAAAAAAAAA AAAAAAAAAA AAAAAAAAAA AAAAAAAAAA AAAAAAAAAA AAAAAAAAAA AAAAAACCCC CCCCCCCCCC CCCCCCCCCC CCCCCCCCCC CCCCCCCCCC CCCCCCCCCC CCCCCCCCCC CCCCCCCCCC CCCCCCCCCC CCCCCCCCCC CCCCCCCCCC CCCCCCCCCC CCCCCCCCCC CCCCCCCCCC CCCCCCCCCC CCCCCCCCCC CCCCCCCCCC CCCCGGGGGG GGGGGGGGGG GGGGGGGGGG GGGGGTTTTT TTTTTTTTTT TTTTTTTTTT TTTTTTTTTT TTTTTTTTTT TTTTTTTTTT TTTTTTTTTT TTTTTTTTTT TTTTTTTTTT TTTTT
Centropomus_armatus             AAACCCCCTT TTTAAAAAAA AAAAAAAAAA AAAAAAAAAA AAAAAAAAAA AAAAAAAAAA AAAAAAAAAA AAAAAAAAAA AAAAACCCCC CCCCCCCCCC CCCCCCCCCC GGGGGGGGGT TTTTTTTTTT TTTTTTAAAA AAAAAAAAAA AAAAAAAAAC CCCCCCCCCC CCCCCCCCCC CCCCCCCCCC CCCCCCCCCC CCCCCCCCCC CCCCCCCCCC CCCCCCCCCC CCCCCCCCCC CCCCCCCCCC CCCCCCCCCC CCCCGGGGGT TTTTTTTTTT TTTTTTTTTT TTTTTTTTTT TTTTAAAAAA AACCCCGGGG GGGGGGGGGG GGGGGAAAAA AAAAACCCCC CCCCCCCCCC CCCCCCCCCC CCCCCCCGGG GTTTTTTTTT TTTTTTTTTT TTTTTTTTTT TTTTTTTTTT TTTTT
Centropomus_ensiferus           AAACCCCTAC CTTAAAAAAA AAAAAAAAAA AAAAAAAAAA AAAAAAAAAA AAAAAAAAAA AAAAAAAAAA AAACCCGGGG GGGTTAACCC CCCCCCCCCC CGGTTTTTTT AAAAGGGGGA CCCCCCGTTT TTTTTTAAAA AAAAAAAAAA AAAAAAAGTA CCCCCCCCCC CCCCCCCCCC CCCCCCCCCC CCCCCCCCCC CCCCCCCCCC CCCCCCCCCC CCCCCCCCCC CCCCCCCCCC CCCCCCGTTT TTTTTTTTTT TTTTAAACGC CCCCCCCCCC CCCCTTTTTT TTTTTTTTTT TTTTAAAAAA AGCCCCGGGG GGGGGGGGGG GGGGGAAAAA AAAAGACCCC CCCCCCCCCC CCCCCCTTTT TTTTTTTACG GCCCCCCCCT TTTTTTTTTT TTTTTTTTTT TTTTTTTTTT TTTTT
Centropomus_medius              AAACCCTTTC TTTAAAAAAA AAAAAAAAAA AAAAAAAAAA AAAAAAAAAA AAAAAAAAAA AAAACGGGGG GGTCCGAAAA AGGACACACC CCCCCCTTTT TCTCCCCCCT AAAGAAGGGG ACCGTTAACC CCCCTTAAAA AAAAAAAAAA AAAACGGATC ACCCCCCCCC CCCCCCCCCC CCCCCCCCCC CCCCCCCCCC CCCCCCCCCC CCCCCCCCCC CCCCCCCCCC CCTTTTTTTT TTTTTTACCC CCCCCCCCCT TTTTAAGTCA CCCCCCCCCC CCCTACCCCC CCCCTTTTTT TTTTAAAAGG TGCCCTAGGG GGGGGGGGGG GGGGGAAAAA AAAGCTCCCC CCCCCCCCCC TTTTTTACCC CCCCCTTACG GCCCCCCCTA CCCCTTTTTT TTTTTTTTTT TTTTTTTTTT TTTTT
Centropomus_nigrescens          AAACCCTCTC CTTAAAAAAA AAAAAAAAAA AAAAAAAAAA AAAAAAAAAA AAAAAGGGGG GTTTAAAAAA GGCCCGAAAC GAGACACACC CCCCCCACCT TCTCCCCCTC AAAAAAGGGG CCTACGAAAC CCCGTTAAAA AAAAAAAAAA AACGACGATC TACCCCCCCC CCCCCCCCCC CCCCCCCCCC CCCCCCCCCC CCCCCCCCCC CCCCCCCCCC CCCTTTTTTT TTCCCCCCCT TTTTTTACCC CCCCCCCCTC CCTTATGACA CCCCCCCCCC TTTCTCCCCC CTTTCCTTTT TTTTAAAAAG AGCCCCGAAG GGGGGGGGGG GGGGGAAAAA AACATCCCCC CCCCCCCCTT CCCTTTACCC TTTTTCTACG GCCCCGTTCA CCCTCCCCCC TTTTTTTTTT TTTTTTTTTT TTTTT
Centropomus_pectinatus          AAACCCTTTC TTTAAAAAAA AAAAAAAAAA AAAAAAAAAA AAAAAAAAAA AAAAGAAAAA GAGTCAAGGG AGCCCGAAAA AGGACCCGCC CCCCCTCCTT TTTCCCCTCC AAAAAAGGGG ATCCCTAATC CCCTCTAAAA AAAAAAAAAA AAAACGAACA ACCCCCCCCC CCCCCCCCCC CCCCCCCCCC CCCCCCCCCC CCCCCCCCCC CCCCCCCCCC CCTCCCCCCC CTCCTTTTTC CCTTTTACCC CCCCCCCCCC CCTTAAATCA CCCCCCCCTT CCTTACCCCC CCCCTTTTTT TTTTAAAAGG AGCCCTGAGG GGGGGGGGGG GGGGGAAAAA AGAAATCCCC CCCCTTTTCT CCTTTTACCC CCCCCTTACG GCCCTCCCCG CCCTCCTTTT TTTTTTTTTT TTTTTTTTTT TTTTT
Centropomus_robalito            ---------- ---------A AAAAAAAAAA AAAAAAAAAA AAAAAAAAAA AAAAAAAAAA AAAAAAAAAA AAAAAAAAAA AAAAACCC-C CCCCCCCCCC CCCCCCCCCC GGGGGG-GGT TTTTTTTTTT TTTTTT-AAA AAAAAAAAAA AAA-AAAAAC CC------CC CCCCCCCCCC CCCCCCCCCC CCCCCCCCCC CCCCCCCCCC CCCCCCCCCC CCC-CCCCCC CCCC---CCC CCCCCCCCCC CCCCCCCCCC CC-CAGGAGT TTTTTTTTTT -TTTTTTTTT T-TTTT-TTT TTTTAAAAAA A-CCCCGGG- ----GGGGGG GGGGGAAAAA AAA-ACCCCC CCCCCCCCCC CCCCCCCCCC --CCCCC-GG GTTTTTTTTT TTTTTTTTTT ------TTTT TTTTTTTTTT TTTTT
Centropomus_undecimalis         AAACCCCCTC CTTAAAAAAA AAAAAAAAAA AAAAAAAAAA AAAAAAAAAC GGGTAAAAAG AATCAAGAAC AGCACAAAAA AGCACACCCC CCCCCCCCCC CACACCCCTC AAAAAAGGGG CCTACCAACA CCCACTAAAA AAAAAAAAAC CCTAGAAACC CACCCCCCCC CCCCCCCCCC CCCCCCCCCC CCCCCCCCCC CCCCCCCCCC CCCCCCCCTT TTCCCCCCCC TCCCCCCCCC CCCCTTACCC CCCCCCCCCC CCCCAAGCCC CCCCCCTTCC CCCCTCCCCT TCCCCCCTTT TTTTAAAAAG AGCCCCGGAG GGGGGGGGGG GGGGGAAAAA AAAAATCCCC CCCCCCCCTC TTTCTTACCT CCCCCTTACG GCCTTCCGCA CTTCCTCCTT TTTTTTTTTT TTTTTTTTTT TTTTT
Centropomus_unionensis          ---------- ---------- ---------- ---------- ---------- ---------- ---------- ---------- ---------- ---------- ---------- ---------- ---------- ---------- ---------- ---------- ---------- ---------- ---------- ---------- ---------- ---------- ---------- ---------- ---------- ---------- ---------- ---------- ---------- ---------- ---------- ---------- ---------- ---------- ---------- ---------- ---------- ---------- ---------- ---------- ---------- ---------- -----
Centropomus_viridis             AAACCCCCTC CTTAAAAAGA AAAAAAAAAA AAAAAAAAAA AAAAAAAAGA AAGAAAAAAG AACTCAAAAT AGAATAAATC AGAACACCTA CCCCCCTCCC CCTACGTCTC AAAAAAGGGG CCTATCAACC CCCACCAAAA AAAAAAAAAA CCTAAGAAAC CACCCCCCCC CCCCCCCCCC CCCCCCCCCC CCCCCCCCCC CCCCCCCCCC CCCCCCTTCC TTCCCCCCTT TCCCCCCCCC CTCCTTACCC CCCCCTTTCC TTCTAAACCT CCCCCCCCAC TTCTTCCCCC TTCTCCTTTT TTTTAAAAAG AGCCCCGGAG GGGGGGGGGG GGGGGAAAAA AAAAAGCCCC CCCCCCCTTC CCTCTTACCT CTCCCCCACG GCTTCACATA CCCTCCCCCT TTTTTTTTTT TTTTTTTTTT TTTTT
Coryphaena_equiselis            AGTCCCCCTA ATTAAAACTA AAAAAAAAAA AAAAAAAAAA AAAGGTTTAT AACAGAAAAG ATCCCAGATT AATACAACAA GATGGGCACC GGGTTAACTC TATCGTACAC AAAAACGAGA ACGGTCTAAT CTTAACTAAC CCCCGGTTTT ACCTCCATTT TTCCCCCCAC CCCCCCCCCC CCCCCCCCCC CCCCCCCCCC CCCCCCGGGG TTTTTTCTCC CTGTCCCCCT CACCCTTCCC CCATCCACCC CCCTTATTAC ACTTGTTACT CCCCTTCCGT TCTCACTTTC CTTCCTCCCC CTTTACGGGC AGCCTTGATA GGGGCGGGGG GGGGTACCCG TTCGAAACCC CCTTTTTTTC TTATGTACTC CCCCTTCACG GTTTTTTTAT TCCCCACGCC TTTTTTCGGT TTTTTTTTTT TTTTT
Echeneis_naucrates              AATCCGATAC CCTAAAAACA AAAAAAAAAA AAAAAAAAAG GGGAGAACAT AAACGAAAAG AATAAAAGAA AAATACATCA CGTACCAATA AACACTCTCA CATTACACTC AAAAACGGGG ACTAATCACA AAGAAAGAAA AACCAAAGTA TAATCAAGAA ATCCCCCTTA AACCCCCCCC CCCCCCCCCC CCCGTTTTTT TTTTTTACCT ACTTTTCTCC AACACCCCTC CCCTTCCACA CCAACCACCC CCTATCACCT TCCCCATTCG CCCTCTCCAT TTTCTTCTTC TTCTTCTCCT TTTTGCAAGG TGCCGCGATA AGGGCGGGGG GGGTGAAATT AGAATTCCCT TTACATTACC CCATCTCCCT GTCTTCTGTG GCCTTAAAAA CCCCTATTTC TTTTTTTCGA AACCTTTTTT TTTTT
Gnathanodon_speciosus           AAACCCATAT CTTAAAAAAA AAAAAAAAAA AAAAAACGTA AATAGAGAAA AGAAAAAACA ATACAAAACA AATACAAAAA AAAACCACTC GTCCCCATCC ATCTACTCAA AACAAAGGAG CAACATCACT CCCACTTAAC GTACCCCAAA AAGCAACCTC ATCCCCCCCA CCCCCCCCCC CCCCCCCCCC CCTCACCCCC CCCTTTCCTC CCCCCCCCCC CCACCCCCCC CCCCTCCCCC CCCTCCCCCT TTCTCCCTCT CCCCTGCTCA CCCAACCTGC TCCTCTTCTT CCCCCTTCTC TCTTGTAGGG AGCGCCGACG TGGGCGGGGG GGGGGAATTG AAAAATCCCC TTCCGCCCCC CTTCATATCC CTCTTCCACC GTCTCTACAC CCTTCAATCC TTTTTTCGTT TTCTCTTTTT TTTTT
Istiophorus_platypterus         AAACCCCCAC CTTAAAACAA AAAAAAAAAA AAACGGCGAA AAAAAAAAAA AACTGAAATG ACCTCCAACA AACGCCAATA TACATTCCCC ACCCCCTCCC TCTTCCACTT AACGAAGGAG CGCCACCATC CTCTCATAAC TAACCTCGCA CGGACATTCC CTCCCCTCCA CCCCCCCCCC CCCCCCCCCC CTCCTCCCCC CTTCTTACCC CCCCCTTTCC CCCTCCCCGT CACCTCCCTC CCCCCTCCCC CTCCCCACAC CCCCAATATC CCCATTCCGC CTCCCCCGCC CCCTCCCCCC TTTTAGGGGG AGCCCCGAAG GGGGGGGGGG GGGGGTCAAG ATCACTCCCC TTCCCTTGTC CCCTATTCCC TCCCCTAACG GCCCCAACCG CCTTCTCTTC TTTTTTCTTT TTTCCTTTTT TTTTT
Lates_angustifrons              ---------- ---------- ---------- ---------- ---------- ---------- ---------- ---------- ---------- ---------- ---------- ---------- ---------- ---------- ---------- ---------- ---------- ---------- ---------- ---------- ---------- ---------- ---------- ---------- ---------- ---------- ---------- ---------- ---------- ---------- ---------- ---------- ---------- ---------- ---------- ---------- ---------- ---------- ---------- ---------- ---------- ---------- -----
Lates_calcarifer                ---------- ---------- -------AAA AAGAAAAA-- AA--A----- -A-T---CA- -C--CAA--A --CCC-A-A- -T-A---C-C AC-A-----T C---CTA-AC --CAAA---- C-GAG--A-- CA-AC--AG- --AC----CT --C------- --------CA ---------- ----CCCCCC C-C-----CC T-T--C-C-C --CCC--C-A -CA----T-- -AT----CT- -C-T-CT-TC TTT---AT-- -C-CA-C--- -----T-C-C ---TTTC--- C--C-T-C-- ---T--A-A- ----CCA-A- ----G----- GGG-----AG T------CT- -CCT--CT-T -T-------C -----TC-CG GCCCC----- -C----T--- -------TT- TTT-T----- -TTTT
Lates_japonicus                 AAACCCCCTC CTTAAAGAAA AAAAAACAAA AAAAAGCAAA AAAAACACAA AAATAAATGG ACCCCAAAAA AACGCAAAAG ATTACCCCAT ATCCACCCCC CACTCTCCAT AACAAAGGAG CCAGCCCACA CTTACCCAAA AAACATCACC ACCAATCCCC TCCCCTCCCA ACCCCCCCCC CCCGCCCCCC CTCCACCTCC CCCCTCACCC CCCCTTCCCA CCAGCCCCAC CAATCCTCCA CCCCCCTCCT CCTACCACCT TCTTAGTCCA CCCTCCCCGC CCCCTCCCTC CTCCTCCCCC CTTTGGGGAT TGCCCCAGCA GGGGGGGGGG GGGGGGAAAG GAAAAGCCCC CCCCTCCCTT CCTCCTCTCC CCCCCCTACG GCTCCTTCCA TCCTCATACC CGTTTTTTTT TTTCTTTTTT TTTTT
Lates_microlepis                ---------- ---------- ---------- ---------- ---------- ---------- ---------- ---------- ---------- ---------- ---------- ---------- ---------- ---------- ---------- ---------- ---------- ---------- ---------- ---------- ---------- ---------- ---------- ---------- ---------- ---------- ---------- ---------- ---------- ---------- ---------- ---------- ---------- ---------- ---------- ---------- ---------- ---------- ---------- ---------- ---------- ---------- -----
Lates_niloticus                 AAACTCCCAC CTTAAAGAAA AAAAAATAAA AAAAAAAAGA AAAAAAAAAT AAATAAACAG ACCCCAGGAA AATTCAAAAG ATTACACAAT ACCTGCCCCT CATCCATTC- AAAAAAGGGG ACAAACCACA TTCACCCAAT AAACATTGCC ATTAAC-CCT ATCCCTCCCA CC-CCCCCCC CTTG-CCCCC CCCCACCCCC CCTCTTACTC CCCCCTCCTA CCATCCCCCC CAACCCCCCC CCCCCCTCTC TCTATCATAT TTTTACTCCA CCTCCTCTAT CCTCTCTCCA CCCCTCCCCC TTTTGGAGAT GGCCCCAACA GGGGAGGGGG GGGGGAAAAG TAAAAACCCC TTCCTCCTTC CTTCTTCTCC CCTCCCCACG GTTTCCCTTA TCCCCACACC CGTTTTTTTT TTTCTTTTTT TCTTT
Lates_stappersii                ---------- ---------- ---------- ---------- ---------- ---------- ---------- ---------- ---------- ---------- ---------- ---------- ---------- ---------- ---------- ---------- ---------- ---------- ---------- ---------- ---------- ---------- ---------- ---------- ---------- ---------- ---------- ---------- ---------- ---------- ---------- ---------- ---------- ---------- ---------- ---------- ---------- ---------- ---------- ---------- ---------- ---------- -----
Makaira_nigricans               ---------- ---AAAGCAA AAAAAAGAAA AAACGACGAA AAAAAAAAAA AACTGAAATG ACCTCCAACA AATGCCAACA TACATACCCC GCCCCCCCCC TCTTCTACTT AACGAAGGAG CGCTACCACC CTCCCACAAC TAACCTCGCA CGAACATTCC CCCCCCTCCA CCCCCCCCCC CCCCCCCCCC CTCCTCCCCC CTTCTTACCC CCCCCTATCC CCCTCCTCAT CACCTCCCTC CCCCCTCCCC CTCCCCACAC CC-CAACACT CCCATTCCGC CTCCCCCGCT CCCTCC-CCC TTTTAGAGGG A-CCCCGAAG GGGGGGGGGG GGGGGTCAAG ATTACTCCCC TTCCCCTGTC CCCTATTCCC CTCCCCAACG GCTCCGACTA CCTTCTCTTC TT-TTTCTTT TTTCCTTTTT TTTTT
Nematistius_pectoralis          AAACCTCTAA CTTAAAAGAA AAAAAATAAA AAAAGAAAAA AAAAATGCAA AACTAAGAAG AACCCCAGAA AACTTCAAAA AAAAAACCCC CGCTAACCTC CCCCACATCT AAAGAAGGAG TCTACCGATC CTCGTTCAAC CCAACCAGCC CGCCCTCTCC ACCCCCTCCC CCCCCCCCCC TCCCCCCCCC CCTCCCCCCC CCCCCCACCC CCCCCCCTCA CCCCCCCCTT TAACCCCCTC CTCTCTATCC TCTCTCACGT ACCCAATCTA CCCTCTCCCT CCCCCCCCCA TCCTTCTCCC TCTTAGAGGT AGCCGCGAAG GGGGGGGGGG AGGGAACATG ACACATCCCC TGCCTTCCCT CTTTATATCC CTTCCCTATG GCCTCCACTG TTCCCACATT CTTTTTCTTT TTTTTATTTT TTTTT
Psammoperca_waigiensis          AAACTCCCAA CTTAAAGAAA AAAAAAAAAA ACAAGAGGCA AAAAAAAAGA AAACAAAAAG AACTCTAATC AACACAGGCC TGGATTCTCC GACCACCCTC ATTCCCATCC AAAGAAGGAG ACAAACCACT TATATCTACA CGAAAAAGCT ACTAAATCCC ATCCCCTCCA CCCCCCCCCC CCTCCCCCCC CCCCTCTCCC CCCCTCACCC CCCCCTATCT CCTGCTCCTC CGACCCCCCT TCTCCCCCCC CCTGCTACGT TCCCCCCGCA ATCAATCCTC TCCCGCCCCC CTCCTTCCCC CTTTGGAGAG AGCCCCGATG GGGGGGGGGG GGGGGACAAG GCAAAGCCCT CACTGTCATT CCCTATACCC CCCCTCAACG GCTTCACCCA TCCTCCGATC CTTTTTCTTT TTTGCTTTTT TTTTT
Sphyraena_africana              AAACCCATTA CTTAAGAAAA AAAAATAAAC TTAAGAAACA GTAAACGAAA AGGCGAAAAG AATCTAAAAC AATAGCATGA GGTATTGGCC GACTCTATTC TGCTCCTTTC AGTAGGGGGG CCTAATCTAC CATCGTAACA ATTGACACTC TCGAAATCCC CCCCTCCCCA CCCCCCCGTT TCCCCACCCC TCCCCTCCAC CCCTTCGCAC CCCTTTCTCA ATCACCTCCT TCACCCCTCG TCTACCATCC CCTCCTTTAC GTTTAGTTCC ATTTCCCCGC CTCCTCTCTA TCTTCCCCCT CCTTGGAAAG GGCCCCGGCA GGGGGGGGGG GGGTGGATGA TTGTGGCCTC TTTCTCCTCC TTTTATTCCT TCCCCCTATG GTCCTCAACT TCATTCGTCT TTTTTTTTGT ATTTTAATTT TTCTT
Sphyraena_barracuda             AAACCCCCAG CTTAAGGAAA AAAAGAAAAA ACAGAAAACA AAAAAAAAAA AAACAAAAAA AACATCAAAT AACAAAAAAC GAAACGCAAC GCCCCCTCCC CCTCATACTA GATAAAGGAG CACAACCTCC TCCAATAATA AAACACAACG AACAATACCC ACCCTCCCCA ACCCCCTCCC CCCCCCCCCC CCCCACCCCC CCTCTCCATC CCCCCTCCTA ACCACTTCCT CAATCCCCCA TCTCCCACCC CTCTCCACGC GTTCACCCCC CCTCTTCCAT CCTCACTTCC CCCTTCCCCC CCTTGGAAGA AGCTCCGGCA GGGGGAGGGG GGGGGCAAAG ATGAACCCCC TCCCCCCTCT CCCTGTTCTC CTCCTCTACG GTCCCCAACC TTGCCAATCT TTTTTTTTTT TTTTTGTTTT TTTTT
Sphyraena_borealis              ---------- ---------- ---------- ---------- ---------- ---------- ---------- ---------- ---------- ---------- ---------- ---------- ---------- ---------- ---------- ---------- ---------- ---------- ---------- ---------- ---------- ---------- ---------- ---------- ---------- ---------- ---------- ---------- ---------- ---------- ---------- ---------- ---------- ---------- ---------- ---------- ---------- ---------- ---------- ---------- ---------- ---------- -----
Sphyraena_ensis                 ---------- ---------- ---------- ---------- ---------- ---------- ---------- ---------- ---------- ---------- ---------- ---------- ---------- ---------- ---------- ---------- ---------- ---------- ---------- ---------- ---------- ---------- ---------- ---------- ---------- ---------- ---------- ---------- ---------- ---------- ---------- ---------- ---------- ---------- ---------- ---------- ---------- ---------- ---------- ---------- ---------- ---------- -----
Sphyraena_forsteri              AAACCCCCAG TTTAAGGTAA AAAAGAAAAA AAAAGAAAAA AAAAAAAAAA AAAAAAAGCA AATGCCAAAC GATAAAAAGA AACATCTAAC ACCGTTCCTG GAATCCTTTC AATAAAGGAA TATAGTTTCT TCCGATCAAA ACACAAACCA AGGTGATTCT ACCCTCCCTA ACCCCCCCCC TTCCCCCCCC CCCCACCCCC CCCTTCCCCC CCCCCTCCCA ACTGCCCCCC CACCCCCTCC CCTCCTACCC CTCTTCACCT ATTCAACTCC CCCCCCCCAT CTTCGCCTCC TCCTCTCCCC CCTTGGAAAG AGCCCCGACA GGGGGGGGGG GGGGAATAAG ATAATTCCTT CCTTCCTCTC CCTTGTTCTC TCCCCCCACG GCCCCTAATC CCGTCACTTT TTTTTTTTTG TTTTTGTTTT TTTTT
Sphyraena_guachancho            ---------- ---------- ---------- ---------- ---------- ---------- ---------- ---------- ---------- ---------- ---------- ---------- ---------- ---------- ---------- ---------- ---------- ---------- ---------- ---------- ---------- ---------- ---------- ---------- ---------- ---------- ---------- ---------- ---------- ---------- ---------- ---------- ---------- ---------- ---------- ---------- ---------- ---------- ---------- ---------- ---------- ---------- -----
Sphyraena_helleri               AGTCTCACTA ATTAAGACGA AAAGATGAGA ATAAGGCATA GTAGACAAAT AACAGGAAAG ACCCCGAACC AATCAGAAAA TAAAATCGTC AACCCCCCTG TACCGTATCC AACAAGGGGG CATACCCTGC TCTGCTCATC GTAAGTTCTT CGGACATCTA GCCCCCCCCA CCCCCTCGCT CCCCCACCCC CCCCCCCCGC CCCCTTGCTC CCCCCCACCA AACACCCCAC CCATTCTCTC CCTTCCGTCC CTCATCCTTC ACCCGCCACT CCCCTCTCAC TCCCACCCCT CCCCTTTCCT CCTTGAGAAG AGCCCTGGGA GGGGGAAGGG GGGTGTATCG ACATATCCCT TTCCCCCCCC CCCTATCTCC CTCTTCCATG GCCTTCAAAC TCCCTCCGCT TATTTTTTGG TTTTTAACTT TTCTT
Sphyraena_iburiensis            AAGCTTCCAA GTTAAGGTAA AAGAGAGAAA AAAAGAAACA AAAAATATGC AAACGGAAGC GAGCTAAAAC AATACCGGCA AACACTACCC CGCAAGTTCC CGCTGCCCAC AATAAGGGGG CCCAAGTTTA GTTGGTTACT AACAAACCCC CCTAAATCGG TCCCACCCCG CCCCCCCCCC CCCCCCCCCC CCCCGTCCCC CCCTTCACCC CCCCCCCCTC AACTCCCCCC CACCCCCCCC TCATCCCCCC CCCCTTTCTC ATTCCGCCCC GCCGCCCCCC TTCCGCTCCA CTTTCCCCCT TCTTGGAAGG AGCCCTGGCA GGGTGAGGGG GGGGGGAGTG GGACTACCCC TCCCCCCTTC CCTTGTCCTC CCCCCCTGCG GCTCCAGCAA CCCTCAATTT GTTATTTTTT TTTTTATTTT TTTTT
Sphyraena_japonica              AAACCCCCTA CTTAAGAAAA AAAAATAAAC ATAAGAAATA GTAGATGGAA GAGTAAACCG GATCCAAAGC AACAGAAGGA GGGACCAATA GACTCCACTT TCGCCCATTC AAGGGGGGGG CCTGCTCTAT CTTCACAACA ATCGCTTCTC CAAAAGCCCC TCCCCCCCCA TCCCCCCGTT CCCCCACCCC CCTCCCCCCC CCCCTTGCAC TCTCCCTTCA ACTATCCGCC TCACCTCCTG CCTTCCTCCT CCCTCTCCTC ATTGAACGTT ATCCTTTCGC CTCTACCCTG TCTCTCCCCT CCTTGGAAGG GGCCCTGGGA GGGGGAGGGG GGGTGGTTGA ATGTAGCCCT CTTCTCCCCT CTCTATTCTT CCCTCCTATG GTCCTCAACT TCCTCCCTTT TGTTTTTTTT ATTTTAATTT TTCTT
Sphyraena_jello                 ---------- ---------- ---------- ---------- ---------- ---------- ---------- ---------- ---------- ---------- ---------- ---------- ---------- ---------- ---------- ---------- ---------- ---------- ---------- ---------- ---------- ---------- ---------- ---------- ---------- ---------- ---------- ---------- ---------- ---------- ---------- ---------- ---------- ---------- ---------- ---------- ---------- ---------- ---------- ---------- ---------- ---------- -----
Sphyraena_obtusata              AAACTTCCAA TTTAAGGTTA AACAGAGAAA ATAAAAAGCA AAAAATACGG AAAAAAGAAA ATCTCAGACG AATTCCGTCC AAAACCAATC TACCGTCCCT AGTTACCCTA AGGAAAGGAG CTCAAACTCA CTCAGACATC AAGCACCCCA ACCAACCCCG TCCCGCCCCA CCCCCCCCCC CCCCCCCCCC CCCCCCCCCC CCTTTCAGCG CCCTCTATTA AATCCTCCCT CACTCTTCCT CCTCCCCTCC CTTATCATTT TTTCCGCACG TCTTCCCCCC CCTCATCCTT TCCTTTCCCT TCTTGGAAAG AGCCCCGGAA GAGTGGGGGG GGGGGACATG AAAATCCCCC TTCTCTCTCC CCATGTCCCC CCCCTCCGCG GCTCCATACT CCTTCATTTT ATTATTTTTG TTTTTATTTT TTTTT
Sphyraena_picudilla             ---------- ---------- ---------- ---------- ---------- ---------- ---------- ---------- ---------- ---------- ---------- ---------- ---------- ---------- ---------- ---------- ---------- ---------- ---------- ---------- ---------- ---------- ---------- ---------- ---------- ---------- ---------- ---------- ---------- ---------- ---------- ---------- ---------- ---------- ---------- ---------- ---------- ---------- ---------- ---------- ---------- ---------- -----
Sphyraena_pinguis               AAACTTCCAA GTTAAGGTAA AAGAGAAAAA ACAAAACACA AAAAAGATGT AAAAGAAAAC GCATCGGAAC AAGTCCAGAA AACACTGACC CGCACCTCCG AATAACCCCC AAAGAGGGGG CCTAAGCTAA CCCAAATACC GATCAACCCA CCCAAAACGA ACCCACCCCA TCCCCCCCCC CCCCCCCCCC CCCCCCCCCC CCTTTTACCC CCTCCCGTTC AACTCCCCAC CATCCCCCCC CCGCCCCCCC CCCTTCCTTC ATTCTCTCCC TTCATTCCCT TCCTACCCCC CCCCTTCCCT TCTTGGGAAG AGCCCTGGGA GGGTGAGGGG GGGGGCGATG ACGCGGCCCC CTCCTCCCTC CTCTGTTCCT CCCTCCCACG GCCCCAATAT CCATCAATTT GTTATTCTTT TTTTTATTTT TTTTT
Sphyraena_putnamae              AAACCCCTAA CTTAAGGAA- -A-----AAA ACAAAAGA-- AA--A----- AA-C---AA- AA--CAA--C --TAG-A-A- -A-A---AAT GC-C-----G A---ATA-T- --AAAAG--- C-TAA--T-- GT-AG-AAT- --AC----CA --CA------ --CCCCCCCA ---------- -----CCCCC C-C-----CC T-T--C-C-C --CCC--C-C -CCA---C-- -AA-CCCCT- -T-C-TA-CC TTT---AC-- -CTCA-C--- -----T-C-C T--CATT--- TC-C-CCC-- ---T--A-G- -G--CTG-CG GGGGG----G GGG-----AG A--A---CC- -CCC--CT-C -C-------T CC---CCACG GCTTT----- -C----A--- TTTTTT-TT- TTT-T----- TTTTT
Sphyraena_qenie                 ATACCCCCAA CTTAAGGAAA AAAAGAAAAA ACAAAAAATA AAAAACAAAA AAGCAAAAAA AGCACCAAAC AACAAAAAAC GAAACACAAC ACCCCCCCCG CTTCCCACTA AATAAAGGAA CATAATTTTT TCCAATAATT AAACACAACG AGTAACTTCC ACCCCCCCCA ACCCCCCCCC CCCGCCCCCT CCCCACCCTC CCCCTCCGTA CCCTTCCCCA ACCACCCCCC CAACCCCCCA CCCCCCACCC CCTTTCACAT CTTCACCTCT CCCTTTCCAC CCTCACTTCT TCCCTCCCCC CCTTGAAAAG AGCCCCGACA GGGGGAGGGG GGGGGTTAAG AAAAATCCCC CCCCCCCCTC CCCTGTTCCC CCCCCCCACG GCCTCCATCC TTCCCAATCT CTTTTTTTTT TTTTTGTTTT TTTTT
Sphyraena_viridensis            AACCTCCCTA ATTAAGAAAA AAAAAAAAAA ACAAAAAAAA GTAAAAAAAA AACGAAAAAG ATACTGAAGC AATTAAACAA CAAATTAGTT AACCACACCG CATGTCATCC GAAAAGGGGG CATGGCCTAC TATTCCAATA AGAAAAACCC CGCATATCAT GACCACCCCA CCCCCCCGCC TCCCCACCCC CCCCCCCCAC CTCCTCGGCC CCCCTCCCTA ATCATCCGCC CGGCCCCCTC CCCTCCGCCC CCTTTCCCTC CCCTAGCCCT CCTCCCTCAT CCCCACCCCC CTCCTCCCCT TCTTGGAAAG GGCCCCGGTA GGGGGGGGGG GGGTGGGTAG ATATTTCCCC CTCCCCTCCT CCATATCTCC TCCCCTTATG GCTCCTAATT TCCCCATTCT TGTTTTTTTA TTTTTAATTT TTCTT
Tetrapturus_audax               AAACCCCCAC CTTAAAGCAA AAAAAAAAAA AAACGGCGAA AAAAAAAAAA AATTGAAGTG ACCTCCGACA AACGCGAATA TACATACCCC ACCCCCTCCC TCTTCTGCTT AAAGAAGGAG CACCACCACC CTCTCATAAC TAACCTCGCA CAGACATTCT CCCCCCTCCA CCCCCCCCCC CCCCCCCCCC CCCCTCCCCC CTTCTTACCC CCCCCTGCCC CCCCCCCCGT CACCTCCCTC CCCCCTCCCC CCCCCCACTC CCCCAATACC TCCATTCCGC CTCCCCCGCC CCCTCCCCCC TTTTAGAGGG AGCCCCGAAG GGGGGGGGGG GGGGGTCAAG ATTACTCCCC TTCCTTTATC CCCTATTCTC CTCCCCAACG GCTCCGACTA CCTTCTCTTC TTTTTTCTTT TTTCCTTTTT TTTTT
Xiphias_gladius                 AAACCCCCAC CTTAAAGCAA AAAAAAAAGA AAAGAAAGCA AAAAACACAA AACCAAAAGG AATTTCAACA AACATTAACC AGCACTCCCC GCCCACCTTC CCTCCCATCA AATGAGGGAG CCTCACCACC TCCAACAAAC AAACTCAACA CCAACAACCT ACCCCCTCCA CCCCCCCCCC CCTCCCCCCC CCCCCCCCCC CCCCTTACCC CCTTCTCCCA CCCCTCCACC CGTCCTTCCC CCCCCTACCC CTTCCCATTC ACCCGATCTA CCCACCCCCC CCCCCTCCCC CCCCCCCCCC CTTTGGAGGA GGCCCCGGTA GGGGGGGGGG GGGGGCCCAG AAAATCCCCC CTCCTCCTCT CCCCGTTCTT CTCCCTTACG GCTTTCACCA TTCCTTATTC GTTTTTCTTT TTTCCTTTTT TTTTT
Sphyraena_argentea              ---------- ---------- ---------- ---------- ---------- ---------- ---------- ---------- ---------- ---------- ---------- ---------- ---------- ---------- ---------- ---------- ---------- ---------- ---------- ---------- ---------- ---------- ---------- ---------- ---------- ---------- ---------- ---------- ---------- ---------- ---------- ---------- ---------- ---------- ---------- ---------- ---------- ---------- ---------- ---------- ---------- ---------- -----
Sphyraena_idiastes              ---------- ---------- ---------- ---------- ---------- ---------- ---------- ---------- ---------- ---------- ---------- ---------- ---------- ---------- ---------- ---------- ---------- ---------- ---------- ---------- ---------- ---------- ---------- ---------- ---------- ---------- ---------- ---------- ---------- ---------- ---------- ---------- ---------- ---------- ---------- ---------- ---------- ---------- ---------- ---------- ---------- ---------- -----
Sphyraena_novaehollandiae       ---------- ---------- ---------- ---------- ---------- ---------- ---------- ---------- ---------- ---------- ---------- ---------- ---------- ---------- ---------- ---------- ---------- ---------- ---------- ---------- ---------- ---------- ---------- ---------- ---------- ---------- ---------- ---------- ---------- ---------- ---------- ---------- ---------- ---------- ---------- ---------- ---------- ---------- ---------- ---------- ---------- ---------- -----
Sphyraena_chrysotaenia          ---------- ---------- ---------- ---------- ---------- ---------- ---------- ---------- ---------- ---------- ---------- ---------- ---------- ---------- ---------- ---------- ---------- ---------- ---------- ---------- ---------- ---------- ---------- ---------- ---------- ---------- ---------- ---------- ---------- ---------- ---------- ---------- ---------- ---------- ---------- ---------- ---------- ---------- ---------- ---------- ---------- ---------- -----
Sphyraena_flavicauda            ---------- ---------- ---------- ---------- ---------- ---------- ---------- ---------- ---------- ---------- ---------- ---------- ---------- ---------- ---------- ---------- ---------- ---------- ---------- ---------- ---------- ---------- ---------- ---------- ---------- ---------- ---------- ---------- ---------- ---------- ---------- ---------- ---------- ---------- ---------- ---------- ---------- ---------- ---------- ---------- ---------- ---------- -----
Centropomus_irae                ---------- ----AA-A-A AAAAAAAAAA AAAAAAGAAA AAAAAAAAAC AAAAAAAAAG GACCAAAAAC AGCACAAATA AGTACATC-C CCCCCCCCCC CCCACCTTTC AAAAAAGGGG CCTACCAACA CTCGCC-AAA AGAAAAAAAC CCT-AAAACC CG-C-CC-CC CCCCCCCCCC CCCGCCCCGC CCCCCCCCCC CCCCCCCCCC CCCCCCCCTT TTCCCCCCCC TCCC---CCC TCCCTTACTT CCCTCCCCCC CT-CAAACCC CCCCCCCCCC -CTCCCCCCC TCCCCT-TTT TTTTAAAAAG A-CCCCAGA- ---GGGGGGG GGGGGAAAAA AAAAATCCCC CCCCCCCCTT CTCCTTACCT -CCCCTT-CG GCTTCCCACA CTTCCTCCTC -T-T-TTTTT TTTCTTTTTT TTTTT
Centropomus_poeyi               ---------- ---------- A-AAAAA--- --------AA --AA-AAATA --G--AA--G --TC----A- GG---A-G-- A-G-CGC--- --C-CTCCC- -TTA---C-C -A-----GGG -C---CG-CC --C--C---T AA--CAAA-- CC--AAAACC CA-------- CCC-CCCCCC CCCCC----- -C-CCCCC-- -C-CC-C-C- CT---CC-C- T---CCC-CC T--C-----T C-C-T--C-- ---CCC--CC C----A-CCC TCCCC-C-C- -CC----CCC --C-C---TT TTT-AA-A-G A-CC---G-- -----GG-G- ---GGGAA-- -AA-AGC--C C---CC--T- C-TTTTATC- --CCC----- -----CCGCA C-TTCT-CCT ------T--T ---T-TTT-T -----
Centropomus_mexicanus           ---------- ---------- A-AAAAA--- --------GA --AA-AAAAA --G--AA--A --CG----C- AG---A-A-- G-A-CAC--- --C-CCCCC- -CTC---T-C -G-----GGG -C---TA-TC --C--C---A CA--AAAA-- AA--CAAAAC CC-------- CCC-CCCCCC CCCCC----- -C-CTCCC-- -C-TC-C-C- TT---CC-T- C---CCC-CC C--C-----C T-C-T--T-- ---TCC--TC C----A-ATG CCCTC-C-C- -CC----CCT --C-C---TT TTT-AA-A-G A-CC---A-- -----GG-G- ---GGAAA-- -AA-ATC--T T---TT--C- C-CCTTATC- --TCC----- -----TATTA T-TCCA-TCT ------T--T ---T-TTT-T -----
Centropomus_parallelus          ---------- ---------A A-AAAAAAAA AAAAAAA-GA AAAAAAAAAA -AGAAAAAAA -ACGAAAACC AGCCAAAAAC G-AACACC-C CAC-CCCCCT TCTC-TCTAC AGAAAA-GGG CCT-CTAATC T-CATC-AAA CAAAAAAAAA AAA-CAAAAC CC-------C CCCCCCCCCC CCCCCC-CCC CCCCTCCCCC -CCTCCCCC- TT-CCCCCTC CT--CCCCCC CCTC---TCC TCCCT-AT-C TCTTCCCTTC C--TAAAATG CCCTCTCCCC -CCTTCCCCT C-CTCC-TTT TTTTAAAAAG A-CCTCGAA- ----GGGGG- G-GGGAAAAA -AA-GTCCCT TTCCTTCTCC CTCCTTATCC --TCCC--C- -CCCCTATTA TCTCCACTCT ------TTTT TTTT-TTTTT -TT-T
Hypopterus_macropterus          ---------- ---------- ---------- ---------- ---------- ---------- ---------- ---------- ---------- ---------- ---------- ---------- ---------- ---------- ---------- ---------- ---------- ---------- ---------- ---------- ---------- ---------- ---------- ---------- ---------- ---------- ---------- ---------- ---------- ---------- ---------- ---------- ---------- ---------- ---------- ---------- ---------- ---------- ---------- ---------- ---------- ---------- -----
Sphyraena_acutipinnis           ---------- ---------- ---------- ---------- ---------- ---------- ---------- ---------- ---------- ---------- ---------- ---------- ---------- ---------- ---------- ---------- ---------- ---------- ---------- ---------- ---------- ---------- ---------- ---------- ---------- ---------- ---------- ---------- ---------- ---------- ---------- ---------- ---------- ---------- ---------- ---------- ---------- ---------- ---------- ---------- ---------- ---------- -----
Sphyraena_waitii                ---------- ---------- ---------- ---------- ---------- ---------- ---------- ---------- ---------- ---------- ---------- ---------- ---------- ---------- ---------- ---------- ---------- ---------- ---------- ---------- ---------- ---------- ---------- ---------- ---------- ---------- ---------- ---------- ---------- ---------- ---------- ---------- ---------- ---------- ---------- ---------- ---------- ---------- ---------- ---------- ---------- ---------- -----



    5    1    1    4    1    1    1    1    1    1    1    1    1    4    2
    1    1    1    1    2   43    2    1    1    1    1    1   31    1    1
    1    1    1    1    1    1    1    1    1    1    1    1    1    1    1
    1    1    1    1    1    1    1    1    1    1    1    1    1    1    1
    1    1    1    1    1    1    1    1    1    1    1    1    1    1    1
    1    1    1    1    1    1    1    1    1    1    1    1    1    1    1
    1    1    1    1    1    1    1    1    1    1    1    1    1    1    1
    1    1    1    1    1    1    1    1    1    1    1    1    1    1    1
    1    1    1    1    1    1    1    1    1    1    1    1    1    1    1
    1    1    1    1    1    1    1    1    1    1    1    1    1    1    1
    1    1    1    1    1    1    1    1    1    1    1    1    6    1    1
    1    1    1    1    1    1    1    4    2   41    2    1    1    1    1
    1    1    1    1    1    1    2   24    1    1    1    1    1    1    1
    1    1    1    1    1    1    1    1    1    1    1    1    1    1    1
    1    1    1    1    1    1    1    1    1    1    1    1    1    1    1
    1    1    1    1    1    1    1    1    1    1    1    1    1    1    1
    1    1    1    1    1    1    1    1    1    1    1    1    1    1    1
    1    1    1    1    1    1    1    1    1    1    1    1    1    1    1
    1    1    1    1    1    1    1    1    1    1    1    1    1    1    1
    1    1    1    1    1    1    1    1    1    1    1    1    1    1    1
    1    1    2    2    1    1    1    1    1    1    1    1    1    1    1
    1    1    1    1    1    1    1    1    1    1    1    1    3   35    1
    1    3   35    1    1    1    1    1    1    1    1    1    1    1    1
    1    1    1    1    1    1    1    1    1    1    1    1    1    1    1
    1    1    1    1    1    1    1    1    1    1    1    1    1    1    1
    1    1    1    1    1    1    1    1    1    1    1    1    1    1    1
    1    1    1    1    1    1    1    1    1    1    1    1    1    1    3
    2    1    1    1    1    1    1    1    1    1    1    1    1    3   64
    1    1    1    8   50


BASEML (in paml version 4.9j, February 2020)  tmp0004.txt  HKY85 dGamma (ncatG=5)
Frequencies..
                                    T      C      A      G
Caranx_caninus                 0.28084 0.32021 0.26378 0.13517 GC = 0.455
Centropomus_armatus            0.29028 0.31714 0.25320 0.13939 GC = 0.457
Centropomus_ensiferus          0.29668 0.30818 0.25064 0.14450 GC = 0.453
Centropomus_medius             0.28005 0.32609 0.24680 0.14706 GC = 0.473
Centropomus_nigrescens         0.27749 0.32992 0.24680 0.14578 GC = 0.476
Centropomus_pectinatus         0.27749 0.32864 0.24936 0.14450 GC = 0.473
Centropomus_robalito           0.29577 0.31127 0.25211 0.14085 GC = 0.452
Centropomus_undecimalis        0.25064 0.36061 0.25064 0.13811 GC = 0.499
Centropomus_unionensis         0.25000 0.25000 0.25000 0.25000 GC = 0.500
Centropomus_viridis            0.26854 0.33504 0.25959 0.13683 GC = 0.472
Coryphaena_equiselis           0.31841 0.29668 0.22506 0.15985 GC = 0.457
Echeneis_naucrates             0.30563 0.26598 0.28005 0.14834 GC = 0.414
Gnathanodon_speciosus          0.27621 0.33376 0.25064 0.13939 GC = 0.473
Istiophorus_platypterus        0.27621 0.35422 0.21995 0.14962 GC = 0.504
Lates_angustifrons             0.25000 0.25000 0.25000 0.25000 GC = 0.500
Lates_calcarifer               0.31715 0.28802 0.24272 0.15211 GC = 0.440
Lates_japonicus                0.26087 0.35038 0.24297 0.14578 GC = 0.496
Lates_microlepis               0.25000 0.25000 0.25000 0.25000 GC = 0.500
Lates_niloticus                0.29032 0.31226 0.25806 0.13935 GC = 0.452
Lates_stappersii               0.25000 0.25000 0.25000 0.25000 GC = 0.500
Makaira_nigricans              0.27704 0.35092 0.22032 0.15172 GC = 0.503
Nematistius_pectoralis         0.28005 0.33376 0.24169 0.14450 GC = 0.478
Psammoperca_waigiensis         0.27110 0.32481 0.24425 0.15985 GC = 0.485
Sphyraena_africana             0.32225 0.28261 0.22379 0.17136 GC = 0.454
Sphyraena_barracuda            0.26726 0.32481 0.26215 0.14578 GC = 0.471
Sphyraena_borealis             0.25000 0.25000 0.25000 0.25000 GC = 0.500
Sphyraena_ensis                0.25000 0.25000 0.25000 0.25000 GC = 0.500
Sphyraena_forsteri             0.28900 0.30691 0.25192 0.15217 GC = 0.459
Sphyraena_guachancho           0.25000 0.25000 0.25000 0.25000 GC = 0.500
Sphyraena_helleri              0.28645 0.32097 0.22379 0.16880 GC = 0.490
Sphyraena_iburiensis           0.27238 0.32992 0.21867 0.17903 GC = 0.509
Sphyraena_japonica             0.30818 0.29668 0.21739 0.17775 GC = 0.474
Sphyraena_jello                0.25000 0.25000 0.25000 0.25000 GC = 0.500
Sphyraena_obtusata             0.29795 0.30946 0.23529 0.15729 GC = 0.467
Sphyraena_picudilla            0.25000 0.25000 0.25000 0.25000 GC = 0.500
Sphyraena_pinguis              0.27110 0.32737 0.23657 0.16496 GC = 0.492
Sphyraena_putnamae             0.28312 0.28571 0.27273 0.15844 GC = 0.444
Sphyraena_qenie                0.26598 0.33248 0.26343 0.13811 GC = 0.471
Sphyraena_viridensis           0.28133 0.30946 0.24680 0.16240 GC = 0.472
Tetrapturus_audax              0.27621 0.35038 0.22123 0.15217 GC = 0.503
Xiphias_gladius                0.26598 0.35678 0.23018 0.14706 GC = 0.504
Sphyraena_argentea             0.25000 0.25000 0.25000 0.25000 GC = 0.500
Sphyraena_idiastes             0.25000 0.25000 0.25000 0.25000 GC = 0.500
Sphyraena_novaehollandiae      0.25000 0.25000 0.25000 0.25000 GC = 0.500
Sphyraena_chrysotaenia         0.25000 0.25000 0.25000 0.25000 GC = 0.500
Sphyraena_flavicauda           0.25000 0.25000 0.25000 0.25000 GC = 0.500
Centropomus_irae               0.26272 0.34663 0.25034 0.14030 GC = 0.487
Centropomus_poeyi              0.25587 0.37859 0.22193 0.14360 GC = 0.522
Centropomus_mexicanus          0.28460 0.33943 0.24543 0.13055 GC = 0.470
Centropomus_parallelus         0.28720 0.31399 0.26190 0.13690 GC = 0.451
Hypopterus_macropterus         0.25000 0.25000 0.25000 0.25000 GC = 0.500
Sphyraena_acutipinnis          0.25000 0.25000 0.25000 0.25000 GC = 0.500
Sphyraena_waitii               0.25000 0.25000 0.25000 0.25000 GC = 0.500

Homogeneity statistic: X2 = 1.06701 G = 1.04151 

Average                        0.28218 0.32406 0.24374 0.15002
(Ambiguity characters are used to calculate freqs.)


# constant sites:      0 (0.00%)
Distances:HKY85 (kappa)  (alpha set at 0.50)
This matrix is not used in later m.l. analysis.

(Pairwise deletion.)
Caranx_caninus   
Centropomus_armatus    0.3972( 2.3634)
Centropomus_ensiferus    0.4245( 2.7302)  0.1864(12.1987)
Centropomus_medius    0.4180( 2.6632)  0.2718(12.4576)  0.2674(13.5789)
Centropomus_nigrescens    0.4606( 3.3907)  0.2887( 9.6533)  0.2782( 9.2328)  0.1919(10.3798)
Centropomus_pectinatus    0.4060( 2.2470)  0.2553(12.9031)  0.2747(15.6879)  0.0943(20.5971)  0.1876( 8.9800)
Centropomus_robalito    0.3946( 2.2680)  0.0052(999.0000)  0.1798(11.0968)  0.2631(10.5624)  0.2835( 8.2386)  0.2502(11.1156)
Centropomus_undecimalis    0.3405( 1.9552)  0.2117( 6.9251)  0.2416( 8.9483)  0.1828( 7.3969)  0.1896( 8.1712)  0.1854( 7.5422)  0.2149( 6.0891)
Centropomus_unionensis    9.0000( 6.0891)  9.0000( 6.0891)  9.0000( 6.0891)  9.0000( 6.0891)  9.0000( 6.0891)  9.0000( 6.0891)  9.0000( 6.0891)  9.0000( 6.0891)
Centropomus_viridis    0.4120( 2.4725)  0.2302( 7.7295)  0.2451( 8.3453)  0.2075( 7.8408)  0.1703( 7.1685)  0.2092( 7.9319)  0.2352( 6.8943)  0.1086( 7.5482)  9.0000( 7.5482)
Coryphaena_equiselis    0.4508( 2.7904)  0.4973( 2.8676)  0.5511( 3.2184)  0.5032( 3.5032)  0.4842( 3.7536)  0.4382( 2.8155)  0.4915( 2.6751)  0.4926( 3.7551)  9.0000( 3.7551)  0.4683( 2.9932)
Echeneis_naucrates    0.5305( 2.5973)  0.4929( 3.1783)  0.4962( 3.5642)  0.5185( 4.3013)  0.5363( 3.4420)  0.4607( 3.4262)  0.4788( 2.9774)  0.5038( 3.7312)  9.0000( 3.7312)  0.4556( 3.0488)  0.5673( 2.6090)
Gnathanodon_speciosus    0.3493( 1.9703)  0.3283( 3.5356)  0.3598( 3.8225)  0.3636( 3.9991)  0.3855( 3.9937)  0.3519( 4.2993)  0.3320( 3.4626)  0.3234( 2.7897)  9.0000( 2.7897)  0.3574( 3.1076)  0.5023( 3.3959)  0.4814( 2.4572)
Istiophorus_platypterus    0.4144( 1.9771)  0.4201( 5.1808)  0.4025( 4.3661)  0.3806( 4.3988)  0.3404( 3.6259)  0.3162( 3.5682)  0.4128( 4.6055)  0.3113( 3.0802)  9.0000( 3.0802)  0.3189( 3.2143)  0.4589( 2.6962)  0.4927( 2.7612)  0.3210( 3.3135)
Lates_angustifrons    9.0000( 3.3135)  9.0000( 3.3135)  9.0000( 3.3135)  9.0000( 3.3135)  9.0000( 3.3135)  9.0000( 3.3135)  9.0000( 3.3135)  9.0000( 3.3135)  9.0000( 3.3135)  9.0000( 3.3135)  9.0000( 3.3135)  9.0000( 3.3135)  9.0000( 3.3135)  9.0000( 3.3135)
Lates_calcarifer    0.4430( 3.0634)  0.4533( 4.0026)  0.3763( 3.2043)  0.3636( 3.5674)  0.3000( 3.6243)  0.3141( 2.6050)  0.4391( 3.8231)  0.3515( 4.5301)  9.0000( 4.5301)  0.3730( 3.4574)  0.5119( 5.4799)  0.7020( 4.3760)  0.3936( 3.9919)  0.3361( 5.2936)  9.0000( 5.2936)
Lates_japonicus    0.4103( 1.6526)  0.3768( 4.2048)  0.3592( 3.6964)  0.3634( 4.3611)  0.3489( 3.9905)  0.3665( 4.4230)  0.3615( 3.6642)  0.3002( 4.2838)  9.0000( 4.2838)  0.3116( 3.5099)  0.4894( 3.7043)  0.5078( 2.9101)  0.3407( 3.2105)  0.3105( 3.0477)  9.0000( 3.0477)  0.2204(10.8067)
Lates_microlepis    9.0000(10.8067)  9.0000(10.8067)  9.0000(10.8067)  9.0000(10.8067)  9.0000(10.8067)  9.0000(10.8067)  9.0000(10.8067)  9.0000(10.8067)  9.0000(10.8067)  9.0000(10.8067)  9.0000(10.8067)  9.0000(10.8067)  9.0000(10.8067)  9.0000(10.8067)  9.0000(10.8067)  9.0000(10.8067)  9.0000(10.8067)
Lates_niloticus    0.4459( 2.7595)  0.4302( 4.6385)  0.3951( 4.6030)  0.3882( 5.4975)  0.4233( 5.9862)  0.3945( 5.6219)  0.4092( 3.9820)  0.3099( 4.5764)  9.0000( 4.5764)  0.3276( 3.8681)  0.4510( 3.9236)  0.5008( 2.8978)  0.3689( 3.4923)  0.3858( 3.9607)  9.0000( 3.9607)  0.2301(10.0831)  0.1805( 8.0384)  9.0000( 8.0384)
Lates_stappersii    9.0000( 8.0384)  9.0000( 8.0384)  9.0000( 8.0384)  9.0000( 8.0384)  9.0000( 8.0384)  9.0000( 8.0384)  9.0000( 8.0384)  9.0000( 8.0384)  9.0000( 8.0384)  9.0000( 8.0384)  9.0000( 8.0384)  9.0000( 8.0384)  9.0000( 8.0384)  9.0000( 8.0384)  9.0000( 8.0384)  9.0000( 8.0384)  9.0000( 8.0384)  9.0000( 8.0384)  9.0000( 8.0384)
Makaira_nigricans    0.4261( 2.0689)  0.3898( 4.2963)  0.4139( 4.2861)  0.3573( 3.9124)  0.3352( 3.4431)  0.3392( 3.6279)  0.3751( 3.7903)  0.3206( 3.1241)  9.0000( 3.1241)  0.3128( 3.0197)  0.4828( 3.0344)  0.4977( 2.6625)  0.3125( 2.8755)  0.0504(31.9390)  9.0000(31.9390)  0.3319( 5.2134)  0.3058( 2.6922)  9.0000( 2.6922)  0.3512( 3.2246)  9.0000( 3.2246)
Nematistius_pectoralis    0.3785( 2.3460)  0.4034( 4.1172)  0.4009( 4.5658)  0.3476( 4.8729)  0.3708( 4.5877)  0.3269( 4.4789)  0.3922( 3.7603)  0.3120( 3.9453)  9.0000( 3.9453)  0.3398( 3.7335)  0.5100( 5.0427)  0.5403( 2.8965)  0.3816( 2.8402)  0.2729( 2.8005)  9.0000( 2.8005)  0.3743( 5.8248)  0.3585( 4.2435)  9.0000( 4.2435)  0.3371( 4.6350)  9.0000( 4.6350)  0.2742( 2.7296)
Psammoperca_waigiensis    0.4549( 2.0588)  0.4081( 3.8129)  0.4173( 3.5328)  0.4097( 4.6551)  0.3880( 4.1862)  0.3630( 4.1518)  0.4304( 3.7653)  0.3699( 4.0420)  9.0000( 4.0420)  0.3290( 3.6156)  0.5169( 3.5039)  0.5204( 2.7643)  0.3886( 3.3442)  0.2941( 3.4387)  9.0000( 3.4387)  0.3590( 3.7981)  0.2916( 2.7687)  9.0000( 2.7687)  0.3174( 3.8066)  9.0000( 3.8066)  0.2908( 3.2797)  0.3497( 4.1358)
Sphyraena_africana    0.5538( 2.6389)  0.5064( 4.2668)  0.4486( 3.7715)  0.5342( 4.2715)  0.5120( 3.7206)  0.5192( 4.3137)  0.5035( 3.8171)  0.4266( 3.9878)  9.0000( 3.9878)  0.4419( 3.6048)  0.6371( 4.3730)  0.5421( 3.1542)  0.5513( 3.5764)  0.5525( 3.8376)  9.0000( 3.8376)  0.7264( 6.0127)  0.5331( 4.4517)  9.0000( 4.4517)  0.5832( 4.8005)  9.0000( 4.8005)  0.5654( 3.8013)  0.5499( 4.6316)  0.5340( 4.5264)
Sphyraena_barracuda    0.4068( 1.9617)  0.3403( 3.8092)  0.3535( 3.7977)  0.3798( 4.8760)  0.3492( 3.9570)  0.3667( 4.3847)  0.3228( 3.2509)  0.3464( 4.0558)  9.0000( 4.0558)  0.3376( 3.9190)  0.5233( 3.5161)  0.5370( 3.5156)  0.3731( 3.4602)  0.3630( 3.6232)  9.0000( 3.6232)  0.3051( 2.9685)  0.3147( 3.4865)  9.0000( 3.4865)  0.3118( 3.8574)  9.0000( 3.8574)  0.3450( 3.2328)  0.4082( 5.0504)  0.3644( 4.6362)  0.4450( 6.1287)
Sphyraena_borealis    9.0000( 6.1287)  9.0000( 6.1287)  9.0000( 6.1287)  9.0000( 6.1287)  9.0000( 6.1287)  9.0000( 6.1287)  9.0000( 6.1287)  9.0000( 6.1287)  9.0000( 6.1287)  9.0000( 6.1287)  9.0000( 6.1287)  9.0000( 6.1287)  9.0000( 6.1287)  9.0000( 6.1287)  9.0000( 6.1287)  9.0000( 6.1287)  9.0000( 6.1287)  9.0000( 6.1287)  9.0000( 6.1287)  9.0000( 6.1287)  9.0000( 6.1287)  9.0000( 6.1287)  9.0000( 6.1287)  9.0000( 6.1287)  9.0000( 6.1287)
Sphyraena_ensis    9.0000( 6.1287)  9.0000( 6.1287)  9.0000( 6.1287)  9.0000( 6.1287)  9.0000( 6.1287)  9.0000( 6.1287)  9.0000( 6.1287)  9.0000( 6.1287)  9.0000( 6.1287)  9.0000( 6.1287)  9.0000( 6.1287)  9.0000( 6.1287)  9.0000( 6.1287)  9.0000( 6.1287)  9.0000( 6.1287)  9.0000( 6.1287)  9.0000( 6.1287)  9.0000( 6.1287)  9.0000( 6.1287)  9.0000( 6.1287)  9.0000( 6.1287)  9.0000( 6.1287)  9.0000( 6.1287)  9.0000( 6.1287)  9.0000( 6.1287)  9.0000( 6.1287)
Sphyraena_forsteri    0.3995( 2.3331)  0.3814( 4.8563)  0.3844( 4.9105)  0.3753( 5.1806)  0.3670( 3.6389)  0.3267( 4.0155)  0.3582( 4.6183)  0.3365( 3.9517)  9.0000( 3.9517)  0.3572( 3.8512)  0.5131( 3.6518)  0.4842( 3.7329)  0.4065( 4.4749)  0.3467( 4.1197)  9.0000( 4.1197)  0.3521( 4.2922)  0.3775( 4.3778)  9.0000( 4.3778)  0.3667( 3.9387)  9.0000( 3.9387)  0.3424( 3.6926)  0.3837( 3.9734)  0.3822( 3.5824)  0.4737( 5.7783)  0.2623( 7.7599)  9.0000( 7.7599)  9.0000( 7.7599)
Sphyraena_guachancho    9.0000( 7.7599)  9.0000( 7.7599)  9.0000( 7.7599)  9.0000( 7.7599)  9.0000( 7.7599)  9.0000( 7.7599)  9.0000( 7.7599)  9.0000( 7.7599)  9.0000( 7.7599)  9.0000( 7.7599)  9.0000( 7.7599)  9.0000( 7.7599)  9.0000( 7.7599)  9.0000( 7.7599)  9.0000( 7.7599)  9.0000( 7.7599)  9.0000( 7.7599)  9.0000( 7.7599)  9.0000( 7.7599)  9.0000( 7.7599)  9.0000( 7.7599)  9.0000( 7.7599)  9.0000( 7.7599)  9.0000( 7.7599)  9.0000( 7.7599)  9.0000( 7.7599)  9.0000( 7.7599)  9.0000( 7.7599)
Sphyraena_helleri    0.5789( 2.9938)  0.5189( 3.8005)  0.5585( 3.8432)  0.5335( 4.0609)  0.5593( 4.0389)  0.4851( 3.9124)  0.4912( 3.5769)  0.5001( 3.7015)  9.0000( 3.7015)  0.5014( 3.2045)  0.5476( 4.4554)  0.6240( 3.5502)  0.4874( 3.2777)  0.4826( 4.0636)  9.0000( 4.0636)  0.4378( 3.3148)  0.5290( 4.0026)  9.0000( 4.0026)  0.5573( 4.0789)  9.0000( 4.0789)  0.4470( 3.8982)  0.5083( 4.8230)  0.5532( 4.3228)  0.4802( 6.9715)  0.4962( 5.4435)  9.0000( 5.4435)  9.0000( 5.4435)  0.5216( 5.9115)  9.0000( 5.9115)
Sphyraena_iburiensis    0.5037( 2.8796)  0.4329( 3.2142)  0.4158( 3.3703)  0.4970( 3.8701)  0.4236( 2.7788)  0.4449( 3.4544)  0.4083( 3.1249)  0.4078( 3.9912)  9.0000( 3.9912)  0.4132( 3.4627)  0.5597( 3.9927)  0.5636( 3.8723)  0.5006( 4.0057)  0.4573( 3.5883)  9.0000( 3.5883)  0.4379( 4.5848)  0.4055( 3.5229)  9.0000( 3.5229)  0.4581( 3.9649)  9.0000( 3.9649)  0.4193( 2.9180)  0.4748( 4.6448)  0.4135( 3.6677)  0.4301( 3.9231)  0.3882( 3.0832)  9.0000( 3.0832)  9.0000( 3.0832)  0.3811( 3.6215)  9.0000( 3.6215)  0.5167( 3.9660)
Sphyraena_japonica    0.5597( 3.2235)  0.4959( 5.0650)  0.4974( 4.6004)  0.4743( 4.1838)  0.5063( 4.2522)  0.4412( 3.9740)  0.5033( 4.7551)  0.4677( 4.3198)  9.0000( 4.3198)  0.4842( 4.5690)  0.5683( 3.5171)  0.6587( 3.2021)  0.5638( 3.8800)  0.5610( 4.7677)  9.0000( 4.7677)  0.5853( 4.4663)  0.5038( 4.3188)  9.0000( 4.3188)  0.6064( 4.8206)  9.0000( 4.8206)  0.5672( 4.5566)  0.5280( 5.0703)  0.5017( 4.3510)  0.2494( 7.9631)  0.4717( 5.9306)  9.0000( 5.9306)  9.0000( 5.9306)  0.5342( 6.7407)  9.0000( 6.7407)  0.4299( 6.7728)  0.5345( 4.5900)
Sphyraena_jello    9.0000( 4.5900)  9.0000( 4.5900)  9.0000( 4.5900)  9.0000( 4.5900)  9.0000( 4.5900)  9.0000( 4.5900)  9.0000( 4.5900)  9.0000( 4.5900)  9.0000( 4.5900)  9.0000( 4.5900)  9.0000( 4.5900)  9.0000( 4.5900)  9.0000( 4.5900)  9.0000( 4.5900)  9.0000( 4.5900)  9.0000( 4.5900)  9.0000( 4.5900)  9.0000( 4.5900)  9.0000( 4.5900)  9.0000( 4.5900)  9.0000( 4.5900)  9.0000( 4.5900)  9.0000( 4.5900)  9.0000( 4.5900)  9.0000( 4.5900)  9.0000( 4.5900)  9.0000( 4.5900)  9.0000( 4.5900)  9.0000( 4.5900)  9.0000( 4.5900)  9.0000( 4.5900)  9.0000( 4.5900)
Sphyraena_obtusata    0.5175( 2.9248)  0.4401( 3.2910)  0.4488( 3.7782)  0.4851( 4.1223)  0.5000( 5.1384)  0.4701( 4.1525)  0.3983( 2.9051)  0.4745( 3.7970)  9.0000( 3.7970)  0.4272( 3.2546)  0.5912( 4.3112)  0.5001( 3.2285)  0.4302( 2.9991)  0.4440( 3.7958)  9.0000( 3.7958)  0.3261( 2.7886)  0.3851( 3.2336)  9.0000( 3.2336)  0.3925( 3.5993)  9.0000( 3.5993)  0.3946( 3.0454)  0.4893( 4.5832)  0.3964( 3.8321)  0.5193( 3.4267)  0.3244( 2.9137)  9.0000( 2.9137)  9.0000( 2.9137)  0.3603( 3.5159)  9.0000( 3.5159)  0.5577( 5.0952)  0.3089( 4.3811)  0.6407( 5.0969)  9.0000( 5.0969)
Sphyraena_picudilla    9.0000( 5.0969)  9.0000( 5.0969)  9.0000( 5.0969)  9.0000( 5.0969)  9.0000( 5.0969)  9.0000( 5.0969)  9.0000( 5.0969)  9.0000( 5.0969)  9.0000( 5.0969)  9.0000( 5.0969)  9.0000( 5.0969)  9.0000( 5.0969)  9.0000( 5.0969)  9.0000( 5.0969)  9.0000( 5.0969)  9.0000( 5.0969)  9.0000( 5.0969)  9.0000( 5.0969)  9.0000( 5.0969)  9.0000( 5.0969)  9.0000( 5.0969)  9.0000( 5.0969)  9.0000( 5.0969)  9.0000( 5.0969)  9.0000( 5.0969)  9.0000( 5.0969)  9.0000( 5.0969)  9.0000( 5.0969)  9.0000( 5.0969)  9.0000( 5.0969)  9.0000( 5.0969)  9.0000( 5.0969)  9.0000( 5.0969)  9.0000( 5.0969)
Sphyraena_pinguis    0.4655( 2.9267)  0.4360( 3.1929)  0.4651( 4.1330)  0.4136( 2.8531)  0.4587( 3.4579)  0.4199( 3.2736)  0.4083( 3.0574)  0.3886( 3.0715)  9.0000( 3.0715)  0.4039( 3.1021)  0.4952( 3.2643)  0.5359( 3.5346)  0.4299( 2.9538)  0.3613( 2.3999)  9.0000( 2.3999)  0.3738( 2.7423)  0.4277( 2.5445)  9.0000( 2.5445)  0.3946( 2.6744)  9.0000( 2.6744)  0.3832( 2.6106)  0.4522( 3.0960)  0.3820( 2.6715)  0.5085( 3.9979)  0.3410( 2.9196)  9.0000( 2.9196)  9.0000( 2.9196)  0.3870( 3.8464)  9.0000( 3.8464)  0.4341( 4.5899)  0.2393( 6.7424)  0.4319( 2.7883)  9.0000( 2.7883)  0.3006( 4.6851)  9.0000( 4.6851)
Sphyraena_putnamae    0.3801( 2.9997)  0.3222( 3.2726)  0.3088( 3.0420)  0.3426( 4.3324)  0.3096( 3.7234)  0.3331( 3.9110)  0.3100( 2.5340)  0.2691( 3.4209)  9.0000( 3.4209)  0.2509( 2.4755)  0.4475( 4.0379)  0.4791( 4.0033)  0.3240( 2.3897)  0.2974( 3.0112)  9.0000( 3.0112)  0.2898( 2.2879)  0.3079( 3.9254)  9.0000( 3.9254)  0.2679( 3.4388)  9.0000( 3.4388)  0.2405( 1.8867)  0.3027( 3.8356)  0.2760( 5.8679)  0.4235( 6.1289)  0.1541(13.8266)  9.0000(13.8266)  9.0000(13.8266)  0.2881( 9.0646)  9.0000( 9.0646)  0.4099( 4.9438)  0.3123( 3.7298)  0.4239( 6.1089)  9.0000( 6.1089)  0.2894( 3.5891)  9.0000( 3.5891)  0.2897( 3.8266)
Sphyraena_qenie    0.4252( 2.2635)  0.3104( 2.9951)  0.3427( 3.2975)  0.3710( 4.3092)  0.3529( 3.6630)  0.3522( 3.7706)  0.2883( 2.4975)  0.2813( 2.4671)  9.0000( 2.4671)  0.3103( 2.9299)  0.4609( 2.7806)  0.4927( 2.6739)  0.3500( 3.0224)  0.3595( 3.6605)  9.0000( 3.6605)  0.3360( 3.2154)  0.2828( 3.2388)  9.0000( 3.2388)  0.2606( 3.1171)  9.0000( 3.1171)  0.3505( 3.5143)  0.3598( 4.0900)  0.3376( 4.0165)  0.4690( 5.4190)  0.1411(13.5971)  9.0000(13.5971)  9.0000(13.5971)  0.2097( 4.6887)  9.0000( 4.6887)  0.3984( 3.6623)  0.4013( 3.1466)  0.4639( 5.3344)  9.0000( 5.3344)  0.3344( 3.3424)  9.0000( 3.3424)  0.3272( 2.1673)  0.1523( 9.9904)
Sphyraena_viridensis    0.4102( 1.9813)  0.3779( 3.2137)  0.4101( 3.4537)  0.4207( 4.3441)  0.4256( 3.8552)  0.3961( 3.9852)  0.3664( 3.0324)  0.3501( 3.1174)  9.0000( 3.1174)  0.3770( 3.3234)  0.5298( 3.4799)  0.5134( 3.3386)  0.4942( 3.0143)  0.4341( 3.1042)  9.0000( 3.1042)  0.3982( 3.8326)  0.3578( 2.2296)  9.0000( 2.2296)  0.3893( 2.7214)  9.0000( 2.7214)  0.4490( 3.2261)  0.4274( 3.5488)  0.4194( 3.3190)  0.3780( 6.0312)  0.3580( 4.2712)  9.0000( 4.2712)  9.0000( 4.2712)  0.3741( 4.9176)  9.0000( 4.9176)  0.2929( 5.1990)  0.4229( 3.2300)  0.3581( 5.6074)  9.0000( 5.6074)  0.4688( 4.1869)  9.0000( 4.1869)  0.3985( 3.4081)  0.3644( 6.0721)  0.3274( 3.4004)
Tetrapturus_audax    0.4051( 2.0929)  0.4164( 5.2862)  0.4049( 4.5471)  0.3539( 4.3508)  0.3238( 3.7056)  0.3207( 3.7771)  0.4052( 4.6505)  0.3077( 3.3416)  9.0000( 3.3416)  0.3155( 3.4876)  0.4812( 3.0083)  0.4985( 2.7537)  0.3221( 3.2413)  0.0540(13.0156)  9.0000(13.0156)  0.3678( 5.5374)  0.3023( 2.8370)  9.0000( 2.8370)  0.3372( 3.3450)  9.0000( 3.3450)  0.0605(25.1632)  0.2910( 3.0175)  0.2959( 3.6009)  0.5914( 3.7754)  0.3465( 3.2851)  9.0000( 3.2851)  9.0000( 3.2851)  0.3295( 3.7225)  9.0000( 3.7225)  0.5164( 4.6082)  0.4468( 3.2085)  0.5764( 5.0915)  9.0000( 5.0915)  0.4345( 3.7923)  9.0000( 3.7923)  0.3575( 2.4401)  0.2814( 2.9453)  0.3748( 3.7973)  0.4575( 3.4759)
Xiphias_gladius    0.3902( 1.6648)  0.3823( 4.6093)  0.3508( 4.0762)  0.3481( 4.9945)  0.4052( 5.0007)  0.3433( 5.2220)  0.3791( 4.1229)  0.2901( 3.6319)  9.0000( 3.6319)  0.3264( 4.0712)  0.4820( 3.1223)  0.4962( 3.3093)  0.3710( 4.4209)  0.2647( 6.0263)  9.0000( 6.0263)  0.4256( 7.3905)  0.2846( 3.0653)  9.0000( 3.0653)  0.3275( 3.7553)  9.0000( 3.7553)  0.2575( 5.1181)  0.3136( 4.8716)  0.2733( 3.1039)  0.5125( 4.9412)  0.2784( 4.0937)  9.0000( 4.0937)  9.0000( 4.0937)  0.4020( 5.7548)  9.0000( 5.7548)  0.5243( 4.1898)  0.4399( 5.2750)  0.4654( 4.1006)  9.0000( 4.1006)  0.4413( 5.2648)  9.0000( 5.2648)  0.3793( 2.9761)  0.3023( 5.6992)  0.3222( 5.1789)  0.3915( 2.9786)  0.2524( 5.0637)
Sphyraena_argentea    9.0000( 5.0637)  9.0000( 5.0637)  9.0000( 5.0637)  9.0000( 5.0637)  9.0000( 5.0637)  9.0000( 5.0637)  9.0000( 5.0637)  9.0000( 5.0637)  9.0000( 5.0637)  9.0000( 5.0637)  9.0000( 5.0637)  9.0000( 5.0637)  9.0000( 5.0637)  9.0000( 5.0637)  9.0000( 5.0637)  9.0000( 5.0637)  9.0000( 5.0637)  9.0000( 5.0637)  9.0000( 5.0637)  9.0000( 5.0637)  9.0000( 5.0637)  9.0000( 5.0637)  9.0000( 5.0637)  9.0000( 5.0637)  9.0000( 5.0637)  9.0000( 5.0637)  9.0000( 5.0637)  9.0000( 5.0637)  9.0000( 5.0637)  9.0000( 5.0637)  9.0000( 5.0637)  9.0000( 5.0637)  9.0000( 5.0637)  9.0000( 5.0637)  9.0000( 5.0637)  9.0000( 5.0637)  9.0000( 5.0637)  9.0000( 5.0637)  9.0000( 5.0637)  9.0000( 5.0637)  9.0000( 5.0637)
Sphyraena_idiastes    9.0000( 5.0637)  9.0000( 5.0637)  9.0000( 5.0637)  9.0000( 5.0637)  9.0000( 5.0637)  9.0000( 5.0637)  9.0000( 5.0637)  9.0000( 5.0637)  9.0000( 5.0637)  9.0000( 5.0637)  9.0000( 5.0637)  9.0000( 5.0637)  9.0000( 5.0637)  9.0000( 5.0637)  9.0000( 5.0637)  9.0000( 5.0637)  9.0000( 5.0637)  9.0000( 5.0637)  9.0000( 5.0637)  9.0000( 5.0637)  9.0000( 5.0637)  9.0000( 5.0637)  9.0000( 5.0637)  9.0000( 5.0637)  9.0000( 5.0637)  9.0000( 5.0637)  9.0000( 5.0637)  9.0000( 5.0637)  9.0000( 5.0637)  9.0000( 5.0637)  9.0000( 5.0637)  9.0000( 5.0637)  9.0000( 5.0637)  9.0000( 5.0637)  9.0000( 5.0637)  9.0000( 5.0637)  9.0000( 5.0637)  9.0000( 5.0637)  9.0000( 5.0637)  9.0000( 5.0637)  9.0000( 5.0637)  9.0000( 5.0637)
Sphyraena_novaehollandiae    9.0000( 5.0637)  9.0000( 5.0637)  9.0000( 5.0637)  9.0000( 5.0637)  9.0000( 5.0637)  9.0000( 5.0637)  9.0000( 5.0637)  9.0000( 5.0637)  9.0000( 5.0637)  9.0000( 5.0637)  9.0000( 5.0637)  9.0000( 5.0637)  9.0000( 5.0637)  9.0000( 5.0637)  9.0000( 5.0637)  9.0000( 5.0637)  9.0000( 5.0637)  9.0000( 5.0637)  9.0000( 5.0637)  9.0000( 5.0637)  9.0000( 5.0637)  9.0000( 5.0637)  9.0000( 5.0637)  9.0000( 5.0637)  9.0000( 5.0637)  9.0000( 5.0637)  9.0000( 5.0637)  9.0000( 5.0637)  9.0000( 5.0637)  9.0000( 5.0637)  9.0000( 5.0637)  9.0000( 5.0637)  9.0000( 5.0637)  9.0000( 5.0637)  9.0000( 5.0637)  9.0000( 5.0637)  9.0000( 5.0637)  9.0000( 5.0637)  9.0000( 5.0637)  9.0000( 5.0637)  9.0000( 5.0637)  9.0000( 5.0637)  9.0000( 5.0637)
Sphyraena_chrysotaenia    9.0000( 5.0637)  9.0000( 5.0637)  9.0000( 5.0637)  9.0000( 5.0637)  9.0000( 5.0637)  9.0000( 5.0637)  9.0000( 5.0637)  9.0000( 5.0637)  9.0000( 5.0637)  9.0000( 5.0637)  9.0000( 5.0637)  9.0000( 5.0637)  9.0000( 5.0637)  9.0000( 5.0637)  9.0000( 5.0637)  9.0000( 5.0637)  9.0000( 5.0637)  9.0000( 5.0637)  9.0000( 5.0637)  9.0000( 5.0637)  9.0000( 5.0637)  9.0000( 5.0637)  9.0000( 5.0637)  9.0000( 5.0637)  9.0000( 5.0637)  9.0000( 5.0637)  9.0000( 5.0637)  9.0000( 5.0637)  9.0000( 5.0637)  9.0000( 5.0637)  9.0000( 5.0637)  9.0000( 5.0637)  9.0000( 5.0637)  9.0000( 5.0637)  9.0000( 5.0637)  9.0000( 5.0637)  9.0000( 5.0637)  9.0000( 5.0637)  9.0000( 5.0637)  9.0000( 5.0637)  9.0000( 5.0637)  9.0000( 5.0637)  9.0000( 5.0637)  9.0000( 5.0637)
Sphyraena_flavicauda    9.0000( 5.0637)  9.0000( 5.0637)  9.0000( 5.0637)  9.0000( 5.0637)  9.0000( 5.0637)  9.0000( 5.0637)  9.0000( 5.0637)  9.0000( 5.0637)  9.0000( 5.0637)  9.0000( 5.0637)  9.0000( 5.0637)  9.0000( 5.0637)  9.0000( 5.0637)  9.0000( 5.0637)  9.0000( 5.0637)  9.0000( 5.0637)  9.0000( 5.0637)  9.0000( 5.0637)  9.0000( 5.0637)  9.0000( 5.0637)  9.0000( 5.0637)  9.0000( 5.0637)  9.0000( 5.0637)  9.0000( 5.0637)  9.0000( 5.0637)  9.0000( 5.0637)  9.0000( 5.0637)  9.0000( 5.0637)  9.0000( 5.0637)  9.0000( 5.0637)  9.0000( 5.0637)  9.0000( 5.0637)  9.0000( 5.0637)  9.0000( 5.0637)  9.0000( 5.0637)  9.0000( 5.0637)  9.0000( 5.0637)  9.0000( 5.0637)  9.0000( 5.0637)  9.0000( 5.0637)  9.0000( 5.0637)  9.0000( 5.0637)  9.0000( 5.0637)  9.0000( 5.0637)  9.0000( 5.0637)
Centropomus_irae    0.3819( 2.2087)  0.2514( 7.3672)  0.2304( 6.8947)  0.2101( 7.5116)  0.1978( 7.3412)  0.1933( 6.7767)  0.2530( 7.1692)  0.0749(18.2057)  9.0000(18.2057)  0.1197( 8.3838)  0.5265( 3.8307)  0.5134( 3.6171)  0.3467( 3.0077)  0.3431( 3.1491)  9.0000( 3.1491)  0.3529( 3.6505)  0.2869( 3.3374)  9.0000( 3.3374)  0.2996( 3.7783)  9.0000( 3.7783)  0.3407( 3.1301)  0.3410( 4.0118)  0.3351( 3.1615)  0.5049( 4.0224)  0.3524( 3.5639)  9.0000( 3.5639)  9.0000( 3.5639)  0.3274( 3.4787)  9.0000( 3.4787)  0.5231( 3.5281)  0.3784( 3.3113)  0.5027( 3.8928)  9.0000( 3.8928)  0.4536( 3.4452)  9.0000( 3.4452)  0.4015( 2.9597)  0.3170( 3.2035)  0.3110( 2.7177)  0.3733( 3.0066)  0.3421( 3.4745)  0.3159( 3.6615)  9.0000( 3.6615)  9.0000( 3.6615)  9.0000( 3.6615)  9.0000( 3.6615)  9.0000( 3.6615)
Centropomus_poeyi    0.4897( 3.1752)  0.3086( 7.0823)  0.3110( 8.4007)  0.2159( 6.2717)  0.2352( 5.8789)  0.2155( 6.9173)  0.3088( 7.0972)  0.0931( 5.7809)  9.0000( 5.7809)  0.1183(11.3800)  0.5578( 2.5675)  0.5606( 3.2904)  0.4244( 3.7632)  0.3698( 2.8877)  9.0000( 2.8877)  0.0000( 2.8877)  0.3332( 2.9101)  9.0000( 2.9101)  0.4001( 4.7272)  9.0000( 4.7272)  0.3774( 3.0133)  0.4633( 4.6673)  0.4097( 4.2404)  0.5047( 3.6036)  0.4651( 5.1437)  9.0000( 5.1437)  9.0000( 5.1437)  0.4482( 4.3107)  9.0000( 4.3107)  0.6515( 3.3591)  0.4328( 2.7628)  0.5431( 4.4421)  9.0000( 4.4421)  0.5634( 3.6596)  9.0000( 3.6596)  0.4121( 2.4279)  9.0000( 2.4279)  0.3928( 3.7670)  0.3914( 2.8226)  0.3698( 3.2821)  0.3542( 3.9558)  9.0000( 3.9558)  9.0000( 3.9558)  9.0000( 3.9558)  9.0000( 3.9558)  9.0000( 3.9558)  0.1359( 9.3073)
Centropomus_mexicanus    0.5026( 2.7005)  0.2574( 9.5093)  0.3093( 8.4396)  0.2610(14.8179)  0.2948( 9.3173)  0.2160(10.6434)  0.2477( 9.0922)  0.1988( 4.7834)  9.0000( 4.7834)  0.2240( 6.7732)  0.5283( 2.9595)  0.5012( 4.2614)  0.3384( 3.4293)  0.3926( 4.0590)  9.0000( 4.0590)  0.0000( 4.0590)  0.4885( 5.1500)  9.0000( 5.1500)  0.3536( 3.5462)  9.0000( 3.5462)  0.3841( 3.9702)  0.4128( 5.0352)  0.4977( 6.9459)  0.5761( 3.2850)  0.4283( 5.8142)  9.0000( 5.8142)  9.0000( 5.8142)  0.4845( 6.0384)  9.0000( 6.0384)  0.5664( 3.0290)  0.6331( 4.4754)  0.6323( 4.5734)  9.0000( 4.5734)  0.5046( 3.4844)  9.0000( 3.4844)  0.5520( 3.1868)  9.0000( 3.1868)  0.3200( 3.5821)  0.4127( 3.1080)  0.3639( 4.1325)  0.3995( 4.7143)  9.0000( 4.7143)  9.0000( 4.7143)  9.0000( 4.7143)  9.0000( 4.7143)  9.0000( 4.7143)  0.2008( 4.8604)  0.2621( 6.7794)
Centropomus_parallelus    0.4044( 2.4503)  0.2585(10.2790)  0.2440( 8.1573)  0.2276(11.2297)  0.2119( 8.5588)  0.2034( 9.2457)  0.2489( 9.8419)  0.1880( 6.2065)  9.0000( 6.2065)  0.1846( 6.1056)  0.4779( 3.6359)  0.4779( 3.5286)  0.3302( 3.6972)  0.3660( 3.6297)  9.0000( 3.6297)  0.2534( 2.7660)  0.3806( 3.9624)  9.0000( 3.9624)  0.3195( 2.9960)  9.0000( 2.9960)  0.3421( 3.2914)  0.3422( 4.7786)  0.3949( 4.2193)  0.4930( 3.2007)  0.3654( 4.0647)  9.0000( 4.0647)  9.0000( 4.0647)  0.3932( 4.8078)  9.0000( 4.8078)  0.4990( 3.6724)  0.4638( 3.7261)  0.5539( 4.2803)  9.0000( 4.2803)  0.4046( 3.1062)  9.0000( 3.1062)  0.4143( 2.6800)  0.3239( 2.6544)  0.3027( 2.8077)  0.3812( 3.0796)  0.3415( 3.6475)  0.3570( 4.2121)  9.0000( 4.2121)  9.0000( 4.2121)  9.0000( 4.2121)  9.0000( 4.2121)  9.0000( 4.2121)  0.2021( 6.4656)  0.2736( 7.1491)  0.0053(999.0000)
Hypopterus_macropterus    9.0000(999.0000)  9.0000(999.0000)  9.0000(999.0000)  9.0000(999.0000)  9.0000(999.0000)  9.0000(999.0000)  9.0000(999.0000)  9.0000(999.0000)  9.0000(999.0000)  9.0000(999.0000)  9.0000(999.0000)  9.0000(999.0000)  9.0000(999.0000)  9.0000(999.0000)  9.0000(999.0000)  9.0000(999.0000)  9.0000(999.0000)  9.0000(999.0000)  9.0000(999.0000)  9.0000(999.0000)  9.0000(999.0000)  9.0000(999.0000)  9.0000(999.0000)  9.0000(999.0000)  9.0000(999.0000)  9.0000(999.0000)  9.0000(999.0000)  9.0000(999.0000)  9.0000(999.0000)  9.0000(999.0000)  9.0000(999.0000)  9.0000(999.0000)  9.0000(999.0000)  9.0000(999.0000)  9.0000(999.0000)  9.0000(999.0000)  9.0000(999.0000)  9.0000(999.0000)  9.0000(999.0000)  9.0000(999.0000)  9.0000(999.0000)  9.0000(999.0000)  9.0000(999.0000)  9.0000(999.0000)  9.0000(999.0000)  9.0000(999.0000)  9.0000(999.0000)  9.0000(999.0000)  9.0000(999.0000)  9.0000(999.0000)
Sphyraena_acutipinnis    9.0000(999.0000)  9.0000(999.0000)  9.0000(999.0000)  9.0000(999.0000)  9.0000(999.0000)  9.0000(999.0000)  9.0000(999.0000)  9.0000(999.0000)  9.0000(999.0000)  9.0000(999.0000)  9.0000(999.0000)  9.0000(999.0000)  9.0000(999.0000)  9.0000(999.0000)  9.0000(999.0000)  9.0000(999.0000)  9.0000(999.0000)  9.0000(999.0000)  9.0000(999.0000)  9.0000(999.0000)  9.0000(999.0000)  9.0000(999.0000)  9.0000(999.0000)  9.0000(999.0000)  9.0000(999.0000)  9.0000(999.0000)  9.0000(999.0000)  9.0000(999.0000)  9.0000(999.0000)  9.0000(999.0000)  9.0000(999.0000)  9.0000(999.0000)  9.0000(999.0000)  9.0000(999.0000)  9.0000(999.0000)  9.0000(999.0000)  9.0000(999.0000)  9.0000(999.0000)  9.0000(999.0000)  9.0000(999.0000)  9.0000(999.0000)  9.0000(999.0000)  9.0000(999.0000)  9.0000(999.0000)  9.0000(999.0000)  9.0000(999.0000)  9.0000(999.0000)  9.0000(999.0000)  9.0000(999.0000)  9.0000(999.0000)  9.0000(999.0000)
Sphyraena_waitii    9.0000(999.0000)  9.0000(999.0000)  9.0000(999.0000)  9.0000(999.0000)  9.0000(999.0000)  9.0000(999.0000)  9.0000(999.0000)  9.0000(999.0000)  9.0000(999.0000)  9.0000(999.0000)  9.0000(999.0000)  9.0000(999.0000)  9.0000(999.0000)  9.0000(999.0000)  9.0000(999.0000)  9.0000(999.0000)  9.0000(999.0000)  9.0000(999.0000)  9.0000(999.0000)  9.0000(999.0000)  9.0000(999.0000)  9.0000(999.0000)  9.0000(999.0000)  9.0000(999.0000)  9.0000(999.0000)  9.0000(999.0000)  9.0000(999.0000)  9.0000(999.0000)  9.0000(999.0000)  9.0000(999.0000)  9.0000(999.0000)  9.0000(999.0000)  9.0000(999.0000)  9.0000(999.0000)  9.0000(999.0000)  9.0000(999.0000)  9.0000(999.0000)  9.0000(999.0000)  9.0000(999.0000)  9.0000(999.0000)  9.0000(999.0000)  9.0000(999.0000)  9.0000(999.0000)  9.0000(999.0000)  9.0000(999.0000)  9.0000(999.0000)  9.0000(999.0000)  9.0000(999.0000)  9.0000(999.0000)  9.0000(999.0000)  9.0000(999.0000)  9.0000(999.0000)

TREE #  1:  (((((14, 40), 21), 41), (((11, 12), (13, 1)), (((3, ((2, 7), 9)), ((6, 4), ((((48, (8, 47)), 10), 5), (50, 49)))), ((((30, ((24, (32, (52, 53))), 44)), ((39, 42), 43)), (((31, 45), 36), (34, 46))), (37, (((35, (27, (26, 29))), 28), (38, (25, 33)))))))), ((51, 23), ((((15, 18), 20), 19), (16, 17))), 22);  MP score: -1.00
lnL(ntime:103  np:105): -10608.540097    +0.000000
  54..55   55..56   56..57   57..58   58..14   58..40   57..21   56..41   55..59   59..60   60..61   61..11   61..12   60..62   62..13   62..1    59..63   63..64   64..65   65..3    65..66   66..67   67..2    67..7    66..9    64..68   68..69   69..6    69..4    68..70   70..71   71..72   72..73   73..48   73..74   74..8    74..47   72..10   71..5    70..75   75..50   75..49   63..76   76..77   77..78   78..79   79..30   79..80   80..81   81..24   81..82   82..32   82..83   83..52   83..53   80..44   78..84   84..85   85..39   85..42   84..43   77..86   86..87   87..88   88..31   88..45   87..36   86..89   89..34   89..46   76..90   90..37   90..91   91..92   92..93   93..35   93..94   94..27   94..95   95..26   95..29   92..28   91..96   96..38   96..97   97..25   97..33   54..98   98..99   99..51   99..23   98..100 100..101 101..102 102..103 103..15  103..18  102..20  101..19  100..104 104..16  104..17   54..22 
 0.029691 0.144361 0.250399 0.013465 0.026399 0.031793 0.013178 0.252705 0.028032 0.080295 0.189202 0.843733 1.005850 0.114445 0.374121 0.801609 0.017876 0.245538 0.120396 0.137589 0.057248 0.079089 0.003224 0.000004 0.022931 0.017474 0.104754 0.048293 0.068357 0.005494 0.027255 0.051555 0.000004 0.058564 0.036785 0.029022 0.054381 0.085735 0.164910 0.176789 0.002665 0.000004 0.138263 0.027360 0.290499 0.070070 0.422537 0.165095 0.116319 0.242309 0.074580 0.121295 0.070043 0.045372 0.073041 0.015914 0.097151 0.034091 0.043604 0.100185 0.108528 0.301819 0.169569 0.126910 0.120579 0.024035 0.143211 0.150646 0.171851 0.069211 0.073501 0.156101 0.022401 0.147483 0.061957 0.040380 0.047712 0.034599 0.045925 0.103688 0.064337 0.133793 0.056435 0.079279 0.082490 0.044758 0.059698 0.000004 0.187905 0.033422 0.211953 0.221558 0.091379 0.085209 0.043507 0.089984 0.065369 0.012935 0.069948 0.000004 0.262547 0.153000 0.469833 9.305059 0.220840
SEs for parameters:
 0.033405 0.051480 0.059889 0.010792 0.008161 0.009057 0.010835 0.058264 0.033744 0.057873 0.128103 0.191888 0.197163 0.079632 0.093190 0.143859 0.022185 0.054574 0.034036 0.033287 1474635.298954 1474635.468855 0.007161 0.009582 54060714.463122 0.014603 0.027185 0.016613 0.019385 0.012950 0.015878 0.020162 0.024525 0.018339 0.016914 0.009967 0.014392 0.021339 0.034313 0.040751 0.038991 0.068938 0.041775 0.042746 0.072437 0.044447 0.083697 -1.000000 -1.000000 0.058137 1606313.207187 1606312.604505 573370118.980923 91131490.793825 446752463.794137 74036757.300268 -1.000000 -1.000000 -1.000000 51405389.049555 73443439.251697 0.082930 0.064734 1462021.758338 1462021.855273 1135908453.713456 0.049713 1983347.662797 1983347.712085 1168555354.658513 0.043425 0.049228 0.029239 2055780.856783 52514853.588166 129862074.866884 1157911733.756075 133137893.646402 349862237.986803 119357455.017643 63471088.015107 2055780.856349 0.027990 0.024405 -1.000000 -1.000000 955041061.383357 0.039517 -1.000000 240595052.109384 -1.000000 0.062641 -1.000000 104798548.959394 1164456592.561259 81058484.820302 519543212.310222 516563084.019917 -1.000000 0.047458 0.081555 0.051878 0.081550 0.523918 0.011961

tree length =  12.60240

(((((Istiophorus_platypterus, Tetrapturus_audax), Makaira_nigricans), Xiphias_gladius), (((Coryphaena_equiselis, Echeneis_naucrates), (Gnathanodon_speciosus, Caranx_caninus)), (((Centropomus_ensiferus, ((Centropomus_armatus, Centropomus_robalito), Centropomus_unionensis)), ((Centropomus_pectinatus, Centropomus_medius), ((((Centropomus_poeyi, (Centropomus_undecimalis, Centropomus_irae)), Centropomus_viridis), Centropomus_nigrescens), (Centropomus_parallelus, Centropomus_mexicanus)))), ((((Sphyraena_helleri, ((Sphyraena_africana, (Sphyraena_japonica, (Sphyraena_acutipinnis, Sphyraena_waitii))), Sphyraena_novaehollandiae)), ((Sphyraena_viridensis, Sphyraena_argentea), Sphyraena_idiastes)), (((Sphyraena_iburiensis, Sphyraena_chrysotaenia), Sphyraena_pinguis), (Sphyraena_obtusata, Sphyraena_flavicauda))), (Sphyraena_putnamae, (((Sphyraena_picudilla, (Sphyraena_ensis, (Sphyraena_borealis, Sphyraena_guachancho))), Sphyraena_forsteri), (Sphyraena_qenie, (Sphyraena_barracuda, Sphyraena_jello)))))))), ((Hypopterus_macropterus, Psammoperca_waigiensis), ((((Lates_angustifrons, Lates_microlepis), Lates_stappersii), Lates_niloticus), (Lates_calcarifer, Lates_japonicus))), Nematistius_pectoralis);

(((((Istiophorus_platypterus: 0.026399, Tetrapturus_audax: 0.031793): 0.013465, Makaira_nigricans: 0.013178): 0.250399, Xiphias_gladius: 0.252705): 0.144361, (((Coryphaena_equiselis: 0.843733, Echeneis_naucrates: 1.005850): 0.189202, (Gnathanodon_speciosus: 0.374121, Caranx_caninus: 0.801609): 0.114445): 0.080295, (((Centropomus_ensiferus: 0.137589, ((Centropomus_armatus: 0.003224, Centropomus_robalito: 0.000004): 0.079089, Centropomus_unionensis: 0.022931): 0.057248): 0.120396, ((Centropomus_pectinatus: 0.048293, Centropomus_medius: 0.068357): 0.104754, ((((Centropomus_poeyi: 0.058564, (Centropomus_undecimalis: 0.029022, Centropomus_irae: 0.054381): 0.036785): 0.000004, Centropomus_viridis: 0.085735): 0.051555, Centropomus_nigrescens: 0.164910): 0.027255, (Centropomus_parallelus: 0.002665, Centropomus_mexicanus: 0.000004): 0.176789): 0.005494): 0.017474): 0.245538, ((((Sphyraena_helleri: 0.422537, ((Sphyraena_africana: 0.242309, (Sphyraena_japonica: 0.121295, (Sphyraena_acutipinnis: 0.045372, Sphyraena_waitii: 0.073041): 0.070043): 0.074580): 0.116319, Sphyraena_novaehollandiae: 0.015914): 0.165095): 0.070070, ((Sphyraena_viridensis: 0.043604, Sphyraena_argentea: 0.100185): 0.034091, Sphyraena_idiastes: 0.108528): 0.097151): 0.290499, (((Sphyraena_iburiensis: 0.120579, Sphyraena_chrysotaenia: 0.024035): 0.126910, Sphyraena_pinguis: 0.143211): 0.169569, (Sphyraena_obtusata: 0.171851, Sphyraena_flavicauda: 0.069211): 0.150646): 0.301819): 0.027360, (Sphyraena_putnamae: 0.156101, (((Sphyraena_picudilla: 0.040380, (Sphyraena_ensis: 0.034599, (Sphyraena_borealis: 0.103688, Sphyraena_guachancho: 0.064337): 0.045925): 0.047712): 0.061957, Sphyraena_forsteri: 0.133793): 0.147483, (Sphyraena_qenie: 0.079279, (Sphyraena_barracuda: 0.044758, Sphyraena_jello: 0.059698): 0.082490): 0.056435): 0.022401): 0.073501): 0.138263): 0.017876): 0.028032): 0.029691, ((Hypopterus_macropterus: 0.033422, Psammoperca_waigiensis: 0.211953): 0.187905, ((((Lates_angustifrons: 0.089984, Lates_microlepis: 0.065369): 0.043507, Lates_stappersii: 0.012935): 0.085209, Lates_niloticus: 0.069948): 0.091379, (Lates_calcarifer: 0.262547, Lates_japonicus: 0.153000): 0.000004): 0.221558): 0.000004, Nematistius_pectoralis: 0.469833);

Detailed output identifying parameters

Parameters (kappa) in the rate matrix (HKY85) (Yang 1994 J Mol Evol 39:105-111):
  9.30506

alpha (gamma, K=5) =  0.22084
rate:   0.00037  0.01682  0.14875  0.72833  4.10573
freq:   0.20000  0.20000  0.20000  0.20000  0.20000

