
Printing out site pattern counts


        53        328  P

Caranx_caninus                  ---------- ---------- ---------A AAAAAAAAAA AAAAAAAAAA AAAAAAAAAA AAAAAAAAAA AAAAAAAAAA AAAAAAAAAA AAAAAAAAAA AAAAAAAAAA AAAAAAACCC CCCCCCCCCC CCCCCCCCCC CCCCCCCCCC CCCCCCCCCC CCCCCCCCCC CCCCCCCCCC CCCCCCCCCC CCCCCCCCCC CCCGGGGGGG GGGGGGGGGG GGGGGGGGGG GGGGGGGGGG GGGGGGGGGG GGGGTTTTTT TTTTTTTTTT TTTTTTTTTT TTTTTTTTTT TTTTTTTTTT TTTTTTTTTT TTTTTTTTTT TTTTTTTT
Centropomus_armatus             ---------- ---------- -----CCCC- --AAAAAAAA AAAAAAAAAA AAAAAAAAAA AAAAAAAAAA AAAAAAAAAA AAAAAAAAAA AACCCCGGGG GGGGGGTTTT TTTTTTT--- --AAAAAAAA CCCCCCCCCC CCCCCCCCCC CCCCCCCCCC CCCCCCCCCC CCCCCCCCCC CCGGGTTTTT TTTTTTTTTT TTTAAAAAAA AAAAGGGGGG GGGGGGGGGG GGGGGGGGGG GGGGGGGGGG TTTT---AAA AAAAAACCCC CCCCCCCCCC CCCCCCCTTT TTTTTTTTTT TTTTTTTTTT TTTTTTTTTT TTTTTTTT
Centropomus_ensiferus           ---------- ---------- ---AT-CCC- --AAAAAAAA AAAAAAAAAA AAAAAAAAAA AAAAAAAAAA AAAAAAAAAA AAAAAAACGG TTCCCTAAAG GGGGGGATTT TTTTTTT--- --AAAAAATT CCCCCCCCCC CCCCCCCCCC CCCCCCCCCC CCCCCCCCCC CCCCCCCCCC CTAAGATTTT TTTTTTTTTT TTTAAAAAAA AAAGGGGGGG GGGGGGGGGG GGGGGGGGGG GGGGGGGGGG CTTT---AAA AAAATTCCCC CCCCCCCCCC CCCCTTTCCT TTTTTTTTTT TTTTTTTTTT TTTTTTTTTT TTTTTTTT
Centropomus_medius              ---------- ---------- ---------- --AAAAAAAA AAAAAAAAAA AAAAAAAAAA AAAAAAAAAA AAAAAAAAAA AAACGGGAAG ATCCGCAGGA GGGGGGCCCT TTTTTTT--- --AAAAGTAA ACCCCCCCCC CCCCCCCCCC CCCCCCCCCC CCCCCCCCCC CCCCCCGTTT TCCGCCAACC CTTTTTTTTT TTTAAAAAAA AAAGAAAGGG GGGGGGGGGG GGGGGGGGGG GGGGGGGGGG -TTT---AAA AACC-CACCC CCCCCCCCCC CTTTCCTTTA ACCCTTTTTT TTTTTTTTTT TTTTTTTTTT TTTTTTTT
Centropomus_nigrescens          ---------- ---------- -AT---ACT- ---------A AAAAAAAAAA AAAAAAAAAA AAAAAAAAAA AAAAAAAACC CCGT-AACAC TCACTGA-AA AAAGGGCCT- -ACTTTT--- -AAACGTCAA A--------C CCCCCCCCCC CCCCCCCCCC CCCCCCCCCC CCCCTTACCC TCCATAGTCC T--CCCTTTT TTT--AAAAA AAGAAGG--- ---AAGGGGG GGGGGGGGGG GGGGGGGGGG --TT----AA ACCCGTC--A CCCCCCCCCT T-ATACT-C- TCTT------ --------TT TTTTTTTTTT TTTTTTTT
Centropomus_pectinatus          ---------- ---------- ---------- ---------A AAAAAAAAAA AAAAAAAAAA AAAAAAAAAA AAAAAAAAAA AAAT-GGAAG ATCCGCA-GA GGGGGGCCC- -CTCTTT--- --AAAAGTAA A--------C CCCCCCCCCC CCCCCCCCCC CCCCCCCCCC CCCCCCATTT TCCGCCAACC C--TTTTTTT TTT--AAAAA AGAAAAA--- ---GGGGGGG GGGGGGGGGG GGGGGGGGGG --TT----AA AACC-CA--C CCCCCCCCCC T-TTCCT-T- ACCT------ --------CT TTTTTTTTTT TTTTTTTT
Centropomus_robalito            ---------- ---------- -----CCCC- --AAAAAAAA AAAAAAAAAA AAAAAAAAAA AAAAAAAAAA AAAAAAAAAA AAAAAAAAAA AACCCCGGGG GGGGGGTTTT TTTTTTT--- --AAAAAAAA CCCCCCCCCC CCCCCCCCCC CCCCCCCCCC CCCCCCCCCC CCCCCCCCCC CCGGGTTTTT TTTTTTTTTT TTTAAAAAAA AAAAGGGGGG GGGGGGGGGG GGGGGGGGGG GGGGGGGGGG TTTT---AAA AAAAAACCCC CCCCCCCCCC CCCCCCCTTT TTTTTTTTTT TTTTTTTTTT TTTTTTTTTT TTTTTTTT
Centropomus_undecimalis         ---------- ---------- -A----CCT- -TAAAAAAAA AAAAAAAAAA AAAAAAAAAA AAAAAAAAAA AAAAAAGGAA ATCTCAACAA TTCCCCAAAA AGGAGGCCTC TCCTTTT--- TAAGGAACAA ACCCCCCCCA CCCCCCCCCC CCCCCCCCCC CCCCCCCCCC TTTTCTACCC TTCATATACC CTTCCTCCTT TTTATAAAAA AAAGGAGAGG GGGAGAGGGG GGGGGGGGGG GGGGGGGGGG -TTT---CAA AACCATCCCA CCCCCCCGTT CCATCCTCTT TCTCCTTTTT TTTTTTTTTC TTTTTTTTTT TTTTTTTT
Centropomus_unionensis          ---------- ---------- -----TCCC- -------AAA AAAAAAAAAA AAAAAAAAAA AAAAAAAAAA AAAAAAAAAA AGAAAAACGA AACCCCGGAA GGGGGGCTT- ACCTTTT--- --AAAAAAAA C------CCC CCCCCCCCCC CCCCCCCCCC CCCCCCCCTT CCCCTCCCCT TTGGGTTTCC C-TTTTCTTT TTT--AAAAA AAAGGGGG-- --GGGGGGGG GGGGGGGGGG GGGGGGGGGG T-TT----AA AAAAATC-MC CCCCCCTCTC C-CCCCC-TT TTTC------ ----TTTTTT TTTTTTTTTT TTTTTTTT
Centropomus_viridis             ---------- ---------- -G----CCT- --AAAAAAAA AAAAAAAAAA AAAAAAAAAA AAAAAAAAAA AAAAATAAAA ATC-GAGCAA TTCCCCAGAA GGGGGGCCTT TCCATTT--- --AGGAACAA ACCCCCCCCA CCCCCCCCCC CCCCCCCCCC CCCCCCCCCC CCCCCTACCC TTCCTATACC CTTCCCCTTT TTTATAAAAA AAAGGGGGGG GGGAGGGGGG GGGGGGGGGG GGGGGGGGGG -TTT---CAA AACTGTCCCA CCCCCCCGTT TTATCCTTTT CCTCTTTTTT TTTTTTTTCT TTTTTTTTTT TTTTTTTT
Coryphaena_equiselis            --------AA AAAACCCGTT T--------T TTAAAAGAAA AAAAAAAAAA AAAAAAAAAA AAACGTTTTT TTTTTAAAAA TAAAAAATAA AAAAAAAAAG TACGAAATAC ACTTACCACT ATAGAAACAC ACCCCTTCCA ACCCCCCCCC CCCCCCCCCC CCCTTTTTCC ACCCCCCCTA TCACTATTTT TTCCCAACAC TTTGGAAAGG GATAGAGGGG GGGGGGAAGG GGGGGGGGGG GGGGGGGGGG TAGGAACTAA ATATTTTTTC CCGTTTCTTC ATATCTTCTT CTTCACCTTT TTTTCCTTTT CTTTTTTTTT TTTTTTTT
Echeneis_naucrates              -------T-- ---------- ---------- -AAAAAAAAA AAAAAAAAAA AAAAAAAAAA AATCAAAAAA AAACTAATAA AAAAGACAAA TAGTAAAAAA AGAAAAATAT AGAAAAAAAA CCAATTCT-- ACCCCCTCCC CCCCCCCCCC CCCCCCCCCC CCTACGTTCT AACTACCCTT TCA-TCCTTT CCCCTCATTC CCTATAAAAG GGCGGGGGGG GGGAGGAAAA AGGGGGGGGG GGGGGGGGGG GGAGAA-TAA AA-CTTTTTT CTCCTTTTTT ATTTTATTCT TTCTATTTTT TTTTACTTTT TACTTTTTTT TTTTTTTT
Gnathanodon_speciosus           ------AC-- ------T--- ---------A ATAAAAAAAA AAAAAAAAAA AAAAAAAAAA AAAAAAAAAA AACAAAAAAA AGAAAAAAAA AAAGAAAAAA AAAAAAAAAA AAAAAAATCA CCACCCCCTT CCCCCCCCCC CCCCCCCCCC CCCCCCCCCC CTTCCCCCCC CTCCCCCCCA TCCCCTCCCT CCCCCCCCCC CCCGGAGGGG GGGGGGGGGG GGGGGGGGGG GAGGGGGGGG GGGGGGGGGG GGAGTTCTAA CTCTCTTTTT CTTTTTTTCT TTTTTTTTTT TTTATTTTTT TTTTTTTTTT TATTTTTTTT TTTTTTTT
Istiophorus_platypterus         ---------- ---------- ---------- -TAAAAAAAA AAAAAAAAAA AAAAAAAAAA AGACAAAAAA AAACAAAGAA AACAAAGCAA CAAAAAAGAA AAAGAAACAT AATCCAAA-A CCCACATC-- CCCCCCCCCC CCCCCCCCCC CCCCCCCCCC CCCTCGCTCT ACCCCCCCCC TCA-TTCCCT CCCCTCTTTC CCCAAAAGGG GGCGGGGGGG GGGGGGGGAG GGGGGGGGGG GGGGGGGGGG AGGGAA-TAA AC-TATTCTA TCTCTTGTTT CTTTATTCAT TTTCATTTTT TTTTTATTTT TCTCTTTTTT TTTTTTTT
Lates_angustifrons              ---------- ---A-TA--C C--------T TCAAAAAAAA AAAAAAAAAA AAAAAAAAAA AAACGAAAAA ACAAAAAAAA ATAAGAGAAA CAGGAGAGAC AACAAAGCAT AAACCAA-CA AGTACACCAT CCCCCCCCCC CCCCCCCCCC CCCCCCCCCT TCCTCCTCCT CTCCTCCCCC TCC-CTCATT CCTCCCCCTC CCCAGAAGAG GGCGGGGGGG GGGAGGAGGG GGAGGGGGGG GGGGGGGGGG GGGGAC-TAA AATCTTTCTA TTCCTTTTTT TTTTATTCAT TCTTGTTTTT TTTTTTTTTT TAACTTTTTT TTTTTTTT
Lates_calcarifer                -----T---- ---A-CC--A C--------A CC--AAAAA- --AAAAAAAA AAAAAAAAAA GAAAA-AAAA GCAAAAAAAA AAAACAAA-A CAGGAA-GAC AGCAAAACA- AAACTAA-CA AAAACACCTT C--CCCCCCC C----CCCCC CCCCCCCCCT TCCCCCTCCT ATCCT-C-CC TCCACTCATT CCTCCCCCCC CCCA--AG-G GGCGGGGG-G GGGA-GA-AG GGA------G GGGGGGGGGG G-GGAC--AA AGTTTTT-TC ATTT-TTTTT TTTTAT--AT TTTT-----T TTTTTTTTTT -AAT------ TTTTTTTT
Lates_japonicus                 ---------- ---A--A--T C--------T TCAAAAAAAA AAAAAAAAAA AAAAAAAAAG AAACAAAAAA ACACAAAAAA ACAAGAGAAA CAGGATAAAC AACAAAATAT AAACCAG-CA AAAACACCA- TCCCCCCCCC TCCCCCCCCC CCCCCCCCCT TCCTCCTCCT ATCCTCCCCA TCC-CCCATT CCTCCCCCCC CCCAGAAGGG GGCGGGGGGG GGGGGGAGGG GGAGGGGGGA GGGGGGGGGG GGGGAC-TAA AGTTTTTCTC TCCCTTTTTT TTTTATTCAT TTTTGTTTTT TTTTTTTTTT TATTTTTTTT TTTTTTTT
Lates_microlepis                ---------- ---A-TA--C C--------T TCAAAAAAAA AAAAAAAAAA AAAAAAAAAA AAACGAAAAA ACAAAAAAAA ATAAGAGAAA CAGGAGAGAC AACAAAGCAT AAACTAA-CA AGTACACCAT CCCCCCCCCC CCCCCCCCCC CCCCCCCCCT TCCTCCTCCT CTCCTCCCCC TCC-CTCATT CCTCCCCCTC CCCAGAAGAG GGCGGGGGGG GGGAGGAGGG GGAGGGGGGG GGGGGGGGGG GGGGAC-TAA AATCTTTCTA TTCCTTTTTT TTTTATTCAT TCTTGTTTTT TTTTTTTTTT TAACTTTTTT TTTTTTTT
Lates_niloticus                 ---------- ---A--A--T C--------T TAAAAAAAAA AAAAAAAAAA AAAAAAAAAA AAAAAAAAAA ACAAAAAAAA ATAAGAGAAA CAGGAGAAAC AACAAGACAT AAACTAA-CA AGACCACCAT CCCCCCCCCC CCCCCCCCCC CCCCCCCCCT TCCTCCTCCT CTCCTCCCCC TCCTCCCATT CCTCCCCCTC CCCAGAAGGG GGCGGGGGGG GGGGGGAGGG GGAGGGGGGG GGGGGGGGGG GGGGAC-TAA AATTTTTCTT TTCCTTTTTT TTTTATTCAT TTTTGTTTTT TTTTTTTTTT TAATTTTTTT TTTTTTTT
Lates_stappersii                ---------- ---A-TA--C C--------T TCAAAAAAAA AAAAAAAAAA AAAAAAAAAA AAACAAAAAA ACAAAAAAAA ATAAGAGAAA CAGGAGAGAC AACAAGACAT AAACTAA-CA AGTACACCAT CCCCCCCCCC CCCCCCCCCC CCCCCCCCCC TCCTCCTCCT CTCCTCCCCC TCC-CTCATT CCTCCCCCTC CCCAGAAGAG GGCGGGGGGG GGGAGGAGGG GGAGGGGGGG GGGGGGGGGG GGGGAC-TAA AATCTTTCTA TTCCTTTTTT TTTTATTCAT TCTTGTTTTT TTTTTTTTTT TAATTTTTTT TTTTTTTT
Makaira_nigricans               ---------- ---------- ---------- -TAAAAAAAA AAAAAAAAAA AAAAAAAAAA AAACAAAAAA AAACAAAGAA AACAAAGCAA CAGAAAAGAA AAAGAAACAT AACCCAAA-A CCCACATC-- CCCCCCCCCC CCCCCCCCCC CCCCCCCCCC CCCTCGCTCT ACCCCCCCCC TCA-TTCCCT CCCCTCTTTC CCCAAAAGGG GGCGGGGGGG GGGGGGGGAG GGGGGGGGGG GGGGGGGGGG AGGGAA-TAA AC-TATTCTA TCTCTTGTTT CTTTATTCAT TTTCATTTTT TTTTTATTTT TCTCTTTTTT TTTTTTTT
Nematistius_pectoralis          AACCC---AA GTTCTTAGCT T--------T CGAAAAAAAA AAAAAAAAAA AAACCCGGTA AAACCAAACG AAACGCAAAA AGATGAACAG TATGAAAAAC AAAAAAATAT AATTCGAACA AACGGATCTC CCCCCCCCTT CCCCCCCCCC CCCCCCCCCC CCCTCCCCCC CCCCTCCCCA CCCACTTAAT CCTCCTCCCC ACCAGAAGAG GGTAGGGGGG GGGGGGGGAG GGGGGGGGGG GGGGGGGGGG CAGGTC-TAA CTCTATTCAA CTCTTTTTCT TCCTAATACT TATTGTTTTC TTTTTTTTTT TATTCTTTTT TTTTTTTT
Psammoperca_waigiensis          -----T---- ---A-CC--A C--------A CCAAAAAAA- ----AAAAAA AAAAAAAAAA GA-AA-AAAA GCAAAAAA-A AAAACAAA-A CAGGAA-GAC AGCAAAACAT AAACTAA-CA AAAACACCTT CCCCCCCCCC C--------- -CCCCCCCCT TCCCCCTCCT ATCCT-C-CC TCCACTCATT CCTCCCCCCC CCCAA-AG-- GGCGGGGGGG GGGA-GA-AG GGA------G --GGGGGGGG GGGGAC-T-A AGTTTT-CTC ATTT-TTT-T TTTTAT-CAT TTTTGTTTTT TTTTTTTTTT -AAT------ ---TTTTT
Sphyraena_africana              ---------- ---------- ---------- ---------- ---------- ---------- ---------- ---------- ---------- ---------- ---------- ---------- ---------- ---------- ---------- ---------- ---------- ---------- ---------- ---------- ---------- ---------- ---------- ---------- ---------- ---------- ---------- ---------- ---------- ---------- ---------- ---------- --------
Sphyraena_barracuda             -TCTT---CT TCCCT-CAAT A--------C ACAAAAAAAA AAAAAAAAAA AGGAAAAGAA AAACAAAAAC ATATTGAAAA AAGAAAACAA TGAGAAAAAA GAAAAATTGA GATCCCAT-A ACAACACCCC TCCCCCCCCC CCCCCCCCCC TCCCCCCTTG CCCCCACTCT TTCCACCCCA TAACCCCATT CCTCTAACCC CTTAAAAGAG GGCGGGGGGG GGGAGGGGGG GGGAGGGGGG GGAAAAGGGG GGGGTA-TAT AATCTCTCGT TTTATTTCC- ATTTATTTAA TTTTTTTTTC TTTTTTTTTT TCTTTTTTTT CTTCTTTT
Sphyraena_borealis              ---------- ---CA-G-AT A--------T TA---AAAAA AAAAAAAAAA GGGAAAAAAA AAAAAAAAAT ATATTGAAAG AAAAAAACAA TAAAAGAAAA GGAAAATAG- GGACCCAT-A CCAACATCTC T---CCCCCC CCCCCCCCCC TCCCCCGTTC CCCTCACTCT TCCCGCCCCA TAGTCCCACT TTTCCACTTC TTCA-AAGAA GGC-GGGG-G GTGAGGGGGG GGGAGGGGGG GGAAAGGGGG A-GGTA--AA AATCTCT-GC CTTATTCCC- ATTTCTT-TA TCTC-----C -TTTTTTTTT TCTTTCTTTT CTTCTTTT
Sphyraena_ensis                 ---------- ---CA-G-AT A--------T TAAAAAAAA- AAAAAAAAAA AGGAAAAAAA AAAAAAAAAT ATATTGAAAG AAAAAAACAA TAAAAAAAAA GGAAAATAGG GGGCCCAT-A CCAACATCTC TCCCCCCCCC C-CCCCCCCC TCCCCCCTTC CCCCCACTCT TCCCGCCCCA TAGTCCCACT TTTCCACTTC TTCAAAAGAA GGC-GGGGGG GGGATGGGGG GGGA--GGGG GGAAAGGGGG AGGGTA-TAA AATCTCTCGC CTTATTCCC- ATTTCTTCTA TCTCTTTTTC TTTTTTTTTT TCTTT---TT CTTCTTTT
Sphyraena_forsteri              ---------- ---------- ---------- ---------- ---------- ---------- ---------- ---------- ---------- ---------- ---------- ---------- ---------- ---------- ---------- ---------- ---------- ---------- ---------- ---------- ---------- ---------- ---------- ---------- ---------- ---------- ---------- ---------- ---------- ---------- ---------- ---------- --------
Sphyraena_guachancho            ---------- ---CA-G-AT A--------T TAAAAAAAAA AAAAAAAAAA GGGAAAAAAA AAAAAAAAAT ATATTGAAAG AAAAAAACAA TAAAAGAAAA GGAAAATAGG GGACCCAT-A CCAACATCTC TCCCCCCCCC CCCCCCCCCC TCCCCCCTTC CCCTCACTCT TCCCGCCCCA TAGTCCCACT TTTCCACTTC TTCAAAAGAA GGC-GGGGGG GGGAGGGGGG GGGAGGGGGG GGAAAGGGGG AGGGTA-TAA AATCTCTCGC CTTATTCCC- ATTTCTTCTA TCTCTTTTTC TTTTTTTTTT TCTTTTTTTT CTTCTTTT
Sphyraena_helleri               ---------- ---------- ---------- ---------- ---------- ---------- ---------- ---------- ---------- ---------- ---------- ---------- ---------- ---------- ---------- ---------- ---------- ---------- ---------- ---------- ---------- ---------- ---------- ---------- ---------- ---------- ---------- ---------- ---------- ---------- ---------- ---------- --------
Sphyraena_iburiensis            ---------- ---------- ---------- ---------- ---------- ---------- ---------- ---------- ---------- ---------- ---------- ---------- ---------- ---------- ---------- ---------- ---------- ---------- ---------- ---------- ---------- ---------- ---------- ---------- ---------- ---------- ---------- ---------- ---------- ---------- ---------- ---------- --------
Sphyraena_japonica              --G-T---TT TCTCA-CCTT G--------A CTAAAAAAGA AAAAAAAAGG GAAAAAAAAA AACAAAAAAA AGACAAAGAG TAAACAGCAA GAATAAAAAA AAAGATTTAA ATACCAAC-A CCAACATCTC CCCCCCCCCC CCCCCCCCCC CCCCCGCCTC CCTTCATTCC CTCCGCCCCA TAATTTTACT CTCCAGGCTT TTCAGAAGGA GGCGGGGGGG GGGGGGAGCA GGGGGGGGGG GGAGGGGGGG GGGGTA-TAA AAATTTTCCC CCTATTTTCC TACTCGTTCC CTTATCTTTA TTTTTCTTTA TTTTTTTTTT TTTTCCTT
Sphyraena_jello                 -TCTT---CT TCCCT-CAAT A--------C ACAAAAAAAA AAAAAAAAAA AGGAAAAGAA AAACAAAAAC ATATTGAAAA AAGAAAACAA TGAGAAAAAA GAAAAATTGA GATCCCAT-A ACAACACCCC TCCCCCCCCC CCCCCCCCCC TCCCCCCTTC CCCCCACTCT TTCCACCCCA TAACCCCATT CCTCTAACCC CTTAAAAGAG GGCGGGGGGG GGGAGGGGGG GGGAGGGGGG GGAAAGGGGG GGGGTA-TAT AATCTCTCGT TTTATTTCC- ATTTATTTAA TTTTTTTTTC TTTTTTTTTT TCTTTTTTTT CTTCTTTT
Sphyraena_obtusata              -----C---- ---------- ---------T TAAAAAAAGA AAAAAAAGAA GAGACTAGCA AAAAAAAAAA ACCCAACGAA AAGACAGCAG TAGTATAAAC ATAGACTAAA ATTATCAT-C AAAAGATCAA CCCCCTCCCC CCCCCCCCCC CCCTTCCCTC CCCTCACACC ATCCACCTCC TAAAACAACT CCCCCCTCAC CTCGAAAGGA GGTAGGGGGG GGGGGGGGAG GGGGGGGGGG GGAGGGAGGG AGGGCT-TAA TCCTCTTCTT CTTCTTTTCT AATTACTTCC CTTGTTTTTT TACTTCTTTC TATTTTTTTT TTTTCTTT
Sphyraena_picudilla             ---------- ---------- ---------- ---------- ---------- ---------- ---------- ---------- ---------- ---------- ---------- ---------- ---------- ---------- ---------- ---------- ---------- ---------- ---------- ---------- ---------- ---------- ---------- ---------- ---------- ---------- ---------- ---------- ---------- ---------- ---------- ---------- --------
Sphyraena_pinguis               ---------- ---------- ---------- ---------- ---------- ---------- ---------- ---------- ---------- ---------- ---------- ---------- ---------- ---------- ---------- ---------- ---------- ---------- ---------- ---------- ---------- ---------- ---------- ---------- ---------- ---------- ---------- ---------- ---------- ---------- ---------- ---------- --------
Sphyraena_putnamae              ---------- ---------- ---------- --AAAAAAA- AAAAAAGAAA AGGAAAAATA AAA-AAATAT ATA-CAAAAG TGAAGAGCAA -AGAAA-AAA GAAAAGT-GA AA--CCGT-A --AATA-C-- -CCCCCCCCC C---CCCCCC TCCCCCCCTC CCCTCACCCC TCCC-CCCCA AAG-C--ATT CTTCCAGCTC -TCAAAAGAG GGCGGGGGGG GGGAGGAGGG GGGA---GGG GGAAGGGGGG AGGGTA-TAA AA-TTTTCAC TTTATTTCC- -T-TA-TTTA TTTTTTTTTG TTTTTTTTTT TCTTT----T CTTCTTCT
Sphyraena_qenie                 -TCTT---TT CTCTT-CAAC A--------C ATAAAAAAAA AAAAAAAAAA AGGAAAAAAA AAACAAAAAA ATATTAAAAG AAAAAAACAA TAAGAAAAAA AAAAAATCGA GACCCCAT-A ACAACACCCT CCCCCCCCCC CCCCCCCCCC TCCCCCCTTC CCCCCATTCT TCCCACCCCA TAATCCCATT TCTCCAACTC TTCAAAAGAG GGCGGGGGGG GGGAGGGGGG AGGAGGGGGG GGAAAGGGGG GGGGTA-TAA AGTCTCTCGC TTCATTTCC- ATATACTTCA TCTTTTTTTC TTTTTTTTTT TCTTTTTTTT CTTCTTTT
Sphyraena_viridensis            ---------- ---------- ---------- ---------- ---------- ---------- ---------- ---------- ---------- ---------- ---------- ---------- ---------- ---------- ---------- ---------- ---------- ---------- ---------- ---------- ---------- ---------- ---------- ---------- ---------- ---------- ---------- ---------- ---------- ---------- ---------- ---------- --------
Tetrapturus_audax               ---------- ---------- ---------- -TAAAAAAAA AAAAAAAAAA AAAAGAAAAA AGACAAAAAA AAACAAAGAA AACAAAGCAA CAAAAAAGAA AAAGAAACAT AATCCAAA-A CCCACATC-- CCCCCCCCCC CCCCCCCCCC CCCCCCCCCC CCCTCGCTCT ACCCCCCCCC TCA-TTCCCT CCCCTCTTTC CCCAAAAGGG GGCGGGGGGG GGGGGGGGAG GGGGGGGGGG GGGGGGGGGG AGGGAA-TAA AC-TATTCTA TCTCTTGTTT CTTTATTCAT TTTCATTTTT TTTTTATTTT TCTCTTTTTT TTTTTTTT
Xiphias_gladius                 ---------- ---------- ---------- -AAAAAAAAA AAAAAAAAAA AAAAGAAAAA AAACAAAAAA AAACAAAAAA AAAAAAGCAA CAAAAAAGAA AAAGAGATAT ATACCAAA-A ACCACACCTC CCCCCCCCCC CCCCCCCCCC CCCCCCCCCC CCCTCCCTCT CCCCTCCCCC ATCTCTCCTT CCCCTCCCCC CCCAAAAGGG GGCGGGGGGG GGGAGGGGGG GGGGGGGGGG GGGGGGGGGG AGGGAT-TAA CATTCTTCTT TCTCTTATTT TTATATTCTT CTTCATTTTT TTTTTTTTTT TCTTTTTTTT TTTTTTTT
Sphyraena_argentea              --T-----TT ATTCA-TTCT G--------A CCAAAAAAGA AAAAAGAAAG AAAAAAAGAA AAATATAAAG ACATAAAAAG TAAACAACAA GAGTAGAAAA AGAAAATTAA ACACCAAT-A TAAACACCTC CCCCCCCCCC CCCCCCCCCC CCCCCACCTC CCCCCGCTCC ACCCTCCCCA TAATTCTACT TTCCACACCC TTCAAAAGGG GGCGGGGGGG GGGGGGGGGG GGGGGGGGGG GGAGGGGGGG AGGGTA-TAA AGACTTTCCC CCTCTTTCTT AACTACTTTC TTT-TTTTTA TTTTTTTTCT TTTTTTTTTT TTTTCTTT
Sphyraena_idiastes              ---------A -TTCA-T-CT G--------A CCAAAAAAGA AAAAAGGAAG AAAAAAACAA AAACATAAAC ACACAAAAAG CAAACAACAA TAATAGAAAA AAAGA-TAAT GATCCAAT-A ACAACACCCC ACCCCCCCCC CCCCCCCCCC CCCCCACCTC CCCCCACTCC ACCCCCCCCA TAATCCAATT TTCCACACCC TTTAAAAAGG GGTGGGGGGG GGGGGGGGGG GGGGGGGGGG GGAGGGGGGG AGGGTA-TAA AGACCTTCCC TCTCTTTCTT -A-TA-TCTC TTT-TTTTTA TTTTTTTTTT TTTTTTTTTT TTTTCTTT
Sphyraena_novaehollandiae       --C-A---CC ATACA-TTTT G--------A CCAAAAAAG- -AAAAAAAAG AAAAAAAAAA AAAAA-AAAT ATACAAAAAG TGAACAGCAA TAGTAG-AAA GAAAAGTTAA AAATCAAT-A TAAACACCCA CCCCCCCCCC C---CCCCCC CCCCCACCTC CCCTCGTCCC CCCCACC-CA TAATTTTACT CTCCACACCC TTCAAAAG-G GGTGGGGGGG GGGGGGAGGG GGGG----GG GGAGGGGGGG GGGGTA-TAA AAACGTTCCC CCTCTTTTTT CACTAC-TTC CTTTTTTTTA TTTTTTTTTT TTTT-----T TTTTCTTT
Sphyraena_chrysotaenia          -----T--CT -TCAGCT-CA G--------T AGAAAAAAGA AAAAAA-AAG AAGACAAACA AACCAAAAAA ACATTAAAAG AAAACAGCAG AAATAAAAAC AAATATTCAA ACCTCCATTC TTAATACCCC CCTCCTCCCC CCCCCCCCTT CCCCTCCCTC CCCCCCCCTT ATCCCCCCCA TAAATCTAAT CCCCCCTCAC TTTGAAAGGA GGTAGGGGGG GGGGGGCGGG GGGGGGGGGG GGAGGGAGGG AGAGTC-TAA CGTTTTTTTC CCCCTTTCCT TTCTATTTCT TATATTCTTG TTTTTCCTTC TGTCTTTTTT TTTCCGTT
Sphyraena_flavicauda            -----T---- ---------- ---------T CTAAAAGAGA AAAAAAGAAG GAGATGAGTA GAAGAAAAAA AAACAAAGAG AAGACAGAAG CAGTATAAGC ATAGACTCAA AATCTCAT-A CTAACGACGA CCCCCTCCCC C-CCCCCCCC CCCTTACCTC CCCTCGCACC ATCCACCCCG TAAAACGACT CCCCCCTCAC GTCGAATGGA GGTAGGGGGA GGGGGGGGGG GGGG-GGGGG GGAGGGAGGG GGGGCA-TAA TTATCTTCTC CTCCTTTTCT ACCTATTTCT TTTAATTTTG TTCTTCTTTC TATAT--TTT TTTCCTTT
Centropomus_irae                ---------- ---------- -G----CCT- -T-AAAAAA- ---AAAAAAA AAAAAAAAAA AA-AA-AAAA AAAAAAGGAA ATCTCAGC-A TTCCCC-AAA GGGAGGCCT- TCCTTTT--- TAAGGAACTA ACCCCCCCTA C-----CT-- -CCCCCCCCC CCCCCCCCCC TTTTA-A-CC TTCGTATACC CTTCCTCCTT TTTAT-AA-A AAAGGAGAGG GGGA-AG-GG GGG------G -GGGGGGGGG --TT-----A AACCAT--CA CCCC-CCG-T CCATCC--TT TCTC-TT-TT TTTTTTTTTC -TTT------ --TTTTTT
Centropomus_poeyi               ---------- ---------- -G----CCT- --AAAAAAAA AAAAAAAAAA AAAAAGAAAA AAAAAAAAAG AAAAG-GAAA ATC-GAACAA GTACCCAAAA AGGAGGCCTT TCCTTTT--- --AGGAACCA ACCCCCCCCA CCCCCCCCCC CCNCCCCCCC CCCCCCCCCC CCCCCAACCC TTCATA-ACC CCTCCCCCTT TTTATAAAAA AAAGGGGAGG GGGAGGGGGG GGGGGGGGGG GGGGGGGAGN -TTT---CAA AAACTTCCCA CTCCCCCGTT TTATCCTCTG TTTCTTTTTT TTCTTTTTTC TTTTTTTTTT TTTTTTTT
Centropomus_mexicanus           ---------- ---------- ------CCT- --AAAAAAAA AAAAAAAAAA AAAAAAAAAA AAAAAAAAAA AAAAAAAACA ACCTGAGCAG TTCCCCAAAA GGGGGGCCTT TTTTTTT--- --AATAATAA ACCCCCCCCT CCCTCCCCCT CCCCCCCCCC CCCCCCCCCC CTCCCTAACT TCCACGAATT CTTCTATTTT TTTAAAAAGA AGAGGGGGGG GGGAGGGGGG GGGGGGGGGG GGGGGGGGGG -TTT---CAA AAACG-TCAC CCCCCCCCTC CTTTTCTCTT TTTCTTTTTT TTTTTTTTTT TTTATTTTTT TTTTTTTT
Centropomus_parallelus          ---------- ---------- ------CCT- --AAAAAAAA AAAAAAAAAA AAAAAAAAAA AAAAAAAAAG AAAAAAAACA ACCTGAGCAG TTCCCCAAAA AGGGGGCCTG TTTGTTT--- --AATAAT-A ACCCCCCCCT CCCTCCCCCT CCCCCCCCCC CCCCCCCCCC CTCCCTAACT TCCACGAATT CTTCTWTTTT TTTAAAAAGA AGAGGGGGGG GGGAGGGGGG GGGGGGGGGG GGGGGGGGGG -TTT---CAA AAACG-TCAC CCCCCCCCCC CTTTCCTCTT TTTCTTTTTT TTTTTTTTTT TTTATTTTTT TTTTTTTT
Hypopterus_macropterus          ---------- ---------- ---------- ---------- ---------- ---------- ---------- ---------- ---------- ---------- ---------- ---------- ---------- ---------- ---------- ---------- ---------- ---------- ---------- ---------- ---------- ---------- ---------- ---------- ---------- ---------- ---------- ---------- ---------- ---------- ---------- ---------- --------
Sphyraena_acutipinnis           ---------- ---------- ---------- ---------- ---------- ---------- ---------- ---------- ---------- ---------- ---------- ---------- ---------- ---------- ---------- ---------- ---------- ---------- ---------- ---------- ---------- ---------- ---------- ---------- ---------- ---------- ---------- ---------- ---------- ---------- ---------- ---------- --------
Sphyraena_waitii                ---------- ---------- ---------- ---------- ---------- ---------- ---------- ---------- ---------- ---------- ---------- ---------- ---------- ---------- ---------- ---------- ---------- ---------- ---------- ---------- ---------- ---------- ---------- ---------- ---------- ---------- ---------- ---------- ---------- ---------- ---------- ---------- --------



    1    1    1    1    1    1    1    1    1    1    1    1    1    1    1
    1    1    1    1    1    1    1    1    4    5    1    1    1    1    1
    1    1    2    5    3    7    1    2    1    2    1   10    9    2   29
    1    1    1    1    1    1    1    1    1    1    1    1    1    1    1
    1    1    1    1    1    1    1    1    1    1    1    1    1    1    1
    1    1    1    1    1    1    1    1    1    1    1    1    1    1    1
    1    1    1    1    1    1    1    1    1    1    1    1    1    1    1
    1    1    1    1    1    1    1    1    1    1    1    1    1    1    1
    1    1    1    1    1    1    1    1    1    1    1    7    1    1    2
    1    1    6    1    1    1    1    2    1    9   10    1    1    1    1
    1   21    2    1    1    1    1    1    1    1    1    1    1    1    1
    1    1    1    1    1    1    1    1    1    1    1    1    1    1    1
    1    1    1    1    1    1    1    1    1    1    1    1    1    1    1
    1    1    1    1    1    1    1    1    1    1    1    1    1    1    1
    3    1    1    1    1    1    1    1   12    1    5    1    4    1    1
    1    1    1    1    1    1    1    1    1    2    3    1    3   10    1
    7    1    1    1    1    1    1    1   28    1    1    1    1    1    1
    1    1    1    1    1    1    1    1    1    1    1    1    1    1    1
    1    1    1    1    1    1    1    1    1    1    1    1    1    1    1
    1    1    1    1    1    1    1    1    1    1    1    1    1    5    1
    2    1    1    8    1    1    1    5    1    1    1    1    1    1    1
    1    5    1    3   10    1    4    2    1    1    1    1   21


BASEML (in paml version 4.9j, February 2020)  tmp0002.txt  HKY85 dGamma (ncatG=5)
Frequencies..
                                    T      C      A      G
Caranx_caninus                 0.24203 0.25704 0.27955 0.22139 GC = 0.478
Centropomus_armatus            0.24525 0.25095 0.28707 0.21673 GC = 0.468
Centropomus_ensiferus          0.26217 0.24345 0.28464 0.20974 GC = 0.453
Centropomus_medius             0.23846 0.25385 0.28654 0.22115 GC = 0.475
Centropomus_nigrescens         0.22302 0.27338 0.30456 0.19904 GC = 0.472
Centropomus_pectinatus         0.21220 0.26829 0.30488 0.21463 GC = 0.483
Centropomus_robalito           0.24525 0.25095 0.28707 0.21673 GC = 0.468
Centropomus_undecimalis        0.24621 0.26136 0.28977 0.20265 GC = 0.464
Centropomus_unionensis         0.23371 0.26174 0.28882 0.21573 GC = 0.477
Centropomus_viridis            0.24427 0.26145 0.27481 0.21947 GC = 0.481
Coryphaena_equiselis           0.27289 0.22344 0.29487 0.20879 GC = 0.432
Echeneis_naucrates             0.25996 0.21442 0.31879 0.20683 GC = 0.421
Gnathanodon_speciosus          0.24254 0.24813 0.29104 0.21828 GC = 0.466
Istiophorus_platypterus        0.23048 0.25143 0.29333 0.22476 GC = 0.476
Lates_angustifrons             0.24112 0.24860 0.28598 0.22430 GC = 0.473
Lates_calcarifer               0.22837 0.25481 0.32452 0.19231 GC = 0.447
Lates_japonicus                0.24578 0.24390 0.28705 0.22326 GC = 0.467
Lates_microlepis               0.24299 0.24673 0.28598 0.22430 GC = 0.471
Lates_niloticus                0.24860 0.23925 0.28785 0.22430 GC = 0.464
Lates_stappersii               0.24299 0.24673 0.28785 0.22243 GC = 0.469
Makaira_nigricans              0.22857 0.25333 0.29333 0.22476 GC = 0.478
Nematistius_pectoralis         0.24000 0.26182 0.27273 0.22545 GC = 0.487
Psammoperca_waigiensis         0.23358 0.24574 0.31387 0.20681 GC = 0.453
Sphyraena_africana             0.25000 0.25000 0.25000 0.25000 GC = 0.500
Sphyraena_barracuda            0.25275 0.23810 0.29304 0.21612 GC = 0.454
Sphyraena_borealis             0.24641 0.23614 0.29979 0.21766 GC = 0.454
Sphyraena_ensis                0.24038 0.24231 0.30000 0.21731 GC = 0.460
Sphyraena_forsteri             0.25000 0.25000 0.25000 0.25000 GC = 0.500
Sphyraena_guachancho           0.24673 0.23551 0.29346 0.22430 GC = 0.460
Sphyraena_helleri              0.25000 0.25000 0.25000 0.25000 GC = 0.500
Sphyraena_iburiensis           0.25000 0.25000 0.25000 0.25000 GC = 0.500
Sphyraena_japonica             0.24404 0.24220 0.28257 0.23119 GC = 0.473
Sphyraena_jello                0.25275 0.23993 0.29121 0.21612 GC = 0.456
Sphyraena_obtusata             0.24248 0.24812 0.28195 0.22744 GC = 0.476
Sphyraena_picudilla            0.25000 0.25000 0.25000 0.25000 GC = 0.500
Sphyraena_pinguis              0.25000 0.25000 0.25000 0.25000 GC = 0.500
Sphyraena_putnamae             0.23395 0.22774 0.30021 0.23810 GC = 0.466
Sphyraena_qenie                0.24542 0.24359 0.30220 0.20879 GC = 0.452
Sphyraena_viridensis           0.25000 0.25000 0.25000 0.25000 GC = 0.500
Tetrapturus_audax              0.23048 0.25143 0.29143 0.22667 GC = 0.478
Xiphias_gladius                0.23629 0.25520 0.28922 0.21928 GC = 0.474
Sphyraena_argentea             0.24678 0.24125 0.28361 0.22836 GC = 0.470
Sphyraena_idiastes             0.23738 0.24860 0.28972 0.22430 GC = 0.473
Sphyraena_novaehollandiae      0.23587 0.24366 0.30019 0.22027 GC = 0.464
Sphyraena_chrysotaenia         0.25046 0.25783 0.27072 0.22099 GC = 0.479
Sphyraena_flavicauda           0.22945 0.24283 0.27533 0.25239 GC = 0.495
Centropomus_irae               0.25124 0.25124 0.29353 0.20398 GC = 0.455
Centropomus_poeyi              0.23699 0.26012 0.28516 0.21773 GC = 0.478
Centropomus_mexicanus          0.26195 0.24092 0.27916 0.21797 GC = 0.459
Centropomus_parallelus         0.25571 0.24521 0.27686 0.22222 GC = 0.467
Hypopterus_macropterus         0.25000 0.25000 0.25000 0.25000 GC = 0.500
Sphyraena_acutipinnis          0.25000 0.25000 0.25000 0.25000 GC = 0.500
Sphyraena_waitii               0.25000 0.25000 0.25000 0.25000 GC = 0.500

Homogeneity statistic: X2 = 0.16603 G = 0.16672 

Average                        0.24295 0.24743 0.29028 0.21934
(Ambiguity characters are used to calculate freqs.)


# constant sites:      0 (0.00%)
Distances:HKY85 (kappa)  (alpha set at 0.50)
This matrix is not used in later m.l. analysis.

(Pairwise deletion.)
Caranx_caninus   
Centropomus_armatus    0.3435( 5.2273)
Centropomus_ensiferus    0.3346( 5.2763)  0.0532( 3.9300)
Centropomus_medius    0.3703( 5.7545)  0.1085( 4.4496)  0.1367( 4.3402)
Centropomus_nigrescens    0.3889( 4.0478)  0.2188( 3.0329)  0.2037( 2.8848)  0.2127( 5.1693)
Centropomus_pectinatus    0.4569( 6.4684)  0.1549( 5.6437)  0.1961( 5.3849)  0.0245(999.0000)  0.2017( 4.7989)
Centropomus_robalito    0.3435( 5.2273)  0.0000( 5.2273)  0.0532( 3.9300)  0.1085( 4.4496)  0.2188( 3.0329)  0.1549( 5.6437)
Centropomus_undecimalis    0.3833( 4.0202)  0.1859( 5.4400)  0.1715( 5.2152)  0.1748( 7.7437)  0.1608( 5.0528)  0.2172(10.6347)  0.1859( 5.4400)
Centropomus_unionensis    0.3944( 5.6845)  0.0703(18.6332)  0.1021( 8.8064)  0.1526( 5.0212)  0.2283( 3.7390)  0.1844( 7.0964)  0.0703(18.6332)  0.1677( 4.4955)
Centropomus_viridis    0.2990( 3.3499)  0.1530( 3.7969)  0.1543( 4.1364)  0.1272( 4.2299)  0.1369( 2.9296)  0.1597( 5.3268)  0.1530( 3.7969)  0.0674(15.4038)  0.1404( 3.1060)
Coryphaena_equiselis    0.3383( 2.6316)  0.3707( 3.7932)  0.3738( 4.3655)  0.4536( 4.4927)  0.5140( 3.5964)  0.5120( 4.0512)  0.3707( 3.7932)  0.4343( 3.9763)  0.4324( 4.4063)  0.3920( 3.7598)
Echeneis_naucrates    0.2304( 3.4253)  0.3987( 4.7301)  0.3592( 4.2448)  0.3753( 4.1153)  0.4652( 3.8478)  0.4545( 4.6805)  0.3987( 4.7301)  0.4453( 4.2417)  0.4359( 4.8190)  0.3860( 3.9423)  0.3203( 3.3770)
Gnathanodon_speciosus    0.0641( 5.2548)  0.3563( 5.2636)  0.3473( 5.3156)  0.3750( 5.6079)  0.4004( 4.0185)  0.4779( 6.5240)  0.3563( 5.2636)  0.3776( 3.9362)  0.4012( 5.5406)  0.3115( 3.4166)  0.3533( 3.2515)  0.2275( 3.5677)
Istiophorus_platypterus    0.1630( 2.5822)  0.3170( 5.0603)  0.2990( 4.8917)  0.3386( 4.5814)  0.3715( 5.7111)  0.4643( 6.1578)  0.3170( 5.0603)  0.3564( 5.0140)  0.3590( 6.0629)  0.2921( 3.8579)  0.3064( 3.9123)  0.1959( 3.7503)  0.1762( 2.7670)
Lates_angustifrons    0.1840( 3.0356)  0.3748( 5.3810)  0.3604( 5.3256)  0.3860( 6.0635)  0.4093( 5.6224)  0.5152( 7.5224)  0.3748( 5.3810)  0.3614( 4.9462)  0.4190( 5.5655)  0.3056( 3.9822)  0.4223( 4.8240)  0.2100( 2.9280)  0.1890( 3.1870)  0.1514( 4.6893)
Lates_calcarifer    0.1937( 2.2301)  0.5207( 6.1343)  0.4953( 6.6480)  0.6402( 8.7002)  0.6572( 6.3211)  0.9298(11.7090)  0.5207( 6.1343)  0.5379( 5.6646)  0.5580( 5.8243)  0.4656( 4.0613)  0.5205( 3.7815)  0.2880( 3.2804)  0.1950( 2.8831)  0.2227( 4.2881)  0.0900( 4.3656)
Lates_japonicus    0.1721( 2.2092)  0.3879( 6.1235)  0.3483( 5.2923)  0.4102( 7.1350)  0.4644( 5.9875)  0.5499( 8.9477)  0.3879( 6.1235)  0.4085( 5.8343)  0.4231( 6.1860)  0.3500( 4.8337)  0.3300( 4.1216)  0.2107( 3.5099)  0.1817( 3.1705)  0.1596( 4.6876)  0.0603( 6.8644)  0.0938( 4.0046)
Lates_microlepis    0.1840( 3.0352)  0.3654( 5.1955)  0.3518( 5.1507)  0.3762( 5.8588)  0.3966( 5.3815)  0.4967( 7.1766)  0.3654( 5.1955)  0.3529( 4.7807)  0.4062( 5.3340)  0.2981( 3.8339)  0.4224( 4.8269)  0.2101( 2.9288)  0.1890( 3.1869)  0.1556( 4.8710)  0.0020(999.0000)  0.0863( 4.1023)  0.0630( 7.2604)
Lates_niloticus    0.1458( 2.4966)  0.3552( 5.2357)  0.3213( 4.7614)  0.3751( 6.1147)  0.4135( 5.4242)  0.4906( 7.4357)  0.3552( 5.2357)  0.3535( 4.4087)  0.3928( 5.3671)  0.2964( 3.8151)  0.3776( 3.9386)  0.1967( 2.7806)  0.1583( 2.8968)  0.1566( 3.4063)  0.0344( 5.1794)  0.0829( 3.8586)  0.0457( 3.8470)  0.0321( 4.7005)
Lates_stappersii    0.1724( 2.7161)  0.3395( 4.6857)  0.3228( 4.5619)  0.3493( 5.2971)  0.3615( 4.7294)  0.4513( 6.3393)  0.3395( 4.6857)  0.3282( 4.3069)  0.3725( 4.7263)  0.2767( 3.4156)  0.4067( 4.5747)  0.1968( 2.6173)  0.1770( 2.8562)  0.1525( 4.7370)  0.0116(999.0000)  0.0829( 3.8607)  0.0606( 6.9170)  0.0096(999.0000)  0.0260( 3.4163)
Makaira_nigricans    0.1630( 2.5829)  0.3209( 5.1487)  0.3025( 4.9723)  0.3423( 4.6534)  0.3604( 5.4840)  0.4743( 6.3371)  0.3209( 5.1487)  0.3436( 4.7635)  0.3434( 5.7144)  0.2815( 3.6444)  0.3139( 4.0573)  0.1898( 3.5682)  0.1762( 2.7675)  0.0057(999.0000)  0.1454( 4.4221)  0.2144( 4.0522)  0.1536( 4.4377)  0.1495( 4.6037)  0.1507( 3.2020)  0.1466( 4.4765)
Nematistius_pectoralis    0.2385( 2.1440)  0.3609( 3.3199)  0.3231( 3.1732)  0.4483( 4.9470)  0.4094( 3.5430)  0.5543( 5.6997)  0.3609( 3.3199)  0.3843( 3.5546)  0.4476( 4.6111)  0.3638( 3.4798)  0.4303( 3.0032)  0.3418( 3.1028)  0.2220( 1.8676)  0.2544( 4.3887)  0.2328( 4.2053)  0.3293( 3.1790)  0.2187( 3.5951)  0.2383( 4.3511)  0.2337( 3.4100)  0.2274( 4.0637)  0.2569( 4.4522)
Psammoperca_waigiensis    0.2184( 2.4739)  0.5423( 5.4250)  0.4984( 5.5926)  0.6743( 8.1867)  0.8619( 7.0270)  1.4556(15.9330)  0.5423( 5.4250)  0.5924( 5.4226)  0.7445( 6.5132)  0.5106( 3.8676)  0.6420( 4.9622)  0.3256( 3.8248)  0.2184( 2.8858)  0.2333( 4.4278)  0.0948( 4.5557)  0.0000( 4.5557)  0.0988( 4.1786)  0.0910( 4.2881)  0.0872( 4.0301)  0.0875( 4.0486)  0.2248( 4.1926)  0.3470( 3.1465)
Sphyraena_africana    9.0000( 3.1465)  9.0000( 3.1465)  9.0000( 3.1465)  9.0000( 3.1465)  9.0000( 3.1465)  9.0000( 3.1465)  9.0000( 3.1465)  9.0000( 3.1465)  9.0000( 3.1465)  9.0000( 3.1465)  9.0000( 3.1465)  9.0000( 3.1465)  9.0000( 3.1465)  9.0000( 3.1465)  9.0000( 3.1465)  9.0000( 3.1465)  9.0000( 3.1465)  9.0000( 3.1465)  9.0000( 3.1465)  9.0000( 3.1465)  9.0000( 3.1465)  9.0000( 3.1465)  9.0000( 3.1465)
Sphyraena_barracuda    0.2441( 3.0663)  0.4171( 4.6727)  0.3859( 4.7356)  0.4359( 5.3425)  0.5993( 5.8456)  0.6066( 6.6772)  0.4171( 4.6727)  0.5093( 4.9865)  0.5467( 6.6012)  0.4607( 4.7465)  0.5123( 5.5982)  0.2819( 4.1817)  0.2661( 3.7225)  0.2521( 5.3582)  0.2676( 4.1583)  0.3564( 3.9752)  0.2473( 4.3075)  0.2736( 4.2973)  0.2690( 4.0037)  0.2676( 4.1605)  0.2582( 5.5364)  0.3869( 3.4725)  0.3584( 3.4537)  9.0000( 3.4537)
Sphyraena_borealis    0.3442( 5.5111)  0.4218( 4.8590)  0.4096( 5.3440)  0.4091( 5.0489)  0.4727( 4.3584)  0.4988( 5.8838)  0.4218( 4.8590)  0.4667( 4.4015)  0.4621( 6.0250)  0.4060( 3.9862)  0.4522( 4.0980)  0.4024( 7.3501)  0.3529( 5.7243)  0.2923( 5.0139)  0.3539( 5.2301)  0.5069( 5.7278)  0.3622( 6.2204)  0.3627( 5.4105)  0.3511( 6.0108)  0.3454( 5.0601)  0.2924( 5.0150)  0.4307( 4.1085)  0.5922( 5.5737)  9.0000( 5.5737)  0.1377( 6.2003)
Sphyraena_ensis    0.3080( 5.5667)  0.3691( 4.1826)  0.3502( 4.4323)  0.3596( 4.3649)  0.4733( 4.0752)  0.4995( 5.5509)  0.3691( 4.1826)  0.4157( 3.9225)  0.4601( 5.6630)  0.3641( 3.5585)  0.4322( 4.2078)  0.3694( 6.6634)  0.3157( 5.7763)  0.2584( 4.4848)  0.3308( 5.0995)  0.4547( 5.6167)  0.3333( 5.9139)  0.3383( 5.2601)  0.3281( 5.8274)  0.3235( 4.9457)  0.2584( 4.4864)  0.3944( 3.7954)  0.4364( 4.6178)  9.0000( 4.6178)  0.1171( 6.0714)  0.0151( 2.7164)
Sphyraena_forsteri    9.0000( 2.7164)  9.0000( 2.7164)  9.0000( 2.7164)  9.0000( 2.7164)  9.0000( 2.7164)  9.0000( 2.7164)  9.0000( 2.7164)  9.0000( 2.7164)  9.0000( 2.7164)  9.0000( 2.7164)  9.0000( 2.7164)  9.0000( 2.7164)  9.0000( 2.7164)  9.0000( 2.7164)  9.0000( 2.7164)  9.0000( 2.7164)  9.0000( 2.7164)  9.0000( 2.7164)  9.0000( 2.7164)  9.0000( 2.7164)  9.0000( 2.7164)  9.0000( 2.7164)  9.0000( 2.7164)  9.0000( 2.7164)  9.0000( 2.7164)  9.0000( 2.7164)  9.0000( 2.7164)
Sphyraena_guachancho    0.3003( 5.9091)  0.3583( 4.4155)  0.3405( 4.6924)  0.3493( 4.6118)  0.4512( 4.2764)  0.4748( 5.7842)  0.3583( 4.4155)  0.4023( 4.1170)  0.4407( 5.9304)  0.3533( 3.7633)  0.4081( 4.2524)  0.3501( 6.8012)  0.3078( 6.1290)  0.2460( 4.6240)  0.2994( 4.8739)  0.4760( 5.9684)  0.3064( 5.7952)  0.3061( 5.0273)  0.2970( 5.5909)  0.2930( 4.7283)  0.2460( 4.6247)  0.3733( 3.8480)  0.4568( 4.9235)  9.0000( 4.9235)  0.1192( 7.1669)  0.0064( 1.0810)  0.0097( 8.0884)  9.0000( 8.0884)
Sphyraena_helleri    9.0000( 8.0884)  9.0000( 8.0884)  9.0000( 8.0884)  9.0000( 8.0884)  9.0000( 8.0884)  9.0000( 8.0884)  9.0000( 8.0884)  9.0000( 8.0884)  9.0000( 8.0884)  9.0000( 8.0884)  9.0000( 8.0884)  9.0000( 8.0884)  9.0000( 8.0884)  9.0000( 8.0884)  9.0000( 8.0884)  9.0000( 8.0884)  9.0000( 8.0884)  9.0000( 8.0884)  9.0000( 8.0884)  9.0000( 8.0884)  9.0000( 8.0884)  9.0000( 8.0884)  9.0000( 8.0884)  9.0000( 8.0884)  9.0000( 8.0884)  9.0000( 8.0884)  9.0000( 8.0884)  9.0000( 8.0884)  9.0000( 8.0884)
Sphyraena_iburiensis    9.0000( 8.0884)  9.0000( 8.0884)  9.0000( 8.0884)  9.0000( 8.0884)  9.0000( 8.0884)  9.0000( 8.0884)  9.0000( 8.0884)  9.0000( 8.0884)  9.0000( 8.0884)  9.0000( 8.0884)  9.0000( 8.0884)  9.0000( 8.0884)  9.0000( 8.0884)  9.0000( 8.0884)  9.0000( 8.0884)  9.0000( 8.0884)  9.0000( 8.0884)  9.0000( 8.0884)  9.0000( 8.0884)  9.0000( 8.0884)  9.0000( 8.0884)  9.0000( 8.0884)  9.0000( 8.0884)  9.0000( 8.0884)  9.0000( 8.0884)  9.0000( 8.0884)  9.0000( 8.0884)  9.0000( 8.0884)  9.0000( 8.0884)  9.0000( 8.0884)
Sphyraena_japonica    0.2971( 3.7998)  0.3625( 3.9669)  0.3426( 3.8076)  0.4218( 4.5296)  0.4831( 3.5663)  0.5468( 5.8166)  0.3625( 3.9669)  0.4333( 3.9442)  0.4363( 5.3460)  0.3735( 3.0533)  0.3869( 2.3708)  0.3136( 4.6483)  0.2647( 4.0856)  0.2303( 2.8643)  0.3460( 3.5344)  0.4436( 4.0552)  0.3059( 3.3115)  0.3546( 3.6726)  0.3103( 3.1159)  0.3340( 3.3437)  0.2303( 2.8650)  0.3845( 2.1582)  0.4841( 4.2243)  9.0000( 4.2243)  0.3616( 6.8569)  0.3216( 6.2688)  0.3119( 7.0332)  9.0000( 7.0332)  0.2821( 6.7810)  9.0000( 6.7810)  9.0000( 6.7810)
Sphyraena_jello    0.2362( 3.0627)  0.4056( 4.6744)  0.3752( 4.7452)  0.4237( 5.3490)  0.5801( 5.8464)  0.5863( 6.6803)  0.4056( 4.6744)  0.4962( 4.9862)  0.5295( 6.6147)  0.4487( 4.7520)  0.4992( 5.5988)  0.2732( 4.1942)  0.2579( 3.7310)  0.2441( 5.4186)  0.2653( 4.3182)  0.3525( 4.1310)  0.2443( 4.4624)  0.2714( 4.4648)  0.2665( 4.1494)  0.2594( 4.1787)  0.2501( 5.6015)  0.3767( 3.4651)  0.3544( 3.5880)  9.0000( 3.5880)  0.0037( 1.9986)  0.1313( 6.4364)  0.1115( 6.3297)  9.0000( 6.3297)  0.1137( 7.5297)  9.0000( 7.5297)  9.0000( 7.5297)  0.3516( 6.9152)
Sphyraena_obtusata    0.3006( 2.6596)  0.4675( 5.2858)  0.4362( 4.6135)  0.4560( 5.0647)  0.4635( 3.5167)  0.5740( 6.2287)  0.4675( 5.2858)  0.4662( 4.2358)  0.6308( 7.9535)  0.4258( 3.7649)  0.4670( 3.4836)  0.3546( 3.1429)  0.2795( 2.7103)  0.2571( 2.1442)  0.3494( 3.8566)  0.4691( 4.5644)  0.3137( 4.2735)  0.3420( 3.7316)  0.2884( 3.1326)  0.3234( 3.4202)  0.2559( 2.1251)  0.3308( 3.1253)  0.4929( 4.2863)  9.0000( 4.2863)  0.3550( 4.1430)  0.4386( 5.3103)  0.4025( 5.5535)  9.0000( 5.5535)  0.3632( 5.2823)  9.0000( 5.2823)  9.0000( 5.2823)  0.2641( 2.3195)  0.3451( 4.1471)
Sphyraena_picudilla    9.0000( 4.1471)  9.0000( 4.1471)  9.0000( 4.1471)  9.0000( 4.1471)  9.0000( 4.1471)  9.0000( 4.1471)  9.0000( 4.1471)  9.0000( 4.1471)  9.0000( 4.1471)  9.0000( 4.1471)  9.0000( 4.1471)  9.0000( 4.1471)  9.0000( 4.1471)  9.0000( 4.1471)  9.0000( 4.1471)  9.0000( 4.1471)  9.0000( 4.1471)  9.0000( 4.1471)  9.0000( 4.1471)  9.0000( 4.1471)  9.0000( 4.1471)  9.0000( 4.1471)  9.0000( 4.1471)  9.0000( 4.1471)  9.0000( 4.1471)  9.0000( 4.1471)  9.0000( 4.1471)  9.0000( 4.1471)  9.0000( 4.1471)  9.0000( 4.1471)  9.0000( 4.1471)  9.0000( 4.1471)  9.0000( 4.1471)  9.0000( 4.1471)
Sphyraena_pinguis    9.0000( 4.1471)  9.0000( 4.1471)  9.0000( 4.1471)  9.0000( 4.1471)  9.0000( 4.1471)  9.0000( 4.1471)  9.0000( 4.1471)  9.0000( 4.1471)  9.0000( 4.1471)  9.0000( 4.1471)  9.0000( 4.1471)  9.0000( 4.1471)  9.0000( 4.1471)  9.0000( 4.1471)  9.0000( 4.1471)  9.0000( 4.1471)  9.0000( 4.1471)  9.0000( 4.1471)  9.0000( 4.1471)  9.0000( 4.1471)  9.0000( 4.1471)  9.0000( 4.1471)  9.0000( 4.1471)  9.0000( 4.1471)  9.0000( 4.1471)  9.0000( 4.1471)  9.0000( 4.1471)  9.0000( 4.1471)  9.0000( 4.1471)  9.0000( 4.1471)  9.0000( 4.1471)  9.0000( 4.1471)  9.0000( 4.1471)  9.0000( 4.1471)  9.0000( 4.1471)
Sphyraena_putnamae    0.2339( 3.4754)  0.3213( 3.8306)  0.3227( 4.0565)  0.3680( 5.3471)  0.5091( 7.2130)  0.5741( 8.2845)  0.3213( 3.8306)  0.4075( 4.7227)  0.4204( 6.0026)  0.3404( 3.7619)  0.3649( 6.2514)  0.3334( 5.5375)  0.2366( 3.9781)  0.2382( 4.0041)  0.2203( 3.5442)  0.2909( 4.0386)  0.2102( 3.7367)  0.2265( 3.6997)  0.2066( 3.4135)  0.2074( 3.2200)  0.2301( 3.8001)  0.2524( 2.6196)  0.2921( 3.4232)  9.0000( 3.4232)  0.1219(11.9477)  0.1239( 9.2216)  0.1104(10.6530)  9.0000(10.6530)  0.1095(12.4061)  9.0000(12.4061)  9.0000(12.4061)  0.2265( 7.0431)  0.1157(13.2300)  0.3050( 4.3934)  9.0000( 4.3934)  9.0000( 4.3934)
Sphyraena_qenie    0.2650( 3.6911)  0.3792( 4.6223)  0.3545( 4.7823)  0.4025( 5.4251)  0.4230( 4.5735)  0.5485( 6.7475)  0.3792( 4.6223)  0.4306( 4.7677)  0.4890( 6.5439)  0.4021( 4.7854)  0.4899( 5.8795)  0.2754( 4.7018)  0.2776( 4.6144)  0.2498( 5.6060)  0.2304( 3.4932)  0.3400( 3.9370)  0.2574( 4.8206)  0.2356( 3.6186)  0.2478( 3.7256)  0.2253( 3.3730)  0.2435( 5.4159)  0.3807( 3.8275)  0.3417( 3.4007)  9.0000( 3.4007)  0.0838(16.0218)  0.1232( 5.9290)  0.1044( 5.8176)  9.0000( 5.8176)  0.1068( 6.9635)  9.0000( 6.9635)  9.0000( 6.9635)  0.3261( 6.8980)  0.0791(19.3719)  0.3738( 5.0781)  9.0000( 5.0781)  9.0000( 5.0781)  0.1028(13.9173)
Sphyraena_viridensis    9.0000(13.9173)  9.0000(13.9173)  9.0000(13.9173)  9.0000(13.9173)  9.0000(13.9173)  9.0000(13.9173)  9.0000(13.9173)  9.0000(13.9173)  9.0000(13.9173)  9.0000(13.9173)  9.0000(13.9173)  9.0000(13.9173)  9.0000(13.9173)  9.0000(13.9173)  9.0000(13.9173)  9.0000(13.9173)  9.0000(13.9173)  9.0000(13.9173)  9.0000(13.9173)  9.0000(13.9173)  9.0000(13.9173)  9.0000(13.9173)  9.0000(13.9173)  9.0000(13.9173)  9.0000(13.9173)  9.0000(13.9173)  9.0000(13.9173)  9.0000(13.9173)  9.0000(13.9173)  9.0000(13.9173)  9.0000(13.9173)  9.0000(13.9173)  9.0000(13.9173)  9.0000(13.9173)  9.0000(13.9173)  9.0000(13.9173)  9.0000(13.9173)  9.0000(13.9173)
Tetrapturus_audax    0.1660( 2.6640)  0.3212( 5.1514)  0.3031( 4.9841)  0.3432( 4.6689)  0.3776( 5.8351)  0.4710( 6.2717)  0.3212( 5.1514)  0.3610( 5.1029)  0.3644( 6.1801)  0.2963( 3.9397)  0.3103( 3.9851)  0.1992( 3.8428)  0.1793( 2.8507)  0.0018(999.0000)  0.1546( 4.8266)  0.2272( 4.4108)  0.1627( 4.8161)  0.1587( 5.0084)  0.1596( 3.5112)  0.1556( 4.8710)  0.0076(999.0000)  0.2544( 4.3872)  0.2379( 4.5501)  9.0000( 4.5501)  0.2562( 5.4725)  0.2977( 5.1390)  0.2628( 4.5920)  9.0000( 4.5920)  0.2503( 4.7383)  9.0000( 4.7383)  9.0000( 4.7383)  0.2336( 2.9328)  0.2480( 5.5340)  0.2571( 2.1435)  9.0000( 2.1435)  9.0000( 2.1435)  0.2425( 4.1082)  0.2535( 5.7147)  9.0000( 5.7147)
Xiphias_gladius    0.1351( 3.1828)  0.3310( 4.9702)  0.3044( 5.6114)  0.3828( 6.0207)  0.4583( 6.2523)  0.5529( 8.2520)  0.3310( 4.9702)  0.3906( 5.0911)  0.3451( 5.2510)  0.2866( 3.8074)  0.3260( 4.1693)  0.2198( 4.2093)  0.1534( 3.1365)  0.0813( 2.5621)  0.1377( 4.8568)  0.1928( 4.1192)  0.1323( 4.2082)  0.1416( 5.0512)  0.1269( 3.9768)  0.1253( 4.2419)  0.0813( 2.5629)  0.2234( 4.1039)  0.2015( 4.2499)  9.0000( 4.2499)  0.2341( 4.1508)  0.2922( 5.3794)  0.2632( 4.9372)  9.0000( 4.9372)  0.2453( 4.9380)  9.0000( 4.9380)  9.0000( 4.9380)  0.2398( 3.1220)  0.2263( 4.1748)  0.2832( 2.6179)  9.0000( 2.6179)  9.0000( 2.6179)  0.2073( 3.9295)  0.2515( 6.0714)  9.0000( 6.0714)  0.0790( 2.4303)
Sphyraena_argentea    0.2414( 3.0049)  0.3182( 3.7030)  0.3060( 3.6561)  0.3812( 4.4075)  0.3960( 3.5090)  0.4716( 5.4631)  0.3182( 3.7030)  0.3587( 3.4569)  0.3619( 4.7512)  0.3232( 2.7221)  0.3865( 3.7106)  0.2976( 4.7297)  0.2509( 3.9561)  0.2273( 4.3658)  0.3005( 4.4627)  0.3433( 4.9549)  0.2437( 4.2024)  0.3081( 4.6254)  0.2789( 3.8210)  0.2932( 4.3057)  0.2211( 4.1935)  0.3266( 2.2443)  0.3807( 4.9520)  9.0000( 4.9520)  0.2711( 5.6325)  0.2579( 4.6099)  0.2326( 4.7170)  9.0000( 4.7170)  0.2205( 4.8470)  9.0000( 4.8470)  9.0000( 4.8470)  0.1701( 7.8915)  0.2629( 5.6898)  0.2652( 3.3249)  9.0000( 3.3249)  9.0000( 3.3249)  0.1875( 6.8874)  0.2392( 5.5853)  9.0000( 5.5853)  0.2305( 4.4547)  0.2160( 3.6663)
Sphyraena_idiastes    0.2294( 2.1650)  0.3021( 2.7751)  0.2804( 2.8344)  0.3352( 3.5819)  0.3598( 3.4871)  0.4323( 4.5279)  0.3021( 2.7751)  0.3628( 3.3213)  0.3983( 4.1798)  0.3270( 2.8622)  0.3515( 3.8369)  0.2933( 4.5735)  0.2481( 3.1108)  0.1936( 3.3744)  0.2816( 3.6313)  0.3810( 4.7994)  0.2262( 3.3176)  0.2882( 3.7625)  0.2638( 3.1262)  0.2714( 3.4296)  0.1987( 3.5173)  0.3129( 2.4063)  0.3984( 4.6693)  9.0000( 4.6693)  0.2176( 4.5018)  0.2724( 4.9191)  0.2348( 4.4656)  9.0000( 4.4656)  0.2263( 4.6954)  9.0000( 4.6954)  9.0000( 4.6954)  0.2016( 6.6464)  0.2102( 4.5377)  0.2601( 3.1744)  9.0000( 3.1744)  9.0000( 3.1744)  0.1942( 7.2086)  0.2142( 4.9589)  9.0000( 4.9589)  0.1968( 3.4615)  0.1827( 2.5816)  0.0704( 3.8753)
Sphyraena_novaehollandiae    0.2562( 2.9272)  0.3083( 3.4318)  0.3257( 3.5657)  0.3690( 3.9007)  0.4307( 4.7053)  0.5576( 6.2790)  0.3083( 3.4318)  0.3734( 3.8793)  0.3503( 4.4266)  0.3151( 2.7452)  0.3940( 2.6018)  0.3121( 4.3310)  0.2510( 3.3520)  0.2441( 4.6259)  0.2857( 3.7018)  0.3640( 5.1126)  0.2533( 3.7860)  0.2939( 3.8642)  0.2759( 3.7073)  0.2714( 3.4170)  0.2372( 4.4399)  0.3241( 1.8867)  0.4038( 5.1255)  9.0000( 5.1255)  0.3262( 6.6003)  0.3528( 7.9154)  0.3161( 8.4478)  9.0000( 8.4478)  0.2997( 8.3621)  9.0000( 8.3621)  9.0000( 8.3621)  0.1649( 5.5235)  0.3167( 6.6772)  0.2616( 2.7149)  9.0000( 2.7149)  9.0000( 2.7149)  0.1491( 6.5171)  0.3018( 6.2888)  9.0000( 6.2888)  0.2477( 4.7222)  0.2231( 3.0619)  0.0901( 6.7317)  0.1141( 5.0197)
Sphyraena_chrysotaenia    0.3246( 4.1510)  0.4619( 5.1846)  0.4199( 4.7149)  0.5132( 5.9399)  0.4580( 3.1188)  0.5917( 6.2119)  0.4619( 5.1846)  0.4762( 4.3501)  0.4777( 5.2836)  0.4372( 3.6070)  0.4303( 2.9643)  0.3827( 4.3811)  0.3131( 4.5342)  0.3162( 4.0732)  0.3586( 4.4535)  0.5007( 6.1984)  0.3261( 4.7996)  0.3669( 4.6023)  0.3475( 4.2533)  0.3625( 4.5253)  0.3083( 3.9223)  0.3911( 4.2314)  0.5389( 6.3034)  9.0000( 6.3034)  0.3577( 5.3573)  0.4397( 5.6713)  0.3988( 5.8256)  9.0000( 5.8256)  0.3912( 6.2008)  9.0000( 6.2008)  9.0000( 6.2008)  0.3274( 5.1796)  0.3477( 5.3799)  0.2472( 4.5293)  9.0000( 4.5293)  9.0000( 4.5293)  0.2779( 5.6084)  0.2998( 4.7988)  9.0000( 4.7988)  0.3162( 4.0723)  0.3482( 5.6822)  0.2588( 4.7101)  0.2647( 3.5467)  0.3168( 3.8566)
Sphyraena_flavicauda    0.3435( 2.7863)  0.4881( 5.8221)  0.4617( 4.8083)  0.5634( 6.4873)  0.5472( 4.0798)  0.6733( 7.2835)  0.4881( 5.8221)  0.5428( 4.8828)  0.6496( 7.9100)  0.5326( 4.3311)  0.4711( 3.5012)  0.3929( 4.5385)  0.3080( 3.2019)  0.2698( 3.3855)  0.3584( 4.0163)  0.4695( 4.5085)  0.3285( 5.0504)  0.3513( 3.8971)  0.3151( 3.3025)  0.3391( 3.6943)  0.2677( 3.3430)  0.3591( 3.2755)  0.4885( 4.3887)  9.0000( 4.3887)  0.3996( 5.3485)  0.4739( 6.1590)  0.4325( 6.3344)  9.0000( 6.3344)  0.4048( 6.1533)  9.0000( 6.1533)  9.0000( 6.1533)  0.2759( 3.7603)  0.3883( 5.3643)  0.1344( 2.8315)  9.0000( 2.8315)  9.0000( 2.8315)  0.2944( 5.3966)  0.3579( 5.2359)  9.0000( 5.2359)  0.2698( 3.3842)  0.3423( 3.2850)  0.2702( 4.2288)  0.2753( 4.2893)  0.2756( 4.2448)  0.2165( 3.3856)
Centropomus_irae    0.5775( 4.7552)  0.2477( 4.8405)  0.2408( 5.8028)  0.2204( 7.0111)  0.2914( 5.6910)  0.3429(10.6865)  0.2477( 4.8405)  0.0212( 6.5220)  0.2466( 3.9515)  0.0859( 9.0016)  0.6940( 4.5544)  0.6919( 5.2953)  0.5484( 4.2131)  0.5619( 5.9104)  0.5679( 5.5406)  0.7144( 6.8181)  0.6630( 6.7838)  0.5493( 5.2925)  0.5444( 4.7866)  0.5004( 4.6449)  0.5358( 5.5422)  0.5429( 3.7508)  0.5959( 5.7032)  9.0000( 5.7032)  0.7692( 5.9015)  0.7261( 4.9973)  0.5421( 4.2835)  9.0000( 4.2835)  0.5673( 4.5726)  9.0000( 4.5726)  9.0000( 4.5726)  0.6315( 4.6962)  0.7438( 5.8781)  0.7070( 4.6499)  9.0000( 4.6499)  9.0000( 4.6499)  0.4958( 4.2273)  0.6320( 5.6192)  9.0000( 5.6192)  0.5698( 6.0171)  0.6035( 6.0543)  0.5203( 3.8473)  0.5684( 3.9207)  0.4686( 4.2325)  0.6970( 4.7314)  0.8324( 5.7836)
Centropomus_poeyi    0.2897( 3.1212)  0.1947( 5.3076)  0.1744( 5.6251)  0.1840( 8.1076)  0.1610( 3.7234)  0.2316( 9.2739)  0.1947( 5.3076)  0.0645( 6.0621)  0.1734( 4.2355)  0.0640( 5.0483)  0.4219( 4.4710)  0.3772( 3.5752)  0.3192( 3.4818)  0.3215( 4.1720)  0.2966( 3.5591)  0.4445( 4.3066)  0.3462( 4.4733)  0.2904( 3.4415)  0.2789( 3.0808)  0.2697( 3.0552)  0.3150( 4.0462)  0.3388( 2.6460)  0.4691( 3.8433)  9.0000( 3.8433)  0.4152( 4.3445)  0.4132( 4.3889)  0.3613( 3.7725)  9.0000( 3.7725)  0.3507( 3.9903)  9.0000( 3.9903)  9.0000( 3.9903)  0.4102( 4.0983)  0.4038( 4.3448)  0.4263( 3.5495)  9.0000( 3.5495)  9.0000( 3.5495)  0.3531( 4.5201)  0.3688( 4.5202)  9.0000( 4.5202)  0.3267( 4.2693)  0.3124( 4.2583)  0.3221( 3.1940)  0.3144( 3.0217)  0.3455( 3.1328)  0.4276( 4.0133)  0.4932( 4.2405)  0.0983( 8.5842)
Centropomus_mexicanus    0.3599( 3.9031)  0.1403( 3.8732)  0.1252( 3.2432)  0.1072( 3.9438)  0.1901( 5.7020)  0.1440( 5.6399)  0.1403( 3.8732)  0.1345( 7.3221)  0.1725( 4.6368)  0.1109( 4.6084)  0.4309( 3.8554)  0.3454( 2.9012)  0.3441( 3.4891)  0.2860( 3.5547)  0.3237( 3.9573)  0.4579( 4.1641)  0.3268( 4.3826)  0.3160( 3.8146)  0.3071( 3.8440)  0.3009( 3.5377)  0.2889( 3.6102)  0.3906( 3.5735)  0.4748( 4.0244)  9.0000( 4.0244)  0.3913( 4.2296)  0.4229( 4.6312)  0.3639( 4.0628)  9.0000( 4.0628)  0.3536( 4.3012)  9.0000( 4.3012)  9.0000( 4.3012)  0.4172( 4.1162)  0.3805( 4.2317)  0.4403( 3.8093)  9.0000( 3.8093)  9.0000( 3.8093)  0.3170( 4.1193)  0.3993( 4.9393)  9.0000( 4.9393)  0.2901( 3.6318)  0.3214( 3.9320)  0.3616( 3.4311)  0.2869( 2.5099)  0.3370( 3.3862)  0.4290( 3.6462)  0.5124( 5.3078)  0.1754( 6.3352)  0.1383( 5.6378)
Centropomus_parallelus    0.3703( 4.7956)  0.1430( 3.6584)  0.1318( 3.4907)  0.1100( 3.6942)  0.1854( 5.4620)  0.1364( 5.1947)  0.1430( 3.6584)  0.1343( 6.5952)  0.1813( 4.9353)  0.1167( 5.4331)  0.4354( 3.5802)  0.3641( 3.2887)  0.3374( 4.0096)  0.2923( 3.4850)  0.3314( 3.8826)  0.4564( 4.3063)  0.3346( 4.2953)  0.3234( 3.7407)  0.3146( 3.7702)  0.3081( 3.4690)  0.2954( 3.5428)  0.3765( 3.3405)  0.4679( 3.8842)  9.0000( 3.8842)  0.3821( 4.2177)  0.4002( 4.2308)  0.3419( 3.8315)  9.0000( 3.8315)  0.3325( 4.0693)  9.0000( 4.0693)  9.0000( 4.0693)  0.3869( 3.7930)  0.3713( 4.2184)  0.4261( 4.0462)  9.0000( 4.0462)  9.0000( 4.0462)  0.3137( 4.2468)  0.3843( 4.8369)  9.0000( 4.8369)  0.2964( 3.5595)  0.3257( 3.9762)  0.3512( 3.5423)  0.2854( 2.4589)  0.3485( 3.8825)  0.4176( 3.7559)  0.4865( 5.0876)  0.1757( 6.9665)  0.1333( 5.3273)  0.0118( 4.1177)
Hypopterus_macropterus    9.0000( 4.1177)  9.0000( 4.1177)  9.0000( 4.1177)  9.0000( 4.1177)  9.0000( 4.1177)  9.0000( 4.1177)  9.0000( 4.1177)  9.0000( 4.1177)  9.0000( 4.1177)  9.0000( 4.1177)  9.0000( 4.1177)  9.0000( 4.1177)  9.0000( 4.1177)  9.0000( 4.1177)  9.0000( 4.1177)  9.0000( 4.1177)  9.0000( 4.1177)  9.0000( 4.1177)  9.0000( 4.1177)  9.0000( 4.1177)  9.0000( 4.1177)  9.0000( 4.1177)  9.0000( 4.1177)  9.0000( 4.1177)  9.0000( 4.1177)  9.0000( 4.1177)  9.0000( 4.1177)  9.0000( 4.1177)  9.0000( 4.1177)  9.0000( 4.1177)  9.0000( 4.1177)  9.0000( 4.1177)  9.0000( 4.1177)  9.0000( 4.1177)  9.0000( 4.1177)  9.0000( 4.1177)  9.0000( 4.1177)  9.0000( 4.1177)  9.0000( 4.1177)  9.0000( 4.1177)  9.0000( 4.1177)  9.0000( 4.1177)  9.0000( 4.1177)  9.0000( 4.1177)  9.0000( 4.1177)  9.0000( 4.1177)  9.0000( 4.1177)  9.0000( 4.1177)  9.0000( 4.1177)  9.0000( 4.1177)
Sphyraena_acutipinnis    9.0000( 4.1177)  9.0000( 4.1177)  9.0000( 4.1177)  9.0000( 4.1177)  9.0000( 4.1177)  9.0000( 4.1177)  9.0000( 4.1177)  9.0000( 4.1177)  9.0000( 4.1177)  9.0000( 4.1177)  9.0000( 4.1177)  9.0000( 4.1177)  9.0000( 4.1177)  9.0000( 4.1177)  9.0000( 4.1177)  9.0000( 4.1177)  9.0000( 4.1177)  9.0000( 4.1177)  9.0000( 4.1177)  9.0000( 4.1177)  9.0000( 4.1177)  9.0000( 4.1177)  9.0000( 4.1177)  9.0000( 4.1177)  9.0000( 4.1177)  9.0000( 4.1177)  9.0000( 4.1177)  9.0000( 4.1177)  9.0000( 4.1177)  9.0000( 4.1177)  9.0000( 4.1177)  9.0000( 4.1177)  9.0000( 4.1177)  9.0000( 4.1177)  9.0000( 4.1177)  9.0000( 4.1177)  9.0000( 4.1177)  9.0000( 4.1177)  9.0000( 4.1177)  9.0000( 4.1177)  9.0000( 4.1177)  9.0000( 4.1177)  9.0000( 4.1177)  9.0000( 4.1177)  9.0000( 4.1177)  9.0000( 4.1177)  9.0000( 4.1177)  9.0000( 4.1177)  9.0000( 4.1177)  9.0000( 4.1177)  9.0000( 4.1177)
Sphyraena_waitii    9.0000( 4.1177)  9.0000( 4.1177)  9.0000( 4.1177)  9.0000( 4.1177)  9.0000( 4.1177)  9.0000( 4.1177)  9.0000( 4.1177)  9.0000( 4.1177)  9.0000( 4.1177)  9.0000( 4.1177)  9.0000( 4.1177)  9.0000( 4.1177)  9.0000( 4.1177)  9.0000( 4.1177)  9.0000( 4.1177)  9.0000( 4.1177)  9.0000( 4.1177)  9.0000( 4.1177)  9.0000( 4.1177)  9.0000( 4.1177)  9.0000( 4.1177)  9.0000( 4.1177)  9.0000( 4.1177)  9.0000( 4.1177)  9.0000( 4.1177)  9.0000( 4.1177)  9.0000( 4.1177)  9.0000( 4.1177)  9.0000( 4.1177)  9.0000( 4.1177)  9.0000( 4.1177)  9.0000( 4.1177)  9.0000( 4.1177)  9.0000( 4.1177)  9.0000( 4.1177)  9.0000( 4.1177)  9.0000( 4.1177)  9.0000( 4.1177)  9.0000( 4.1177)  9.0000( 4.1177)  9.0000( 4.1177)  9.0000( 4.1177)  9.0000( 4.1177)  9.0000( 4.1177)  9.0000( 4.1177)  9.0000( 4.1177)  9.0000( 4.1177)  9.0000( 4.1177)  9.0000( 4.1177)  9.0000( 4.1177)  9.0000( 4.1177)  9.0000( 4.1177)

TREE #  1:  (((((14, 40), 21), 41), (((11, 12), (13, 1)), (((3, ((2, 7), 9)), ((6, 4), ((((48, (8, 47)), 10), 5), (50, 49)))), ((((30, ((24, (32, (52, 53))), 44)), ((39, 42), 43)), (((31, 45), 36), (34, 46))), (37, (((35, (27, (26, 29))), 28), (38, (25, 33)))))))), ((51, 23), ((((15, 18), 20), 19), (16, 17))), 22);  MP score: -1.00
lnL(ntime:103  np:105):  -5820.327333    +0.000000
  54..55   55..56   56..57   57..58   58..14   58..40   57..21   56..41   55..59   59..60   60..61   61..11   61..12   60..62   62..13   62..1    59..63   63..64   64..65   65..3    65..66   66..67   67..2    67..7    66..9    64..68   68..69   69..6    69..4    68..70   70..71   71..72   72..73   73..48   73..74   74..8    74..47   72..10   71..5    70..75   75..50   75..49   63..76   76..77   77..78   78..79   79..30   79..80   80..81   81..24   81..82   82..32   82..83   83..52   83..53   80..44   78..84   84..85   85..39   85..42   84..43   77..86   86..87   87..88   88..31   88..45   87..36   86..89   89..34   89..46   76..90   90..37   90..91   91..92   92..93   93..35   93..94   94..27   94..95   95..26   95..29   92..28   91..96   96..38   96..97   97..25   97..33   54..98   98..99   99..51   99..23   98..100 100..101 101..102 102..103 103..15  103..18  102..20  101..19  100..104 104..16  104..17   54..22 
 0.024385 0.027146 0.069095 0.006332 0.000004 0.002273 0.000546 0.037460 0.000004 0.018949 0.070185 0.364892 0.163401 0.081325 0.041088 0.030998 0.036760 0.325110 0.042919 0.034496 0.019546 0.017187 0.000004 0.000004 0.050339 0.027171 0.068791 0.018757 0.005874 0.024501 0.036057 0.021940 0.018098 0.043151 0.035014 0.003163 0.017172 0.019244 0.113981 0.055045 0.012886 0.001524 0.081947 0.035100 0.040987 0.004907 0.022680 0.019149 0.048568 0.097061 0.036040 0.052329 0.060983 0.072691 0.061217 0.031034 0.023724 0.000110 0.041122 0.020116 0.063344 0.141768 0.038562 0.054782 0.023872 0.035447 0.084251 0.086532 0.097119 0.080293 0.110070 0.059545 0.037720 0.006783 0.053542 0.087303 0.002304 0.003569 0.006972 0.006545 0.000004 0.061305 0.018598 0.035354 0.043475 0.003894 0.000004 0.100088 0.000004 0.107980 0.000004 0.000004 0.064119 0.015158 0.008426 0.002091 0.000004 0.002182 0.012804 0.000004 0.000004 0.086647 0.246816 5.043644 0.264408
